2021-01-09 14:17:04,678 INFO Mo file excel
2021-01-09 14:17:04,685 INFO Dong tat ca file excel dang mo
2021-01-09 14:17:12,596 INFO Khoi tao du lieu
2021-01-09 14:17:12,597 INFO Khoi tao tat ca bien trang thai
2021-01-09 14:17:12,599 INFO Khoi tao ket noi chuong trinh
2021-01-09 14:17:12,600 INFO Tao ket noi du lieu voi PLC FX5U
2021-01-09 14:17:12,969 INFO Tao ket noi du lieu voi PLC FX3G
2021-01-09 14:17:13,363 INFO Ket noi cong COM7 - lay du lieu dong dien nhap luc
2021-01-09 14:17:13,484 INFO Ket noi cong COM5 - lay du lieu tieng on
2021-01-09 14:17:13,493 INFO Ket noi cong COM8 - lay du lieu vong quay
2021-01-09 14:17:13,494 INFO Khoi tao thread lay du lieu lien tuc
2021-01-09 14:17:13,494 INFO Khoi tao thread lay du lieu lien tuc --Chutrinh_LayDuLieu--
2021-01-09 14:17:13,593 INFO Chu trinh - 0 - Khoi tao + Doi tin hieu bat dau chay
2021-01-09 14:17:53,515 INFO Mo file excel
2021-01-09 14:17:54,354 INFO Dong tat ca file excel dang mo
2021-01-09 14:18:03,126 INFO Khoi tao du lieu
2021-01-09 14:18:03,977 INFO Khoi tao tat ca bien trang thai
2021-01-09 14:18:04,935 INFO Khoi tao ket noi chuong trinh
2021-01-09 14:18:06,577 INFO Tao ket noi du lieu voi PLC FX5U
2021-01-09 14:18:06,946 INFO Tao ket noi du lieu voi PLC FX3G
2021-01-09 14:18:07,340 INFO Ket noi cong COM7 - lay du lieu dong dien nhap luc
2021-01-09 14:18:07,462 INFO Ket noi cong COM5 - lay du lieu tieng on
2021-01-09 14:18:07,473 INFO Ket noi cong COM8 - lay du lieu vong quay
2021-01-09 14:18:08,993 INFO Khoi tao thread lay du lieu lien tuc
2021-01-09 14:18:10,597 INFO Khoi tao thread lay du lieu lien tuc --Chutrinh_LayDuLieu--
2021-01-09 14:18:12,368 INFO Chu trinh - 0 - Khoi tao + Doi tin hieu bat dau chay
2021-01-09 14:19:30,519 INFO Mo file excel
2021-01-09 14:19:30,527 INFO Dong tat ca file excel dang mo
2021-01-09 14:19:37,973 INFO Khoi tao du lieu
2021-01-09 14:19:37,974 INFO Khoi tao tat ca bien trang thai
2021-01-09 14:19:37,976 INFO Khoi tao ket noi chuong trinh
2021-01-09 14:19:37,976 INFO Tao ket noi du lieu voi PLC FX5U
2021-01-09 14:19:38,342 INFO Tao ket noi du lieu voi PLC FX3G
2021-01-09 14:19:38,736 INFO Ket noi cong COM7 - lay du lieu dong dien nhap luc
2021-01-09 14:19:38,856 INFO Ket noi cong COM5 - lay du lieu tieng on
2021-01-09 14:19:38,865 INFO Ket noi cong COM8 - lay du lieu vong quay
2021-01-09 14:19:38,865 INFO Khoi tao thread lay du lieu lien tuc
2021-01-09 14:19:38,865 INFO Khoi tao thread lay du lieu lien tuc --Chutrinh_LayDuLieu--
2021-01-09 14:19:38,964 INFO Chu trinh - 0 - Khoi tao + Doi tin hieu bat dau chay
2021-01-09 14:25:30,691 INFO Mo file excel
2021-01-09 14:25:30,703 INFO Dong tat ca file excel dang mo
2021-01-09 14:25:38,198 INFO Khoi tao du lieu
2021-01-09 14:25:38,199 INFO Khoi tao tat ca bien trang thai
2021-01-09 14:25:38,201 INFO Khoi tao ket noi chuong trinh
2021-01-09 14:25:38,202 INFO Tao ket noi du lieu voi PLC FX5U
2021-01-09 14:25:38,570 INFO Tao ket noi du lieu voi PLC FX3G
2021-01-09 14:25:38,984 INFO Ket noi cong COM7 - lay du lieu dong dien nhap luc
2021-01-09 14:25:39,105 INFO Ket noi cong COM5 - lay du lieu tieng on
2021-01-09 14:25:39,115 INFO Ket noi cong COM8 - lay du lieu vong quay
2021-01-09 14:25:39,115 INFO Khoi tao thread lay du lieu lien tuc
2021-01-09 14:25:39,115 INFO Khoi tao thread lay du lieu lien tuc --Chutrinh_LayDuLieu--
2021-01-09 14:25:39,214 INFO Chu trinh - 0 - Khoi tao + Doi tin hieu bat dau chay
2021-01-09 14:30:43,120 INFO Mo file excel
2021-01-09 14:30:43,128 INFO Dong tat ca file excel dang mo
2021-01-09 14:30:50,707 INFO Khoi tao du lieu
2021-01-09 14:30:50,709 INFO Khoi tao tat ca bien trang thai
2021-01-09 14:30:50,711 INFO Khoi tao ket noi chuong trinh
2021-01-09 14:30:50,711 INFO Tao ket noi du lieu voi PLC FX5U
2021-01-09 14:30:51,079 INFO Tao ket noi du lieu voi PLC FX3G
2021-01-09 14:30:51,474 INFO Ket noi cong COM7 - lay du lieu dong dien nhap luc
2021-01-09 14:30:51,595 INFO Ket noi cong COM5 - lay du lieu tieng on
2021-01-09 14:30:51,607 INFO Ket noi cong COM8 - lay du lieu vong quay
2021-01-09 14:30:51,607 INFO Khoi tao thread lay du lieu lien tuc
2021-01-09 14:30:51,607 INFO Khoi tao thread lay du lieu lien tuc --Chutrinh_LayDuLieu--
2021-01-09 14:30:51,707 INFO Chu trinh - 0 - Khoi tao + Doi tin hieu bat dau chay
2021-01-09 14:38:18,139 INFO Mo file excel
2021-01-09 14:38:18,148 INFO Dong tat ca file excel dang mo
2021-01-09 14:38:25,646 INFO Khoi tao du lieu
2021-01-09 14:38:25,648 INFO Khoi tao tat ca bien trang thai
2021-01-09 14:38:25,649 INFO Khoi tao ket noi chuong trinh
2021-01-09 14:38:25,650 INFO Tao ket noi du lieu voi PLC FX5U
2021-01-09 14:38:26,016 INFO Tao ket noi du lieu voi PLC FX3G
2021-01-09 14:38:26,412 INFO Ket noi cong COM7 - lay du lieu dong dien nhap luc
2021-01-09 14:38:26,529 INFO Ket noi cong COM5 - lay du lieu tieng on
2021-01-09 14:38:26,539 INFO Ket noi cong COM8 - lay du lieu vong quay
2021-01-09 14:38:26,539 INFO Khoi tao thread lay du lieu lien tuc
2021-01-09 14:38:26,539 INFO Khoi tao thread lay du lieu lien tuc --Chutrinh_LayDuLieu--
2021-01-09 14:38:26,637 INFO Chu trinh - 0 - Khoi tao + Doi tin hieu bat dau chay
2021-01-09 14:39:42,827 INFO Chu trinh - 0 - Khoi tao + Doi tin hieu bat dau chay
