2021-08-25 14:24:53,686 INFO Chu trinh - 0 - Khoi tao + Doi tin hieu bat dau chay
2021-08-25 14:25:13,584 ERROR Thoi gian chu trinh vuot qua 100ms
2021-08-25 14:25:13,584 INFO Chu trinh - 3 - Lay du lieu chieu thuan
2021-08-25 14:25:13,584 INFO   Lay du lieu - Forward
2021-08-25 14:25:13,584 INFO       Lay du lieu dong dien
2021-08-25 14:25:13,584 INFO       Lay du lieu nhap luc
2021-08-25 14:25:13,584 INFO       Lay du lieu do rung
2021-08-25 14:25:13,584 INFO       Lay du lieu tieng on
2021-08-25 14:25:13,584 INFO       Ve do thi du lieu
2021-08-25 14:25:13,699 INFO Chu trinh - 3 - Lay du lieu chieu thuan
2021-08-25 14:25:13,753 INFO   Lay du lieu - Forward
2021-08-25 14:25:13,753 INFO       Lay du lieu dong dien
2021-08-25 14:25:13,784 INFO       Lay du lieu nhap luc
2021-08-25 14:25:13,784 INFO       Lay du lieu do rung
2021-08-25 14:25:13,784 INFO       Lay du lieu tieng on
2021-08-25 14:25:13,784 ERROR Thoi gian chu trinh vuot qua 100ms
2021-08-25 14:25:13,800 INFO Chu trinh - 3 - Lay du lieu chieu thuan
2021-08-25 14:25:13,815 INFO   Lay du lieu - Forward
2021-08-25 14:25:13,815 INFO       Lay du lieu dong dien
2021-08-25 14:25:13,815 INFO       Lay du lieu nhap luc
2021-08-25 14:25:13,815 INFO       Lay du lieu do rung
2021-08-25 14:25:13,815 INFO       Lay du lieu tieng on
2021-08-25 14:25:13,915 INFO Chu trinh - 3 - Lay du lieu chieu thuan
2021-08-25 14:25:13,953 INFO   Lay du lieu - Forward
2021-08-25 14:25:13,953 INFO       Lay du lieu dong dien
2021-08-25 14:25:13,953 INFO       Lay du lieu nhap luc
2021-08-25 14:25:13,953 INFO       Lay du lieu do rung
2021-08-25 14:25:13,953 INFO       Lay du lieu tieng on
2021-08-25 14:25:14,000 INFO Chu trinh - 3 - Lay du lieu chieu thuan
2021-08-25 14:25:14,016 INFO   Lay du lieu - Forward
2021-08-25 14:25:14,016 INFO       Lay du lieu dong dien
2021-08-25 14:25:14,016 INFO       Lay du lieu nhap luc
2021-08-25 14:25:14,016 INFO       Lay du lieu do rung
2021-08-25 14:25:14,016 INFO       Lay du lieu tieng on
2021-08-25 14:25:14,132 INFO Chu trinh - 3 - Lay du lieu chieu thuan
2021-08-25 14:25:14,185 INFO   Lay du lieu - Forward
2021-08-25 14:25:14,185 INFO       Lay du lieu dong dien
2021-08-25 14:25:14,185 INFO       Lay du lieu nhap luc
2021-08-25 14:25:14,185 INFO       Lay du lieu do rung
2021-08-25 14:25:14,185 INFO       Lay du lieu tieng on
2021-08-25 14:25:14,216 INFO Chu trinh - 3 - Lay du lieu chieu thuan
2021-08-25 14:25:14,232 INFO   Lay du lieu - Forward
2021-08-25 14:25:14,232 INFO       Lay du lieu dong dien
2021-08-25 14:25:14,232 INFO       Lay du lieu nhap luc
2021-08-25 14:25:14,232 INFO       Lay du lieu do rung
2021-08-25 14:25:14,232 INFO       Lay du lieu tieng on
2021-08-25 14:25:14,301 INFO Chu trinh - 3 - Lay du lieu chieu thuan
2021-08-25 14:25:14,339 INFO   Lay du lieu - Forward
2021-08-25 14:25:14,339 INFO       Lay du lieu dong dien
2021-08-25 14:25:14,339 INFO       Lay du lieu nhap luc
2021-08-25 14:25:14,339 INFO       Lay du lieu do rung
2021-08-25 14:25:14,339 INFO       Lay du lieu tieng on
2021-08-25 14:25:14,440 INFO Chu trinh - 3 - Lay du lieu chieu thuan
2021-08-25 14:25:14,440 INFO   Lay du lieu - Forward
2021-08-25 14:25:14,440 INFO       Lay du lieu dong dien
2021-08-25 14:25:14,440 INFO       Lay du lieu nhap luc
2021-08-25 14:25:14,440 INFO       Lay du lieu do rung
2021-08-25 14:25:14,440 INFO       Lay du lieu tieng on
2021-08-25 14:25:14,440 INFO       Ve do thi du lieu
2021-08-25 14:25:14,502 INFO Chu trinh - 3 - Lay du lieu chieu thuan
2021-08-25 14:25:14,540 INFO   Lay du lieu - Forward
2021-08-25 14:25:14,540 INFO       Lay du lieu dong dien
2021-08-25 14:25:14,540 INFO       Lay du lieu nhap luc
2021-08-25 14:25:14,540 INFO       Lay du lieu do rung
2021-08-25 14:25:14,540 INFO       Lay du lieu tieng on
2021-08-25 14:25:14,638 INFO Chu trinh - 3 - Lay du lieu chieu thuan
2021-08-25 14:25:14,644 INFO   Lay du lieu - Forward
2021-08-25 14:25:14,644 INFO       Lay du lieu dong dien
2021-08-25 14:25:14,644 INFO       Lay du lieu nhap luc
2021-08-25 14:25:14,644 INFO       Lay du lieu do rung
2021-08-25 14:25:14,644 INFO       Lay du lieu tieng on
2021-08-25 14:25:14,706 INFO Chu trinh - 3 - Lay du lieu chieu thuan
2021-08-25 14:25:14,744 INFO   Lay du lieu - Forward
2021-08-25 14:25:14,744 INFO       Lay du lieu dong dien
2021-08-25 14:25:14,744 INFO       Lay du lieu nhap luc
2021-08-25 14:25:14,744 INFO       Lay du lieu do rung
2021-08-25 14:25:14,744 INFO       Lay du lieu tieng on
2021-08-25 14:25:14,846 INFO Chu trinh - 3 - Lay du lieu chieu thuan
2021-08-25 14:25:14,893 INFO   Lay du lieu - Forward
2021-08-25 14:25:14,893 INFO       Lay du lieu dong dien
2021-08-25 14:25:14,893 INFO       Lay du lieu nhap luc
2021-08-25 14:25:14,893 INFO       Lay du lieu do rung
2021-08-25 14:25:14,893 INFO       Lay du lieu tieng on
2021-08-25 14:25:14,893 ERROR Thoi gian chu trinh vuot qua 100ms
2021-08-25 14:25:14,947 INFO Chu trinh - 3 - Lay du lieu chieu thuan
2021-08-25 14:25:14,947 INFO   Lay du lieu - Forward
2021-08-25 14:25:14,947 INFO       Lay du lieu dong dien
2021-08-25 14:25:14,947 INFO       Lay du lieu nhap luc
2021-08-25 14:25:14,947 INFO       Lay du lieu do rung
2021-08-25 14:25:14,947 INFO       Lay du lieu tieng on
2021-08-25 14:25:15,012 INFO Chu trinh - 3 - Lay du lieu chieu thuan
2021-08-25 14:25:15,047 INFO   Lay du lieu - Forward
2021-08-25 14:25:15,047 INFO       Lay du lieu dong dien
2021-08-25 14:25:15,047 INFO       Lay du lieu nhap luc
2021-08-25 14:25:15,047 INFO       Lay du lieu do rung
2021-08-25 14:25:15,047 INFO       Lay du lieu tieng on
2021-08-25 14:25:15,147 INFO Chu trinh - 3 - Lay du lieu chieu thuan
2021-08-25 14:25:15,163 INFO   Lay du lieu - Forward
2021-08-25 14:25:15,163 INFO       Lay du lieu dong dien
2021-08-25 14:25:15,163 INFO       Lay du lieu nhap luc
2021-08-25 14:25:15,163 INFO       Lay du lieu do rung
2021-08-25 14:25:15,163 INFO       Lay du lieu tieng on
2021-08-25 14:25:15,210 INFO Chu trinh - 3 - Lay du lieu chieu thuan
2021-08-25 14:25:15,210 INFO   Lay du lieu - Forward
2021-08-25 14:25:15,210 INFO       Lay du lieu dong dien
2021-08-25 14:25:15,210 INFO       Lay du lieu nhap luc
2021-08-25 14:25:15,210 INFO       Lay du lieu do rung
2021-08-25 14:25:15,210 INFO       Lay du lieu tieng on
2021-08-25 14:25:15,310 INFO Chu trinh - 3 - Lay du lieu chieu thuan
2021-08-25 14:25:15,364 INFO   Lay du lieu - Forward
2021-08-25 14:25:15,364 INFO       Lay du lieu dong dien
2021-08-25 14:25:15,364 INFO       Lay du lieu nhap luc
2021-08-25 14:25:15,364 INFO       Lay du lieu do rung
2021-08-25 14:25:15,364 INFO       Lay du lieu tieng on
2021-08-25 14:25:15,411 INFO Chu trinh - 3 - Lay du lieu chieu thuan
2021-08-25 14:25:15,411 INFO   Lay du lieu - Forward
2021-08-25 14:25:15,411 INFO       Lay du lieu dong dien
2021-08-25 14:25:15,411 INFO       Lay du lieu nhap luc
2021-08-25 14:25:15,411 INFO       Lay du lieu do rung
2021-08-25 14:25:15,411 INFO       Lay du lieu tieng on
2021-08-25 14:25:15,411 INFO       Ve do thi du lieu
2021-08-25 14:25:15,530 INFO Chu trinh - 3 - Lay du lieu chieu thuan
2021-08-25 14:25:15,580 INFO   Lay du lieu - Forward
2021-08-25 14:25:15,580 INFO       Lay du lieu dong dien
2021-08-25 14:25:15,580 INFO       Lay du lieu nhap luc
2021-08-25 14:25:15,580 INFO       Lay du lieu do rung
2021-08-25 14:25:15,580 INFO       Lay du lieu tieng on
2021-08-25 14:25:15,611 INFO Chu trinh - 3 - Lay du lieu chieu thuan
2021-08-25 14:25:15,611 INFO   Lay du lieu - Forward
2021-08-25 14:25:15,611 INFO       Lay du lieu dong dien
2021-08-25 14:25:15,611 INFO       Lay du lieu nhap luc
2021-08-25 14:25:15,611 INFO       Lay du lieu do rung
2021-08-25 14:25:15,611 INFO       Lay du lieu tieng on
2021-08-25 14:25:15,711 INFO Chu trinh - 3 - Lay du lieu chieu thuan
2021-08-25 14:25:15,749 INFO   Lay du lieu - Forward
2021-08-25 14:25:15,749 INFO       Lay du lieu dong dien
2021-08-25 14:25:15,749 INFO       Lay du lieu nhap luc
2021-08-25 14:25:15,749 INFO       Lay du lieu do rung
2021-08-25 14:25:15,749 INFO       Lay du lieu tieng on
2021-08-25 14:25:15,811 INFO Chu trinh - 3 - Lay du lieu chieu thuan
2021-08-25 14:25:15,811 INFO   Lay du lieu - Forward
2021-08-25 14:25:15,811 INFO       Lay du lieu dong dien
2021-08-25 14:25:15,811 INFO       Lay du lieu nhap luc
2021-08-25 14:25:15,811 INFO       Lay du lieu do rung
2021-08-25 14:25:15,811 INFO       Lay du lieu tieng on
2021-08-25 14:25:15,930 INFO Chu trinh - 3 - Lay du lieu chieu thuan
2021-08-25 14:25:15,967 INFO   Lay du lieu - Forward
2021-08-25 14:25:15,967 INFO       Lay du lieu dong dien
2021-08-25 14:25:15,967 INFO       Lay du lieu nhap luc
2021-08-25 14:25:15,967 INFO       Lay du lieu do rung
2021-08-25 14:25:15,967 INFO       Lay du lieu tieng on
2021-08-25 14:25:16,014 INFO Chu trinh - 3 - Lay du lieu chieu thuan
2021-08-25 14:25:16,014 INFO   Lay du lieu - Forward
2021-08-25 14:25:16,014 INFO       Lay du lieu dong dien
2021-08-25 14:25:16,014 INFO       Lay du lieu nhap luc
2021-08-25 14:25:16,014 INFO       Lay du lieu do rung
2021-08-25 14:25:16,014 INFO       Lay du lieu tieng on
2021-08-25 14:25:16,114 INFO Chu trinh - 3 - Lay du lieu chieu thuan
2021-08-25 14:25:16,167 INFO   Lay du lieu - Forward
2021-08-25 14:25:16,167 INFO       Lay du lieu dong dien
2021-08-25 14:25:16,167 INFO       Lay du lieu nhap luc
2021-08-25 14:25:16,167 INFO       Lay du lieu do rung
2021-08-25 14:25:16,167 INFO       Lay du lieu tieng on
2021-08-25 14:25:16,214 INFO Chu trinh - 3 - Lay du lieu chieu thuan
2021-08-25 14:25:16,214 INFO   Lay du lieu - Forward
2021-08-25 14:25:16,214 INFO       Lay du lieu dong dien
2021-08-25 14:25:16,214 INFO       Lay du lieu nhap luc
2021-08-25 14:25:16,214 INFO       Lay du lieu do rung
2021-08-25 14:25:16,214 INFO       Lay du lieu tieng on
2021-08-25 14:25:16,314 INFO Chu trinh - 3 - Lay du lieu chieu thuan
2021-08-25 14:25:16,367 INFO   Lay du lieu - Forward
2021-08-25 14:25:16,367 INFO       Lay du lieu dong dien
2021-08-25 14:25:16,367 INFO       Lay du lieu nhap luc
2021-08-25 14:25:16,367 INFO       Lay du lieu do rung
2021-08-25 14:25:16,367 INFO       Lay du lieu tieng on
2021-08-25 14:25:16,414 INFO Chu trinh - 3 - Lay du lieu chieu thuan
2021-08-25 14:25:16,430 INFO   Lay du lieu - Forward
2021-08-25 14:25:16,430 INFO       Lay du lieu dong dien
2021-08-25 14:25:16,430 INFO       Lay du lieu nhap luc
2021-08-25 14:25:16,430 INFO       Lay du lieu do rung
2021-08-25 14:25:16,430 INFO       Lay du lieu tieng on
2021-08-25 14:25:16,430 INFO       Ve do thi du lieu
2021-08-25 14:25:16,530 INFO Chu trinh - 3 - Lay du lieu chieu thuan
2021-08-25 14:25:16,583 INFO   Lay du lieu - Forward
2021-08-25 14:25:16,583 INFO       Lay du lieu dong dien
2021-08-25 14:25:16,583 INFO       Lay du lieu nhap luc
2021-08-25 14:25:16,583 INFO       Lay du lieu do rung
2021-08-25 14:25:16,583 INFO       Lay du lieu tieng on
2021-08-25 14:25:16,630 INFO Chu trinh - 3 - Lay du lieu chieu thuan
2021-08-25 14:25:16,646 INFO   Lay du lieu - Forward
2021-08-25 14:25:16,646 INFO       Lay du lieu dong dien
2021-08-25 14:25:16,646 INFO       Lay du lieu nhap luc
2021-08-25 14:25:16,646 INFO       Lay du lieu do rung
2021-08-25 14:25:16,646 INFO       Lay du lieu tieng on
2021-08-25 14:25:16,784 INFO Chu trinh - 3 - Lay du lieu chieu thuan
2021-08-25 14:25:16,884 INFO   Lay du lieu - Forward
2021-08-25 14:25:16,884 INFO       Lay du lieu dong dien
2021-08-25 14:25:16,884 INFO       Lay du lieu nhap luc
2021-08-25 14:25:16,884 INFO       Lay du lieu do rung
2021-08-25 14:25:16,884 INFO       Lay du lieu tieng on
2021-08-25 14:25:16,884 ERROR Thoi gian chu trinh vuot qua 100ms
2021-08-25 14:25:16,884 INFO Chu trinh - 3 - Lay du lieu chieu thuan
2021-08-25 14:25:17,677 INFO   Lay du lieu - Forward
2021-08-25 14:25:17,677 INFO       Lay du lieu dong dien
2021-08-25 14:25:17,677 INFO       Lay du lieu nhap luc
2021-08-25 14:25:17,677 INFO       Lay du lieu do rung
2021-08-25 14:25:17,677 INFO       Lay du lieu tieng on
2021-08-25 14:25:17,677 ERROR Thoi gian chu trinh vuot qua 100ms
2021-08-25 14:25:17,678 INFO Chu trinh - 3 - Lay du lieu chieu thuan
2021-08-25 14:25:17,688 INFO   Lay du lieu - Forward
2021-08-25 14:25:17,688 INFO       Lay du lieu dong dien
2021-08-25 14:25:17,688 INFO       Lay du lieu nhap luc
2021-08-25 14:25:17,688 INFO       Lay du lieu do rung
2021-08-25 14:25:17,688 INFO       Lay du lieu tieng on
2021-08-25 14:25:17,787 INFO Chu trinh - 3 - Lay du lieu chieu thuan
2021-08-25 14:25:17,834 INFO   Lay du lieu - Forward
2021-08-25 14:25:17,834 INFO       Lay du lieu dong dien
2021-08-25 14:25:17,834 INFO       Lay du lieu nhap luc
2021-08-25 14:25:17,834 INFO       Lay du lieu do rung
2021-08-25 14:25:17,834 INFO       Lay du lieu tieng on
2021-08-25 14:25:17,888 INFO Chu trinh - 3 - Lay du lieu chieu thuan
2021-08-25 14:25:17,888 INFO   Lay du lieu - Forward
2021-08-25 14:25:17,888 INFO       Lay du lieu dong dien
2021-08-25 14:25:17,888 INFO       Lay du lieu nhap luc
2021-08-25 14:25:17,888 INFO       Lay du lieu do rung
2021-08-25 14:25:17,888 INFO       Lay du lieu tieng on
2021-08-25 14:25:17,988 INFO Chu trinh - 3 - Lay du lieu chieu thuan
2021-08-25 14:25:18,035 INFO   Lay du lieu - Forward
2021-08-25 14:25:18,035 INFO       Lay du lieu dong dien
2021-08-25 14:25:18,035 INFO       Lay du lieu nhap luc
2021-08-25 14:25:18,035 INFO       Lay du lieu do rung
2021-08-25 14:25:18,035 INFO       Lay du lieu tieng on
2021-08-25 14:25:18,088 INFO Chu trinh - 3 - Lay du lieu chieu thuan
2021-08-25 14:25:18,088 INFO   Lay du lieu - Forward
2021-08-25 14:25:18,088 INFO       Lay du lieu dong dien
2021-08-25 14:25:18,088 INFO       Lay du lieu nhap luc
2021-08-25 14:25:18,088 INFO       Lay du lieu do rung
2021-08-25 14:25:18,088 INFO       Lay du lieu tieng on
2021-08-25 14:25:18,189 INFO Chu trinh - 3 - Lay du lieu chieu thuan
2021-08-25 14:25:18,236 INFO   Lay du lieu - Forward
2021-08-25 14:25:18,236 INFO       Lay du lieu dong dien
2021-08-25 14:25:18,236 INFO       Lay du lieu nhap luc
2021-08-25 14:25:18,236 INFO       Lay du lieu do rung
2021-08-25 14:25:18,236 INFO       Lay du lieu tieng on
2021-08-25 14:25:18,236 INFO       Ve do thi du lieu
2021-08-25 14:25:18,289 INFO Chu trinh - 3 - Lay du lieu chieu thuan
2021-08-25 14:25:18,289 INFO   Lay du lieu - Forward
2021-08-25 14:25:18,289 INFO       Lay du lieu dong dien
2021-08-25 14:25:18,289 INFO       Lay du lieu nhap luc
2021-08-25 14:25:18,289 INFO       Lay du lieu do rung
2021-08-25 14:25:18,289 INFO       Lay du lieu tieng on
2021-08-25 14:25:18,389 INFO Chu trinh - 3 - Lay du lieu chieu thuan
2021-08-25 14:25:18,436 INFO   Lay du lieu - Forward
2021-08-25 14:25:18,436 INFO       Lay du lieu dong dien
2021-08-25 14:25:18,436 INFO       Lay du lieu nhap luc
2021-08-25 14:25:18,436 INFO       Lay du lieu do rung
2021-08-25 14:25:18,436 INFO       Lay du lieu tieng on
2021-08-25 14:25:18,490 INFO Chu trinh - 3 - Lay du lieu chieu thuan
2021-08-25 14:25:18,490 INFO   Lay du lieu - Forward
2021-08-25 14:25:18,490 INFO       Lay du lieu dong dien
2021-08-25 14:25:18,490 INFO       Lay du lieu nhap luc
2021-08-25 14:25:18,490 INFO       Lay du lieu do rung
2021-08-25 14:25:18,490 INFO       Lay du lieu tieng on
2021-08-25 14:25:18,637 INFO Chu trinh - 3 - Lay du lieu chieu thuan
2021-08-25 14:25:18,837 INFO   Lay du lieu - Forward
2021-08-25 14:25:18,837 INFO       Lay du lieu dong dien
2021-08-25 14:25:18,837 INFO       Lay du lieu nhap luc
2021-08-25 14:25:18,837 INFO       Lay du lieu do rung
2021-08-25 14:25:18,837 INFO       Lay du lieu tieng on
2021-08-25 14:25:18,837 ERROR Thoi gian chu trinh vuot qua 100ms
2021-08-25 14:25:18,837 INFO Chu trinh - 3 - Lay du lieu chieu thuan
2021-08-25 14:25:18,837 INFO   Lay du lieu - Forward
2021-08-25 14:25:18,837 INFO       Lay du lieu dong dien
2021-08-25 14:25:18,837 INFO       Lay du lieu nhap luc
2021-08-25 14:25:18,837 INFO       Lay du lieu do rung
2021-08-25 14:25:18,837 INFO       Lay du lieu tieng on
2021-08-25 14:25:18,944 INFO Chu trinh - 3 - Lay du lieu chieu thuan
2021-08-25 14:25:19,006 INFO   Lay du lieu - Forward
2021-08-25 14:25:19,006 INFO       Lay du lieu dong dien
2021-08-25 14:25:19,006 INFO       Lay du lieu nhap luc
2021-08-25 14:25:19,006 INFO       Lay du lieu do rung
2021-08-25 14:25:19,006 INFO       Lay du lieu tieng on
2021-08-25 14:25:19,053 INFO Chu trinh - 3 - Lay du lieu chieu thuan
2021-08-25 14:25:19,060 INFO   Lay du lieu - Forward
2021-08-25 14:25:19,060 INFO       Lay du lieu dong dien
2021-08-25 14:25:19,060 INFO       Lay du lieu nhap luc
2021-08-25 14:25:19,060 INFO       Lay du lieu do rung
2021-08-25 14:25:19,060 INFO       Lay du lieu tieng on
2021-08-25 14:25:19,160 INFO Chu trinh - 3 - Lay du lieu chieu thuan
2021-08-25 14:25:19,207 INFO   Lay du lieu - Forward
2021-08-25 14:25:19,207 INFO       Lay du lieu dong dien
2021-08-25 14:25:19,207 INFO       Lay du lieu nhap luc
2021-08-25 14:25:19,207 INFO       Lay du lieu do rung
2021-08-25 14:25:19,207 INFO       Lay du lieu tieng on
2021-08-25 14:25:19,260 INFO Chu trinh - 3 - Lay du lieu chieu thuan
2021-08-25 14:25:19,260 INFO   Lay du lieu - Forward
2021-08-25 14:25:19,276 INFO       Lay du lieu dong dien
2021-08-25 14:25:19,276 INFO       Lay du lieu nhap luc
2021-08-25 14:25:19,276 INFO       Lay du lieu do rung
2021-08-25 14:25:19,276 INFO       Lay du lieu tieng on
2021-08-25 14:25:19,377 INFO Chu trinh - 3 - Lay du lieu chieu thuan
2021-08-25 14:25:19,424 INFO   Lay du lieu - Forward
2021-08-25 14:25:19,424 INFO       Lay du lieu dong dien
2021-08-25 14:25:19,424 INFO       Lay du lieu nhap luc
2021-08-25 14:25:19,424 INFO       Lay du lieu do rung
2021-08-25 14:25:19,424 INFO       Lay du lieu tieng on
2021-08-25 14:25:19,424 INFO       Ve do thi du lieu
2021-08-25 14:25:19,492 INFO Chu trinh - 3 - Lay du lieu chieu thuan
2021-08-25 14:25:19,492 INFO   Lay du lieu - Forward
2021-08-25 14:25:19,492 INFO       Lay du lieu dong dien
2021-08-25 14:25:19,492 INFO       Lay du lieu nhap luc
2021-08-25 14:25:19,492 INFO       Lay du lieu do rung
2021-08-25 14:25:19,492 INFO       Lay du lieu tieng on
2021-08-25 14:25:19,561 INFO Chu trinh - 3 - Lay du lieu chieu thuan
2021-08-25 14:25:19,640 INFO   Lay du lieu - Forward
2021-08-25 14:25:19,640 INFO       Lay du lieu dong dien
2021-08-25 14:25:19,640 INFO       Lay du lieu nhap luc
2021-08-25 14:25:19,655 INFO       Lay du lieu do rung
2021-08-25 14:25:19,655 INFO       Lay du lieu tieng on
2021-08-25 14:25:19,693 INFO Chu trinh - 3 - Lay du lieu chieu thuan
2021-08-25 14:25:19,708 INFO   Lay du lieu - Forward
2021-08-25 14:25:19,708 INFO       Lay du lieu dong dien
2021-08-25 14:25:19,708 INFO       Lay du lieu nhap luc
2021-08-25 14:25:19,708 INFO       Lay du lieu do rung
2021-08-25 14:25:19,708 INFO       Lay du lieu tieng on
2021-08-25 14:25:19,777 INFO Chu trinh - 3 - Lay du lieu chieu thuan
2021-08-25 14:25:19,824 INFO   Lay du lieu - Forward
2021-08-25 14:25:19,824 INFO       Lay du lieu dong dien
2021-08-25 14:25:19,824 INFO       Lay du lieu nhap luc
2021-08-25 14:25:19,824 INFO       Lay du lieu do rung
2021-08-25 14:25:19,824 INFO       Lay du lieu tieng on
2021-08-25 14:25:19,909 INFO Chu trinh - 3 - Lay du lieu chieu thuan
2021-08-25 14:25:19,909 INFO   Lay du lieu - Forward
2021-08-25 14:25:19,909 INFO       Lay du lieu dong dien
2021-08-25 14:25:19,909 INFO       Lay du lieu nhap luc
2021-08-25 14:25:19,909 INFO       Lay du lieu do rung
2021-08-25 14:25:19,909 INFO       Lay du lieu tieng on
2021-08-25 14:25:19,978 INFO Chu trinh - 3 - Lay du lieu chieu thuan
2021-08-25 14:25:20,025 INFO   Lay du lieu - Forward
2021-08-25 14:25:20,025 INFO       Lay du lieu dong dien
2021-08-25 14:25:20,025 INFO       Lay du lieu nhap luc
2021-08-25 14:25:20,025 INFO       Lay du lieu do rung
2021-08-25 14:25:20,025 INFO       Lay du lieu tieng on
2021-08-25 14:25:20,109 INFO Chu trinh - 3 - Lay du lieu chieu thuan
2021-08-25 14:25:20,109 INFO   Lay du lieu - Forward
2021-08-25 14:25:20,109 INFO       Lay du lieu dong dien
2021-08-25 14:25:20,109 INFO       Lay du lieu nhap luc
2021-08-25 14:25:20,109 INFO       Lay du lieu do rung
2021-08-25 14:25:20,109 INFO       Lay du lieu tieng on
2021-08-25 14:25:20,179 INFO Chu trinh - 3 - Lay du lieu chieu thuan
2021-08-25 14:25:20,226 INFO   Lay du lieu - Forward
2021-08-25 14:25:20,226 INFO       Lay du lieu dong dien
2021-08-25 14:25:20,226 INFO       Lay du lieu nhap luc
2021-08-25 14:25:20,226 INFO       Lay du lieu do rung
2021-08-25 14:25:20,226 INFO       Lay du lieu tieng on
2021-08-25 14:25:20,310 INFO Chu trinh - 3 - Lay du lieu chieu thuan
2021-08-25 14:25:20,310 INFO   Lay du lieu - Forward
2021-08-25 14:25:20,310 INFO       Lay du lieu dong dien
2021-08-25 14:25:20,310 INFO       Lay du lieu nhap luc
2021-08-25 14:25:20,310 INFO       Lay du lieu do rung
2021-08-25 14:25:20,310 INFO       Lay du lieu tieng on
2021-08-25 14:25:20,379 INFO Chu trinh - 3 - Lay du lieu chieu thuan
2021-08-25 14:25:20,426 INFO   Lay du lieu - Forward
2021-08-25 14:25:20,426 INFO       Lay du lieu dong dien
2021-08-25 14:25:20,426 INFO       Lay du lieu nhap luc
2021-08-25 14:25:20,426 INFO       Lay du lieu do rung
2021-08-25 14:25:20,426 INFO       Lay du lieu tieng on
2021-08-25 14:25:20,426 INFO       Ve do thi du lieu
2021-08-25 14:25:20,567 INFO Chu trinh - 3 - Lay du lieu chieu thuan
2021-08-25 14:25:20,629 INFO   Lay du lieu - Forward
2021-08-25 14:25:20,629 INFO       Lay du lieu dong dien
2021-08-25 14:25:20,629 INFO       Lay du lieu nhap luc
2021-08-25 14:25:20,629 INFO       Lay du lieu do rung
2021-08-25 14:25:20,629 INFO       Lay du lieu tieng on
2021-08-25 14:25:20,629 ERROR Thoi gian chu trinh vuot qua 100ms
2021-08-25 14:25:20,629 INFO Chu trinh - 3 - Lay du lieu chieu thuan
2021-08-25 14:25:20,645 INFO   Lay du lieu - Forward
2021-08-25 14:25:20,645 INFO       Lay du lieu dong dien
2021-08-25 14:25:20,645 INFO       Lay du lieu nhap luc
2021-08-25 14:25:20,645 INFO       Lay du lieu do rung
2021-08-25 14:25:20,645 INFO       Lay du lieu tieng on
2021-08-25 14:25:20,729 INFO Chu trinh - 3 - Lay du lieu chieu thuan
2021-08-25 14:25:20,767 INFO   Lay du lieu - Forward
2021-08-25 14:25:20,767 INFO       Lay du lieu dong dien
2021-08-25 14:25:20,767 INFO       Lay du lieu nhap luc
2021-08-25 14:25:20,767 INFO       Lay du lieu do rung
2021-08-25 14:25:20,767 INFO       Lay du lieu tieng on
2021-08-25 14:25:20,830 INFO Chu trinh - 3 - Lay du lieu chieu thuan
2021-08-25 14:25:20,830 INFO   Lay du lieu - Forward
2021-08-25 14:25:20,830 INFO       Lay du lieu dong dien
2021-08-25 14:25:20,830 INFO       Lay du lieu nhap luc
2021-08-25 14:25:20,830 INFO       Lay du lieu do rung
2021-08-25 14:25:20,830 INFO       Lay du lieu tieng on
2021-08-25 14:25:20,931 INFO Chu trinh - 3 - Lay du lieu chieu thuan
2021-08-25 14:25:21,000 INFO   Lay du lieu - Forward
2021-08-25 14:25:21,000 INFO       Lay du lieu dong dien
2021-08-25 14:25:21,000 INFO       Lay du lieu nhap luc
2021-08-25 14:25:21,000 INFO       Lay du lieu do rung
2021-08-25 14:25:21,000 INFO       Lay du lieu tieng on
2021-08-25 14:25:21,031 INFO Chu trinh - 3 - Lay du lieu chieu thuan
2021-08-25 14:25:21,047 INFO   Lay du lieu - Forward
2021-08-25 14:25:21,047 INFO       Lay du lieu dong dien
2021-08-25 14:25:21,047 INFO       Lay du lieu nhap luc
2021-08-25 14:25:21,047 INFO       Lay du lieu do rung
2021-08-25 14:25:21,047 INFO       Lay du lieu tieng on
2021-08-25 14:25:21,147 INFO Chu trinh - 3 - Lay du lieu chieu thuan
2021-08-25 14:25:21,200 INFO   Lay du lieu - Forward
2021-08-25 14:25:21,200 INFO       Lay du lieu dong dien
2021-08-25 14:25:21,200 INFO       Lay du lieu nhap luc
2021-08-25 14:25:21,200 INFO       Lay du lieu do rung
2021-08-25 14:25:21,200 INFO       Lay du lieu tieng on
2021-08-25 14:25:21,247 INFO Chu trinh - 3 - Lay du lieu chieu thuan
2021-08-25 14:25:21,247 INFO   Lay du lieu - Forward
2021-08-25 14:25:21,247 INFO       Lay du lieu dong dien
2021-08-25 14:25:21,247 INFO       Lay du lieu nhap luc
2021-08-25 14:25:21,247 INFO       Lay du lieu do rung
2021-08-25 14:25:21,247 INFO       Lay du lieu tieng on
2021-08-25 14:25:21,363 INFO Chu trinh - 3 - Lay du lieu chieu thuan
2021-08-25 14:25:21,401 INFO   Lay du lieu - Forward
2021-08-25 14:25:21,401 INFO       Lay du lieu dong dien
2021-08-25 14:25:21,401 INFO       Lay du lieu nhap luc
2021-08-25 14:25:21,401 INFO       Lay du lieu do rung
2021-08-25 14:25:21,401 INFO       Lay du lieu tieng on
2021-08-25 14:25:21,448 INFO Chu trinh - 3 - Lay du lieu chieu thuan
2021-08-25 14:25:21,464 INFO   Lay du lieu - Forward
2021-08-25 14:25:21,464 INFO       Lay du lieu dong dien
2021-08-25 14:25:21,464 INFO       Lay du lieu nhap luc
2021-08-25 14:25:21,464 INFO       Lay du lieu do rung
2021-08-25 14:25:21,464 INFO       Lay du lieu tieng on
2021-08-25 14:25:21,464 INFO       Ve do thi du lieu
2021-08-25 14:25:21,528 INFO Chu trinh - 3 - Lay du lieu chieu thuan
2021-08-25 14:25:21,570 INFO   Lay du lieu - Forward
2021-08-25 14:25:21,570 INFO       Lay du lieu dong dien
2021-08-25 14:25:21,570 INFO       Lay du lieu nhap luc
2021-08-25 14:25:21,570 INFO       Lay du lieu do rung
2021-08-25 14:25:21,570 INFO       Lay du lieu tieng on
2021-08-25 14:25:21,670 INFO Chu trinh - 3 - Lay du lieu chieu thuan
2021-08-25 14:25:21,670 INFO   Lay du lieu - Forward
2021-08-25 14:25:21,670 INFO       Lay du lieu dong dien
2021-08-25 14:25:21,670 INFO       Lay du lieu nhap luc
2021-08-25 14:25:21,670 INFO       Lay du lieu do rung
2021-08-25 14:25:21,670 INFO       Lay du lieu tieng on
2021-08-25 14:25:21,733 INFO Chu trinh - 3 - Lay du lieu chieu thuan
2021-08-25 14:25:21,771 INFO   Lay du lieu - Forward
2021-08-25 14:25:21,771 INFO       Lay du lieu dong dien
2021-08-25 14:25:21,771 INFO       Lay du lieu nhap luc
2021-08-25 14:25:21,771 INFO       Lay du lieu do rung
2021-08-25 14:25:21,771 INFO       Lay du lieu tieng on
2021-08-25 14:25:21,869 INFO Chu trinh - 3 - Lay du lieu chieu thuan
2021-08-25 14:25:21,874 INFO   Lay du lieu - Forward
2021-08-25 14:25:21,874 INFO       Lay du lieu dong dien
2021-08-25 14:25:21,874 INFO       Lay du lieu nhap luc
2021-08-25 14:25:21,874 INFO       Lay du lieu do rung
2021-08-25 14:25:21,874 INFO       Lay du lieu tieng on
2021-08-25 14:25:21,937 INFO Chu trinh - 3 - Lay du lieu chieu thuan
2021-08-25 14:25:21,975 INFO   Lay du lieu - Forward
2021-08-25 14:25:21,975 INFO       Lay du lieu dong dien
2021-08-25 14:25:21,975 INFO       Lay du lieu nhap luc
2021-08-25 14:25:21,975 INFO       Lay du lieu do rung
2021-08-25 14:25:21,975 INFO       Lay du lieu tieng on
2021-08-25 14:25:22,075 INFO Chu trinh - 3 - Lay du lieu chieu thuan
2021-08-25 14:25:22,075 INFO   Lay du lieu - Forward
2021-08-25 14:25:22,075 INFO       Lay du lieu dong dien
2021-08-25 14:25:22,075 INFO       Lay du lieu nhap luc
2021-08-25 14:25:22,075 INFO       Lay du lieu do rung
2021-08-25 14:25:22,075 INFO       Lay du lieu tieng on
2021-08-25 14:25:22,138 INFO Chu trinh - 3 - Lay du lieu chieu thuan
2021-08-25 14:25:22,175 INFO   Lay du lieu - Forward
2021-08-25 14:25:22,175 INFO       Lay du lieu dong dien
2021-08-25 14:25:22,175 INFO       Lay du lieu nhap luc
2021-08-25 14:25:22,175 INFO       Lay du lieu do rung
2021-08-25 14:25:22,175 INFO       Lay du lieu tieng on
2021-08-25 14:25:22,276 INFO Chu trinh - 3 - Lay du lieu chieu thuan
2021-08-25 14:25:22,276 INFO   Lay du lieu - Forward
2021-08-25 14:25:22,276 INFO       Lay du lieu dong dien
2021-08-25 14:25:22,276 INFO       Lay du lieu nhap luc
2021-08-25 14:25:22,276 INFO       Lay du lieu do rung
2021-08-25 14:25:22,276 INFO       Lay du lieu tieng on
2021-08-25 14:25:22,339 INFO Chu trinh - 3 - Lay du lieu chieu thuan
2021-08-25 14:25:22,571 INFO   Lay du lieu - Forward
2021-08-25 14:25:22,571 INFO       Lay du lieu dong dien
2021-08-25 14:25:22,571 INFO       Lay du lieu nhap luc
2021-08-25 14:25:22,571 INFO       Lay du lieu do rung
2021-08-25 14:25:22,571 INFO       Lay du lieu tieng on
2021-08-25 14:25:22,571 ERROR Thoi gian chu trinh vuot qua 100ms
2021-08-25 14:25:22,571 INFO Chu trinh - 3 - Lay du lieu chieu thuan
2021-08-25 14:25:22,577 INFO   Lay du lieu - Forward
2021-08-25 14:25:22,577 INFO       Lay du lieu dong dien
2021-08-25 14:25:22,577 INFO       Lay du lieu nhap luc
2021-08-25 14:25:22,577 INFO       Lay du lieu do rung
2021-08-25 14:25:22,577 INFO       Lay du lieu tieng on
2021-08-25 14:25:22,577 INFO       Ve do thi du lieu
2021-08-25 14:25:22,724 INFO Chu trinh - 3 - Lay du lieu chieu thuan
2021-08-25 14:25:22,778 INFO   Lay du lieu - Forward
2021-08-25 14:25:22,778 INFO       Lay du lieu dong dien
2021-08-25 14:25:22,778 INFO       Lay du lieu nhap luc
2021-08-25 14:25:22,778 INFO       Lay du lieu do rung
2021-08-25 14:25:22,778 INFO       Lay du lieu tieng on
2021-08-25 14:25:22,794 INFO Chu trinh - 3 - Lay du lieu chieu thuan
2021-08-25 14:25:22,794 INFO   Lay du lieu - Forward
2021-08-25 14:25:22,794 INFO       Lay du lieu dong dien
2021-08-25 14:25:22,794 INFO       Lay du lieu nhap luc
2021-08-25 14:25:22,794 INFO       Lay du lieu do rung
2021-08-25 14:25:22,794 INFO       Lay du lieu tieng on
2021-08-25 14:25:22,925 INFO Chu trinh - 3 - Lay du lieu chieu thuan
2021-08-25 14:25:22,978 INFO   Lay du lieu - Forward
2021-08-25 14:25:22,978 INFO       Lay du lieu dong dien
2021-08-25 14:25:22,978 INFO       Lay du lieu nhap luc
2021-08-25 14:25:22,978 INFO       Lay du lieu do rung
2021-08-25 14:25:22,978 INFO       Lay du lieu tieng on
2021-08-25 14:25:22,994 INFO Chu trinh - 3 - Lay du lieu chieu thuan
2021-08-25 14:25:22,994 INFO   Lay du lieu - Forward
2021-08-25 14:25:22,994 INFO       Lay du lieu dong dien
2021-08-25 14:25:22,994 INFO       Lay du lieu nhap luc
2021-08-25 14:25:22,994 INFO       Lay du lieu do rung
2021-08-25 14:25:22,994 INFO       Lay du lieu tieng on
2021-08-25 14:25:23,126 INFO Chu trinh - 3 - Lay du lieu chieu thuan
2021-08-25 14:25:23,179 INFO   Lay du lieu - Forward
2021-08-25 14:25:23,179 INFO       Lay du lieu dong dien
2021-08-25 14:25:23,179 INFO       Lay du lieu nhap luc
2021-08-25 14:25:23,179 INFO       Lay du lieu do rung
2021-08-25 14:25:23,179 INFO       Lay du lieu tieng on
2021-08-25 14:25:23,195 INFO Chu trinh - 3 - Lay du lieu chieu thuan
2021-08-25 14:25:23,195 INFO   Lay du lieu - Forward
2021-08-25 14:25:23,195 INFO       Lay du lieu dong dien
2021-08-25 14:25:23,195 INFO       Lay du lieu nhap luc
2021-08-25 14:25:23,195 INFO       Lay du lieu do rung
2021-08-25 14:25:23,195 INFO       Lay du lieu tieng on
2021-08-25 14:25:23,327 INFO Chu trinh - 3 - Lay du lieu chieu thuan
2021-08-25 14:25:23,380 INFO   Lay du lieu - Forward
2021-08-25 14:25:23,380 INFO       Lay du lieu dong dien
2021-08-25 14:25:23,380 INFO       Lay du lieu nhap luc
2021-08-25 14:25:23,380 INFO       Lay du lieu do rung
2021-08-25 14:25:23,380 INFO       Lay du lieu tieng on
2021-08-25 14:25:23,395 INFO Chu trinh - 3 - Lay du lieu chieu thuan
2021-08-25 14:25:23,395 INFO   Lay du lieu - Forward
2021-08-25 14:25:23,395 INFO       Lay du lieu dong dien
2021-08-25 14:25:23,395 INFO       Lay du lieu nhap luc
2021-08-25 14:25:23,395 INFO       Lay du lieu do rung
2021-08-25 14:25:23,395 INFO       Lay du lieu tieng on
2021-08-25 14:25:23,497 INFO Chu trinh - 3 - Lay du lieu chieu thuan
2021-08-25 14:25:23,544 INFO   Lay du lieu - Forward
2021-08-25 14:25:23,544 INFO       Lay du lieu dong dien
2021-08-25 14:25:23,544 INFO       Lay du lieu nhap luc
2021-08-25 14:25:23,544 INFO       Lay du lieu do rung
2021-08-25 14:25:23,544 INFO       Lay du lieu tieng on
2021-08-25 14:25:23,597 INFO Chu trinh - 3 - Lay du lieu chieu thuan
2021-08-25 14:25:23,597 INFO   Lay du lieu - Forward
2021-08-25 14:25:23,597 INFO       Lay du lieu dong dien
2021-08-25 14:25:23,597 INFO       Lay du lieu nhap luc
2021-08-25 14:25:23,597 INFO       Lay du lieu do rung
2021-08-25 14:25:23,597 INFO       Lay du lieu tieng on
2021-08-25 14:25:23,597 INFO       Ve do thi du lieu
2021-08-25 14:25:23,714 INFO Chu trinh - 3 - Lay du lieu chieu thuan
2021-08-25 14:25:23,761 INFO   Lay du lieu - Forward
2021-08-25 14:25:23,761 INFO       Lay du lieu dong dien
2021-08-25 14:25:23,761 INFO       Lay du lieu nhap luc
2021-08-25 14:25:23,761 INFO       Lay du lieu do rung
2021-08-25 14:25:23,761 INFO       Lay du lieu tieng on
2021-08-25 14:25:24,030 ERROR Thoi gian chu trinh vuot qua 100ms
2021-08-25 14:25:24,030 INFO Chu trinh - 9 - Ghi du lieu am thanh chieu thuan
2021-08-25 14:25:24,114 INFO Chu trinh - 11 - Doi du lieu bat dau chieu nghich
2021-08-25 14:25:25,240 ERROR Thoi gian chu trinh vuot qua 100ms
2021-08-25 14:25:25,340 ERROR Thoi gian chu trinh vuot qua 100ms
2021-08-25 14:25:26,312 ERROR Thoi gian chu trinh vuot qua 100ms
2021-08-25 14:25:31,228 ERROR Thoi gian chu trinh vuot qua 100ms
2021-08-25 14:25:31,234 INFO Chu trinh - 13 - Lay du lieu chieu nghich
2021-08-25 14:25:31,234 INFO   Lay du lieu - Backward
2021-08-25 14:25:31,234 INFO       Lay du lieu dong dien
2021-08-25 14:25:31,234 INFO       Lay du lieu nhap luc
2021-08-25 14:25:31,234 INFO       Lay du lieu do rung
2021-08-25 14:25:31,234 INFO       Lay du lieu tieng on
2021-08-25 14:25:31,234 INFO       Ve do thi du lieu
2021-08-25 14:25:31,435 INFO Chu trinh - 13 - Lay du lieu chieu nghich
2021-08-25 14:25:31,435 INFO   Lay du lieu - Backward
2021-08-25 14:25:31,435 INFO       Lay du lieu dong dien
2021-08-25 14:25:31,435 INFO       Lay du lieu nhap luc
2021-08-25 14:25:31,435 INFO       Lay du lieu do rung
2021-08-25 14:25:31,435 INFO       Lay du lieu tieng on
2021-08-25 14:25:31,435 ERROR Thoi gian chu trinh vuot qua 100ms
2021-08-25 14:25:31,435 INFO Chu trinh - 13 - Lay du lieu chieu nghich
2021-08-25 14:25:31,435 INFO   Lay du lieu - Backward
2021-08-25 14:25:31,435 INFO       Lay du lieu dong dien
2021-08-25 14:25:31,435 INFO       Lay du lieu nhap luc
2021-08-25 14:25:31,435 INFO       Lay du lieu do rung
2021-08-25 14:25:31,435 INFO       Lay du lieu tieng on
2021-08-25 14:25:31,635 INFO Chu trinh - 13 - Lay du lieu chieu nghich
2021-08-25 14:25:31,635 INFO   Lay du lieu - Backward
2021-08-25 14:25:31,635 INFO       Lay du lieu dong dien
2021-08-25 14:25:31,635 INFO       Lay du lieu nhap luc
2021-08-25 14:25:31,635 INFO       Lay du lieu do rung
2021-08-25 14:25:31,635 INFO       Lay du lieu tieng on
2021-08-25 14:25:31,651 INFO Chu trinh - 13 - Lay du lieu chieu nghich
2021-08-25 14:25:31,651 INFO   Lay du lieu - Backward
2021-08-25 14:25:31,651 INFO       Lay du lieu dong dien
2021-08-25 14:25:31,651 INFO       Lay du lieu nhap luc
2021-08-25 14:25:31,651 INFO       Lay du lieu do rung
2021-08-25 14:25:31,651 INFO       Lay du lieu tieng on
2021-08-25 14:25:31,835 INFO Chu trinh - 13 - Lay du lieu chieu nghich
2021-08-25 14:25:31,835 INFO   Lay du lieu - Backward
2021-08-25 14:25:31,835 INFO       Lay du lieu dong dien
2021-08-25 14:25:31,835 INFO       Lay du lieu nhap luc
2021-08-25 14:25:31,835 INFO       Lay du lieu do rung
2021-08-25 14:25:31,835 INFO       Lay du lieu tieng on
2021-08-25 14:25:31,851 INFO Chu trinh - 13 - Lay du lieu chieu nghich
2021-08-25 14:25:31,851 INFO   Lay du lieu - Backward
2021-08-25 14:25:31,851 INFO       Lay du lieu dong dien
2021-08-25 14:25:31,851 INFO       Lay du lieu nhap luc
2021-08-25 14:25:31,851 INFO       Lay du lieu do rung
2021-08-25 14:25:31,851 INFO       Lay du lieu tieng on
2021-08-25 14:25:32,140 INFO Chu trinh - 13 - Lay du lieu chieu nghich
2021-08-25 14:25:32,140 INFO   Lay du lieu - Backward
2021-08-25 14:25:32,140 INFO       Lay du lieu dong dien
2021-08-25 14:25:32,140 INFO       Lay du lieu nhap luc
2021-08-25 14:25:32,140 INFO       Lay du lieu do rung
2021-08-25 14:25:32,140 INFO       Lay du lieu tieng on
2021-08-25 14:25:32,140 ERROR Thoi gian chu trinh vuot qua 100ms
2021-08-25 14:25:32,140 INFO Chu trinh - 13 - Lay du lieu chieu nghich
2021-08-25 14:25:32,140 INFO   Lay du lieu - Backward
2021-08-25 14:25:32,140 INFO       Lay du lieu dong dien
2021-08-25 14:25:32,140 INFO       Lay du lieu nhap luc
2021-08-25 14:25:32,140 INFO       Lay du lieu do rung
2021-08-25 14:25:32,140 INFO       Lay du lieu tieng on
2021-08-25 14:25:32,140 INFO       Ve do thi du lieu
2021-08-25 14:25:32,340 INFO Chu trinh - 13 - Lay du lieu chieu nghich
2021-08-25 14:25:32,340 INFO   Lay du lieu - Backward
2021-08-25 14:25:32,340 INFO       Lay du lieu dong dien
2021-08-25 14:25:32,340 INFO       Lay du lieu nhap luc
2021-08-25 14:25:32,340 INFO       Lay du lieu do rung
2021-08-25 14:25:32,340 INFO       Lay du lieu tieng on
2021-08-25 14:25:32,356 INFO Chu trinh - 13 - Lay du lieu chieu nghich
2021-08-25 14:25:32,356 INFO   Lay du lieu - Backward
2021-08-25 14:25:32,356 INFO       Lay du lieu dong dien
2021-08-25 14:25:32,356 INFO       Lay du lieu nhap luc
2021-08-25 14:25:32,356 INFO       Lay du lieu do rung
2021-08-25 14:25:32,356 INFO       Lay du lieu tieng on
2021-08-25 14:25:32,542 INFO Chu trinh - 13 - Lay du lieu chieu nghich
2021-08-25 14:25:32,542 INFO   Lay du lieu - Backward
2021-08-25 14:25:32,542 INFO       Lay du lieu dong dien
2021-08-25 14:25:32,542 INFO       Lay du lieu nhap luc
2021-08-25 14:25:32,542 INFO       Lay du lieu do rung
2021-08-25 14:25:32,542 INFO       Lay du lieu tieng on
2021-08-25 14:25:32,542 ERROR Thoi gian chu trinh vuot qua 100ms
2021-08-25 14:25:32,557 INFO Chu trinh - 13 - Lay du lieu chieu nghich
2021-08-25 14:25:32,557 INFO   Lay du lieu - Backward
2021-08-25 14:25:32,557 INFO       Lay du lieu dong dien
2021-08-25 14:25:32,557 INFO       Lay du lieu nhap luc
2021-08-25 14:25:32,557 INFO       Lay du lieu do rung
2021-08-25 14:25:32,557 INFO       Lay du lieu tieng on
2021-08-25 14:25:32,720 INFO Chu trinh - 13 - Lay du lieu chieu nghich
2021-08-25 14:25:32,720 INFO   Lay du lieu - Backward
2021-08-25 14:25:32,720 INFO       Lay du lieu dong dien
2021-08-25 14:25:32,720 INFO       Lay du lieu nhap luc
2021-08-25 14:25:32,720 INFO       Lay du lieu do rung
2021-08-25 14:25:32,720 INFO       Lay du lieu tieng on
2021-08-25 14:25:32,773 INFO Chu trinh - 13 - Lay du lieu chieu nghich
2021-08-25 14:25:32,773 INFO   Lay du lieu - Backward
2021-08-25 14:25:32,773 INFO       Lay du lieu dong dien
2021-08-25 14:25:32,773 INFO       Lay du lieu nhap luc
2021-08-25 14:25:32,773 INFO       Lay du lieu do rung
2021-08-25 14:25:32,773 INFO       Lay du lieu tieng on
2021-08-25 14:25:32,921 INFO Chu trinh - 13 - Lay du lieu chieu nghich
2021-08-25 14:25:32,921 INFO   Lay du lieu - Backward
2021-08-25 14:25:32,921 INFO       Lay du lieu dong dien
2021-08-25 14:25:32,921 INFO       Lay du lieu nhap luc
2021-08-25 14:25:32,921 INFO       Lay du lieu do rung
2021-08-25 14:25:32,921 INFO       Lay du lieu tieng on
2021-08-25 14:25:32,975 INFO Chu trinh - 13 - Lay du lieu chieu nghich
2021-08-25 14:25:32,975 INFO   Lay du lieu - Backward
2021-08-25 14:25:32,975 INFO       Lay du lieu dong dien
2021-08-25 14:25:32,975 INFO       Lay du lieu nhap luc
2021-08-25 14:25:32,975 INFO       Lay du lieu do rung
2021-08-25 14:25:32,975 INFO       Lay du lieu tieng on
2021-08-25 14:25:33,106 INFO Chu trinh - 13 - Lay du lieu chieu nghich
2021-08-25 14:25:33,106 INFO   Lay du lieu - Backward
2021-08-25 14:25:33,106 INFO       Lay du lieu dong dien
2021-08-25 14:25:33,106 INFO       Lay du lieu nhap luc
2021-08-25 14:25:33,106 INFO       Lay du lieu do rung
2021-08-25 14:25:33,106 INFO       Lay du lieu tieng on
2021-08-25 14:25:33,207 INFO Chu trinh - 13 - Lay du lieu chieu nghich
2021-08-25 14:25:33,207 INFO   Lay du lieu - Backward
2021-08-25 14:25:33,207 INFO       Lay du lieu dong dien
2021-08-25 14:25:33,207 INFO       Lay du lieu nhap luc
2021-08-25 14:25:33,207 INFO       Lay du lieu do rung
2021-08-25 14:25:33,207 INFO       Lay du lieu tieng on
2021-08-25 14:25:33,207 INFO       Ve do thi du lieu
2021-08-25 14:25:33,260 INFO Chu trinh - 13 - Lay du lieu chieu nghich
2021-08-25 14:25:33,260 INFO   Lay du lieu - Backward
2021-08-25 14:25:33,260 INFO       Lay du lieu dong dien
2021-08-25 14:25:33,260 INFO       Lay du lieu nhap luc
2021-08-25 14:25:33,260 INFO       Lay du lieu do rung
2021-08-25 14:25:33,260 INFO       Lay du lieu tieng on
2021-08-25 14:25:33,408 INFO Chu trinh - 13 - Lay du lieu chieu nghich
2021-08-25 14:25:33,408 INFO   Lay du lieu - Backward
2021-08-25 14:25:33,408 INFO       Lay du lieu dong dien
2021-08-25 14:25:33,408 INFO       Lay du lieu nhap luc
2021-08-25 14:25:33,408 INFO       Lay du lieu do rung
2021-08-25 14:25:33,408 INFO       Lay du lieu tieng on
2021-08-25 14:25:33,461 INFO Chu trinh - 13 - Lay du lieu chieu nghich
2021-08-25 14:25:33,461 INFO   Lay du lieu - Backward
2021-08-25 14:25:33,461 INFO       Lay du lieu dong dien
2021-08-25 14:25:33,461 INFO       Lay du lieu nhap luc
2021-08-25 14:25:33,461 INFO       Lay du lieu do rung
2021-08-25 14:25:33,461 INFO       Lay du lieu tieng on
2021-08-25 14:25:33,609 INFO Chu trinh - 13 - Lay du lieu chieu nghich
2021-08-25 14:25:33,609 INFO   Lay du lieu - Backward
2021-08-25 14:25:33,609 INFO       Lay du lieu dong dien
2021-08-25 14:25:33,609 INFO       Lay du lieu nhap luc
2021-08-25 14:25:33,609 INFO       Lay du lieu do rung
2021-08-25 14:25:33,609 INFO       Lay du lieu tieng on
2021-08-25 14:25:33,660 INFO Chu trinh - 13 - Lay du lieu chieu nghich
2021-08-25 14:25:33,660 INFO   Lay du lieu - Backward
2021-08-25 14:25:33,660 INFO       Lay du lieu dong dien
2021-08-25 14:25:33,660 INFO       Lay du lieu nhap luc
2021-08-25 14:25:33,660 INFO       Lay du lieu do rung
2021-08-25 14:25:33,660 INFO       Lay du lieu tieng on
2021-08-25 14:25:33,825 INFO Chu trinh - 13 - Lay du lieu chieu nghich
2021-08-25 14:25:33,825 INFO   Lay du lieu - Backward
2021-08-25 14:25:33,825 INFO       Lay du lieu dong dien
2021-08-25 14:25:33,825 INFO       Lay du lieu nhap luc
2021-08-25 14:25:33,825 INFO       Lay du lieu do rung
2021-08-25 14:25:33,825 INFO       Lay du lieu tieng on
2021-08-25 14:25:33,882 INFO Chu trinh - 13 - Lay du lieu chieu nghich
2021-08-25 14:25:33,882 INFO   Lay du lieu - Backward
2021-08-25 14:25:33,882 INFO       Lay du lieu dong dien
2021-08-25 14:25:33,882 INFO       Lay du lieu nhap luc
2021-08-25 14:25:33,882 INFO       Lay du lieu do rung
2021-08-25 14:25:33,882 INFO       Lay du lieu tieng on
2021-08-25 14:25:33,967 INFO Chu trinh - 13 - Lay du lieu chieu nghich
2021-08-25 14:25:33,967 INFO   Lay du lieu - Backward
2021-08-25 14:25:33,967 INFO       Lay du lieu dong dien
2021-08-25 14:25:33,967 INFO       Lay du lieu nhap luc
2021-08-25 14:25:33,967 INFO       Lay du lieu do rung
2021-08-25 14:25:33,967 INFO       Lay du lieu tieng on
2021-08-25 14:25:34,130 INFO Chu trinh - 13 - Lay du lieu chieu nghich
2021-08-25 14:25:34,130 INFO   Lay du lieu - Backward
2021-08-25 14:25:34,130 INFO       Lay du lieu dong dien
2021-08-25 14:25:34,130 INFO       Lay du lieu nhap luc
2021-08-25 14:25:34,130 INFO       Lay du lieu do rung
2021-08-25 14:25:34,130 INFO       Lay du lieu tieng on
2021-08-25 14:25:34,168 INFO Chu trinh - 13 - Lay du lieu chieu nghich
2021-08-25 14:25:34,168 INFO   Lay du lieu - Backward
2021-08-25 14:25:34,168 INFO       Lay du lieu dong dien
2021-08-25 14:25:34,168 INFO       Lay du lieu nhap luc
2021-08-25 14:25:34,168 INFO       Lay du lieu do rung
2021-08-25 14:25:34,168 INFO       Lay du lieu tieng on
2021-08-25 14:25:34,168 INFO       Ve do thi du lieu
2021-08-25 14:25:34,352 INFO Chu trinh - 13 - Lay du lieu chieu nghich
2021-08-25 14:25:34,352 INFO   Lay du lieu - Backward
2021-08-25 14:25:34,352 INFO       Lay du lieu dong dien
2021-08-25 14:25:34,352 INFO       Lay du lieu nhap luc
2021-08-25 14:25:34,352 INFO       Lay du lieu do rung
2021-08-25 14:25:34,352 INFO       Lay du lieu tieng on
2021-08-25 14:25:34,369 INFO Chu trinh - 13 - Lay du lieu chieu nghich
2021-08-25 14:25:34,369 INFO   Lay du lieu - Backward
2021-08-25 14:25:34,369 INFO       Lay du lieu dong dien
2021-08-25 14:25:34,369 INFO       Lay du lieu nhap luc
2021-08-25 14:25:34,369 INFO       Lay du lieu do rung
2021-08-25 14:25:34,369 INFO       Lay du lieu tieng on
2021-08-25 14:25:34,554 INFO Chu trinh - 13 - Lay du lieu chieu nghich
2021-08-25 14:25:34,554 INFO   Lay du lieu - Backward
2021-08-25 14:25:34,554 INFO       Lay du lieu dong dien
2021-08-25 14:25:34,554 INFO       Lay du lieu nhap luc
2021-08-25 14:25:34,554 INFO       Lay du lieu do rung
2021-08-25 14:25:34,554 INFO       Lay du lieu tieng on
2021-08-25 14:25:34,554 ERROR Thoi gian chu trinh vuot qua 100ms
2021-08-25 14:25:34,570 INFO Chu trinh - 13 - Lay du lieu chieu nghich
2021-08-25 14:25:34,570 INFO   Lay du lieu - Backward
2021-08-25 14:25:34,570 INFO       Lay du lieu dong dien
2021-08-25 14:25:34,570 INFO       Lay du lieu nhap luc
2021-08-25 14:25:34,570 INFO       Lay du lieu do rung
2021-08-25 14:25:34,570 INFO       Lay du lieu tieng on
2021-08-25 14:25:34,717 INFO Chu trinh - 13 - Lay du lieu chieu nghich
2021-08-25 14:25:34,717 INFO   Lay du lieu - Backward
2021-08-25 14:25:34,717 INFO       Lay du lieu dong dien
2021-08-25 14:25:34,717 INFO       Lay du lieu nhap luc
2021-08-25 14:25:34,717 INFO       Lay du lieu do rung
2021-08-25 14:25:34,717 INFO       Lay du lieu tieng on
2021-08-25 14:25:34,770 INFO Chu trinh - 13 - Lay du lieu chieu nghich
2021-08-25 14:25:34,770 INFO   Lay du lieu - Backward
2021-08-25 14:25:34,770 INFO       Lay du lieu dong dien
2021-08-25 14:25:34,770 INFO       Lay du lieu nhap luc
2021-08-25 14:25:34,770 INFO       Lay du lieu do rung
2021-08-25 14:25:34,770 INFO       Lay du lieu tieng on
2021-08-25 14:25:34,949 INFO Chu trinh - 13 - Lay du lieu chieu nghich
2021-08-25 14:25:34,949 INFO   Lay du lieu - Backward
2021-08-25 14:25:34,949 INFO       Lay du lieu dong dien
2021-08-25 14:25:34,949 INFO       Lay du lieu nhap luc
2021-08-25 14:25:34,949 INFO       Lay du lieu do rung
2021-08-25 14:25:34,949 INFO       Lay du lieu tieng on
2021-08-25 14:25:35,002 INFO Chu trinh - 13 - Lay du lieu chieu nghich
2021-08-25 14:25:35,002 INFO   Lay du lieu - Backward
2021-08-25 14:25:35,002 INFO       Lay du lieu dong dien
2021-08-25 14:25:35,002 INFO       Lay du lieu nhap luc
2021-08-25 14:25:35,002 INFO       Lay du lieu do rung
2021-08-25 14:25:35,002 INFO       Lay du lieu tieng on
2021-08-25 14:25:35,118 INFO Chu trinh - 13 - Lay du lieu chieu nghich
2021-08-25 14:25:35,118 INFO   Lay du lieu - Backward
2021-08-25 14:25:35,118 INFO       Lay du lieu dong dien
2021-08-25 14:25:35,118 INFO       Lay du lieu nhap luc
2021-08-25 14:25:35,118 INFO       Lay du lieu do rung
2021-08-25 14:25:35,118 INFO       Lay du lieu tieng on
2021-08-25 14:25:35,202 INFO Chu trinh - 13 - Lay du lieu chieu nghich
2021-08-25 14:25:35,202 INFO   Lay du lieu - Backward
2021-08-25 14:25:35,202 INFO       Lay du lieu dong dien
2021-08-25 14:25:35,202 INFO       Lay du lieu nhap luc
2021-08-25 14:25:35,202 INFO       Lay du lieu do rung
2021-08-25 14:25:35,202 INFO       Lay du lieu tieng on
2021-08-25 14:25:35,202 INFO       Ve do thi du lieu
2021-08-25 14:25:35,319 INFO Chu trinh - 13 - Lay du lieu chieu nghich
2021-08-25 14:25:35,319 INFO   Lay du lieu - Backward
2021-08-25 14:25:35,319 INFO       Lay du lieu dong dien
2021-08-25 14:25:35,319 INFO       Lay du lieu nhap luc
2021-08-25 14:25:35,319 INFO       Lay du lieu do rung
2021-08-25 14:25:35,319 INFO       Lay du lieu tieng on
2021-08-25 14:25:35,403 INFO Chu trinh - 13 - Lay du lieu chieu nghich
2021-08-25 14:25:35,403 INFO   Lay du lieu - Backward
2021-08-25 14:25:35,403 INFO       Lay du lieu dong dien
2021-08-25 14:25:35,403 INFO       Lay du lieu nhap luc
2021-08-25 14:25:35,403 INFO       Lay du lieu do rung
2021-08-25 14:25:35,403 INFO       Lay du lieu tieng on
2021-08-25 14:25:35,519 INFO Chu trinh - 13 - Lay du lieu chieu nghich
2021-08-25 14:25:35,519 INFO   Lay du lieu - Backward
2021-08-25 14:25:35,519 INFO       Lay du lieu dong dien
2021-08-25 14:25:35,519 INFO       Lay du lieu nhap luc
2021-08-25 14:25:35,519 INFO       Lay du lieu do rung
2021-08-25 14:25:35,519 INFO       Lay du lieu tieng on
2021-08-25 14:25:35,619 INFO Chu trinh - 13 - Lay du lieu chieu nghich
2021-08-25 14:25:35,619 INFO   Lay du lieu - Backward
2021-08-25 14:25:35,619 INFO       Lay du lieu dong dien
2021-08-25 14:25:35,619 INFO       Lay du lieu nhap luc
2021-08-25 14:25:35,619 INFO       Lay du lieu do rung
2021-08-25 14:25:35,619 INFO       Lay du lieu tieng on
2021-08-25 14:25:35,673 INFO Chu trinh - 13 - Lay du lieu chieu nghich
2021-08-25 14:25:35,673 INFO   Lay du lieu - Backward
2021-08-25 14:25:35,673 INFO       Lay du lieu dong dien
2021-08-25 14:25:35,673 INFO       Lay du lieu nhap luc
2021-08-25 14:25:35,673 INFO       Lay du lieu do rung
2021-08-25 14:25:35,673 INFO       Lay du lieu tieng on
2021-08-25 14:25:35,920 INFO Chu trinh - 13 - Lay du lieu chieu nghich
2021-08-25 14:25:35,920 INFO   Lay du lieu - Backward
2021-08-25 14:25:35,920 INFO       Lay du lieu dong dien
2021-08-25 14:25:35,920 INFO       Lay du lieu nhap luc
2021-08-25 14:25:35,920 INFO       Lay du lieu do rung
2021-08-25 14:25:35,920 INFO       Lay du lieu tieng on
2021-08-25 14:25:35,920 ERROR Thoi gian chu trinh vuot qua 100ms
2021-08-25 14:25:35,936 INFO Chu trinh - 13 - Lay du lieu chieu nghich
2021-08-25 14:25:35,936 INFO   Lay du lieu - Backward
2021-08-25 14:25:35,936 INFO       Lay du lieu dong dien
2021-08-25 14:25:35,936 INFO       Lay du lieu nhap luc
2021-08-25 14:25:35,936 INFO       Lay du lieu do rung
2021-08-25 14:25:35,936 INFO       Lay du lieu tieng on
2021-08-25 14:25:36,089 INFO Chu trinh - 13 - Lay du lieu chieu nghich
2021-08-25 14:25:36,089 INFO   Lay du lieu - Backward
2021-08-25 14:25:36,089 INFO       Lay du lieu dong dien
2021-08-25 14:25:36,089 INFO       Lay du lieu nhap luc
2021-08-25 14:25:36,089 INFO       Lay du lieu do rung
2021-08-25 14:25:36,089 INFO       Lay du lieu tieng on
2021-08-25 14:25:36,157 INFO Chu trinh - 13 - Lay du lieu chieu nghich
2021-08-25 14:25:36,157 INFO   Lay du lieu - Backward
2021-08-25 14:25:36,157 INFO       Lay du lieu dong dien
2021-08-25 14:25:36,157 INFO       Lay du lieu nhap luc
2021-08-25 14:25:36,157 INFO       Lay du lieu do rung
2021-08-25 14:25:36,157 INFO       Lay du lieu tieng on
2021-08-25 14:25:36,305 INFO Chu trinh - 13 - Lay du lieu chieu nghich
2021-08-25 14:25:36,305 INFO   Lay du lieu - Backward
2021-08-25 14:25:36,305 INFO       Lay du lieu dong dien
2021-08-25 14:25:36,305 INFO       Lay du lieu nhap luc
2021-08-25 14:25:36,305 INFO       Lay du lieu do rung
2021-08-25 14:25:36,305 INFO       Lay du lieu tieng on
2021-08-25 14:25:36,305 INFO       Ve do thi du lieu
2021-08-25 14:25:36,373 INFO Chu trinh - 13 - Lay du lieu chieu nghich
2021-08-25 14:25:36,373 INFO   Lay du lieu - Backward
2021-08-25 14:25:36,373 INFO       Lay du lieu dong dien
2021-08-25 14:25:36,373 INFO       Lay du lieu nhap luc
2021-08-25 14:25:36,373 INFO       Lay du lieu do rung
2021-08-25 14:25:36,373 INFO       Lay du lieu tieng on
2021-08-25 14:25:36,474 INFO Chu trinh - 13 - Lay du lieu chieu nghich
2021-08-25 14:25:36,474 INFO   Lay du lieu - Backward
2021-08-25 14:25:36,474 INFO       Lay du lieu dong dien
2021-08-25 14:25:36,474 INFO       Lay du lieu nhap luc
2021-08-25 14:25:36,474 INFO       Lay du lieu do rung
2021-08-25 14:25:36,474 INFO       Lay du lieu tieng on
2021-08-25 14:25:36,574 INFO Chu trinh - 13 - Lay du lieu chieu nghich
2021-08-25 14:25:36,574 INFO   Lay du lieu - Backward
2021-08-25 14:25:36,574 INFO       Lay du lieu dong dien
2021-08-25 14:25:36,574 INFO       Lay du lieu nhap luc
2021-08-25 14:25:36,574 INFO       Lay du lieu do rung
2021-08-25 14:25:36,574 INFO       Lay du lieu tieng on
2021-08-25 14:25:36,637 INFO Chu trinh - 13 - Lay du lieu chieu nghich
2021-08-25 14:25:36,637 INFO   Lay du lieu - Backward
2021-08-25 14:25:36,637 INFO       Lay du lieu dong dien
2021-08-25 14:25:36,637 INFO       Lay du lieu nhap luc
2021-08-25 14:25:36,637 INFO       Lay du lieu do rung
2021-08-25 14:25:36,637 INFO       Lay du lieu tieng on
2021-08-25 14:25:36,791 INFO Chu trinh - 13 - Lay du lieu chieu nghich
2021-08-25 14:25:36,791 INFO   Lay du lieu - Backward
2021-08-25 14:25:36,791 INFO       Lay du lieu dong dien
2021-08-25 14:25:36,791 INFO       Lay du lieu nhap luc
2021-08-25 14:25:36,791 INFO       Lay du lieu do rung
2021-08-25 14:25:36,791 INFO       Lay du lieu tieng on
2021-08-25 14:25:37,554 INFO Chu trinh - 13 - Lay du lieu chieu nghich
2021-08-25 14:25:37,554 INFO   Lay du lieu - Backward
2021-08-25 14:25:37,554 INFO       Lay du lieu dong dien
2021-08-25 14:25:37,554 INFO       Lay du lieu nhap luc
2021-08-25 14:25:37,554 INFO       Lay du lieu do rung
2021-08-25 14:25:37,554 INFO       Lay du lieu tieng on
2021-08-25 14:25:37,554 ERROR Thoi gian chu trinh vuot qua 100ms
2021-08-25 14:25:37,655 INFO Chu trinh - 13 - Lay du lieu chieu nghich
2021-08-25 14:25:37,655 INFO   Lay du lieu - Backward
2021-08-25 14:25:37,655 INFO       Lay du lieu dong dien
2021-08-25 14:25:37,655 INFO       Lay du lieu nhap luc
2021-08-25 14:25:37,655 INFO       Lay du lieu do rung
2021-08-25 14:25:37,655 INFO       Lay du lieu tieng on
2021-08-25 14:25:37,655 ERROR Thoi gian chu trinh vuot qua 100ms
2021-08-25 14:25:37,708 INFO Chu trinh - 13 - Lay du lieu chieu nghich
2021-08-25 14:25:37,708 INFO   Lay du lieu - Backward
2021-08-25 14:25:37,708 INFO       Lay du lieu dong dien
2021-08-25 14:25:37,708 INFO       Lay du lieu nhap luc
2021-08-25 14:25:37,708 INFO       Lay du lieu do rung
2021-08-25 14:25:37,708 INFO       Lay du lieu tieng on
2021-08-25 14:25:37,762 INFO Chu trinh - 13 - Lay du lieu chieu nghich
2021-08-25 14:25:37,762 INFO   Lay du lieu - Backward
2021-08-25 14:25:37,762 INFO       Lay du lieu dong dien
2021-08-25 14:25:37,762 INFO       Lay du lieu nhap luc
2021-08-25 14:25:37,762 INFO       Lay du lieu do rung
2021-08-25 14:25:37,762 INFO       Lay du lieu tieng on
2021-08-25 14:25:37,909 INFO Chu trinh - 13 - Lay du lieu chieu nghich
2021-08-25 14:25:37,909 INFO   Lay du lieu - Backward
2021-08-25 14:25:37,909 INFO       Lay du lieu dong dien
2021-08-25 14:25:37,909 INFO       Lay du lieu nhap luc
2021-08-25 14:25:37,909 INFO       Lay du lieu do rung
2021-08-25 14:25:37,909 INFO       Lay du lieu tieng on
2021-08-25 14:25:37,909 INFO       Ve do thi du lieu
2021-08-25 14:25:37,995 INFO Chu trinh - 13 - Lay du lieu chieu nghich
2021-08-25 14:25:37,995 INFO   Lay du lieu - Backward
2021-08-25 14:25:37,995 INFO       Lay du lieu dong dien
2021-08-25 14:25:37,995 INFO       Lay du lieu nhap luc
2021-08-25 14:25:37,995 INFO       Lay du lieu do rung
2021-08-25 14:25:37,995 INFO       Lay du lieu tieng on
2021-08-25 14:25:38,110 INFO Chu trinh - 13 - Lay du lieu chieu nghich
2021-08-25 14:25:38,110 INFO   Lay du lieu - Backward
2021-08-25 14:25:38,110 INFO       Lay du lieu dong dien
2021-08-25 14:25:38,110 INFO       Lay du lieu nhap luc
2021-08-25 14:25:38,110 INFO       Lay du lieu do rung
2021-08-25 14:25:38,110 INFO       Lay du lieu tieng on
2021-08-25 14:25:38,194 INFO Chu trinh - 13 - Lay du lieu chieu nghich
2021-08-25 14:25:38,194 INFO   Lay du lieu - Backward
2021-08-25 14:25:38,194 INFO       Lay du lieu dong dien
2021-08-25 14:25:38,194 INFO       Lay du lieu nhap luc
2021-08-25 14:25:38,194 INFO       Lay du lieu do rung
2021-08-25 14:25:38,194 INFO       Lay du lieu tieng on
2021-08-25 14:25:38,256 INFO Chu trinh - 13 - Lay du lieu chieu nghich
2021-08-25 14:25:38,256 INFO   Lay du lieu - Backward
2021-08-25 14:25:38,256 INFO       Lay du lieu dong dien
2021-08-25 14:25:38,256 INFO       Lay du lieu nhap luc
2021-08-25 14:25:38,256 INFO       Lay du lieu do rung
2021-08-25 14:25:38,256 INFO       Lay du lieu tieng on
2021-08-25 14:25:38,426 INFO Chu trinh - 13 - Lay du lieu chieu nghich
2021-08-25 14:25:38,426 INFO   Lay du lieu - Backward
2021-08-25 14:25:38,426 INFO       Lay du lieu dong dien
2021-08-25 14:25:38,426 INFO       Lay du lieu nhap luc
2021-08-25 14:25:38,426 INFO       Lay du lieu do rung
2021-08-25 14:25:38,426 INFO       Lay du lieu tieng on
2021-08-25 14:25:38,463 INFO Chu trinh - 13 - Lay du lieu chieu nghich
2021-08-25 14:25:38,463 INFO   Lay du lieu - Backward
2021-08-25 14:25:38,463 INFO       Lay du lieu dong dien
2021-08-25 14:25:38,463 INFO       Lay du lieu nhap luc
2021-08-25 14:25:38,463 INFO       Lay du lieu do rung
2021-08-25 14:25:38,463 INFO       Lay du lieu tieng on
2021-08-25 14:25:38,629 INFO Chu trinh - 13 - Lay du lieu chieu nghich
2021-08-25 14:25:38,629 INFO   Lay du lieu - Backward
2021-08-25 14:25:38,629 INFO       Lay du lieu dong dien
2021-08-25 14:25:38,629 INFO       Lay du lieu nhap luc
2021-08-25 14:25:38,629 INFO       Lay du lieu do rung
2021-08-25 14:25:38,629 INFO       Lay du lieu tieng on
2021-08-25 14:25:38,667 INFO Chu trinh - 13 - Lay du lieu chieu nghich
2021-08-25 14:25:38,667 INFO   Lay du lieu - Backward
2021-08-25 14:25:38,667 INFO       Lay du lieu dong dien
2021-08-25 14:25:38,667 INFO       Lay du lieu nhap luc
2021-08-25 14:25:38,667 INFO       Lay du lieu do rung
2021-08-25 14:25:38,667 INFO       Lay du lieu tieng on
2021-08-25 14:25:38,829 INFO Chu trinh - 13 - Lay du lieu chieu nghich
2021-08-25 14:25:38,829 INFO   Lay du lieu - Backward
2021-08-25 14:25:38,829 INFO       Lay du lieu dong dien
2021-08-25 14:25:38,829 INFO       Lay du lieu nhap luc
2021-08-25 14:25:38,829 INFO       Lay du lieu do rung
2021-08-25 14:25:38,829 INFO       Lay du lieu tieng on
2021-08-25 14:25:38,860 INFO Chu trinh - 13 - Lay du lieu chieu nghich
2021-08-25 14:25:38,860 INFO   Lay du lieu - Backward
2021-08-25 14:25:38,860 INFO       Lay du lieu dong dien
2021-08-25 14:25:38,860 INFO       Lay du lieu nhap luc
2021-08-25 14:25:38,860 INFO       Lay du lieu do rung
2021-08-25 14:25:38,860 INFO       Lay du lieu tieng on
2021-08-25 14:25:38,860 INFO       Ve do thi du lieu
2021-08-25 14:25:39,029 INFO Chu trinh - 13 - Lay du lieu chieu nghich
2021-08-25 14:25:39,029 INFO   Lay du lieu - Backward
2021-08-25 14:25:39,029 INFO       Lay du lieu dong dien
2021-08-25 14:25:39,029 INFO       Lay du lieu nhap luc
2021-08-25 14:25:39,029 INFO       Lay du lieu do rung
2021-08-25 14:25:39,029 INFO       Lay du lieu tieng on
2021-08-25 14:25:39,060 INFO Chu trinh - 13 - Lay du lieu chieu nghich
2021-08-25 14:25:39,060 INFO   Lay du lieu - Backward
2021-08-25 14:25:39,060 INFO       Lay du lieu dong dien
2021-08-25 14:25:39,060 INFO       Lay du lieu nhap luc
2021-08-25 14:25:39,060 INFO       Lay du lieu do rung
2021-08-25 14:25:39,060 INFO       Lay du lieu tieng on
2021-08-25 14:25:39,246 INFO Chu trinh - 13 - Lay du lieu chieu nghich
2021-08-25 14:25:39,246 INFO   Lay du lieu - Backward
2021-08-25 14:25:39,246 INFO       Lay du lieu dong dien
2021-08-25 14:25:39,246 INFO       Lay du lieu nhap luc
2021-08-25 14:25:39,246 INFO       Lay du lieu do rung
2021-08-25 14:25:39,246 INFO       Lay du lieu tieng on
2021-08-25 14:25:39,261 INFO Chu trinh - 13 - Lay du lieu chieu nghich
2021-08-25 14:25:39,261 INFO   Lay du lieu - Backward
2021-08-25 14:25:39,261 INFO       Lay du lieu dong dien
2021-08-25 14:25:39,261 INFO       Lay du lieu nhap luc
2021-08-25 14:25:39,261 INFO       Lay du lieu do rung
2021-08-25 14:25:39,261 INFO       Lay du lieu tieng on
2021-08-25 14:25:39,446 INFO Chu trinh - 13 - Lay du lieu chieu nghich
2021-08-25 14:25:39,446 INFO   Lay du lieu - Backward
2021-08-25 14:25:39,446 INFO       Lay du lieu dong dien
2021-08-25 14:25:39,446 INFO       Lay du lieu nhap luc
2021-08-25 14:25:39,446 INFO       Lay du lieu do rung
2021-08-25 14:25:39,446 INFO       Lay du lieu tieng on
2021-08-25 14:25:39,468 INFO Chu trinh - 13 - Lay du lieu chieu nghich
2021-08-25 14:25:39,468 INFO   Lay du lieu - Backward
2021-08-25 14:25:39,468 INFO       Lay du lieu dong dien
2021-08-25 14:25:39,468 INFO       Lay du lieu nhap luc
2021-08-25 14:25:39,468 INFO       Lay du lieu do rung
2021-08-25 14:25:39,468 INFO       Lay du lieu tieng on
2021-08-25 14:25:39,746 INFO Chu trinh - 13 - Lay du lieu chieu nghich
2021-08-25 14:25:39,746 INFO   Lay du lieu - Backward
2021-08-25 14:25:39,746 INFO       Lay du lieu dong dien
2021-08-25 14:25:39,746 INFO       Lay du lieu nhap luc
2021-08-25 14:25:39,746 INFO       Lay du lieu do rung
2021-08-25 14:25:39,746 INFO       Lay du lieu tieng on
2021-08-25 14:25:39,746 ERROR Thoi gian chu trinh vuot qua 100ms
2021-08-25 14:25:39,772 INFO Chu trinh - 13 - Lay du lieu chieu nghich
2021-08-25 14:25:39,772 INFO   Lay du lieu - Backward
2021-08-25 14:25:39,772 INFO       Lay du lieu dong dien
2021-08-25 14:25:39,772 INFO       Lay du lieu nhap luc
2021-08-25 14:25:39,772 INFO       Lay du lieu do rung
2021-08-25 14:25:39,772 INFO       Lay du lieu tieng on
2021-08-25 14:25:39,934 INFO Chu trinh - 13 - Lay du lieu chieu nghich
2021-08-25 14:25:39,934 INFO   Lay du lieu - Backward
2021-08-25 14:25:39,934 INFO       Lay du lieu dong dien
2021-08-25 14:25:39,934 INFO       Lay du lieu nhap luc
2021-08-25 14:25:39,934 INFO       Lay du lieu do rung
2021-08-25 14:25:39,934 INFO       Lay du lieu tieng on
2021-08-25 14:25:39,987 INFO Chu trinh - 13 - Lay du lieu chieu nghich
2021-08-25 14:25:39,987 INFO   Lay du lieu - Backward
2021-08-25 14:25:39,987 INFO       Lay du lieu dong dien
2021-08-25 14:25:39,987 INFO       Lay du lieu nhap luc
2021-08-25 14:25:39,987 INFO       Lay du lieu do rung
2021-08-25 14:25:39,987 INFO       Lay du lieu tieng on
2021-08-25 14:25:39,987 INFO       Ve do thi du lieu
2021-08-25 14:25:40,090 INFO Chu trinh - 13 - Lay du lieu chieu nghich
2021-08-25 14:25:40,090 INFO   Lay du lieu - Backward
2021-08-25 14:25:40,090 INFO       Lay du lieu dong dien
2021-08-25 14:25:40,090 INFO       Lay du lieu nhap luc
2021-08-25 14:25:40,090 INFO       Lay du lieu do rung
2021-08-25 14:25:40,090 INFO       Lay du lieu tieng on
2021-08-25 14:25:40,192 INFO Chu trinh - 13 - Lay du lieu chieu nghich
2021-08-25 14:25:40,192 INFO   Lay du lieu - Backward
2021-08-25 14:25:40,192 INFO       Lay du lieu dong dien
2021-08-25 14:25:40,192 INFO       Lay du lieu nhap luc
2021-08-25 14:25:40,192 INFO       Lay du lieu do rung
2021-08-25 14:25:40,192 INFO       Lay du lieu tieng on
2021-08-25 14:25:40,254 INFO Chu trinh - 13 - Lay du lieu chieu nghich
2021-08-25 14:25:40,254 INFO   Lay du lieu - Backward
2021-08-25 14:25:40,254 INFO       Lay du lieu dong dien
2021-08-25 14:25:40,254 INFO       Lay du lieu nhap luc
2021-08-25 14:25:40,254 INFO       Lay du lieu do rung
2021-08-25 14:25:40,254 INFO       Lay du lieu tieng on
2021-08-25 14:25:40,408 INFO Chu trinh - 13 - Lay du lieu chieu nghich
2021-08-25 14:25:40,408 INFO   Lay du lieu - Backward
2021-08-25 14:25:40,408 INFO       Lay du lieu dong dien
2021-08-25 14:25:40,408 INFO       Lay du lieu nhap luc
2021-08-25 14:25:40,408 INFO       Lay du lieu do rung
2021-08-25 14:25:40,408 INFO       Lay du lieu tieng on
2021-08-25 14:25:40,455 INFO Chu trinh - 13 - Lay du lieu chieu nghich
2021-08-25 14:25:40,455 INFO   Lay du lieu - Backward
2021-08-25 14:25:40,455 INFO       Lay du lieu dong dien
2021-08-25 14:25:40,455 INFO       Lay du lieu nhap luc
2021-08-25 14:25:40,455 INFO       Lay du lieu do rung
2021-08-25 14:25:40,455 INFO       Lay du lieu tieng on
2021-08-25 14:25:40,628 INFO Chu trinh - 13 - Lay du lieu chieu nghich
2021-08-25 14:25:40,628 INFO   Lay du lieu - Backward
2021-08-25 14:25:40,628 INFO       Lay du lieu dong dien
2021-08-25 14:25:40,628 INFO       Lay du lieu nhap luc
2021-08-25 14:25:40,628 INFO       Lay du lieu do rung
2021-08-25 14:25:40,628 INFO       Lay du lieu tieng on
2021-08-25 14:25:40,659 INFO Chu trinh - 13 - Lay du lieu chieu nghich
2021-08-25 14:25:40,659 INFO   Lay du lieu - Backward
2021-08-25 14:25:40,659 INFO       Lay du lieu dong dien
2021-08-25 14:25:40,659 INFO       Lay du lieu nhap luc
2021-08-25 14:25:40,659 INFO       Lay du lieu do rung
2021-08-25 14:25:40,659 INFO       Lay du lieu tieng on
2021-08-25 14:25:40,828 INFO Chu trinh - 13 - Lay du lieu chieu nghich
2021-08-25 14:25:40,828 INFO   Lay du lieu - Backward
2021-08-25 14:25:40,828 INFO       Lay du lieu dong dien
2021-08-25 14:25:40,828 INFO       Lay du lieu nhap luc
2021-08-25 14:25:40,828 INFO       Lay du lieu do rung
2021-08-25 14:25:40,828 INFO       Lay du lieu tieng on
2021-08-25 14:25:40,860 INFO Chu trinh - 13 - Lay du lieu chieu nghich
2021-08-25 14:25:40,860 INFO   Lay du lieu - Backward
2021-08-25 14:25:40,860 INFO       Lay du lieu dong dien
2021-08-25 14:25:40,860 INFO       Lay du lieu nhap luc
2021-08-25 14:25:40,860 INFO       Lay du lieu do rung
2021-08-25 14:25:40,860 INFO       Lay du lieu tieng on
2021-08-25 14:25:41,029 INFO Chu trinh - 13 - Lay du lieu chieu nghich
2021-08-25 14:25:41,029 INFO   Lay du lieu - Backward
2021-08-25 14:25:41,029 INFO       Lay du lieu dong dien
2021-08-25 14:25:41,029 INFO       Lay du lieu nhap luc
2021-08-25 14:25:41,029 INFO       Lay du lieu do rung
2021-08-25 14:25:41,029 INFO       Lay du lieu tieng on
2021-08-25 14:25:41,029 INFO       Ve do thi du lieu
2021-08-25 14:25:41,060 INFO Chu trinh - 13 - Lay du lieu chieu nghich
2021-08-25 14:25:41,060 INFO   Lay du lieu - Backward
2021-08-25 14:25:41,060 INFO       Lay du lieu dong dien
2021-08-25 14:25:41,060 INFO       Lay du lieu nhap luc
2021-08-25 14:25:41,060 INFO       Lay du lieu do rung
2021-08-25 14:25:41,060 INFO       Lay du lieu tieng on
2021-08-25 14:25:41,185 INFO Chu trinh - 15 - Ghi du lieu am thanh chieu nghich
2021-08-25 14:26:25,208 ERROR Thoi gian chu trinh vuot qua 100ms
2021-08-25 14:26:25,331 ERROR Thoi gian chu trinh vuot qua 100ms
2021-08-25 14:26:25,331 INFO Chu trinh - 19 - Hoan tat lay du lieu - bat dau ghi ra file
2021-08-25 14:26:25,331 INFO Ghi ra file csv
2021-08-25 14:26:25,346 INFO Upload du lieu am thanh len server
2021-08-25 14:26:25,447 INFO Chu trinh - 0 - Khoi tao + Doi tin hieu bat dau chay
2021-08-25 14:49:16,556 INFO Chu trinh - 0 - Khoi tao + Doi tin hieu bat dau chay
