2021-08-28 09:53:24,025 INFO Mo file excel
2021-08-28 09:53:24,040 INFO Dong tat ca file excel dang mo
2021-08-28 09:53:24,040 INFO Khoi tao du lieu
2021-08-28 09:53:24,040 INFO Khoi tao tat ca bien trang thai
2021-08-28 09:53:24,040 INFO Khoi tao ket noi chuong trinh
2021-08-28 09:53:24,040 INFO Tao ket noi du lieu voi PLC FX5U
2021-08-28 09:53:26,278 INFO Tao ket noi du lieu voi PLC FX3G
2021-08-28 09:53:27,998 INFO Ket noi cong COM7 - lay du lieu dong dien nhap luc
2021-08-28 09:53:28,152 INFO Ket noi cong COM5 - lay du lieu tieng on
2021-08-28 09:53:28,315 INFO Ket noi cong COM8 - lay du lieu vong quay
2021-08-28 09:53:28,315 INFO Khoi tao thread lay du lieu lien tuc
2021-08-28 09:53:28,315 INFO Khoi tao thread lay du lieu lien tuc --Chutrinh_LayDuLieu--
2021-08-28 09:53:28,454 INFO Chu trinh - 0 - Khoi tao + Doi tin hieu bat dau chay
2021-08-28 09:54:43,800 INFO Chu trinh - 0 - Khoi tao + Doi tin hieu bat dau chay
2021-08-28 09:56:57,615 INFO Chu trinh - 0 - Khoi tao + Doi tin hieu bat dau chay
2021-08-28 09:57:11,943 INFO Chu trinh - 0 - Khoi tao + Doi tin hieu bat dau chay
2021-08-28 09:57:12,802 INFO Chu trinh - 0 - Khoi tao + Doi tin hieu bat dau chay
2021-08-28 09:57:13,947 INFO Chu trinh - 0 - Khoi tao + Doi tin hieu bat dau chay
2021-08-28 09:57:14,528 INFO Chu trinh - 0 - Khoi tao + Doi tin hieu bat dau chay
2021-08-28 09:57:15,101 INFO Chu trinh - 0 - Khoi tao + Doi tin hieu bat dau chay
2021-08-28 09:57:18,155 INFO Chu trinh - 0 - Khoi tao + Doi tin hieu bat dau chay
2021-08-28 09:58:40,954 INFO Chu trinh - 0 - Khoi tao + Doi tin hieu bat dau chay
2021-08-28 09:58:42,881 INFO Chu trinh - 0 - Khoi tao + Doi tin hieu bat dau chay
