2021-01-08 11:03:59,446 INFO Mo file excel
2021-01-08 11:03:59,453 INFO Dong tat ca file excel dang mo
2021-01-08 11:04:06,713 INFO Khoi tao du lieu
2021-01-08 11:04:06,713 INFO Khoi tao tat ca bien trang thai
2021-01-08 11:04:06,713 INFO Khoi tao ket noi chuong trinh
2021-01-08 11:04:06,713 INFO Khoi tao thread lay du lieu lien tuc
2021-01-08 11:04:06,713 INFO Khoi tao thread lay du lieu lien tuc --Chutrinh_LayDuLieu--
2021-01-08 11:04:06,830 INFO Chu trinh - 0 - Khoi tao + Doi tin hieu bat dau chay
2021-01-08 11:14:53,970 INFO Mo file excel
2021-01-08 11:14:54,361 INFO Dong tat ca file excel dang mo
2021-01-08 11:16:33,762 INFO Mo file excel
2021-01-08 11:16:34,216 INFO Dong tat ca file excel dang mo
2021-01-08 11:16:51,459 INFO Mo file excel
2021-01-08 11:16:51,459 INFO Khoi tao du lieu
2021-01-08 11:16:51,459 INFO Khoi tao tat ca bien trang thai
2021-01-08 11:16:51,470 INFO Khoi tao ket noi chuong trinh
2021-01-08 11:16:51,470 INFO Khoi tao thread lay du lieu lien tuc
2021-01-08 11:16:51,470 INFO Khoi tao thread lay du lieu lien tuc --Chutrinh_LayDuLieu--
2021-01-08 11:16:51,569 INFO Chu trinh - 0 - Khoi tao + Doi tin hieu bat dau chay
2021-01-08 11:17:00,224 INFO Mo file excel
2021-01-08 11:17:00,230 INFO Khoi tao du lieu
2021-01-08 11:17:00,230 INFO Khoi tao tat ca bien trang thai
2021-01-08 11:17:00,230 INFO Khoi tao ket noi chuong trinh
2021-01-08 11:17:00,230 INFO Khoi tao thread lay du lieu lien tuc
2021-01-08 11:17:00,230 INFO Khoi tao thread lay du lieu lien tuc --Chutrinh_LayDuLieu--
2021-01-08 11:17:00,349 INFO Chu trinh - 0 - Khoi tao + Doi tin hieu bat dau chay
2021-01-08 11:17:09,240 INFO Mo file excel
2021-01-08 11:17:09,610 INFO Khoi tao du lieu
2021-01-08 11:17:09,997 INFO Khoi tao tat ca bien trang thai
2021-01-08 11:17:10,614 INFO Khoi tao ket noi chuong trinh
2021-01-08 11:17:11,076 INFO Khoi tao thread lay du lieu lien tuc
2021-01-08 11:17:11,552 INFO Khoi tao thread lay du lieu lien tuc --Chutrinh_LayDuLieu--
2021-01-08 11:17:13,675 INFO Chu trinh - 0 - Khoi tao + Doi tin hieu bat dau chay
2021-01-08 11:17:31,538 INFO Mo file excel
2021-01-08 11:17:31,545 INFO Khoi tao du lieu
2021-01-08 11:17:31,545 INFO Khoi tao tat ca bien trang thai
2021-01-08 11:17:31,545 INFO Khoi tao ket noi chuong trinh
2021-01-08 11:17:31,545 INFO Khoi tao thread lay du lieu lien tuc
2021-01-08 11:17:31,545 INFO Khoi tao thread lay du lieu lien tuc --Chutrinh_LayDuLieu--
2021-01-08 11:19:41,862 INFO Mo file excel
2021-01-08 11:19:41,871 INFO Khoi tao du lieu
2021-01-08 11:19:41,871 INFO Khoi tao tat ca bien trang thai
2021-01-08 11:19:41,871 INFO Khoi tao ket noi chuong trinh
2021-01-08 11:19:41,871 INFO Khoi tao thread lay du lieu lien tuc
2021-01-08 11:19:41,871 INFO Khoi tao thread lay du lieu lien tuc --Chutrinh_LayDuLieu--
2021-01-08 11:19:41,974 INFO Chu trinh - 0 - Khoi tao + Doi tin hieu bat dau chay
2021-01-08 11:22:52,769 INFO Mo file excel
2021-01-08 11:22:52,779 INFO Khoi tao du lieu
2021-01-08 11:22:52,779 INFO Khoi tao tat ca bien trang thai
2021-01-08 11:22:52,779 INFO Khoi tao ket noi chuong trinh
2021-01-08 11:22:52,779 INFO Khoi tao thread lay du lieu lien tuc
2021-01-08 11:22:52,779 INFO Khoi tao thread lay du lieu lien tuc --Chutrinh_LayDuLieu--
2021-01-08 11:22:52,909 INFO Chu trinh - 0 - Khoi tao + Doi tin hieu bat dau chay
2021-01-08 11:23:45,739 INFO Mo file excel
2021-01-08 11:23:45,748 INFO Khoi tao du lieu
2021-01-08 11:23:45,750 INFO Khoi tao tat ca bien trang thai
2021-01-08 11:23:45,752 INFO Khoi tao ket noi chuong trinh
2021-01-08 11:23:45,752 INFO Khoi tao thread lay du lieu lien tuc
2021-01-08 11:23:45,752 INFO Khoi tao thread lay du lieu lien tuc --Chutrinh_LayDuLieu--
2021-01-08 11:23:45,850 INFO Chu trinh - 0 - Khoi tao + Doi tin hieu bat dau chay
2021-01-08 11:24:14,399 INFO Mo file excel
2021-01-08 11:24:14,399 INFO Khoi tao du lieu
2021-01-08 11:24:14,399 INFO Khoi tao tat ca bien trang thai
2021-01-08 11:24:14,408 INFO Khoi tao ket noi chuong trinh
2021-01-08 11:24:14,408 INFO Khoi tao thread lay du lieu lien tuc
2021-01-08 11:24:14,408 INFO Khoi tao thread lay du lieu lien tuc --Chutrinh_LayDuLieu--
2021-01-08 11:24:14,508 INFO Chu trinh - 0 - Khoi tao + Doi tin hieu bat dau chay
