2021-08-28 12:33:11,555 INFO Mo file excel
2021-08-28 12:33:11,571 INFO Dong tat ca file excel dang mo
2021-08-28 12:33:11,571 INFO Khoi tao du lieu
2021-08-28 12:33:11,577 INFO Khoi tao tat ca bien trang thai
2021-08-28 12:33:11,577 INFO Khoi tao ket noi chuong trinh
2021-08-28 12:33:11,577 INFO Tao ket noi du lieu voi PLC FX5U
2021-08-28 12:33:12,273 INFO Tao ket noi du lieu voi PLC FX3G
2021-08-28 12:33:12,880 INFO Ket noi cong COM7 - lay du lieu dong dien nhap luc
2021-08-28 12:33:13,043 INFO Ket noi cong COM5 - lay du lieu tieng on
2021-08-28 12:33:13,196 INFO Ket noi cong COM8 - lay du lieu vong quay
2021-08-28 12:33:13,196 INFO Khoi tao thread lay du lieu lien tuc
2021-08-28 12:33:13,196 INFO Khoi tao thread lay du lieu lien tuc --Chutrinh_LayDuLieu--
2021-08-28 12:33:13,312 INFO Chu trinh - 0 - Khoi tao + Doi tin hieu bat dau chay
2021-08-28 12:33:33,229 INFO Chu trinh - 0 - Khoi tao + Doi tin hieu bat dau chay
2021-08-28 12:34:05,157 INFO Chu trinh - 0 - Khoi tao + Doi tin hieu bat dau chay
2021-08-28 12:34:16,224 INFO Chu trinh - 0 - Khoi tao + Doi tin hieu bat dau chay
2021-08-28 12:34:17,344 INFO Chu trinh - 0 - Khoi tao + Doi tin hieu bat dau chay
2021-08-28 12:34:18,379 INFO Chu trinh - 0 - Khoi tao + Doi tin hieu bat dau chay
2021-08-28 12:34:20,179 INFO Chu trinh - 0 - Khoi tao + Doi tin hieu bat dau chay
2021-08-28 12:34:21,979 INFO Chu trinh - 0 - Khoi tao + Doi tin hieu bat dau chay
2021-08-28 12:34:25,113 INFO Chu trinh - 0 - Khoi tao + Doi tin hieu bat dau chay
2021-08-28 12:35:00,645 INFO Chu trinh - 0 - Khoi tao + Doi tin hieu bat dau chay
2021-08-28 12:35:01,448 INFO Chu trinh - 0 - Khoi tao + Doi tin hieu bat dau chay
2021-08-28 12:35:16,320 INFO Chu trinh - 0 - Khoi tao + Doi tin hieu bat dau chay
2021-08-28 12:35:28,280 INFO Chu trinh - 0 - Khoi tao + Doi tin hieu bat dau chay
2021-08-28 12:35:30,410 INFO Chu trinh - 0 - Khoi tao + Doi tin hieu bat dau chay
2021-08-28 12:35:31,210 INFO Chu trinh - 0 - Khoi tao + Doi tin hieu bat dau chay
