2021-06-26 09:03:51,137 ERROR Thoi gian chu trinh vuot qua 100ms
2021-06-26 09:03:51,157 INFO Chu trinh - 3 - Lay du lieu chieu thuan
2021-06-26 09:03:51,157 INFO   Lay du lieu - Forward
2021-06-26 09:03:51,157 INFO       Lay du lieu dong dien
2021-06-26 09:03:51,157 INFO       Lay du lieu nhap luc
2021-06-26 09:03:51,157 INFO       Lay du lieu do rung
2021-06-26 09:03:51,157 INFO       Lay du lieu tieng on
2021-06-26 09:03:51,157 INFO       Ve do thi du lieu
2021-06-26 09:03:51,267 INFO Chu trinh - 3 - Lay du lieu chieu thuan
2021-06-26 09:03:51,277 INFO   Lay du lieu - Forward
2021-06-26 09:03:51,277 INFO       Lay du lieu dong dien
2021-06-26 09:03:51,277 INFO       Lay du lieu nhap luc
2021-06-26 09:03:51,277 INFO       Lay du lieu do rung
2021-06-26 09:03:51,277 INFO       Lay du lieu tieng on
2021-06-26 09:03:51,377 INFO Chu trinh - 3 - Lay du lieu chieu thuan
2021-06-26 09:03:51,387 INFO   Lay du lieu - Forward
2021-06-26 09:03:51,387 INFO       Lay du lieu dong dien
2021-06-26 09:03:51,387 INFO       Lay du lieu nhap luc
2021-06-26 09:03:51,387 INFO       Lay du lieu do rung
2021-06-26 09:03:51,387 INFO       Lay du lieu tieng on
2021-06-26 09:03:51,467 INFO Chu trinh - 3 - Lay du lieu chieu thuan
2021-06-26 09:03:51,497 INFO   Lay du lieu - Forward
2021-06-26 09:03:51,497 INFO       Lay du lieu dong dien
2021-06-26 09:03:51,497 INFO       Lay du lieu nhap luc
2021-06-26 09:03:51,497 INFO       Lay du lieu do rung
2021-06-26 09:03:51,497 INFO       Lay du lieu tieng on
2021-06-26 09:03:51,567 INFO Chu trinh - 3 - Lay du lieu chieu thuan
2021-06-26 09:03:51,577 INFO   Lay du lieu - Forward
2021-06-26 09:03:51,577 INFO       Lay du lieu dong dien
2021-06-26 09:03:51,577 INFO       Lay du lieu nhap luc
2021-06-26 09:03:51,577 INFO       Lay du lieu do rung
2021-06-26 09:03:51,577 INFO       Lay du lieu tieng on
2021-06-26 09:03:51,667 INFO Chu trinh - 3 - Lay du lieu chieu thuan
2021-06-26 09:03:51,667 INFO   Lay du lieu - Forward
2021-06-26 09:03:51,667 INFO       Lay du lieu dong dien
2021-06-26 09:03:51,667 INFO       Lay du lieu nhap luc
2021-06-26 09:03:51,667 INFO       Lay du lieu do rung
2021-06-26 09:03:51,667 INFO       Lay du lieu tieng on
2021-06-26 09:03:51,777 INFO Chu trinh - 3 - Lay du lieu chieu thuan
2021-06-26 09:03:51,807 INFO   Lay du lieu - Forward
2021-06-26 09:03:51,807 INFO       Lay du lieu dong dien
2021-06-26 09:03:51,807 INFO       Lay du lieu nhap luc
2021-06-26 09:03:51,807 INFO       Lay du lieu do rung
2021-06-26 09:03:51,807 INFO       Lay du lieu tieng on
2021-06-26 09:03:51,867 INFO Chu trinh - 3 - Lay du lieu chieu thuan
2021-06-26 09:03:51,897 INFO   Lay du lieu - Forward
2021-06-26 09:03:51,897 INFO       Lay du lieu dong dien
2021-06-26 09:03:51,897 INFO       Lay du lieu nhap luc
2021-06-26 09:03:51,897 INFO       Lay du lieu do rung
2021-06-26 09:03:51,897 INFO       Lay du lieu tieng on
2021-06-26 09:03:51,967 INFO Chu trinh - 3 - Lay du lieu chieu thuan
2021-06-26 09:03:51,977 INFO   Lay du lieu - Forward
2021-06-26 09:03:51,977 INFO       Lay du lieu dong dien
2021-06-26 09:03:51,977 INFO       Lay du lieu nhap luc
2021-06-26 09:03:51,977 INFO       Lay du lieu do rung
2021-06-26 09:03:51,977 INFO       Lay du lieu tieng on
2021-06-26 09:03:51,977 INFO       Ve do thi du lieu
2021-06-26 09:03:52,081 INFO Chu trinh - 3 - Lay du lieu chieu thuan
2021-06-26 09:03:52,086 INFO   Lay du lieu - Forward
2021-06-26 09:03:52,086 INFO       Lay du lieu dong dien
2021-06-26 09:03:52,086 INFO       Lay du lieu nhap luc
2021-06-26 09:03:52,086 INFO       Lay du lieu do rung
2021-06-26 09:03:52,086 INFO       Lay du lieu tieng on
2021-06-26 09:03:52,176 INFO Chu trinh - 3 - Lay du lieu chieu thuan
2021-06-26 09:03:52,197 INFO   Lay du lieu - Forward
2021-06-26 09:03:52,197 INFO       Lay du lieu dong dien
2021-06-26 09:03:52,197 INFO       Lay du lieu nhap luc
2021-06-26 09:03:52,197 INFO       Lay du lieu do rung
2021-06-26 09:03:52,197 INFO       Lay du lieu tieng on
2021-06-26 09:03:52,276 INFO Chu trinh - 3 - Lay du lieu chieu thuan
2021-06-26 09:03:52,276 INFO   Lay du lieu - Forward
2021-06-26 09:03:52,276 INFO       Lay du lieu dong dien
2021-06-26 09:03:52,276 INFO       Lay du lieu nhap luc
2021-06-26 09:03:52,276 INFO       Lay du lieu do rung
2021-06-26 09:03:52,276 INFO       Lay du lieu tieng on
2021-06-26 09:03:52,376 INFO Chu trinh - 3 - Lay du lieu chieu thuan
2021-06-26 09:03:52,376 INFO   Lay du lieu - Forward
2021-06-26 09:03:52,376 INFO       Lay du lieu dong dien
2021-06-26 09:03:52,376 INFO       Lay du lieu nhap luc
2021-06-26 09:03:52,376 INFO       Lay du lieu do rung
2021-06-26 09:03:52,376 INFO       Lay du lieu tieng on
2021-06-26 09:03:52,476 INFO Chu trinh - 3 - Lay du lieu chieu thuan
2021-06-26 09:03:52,507 INFO   Lay du lieu - Forward
2021-06-26 09:03:52,507 INFO       Lay du lieu dong dien
2021-06-26 09:03:52,507 INFO       Lay du lieu nhap luc
2021-06-26 09:03:52,507 INFO       Lay du lieu do rung
2021-06-26 09:03:52,507 INFO       Lay du lieu tieng on
2021-06-26 09:03:52,576 INFO Chu trinh - 3 - Lay du lieu chieu thuan
2021-06-26 09:03:52,596 INFO   Lay du lieu - Forward
2021-06-26 09:03:52,596 INFO       Lay du lieu dong dien
2021-06-26 09:03:52,596 INFO       Lay du lieu nhap luc
2021-06-26 09:03:52,596 INFO       Lay du lieu do rung
2021-06-26 09:03:52,596 INFO       Lay du lieu tieng on
2021-06-26 09:03:52,676 INFO Chu trinh - 3 - Lay du lieu chieu thuan
2021-06-26 09:03:52,676 INFO   Lay du lieu - Forward
2021-06-26 09:03:52,676 INFO       Lay du lieu dong dien
2021-06-26 09:03:52,676 INFO       Lay du lieu nhap luc
2021-06-26 09:03:52,676 INFO       Lay du lieu do rung
2021-06-26 09:03:52,676 INFO       Lay du lieu tieng on
2021-06-26 09:03:52,787 INFO Chu trinh - 3 - Lay du lieu chieu thuan
2021-06-26 09:03:52,816 INFO   Lay du lieu - Forward
2021-06-26 09:03:52,816 INFO       Lay du lieu dong dien
2021-06-26 09:03:52,816 INFO       Lay du lieu nhap luc
2021-06-26 09:03:52,816 INFO       Lay du lieu do rung
2021-06-26 09:03:52,816 INFO       Lay du lieu tieng on
2021-06-26 09:03:52,876 INFO Chu trinh - 3 - Lay du lieu chieu thuan
2021-06-26 09:03:52,876 INFO   Lay du lieu - Forward
2021-06-26 09:03:52,876 INFO       Lay du lieu dong dien
2021-06-26 09:03:52,876 INFO       Lay du lieu nhap luc
2021-06-26 09:03:52,876 INFO       Lay du lieu do rung
2021-06-26 09:03:52,876 INFO       Lay du lieu tieng on
2021-06-26 09:03:52,986 INFO Chu trinh - 3 - Lay du lieu chieu thuan
2021-06-26 09:03:52,996 INFO   Lay du lieu - Forward
2021-06-26 09:03:52,996 INFO       Lay du lieu dong dien
2021-06-26 09:03:52,996 INFO       Lay du lieu nhap luc
2021-06-26 09:03:52,996 INFO       Lay du lieu do rung
2021-06-26 09:03:52,996 INFO       Lay du lieu tieng on
2021-06-26 09:03:52,996 INFO       Ve do thi du lieu
2021-06-26 09:03:53,077 INFO Chu trinh - 3 - Lay du lieu chieu thuan
2021-06-26 09:03:53,096 INFO   Lay du lieu - Forward
2021-06-26 09:03:53,096 INFO       Lay du lieu dong dien
2021-06-26 09:03:53,096 INFO       Lay du lieu nhap luc
2021-06-26 09:03:53,096 INFO       Lay du lieu do rung
2021-06-26 09:03:53,096 INFO       Lay du lieu tieng on
2021-06-26 09:03:53,176 INFO Chu trinh - 3 - Lay du lieu chieu thuan
2021-06-26 09:03:53,186 INFO   Lay du lieu - Forward
2021-06-26 09:03:53,186 INFO       Lay du lieu dong dien
2021-06-26 09:03:53,186 INFO       Lay du lieu nhap luc
2021-06-26 09:03:53,186 INFO       Lay du lieu do rung
2021-06-26 09:03:53,186 INFO       Lay du lieu tieng on
2021-06-26 09:03:53,276 INFO Chu trinh - 3 - Lay du lieu chieu thuan
2021-06-26 09:03:53,276 INFO   Lay du lieu - Forward
2021-06-26 09:03:53,276 INFO       Lay du lieu dong dien
2021-06-26 09:03:53,276 INFO       Lay du lieu nhap luc
2021-06-26 09:03:53,276 INFO       Lay du lieu do rung
2021-06-26 09:03:53,276 INFO       Lay du lieu tieng on
2021-06-26 09:03:53,376 INFO Chu trinh - 3 - Lay du lieu chieu thuan
2021-06-26 09:03:53,406 INFO   Lay du lieu - Forward
2021-06-26 09:03:53,406 INFO       Lay du lieu dong dien
2021-06-26 09:03:53,406 INFO       Lay du lieu nhap luc
2021-06-26 09:03:53,406 INFO       Lay du lieu do rung
2021-06-26 09:03:53,406 INFO       Lay du lieu tieng on
2021-06-26 09:03:53,476 INFO Chu trinh - 3 - Lay du lieu chieu thuan
2021-06-26 09:03:53,526 INFO   Lay du lieu - Forward
2021-06-26 09:03:53,526 INFO       Lay du lieu dong dien
2021-06-26 09:03:53,526 INFO       Lay du lieu nhap luc
2021-06-26 09:03:53,526 INFO       Lay du lieu do rung
2021-06-26 09:03:53,526 INFO       Lay du lieu tieng on
2021-06-26 09:03:53,576 INFO Chu trinh - 3 - Lay du lieu chieu thuan
2021-06-26 09:03:53,576 INFO   Lay du lieu - Forward
2021-06-26 09:03:53,576 INFO       Lay du lieu dong dien
2021-06-26 09:03:53,576 INFO       Lay du lieu nhap luc
2021-06-26 09:03:53,576 INFO       Lay du lieu do rung
2021-06-26 09:03:53,576 INFO       Lay du lieu tieng on
2021-06-26 09:03:53,686 INFO Chu trinh - 3 - Lay du lieu chieu thuan
2021-06-26 09:03:53,705 INFO   Lay du lieu - Forward
2021-06-26 09:03:53,705 INFO       Lay du lieu dong dien
2021-06-26 09:03:53,705 INFO       Lay du lieu nhap luc
2021-06-26 09:03:53,705 INFO       Lay du lieu do rung
2021-06-26 09:03:53,705 INFO       Lay du lieu tieng on
2021-06-26 09:03:53,776 INFO Chu trinh - 3 - Lay du lieu chieu thuan
2021-06-26 09:03:53,806 INFO   Lay du lieu - Forward
2021-06-26 09:03:53,806 INFO       Lay du lieu dong dien
2021-06-26 09:03:53,806 INFO       Lay du lieu nhap luc
2021-06-26 09:03:53,806 INFO       Lay du lieu do rung
2021-06-26 09:03:53,806 INFO       Lay du lieu tieng on
2021-06-26 09:03:53,876 INFO Chu trinh - 3 - Lay du lieu chieu thuan
2021-06-26 09:03:53,876 INFO   Lay du lieu - Forward
2021-06-26 09:03:53,876 INFO       Lay du lieu dong dien
2021-06-26 09:03:53,876 INFO       Lay du lieu nhap luc
2021-06-26 09:03:53,876 INFO       Lay du lieu do rung
2021-06-26 09:03:53,876 INFO       Lay du lieu tieng on
2021-06-26 09:03:53,985 INFO Chu trinh - 3 - Lay du lieu chieu thuan
2021-06-26 09:03:53,985 INFO   Lay du lieu - Forward
2021-06-26 09:03:53,985 INFO       Lay du lieu dong dien
2021-06-26 09:03:53,985 INFO       Lay du lieu nhap luc
2021-06-26 09:03:53,985 INFO       Lay du lieu do rung
2021-06-26 09:03:53,985 INFO       Lay du lieu tieng on
2021-06-26 09:03:53,985 INFO       Ve do thi du lieu
2021-06-26 09:03:54,076 INFO Chu trinh - 3 - Lay du lieu chieu thuan
2021-06-26 09:03:54,101 INFO   Lay du lieu - Forward
2021-06-26 09:03:54,101 INFO       Lay du lieu dong dien
2021-06-26 09:03:54,101 INFO       Lay du lieu nhap luc
2021-06-26 09:03:54,101 INFO       Lay du lieu do rung
2021-06-26 09:03:54,101 INFO       Lay du lieu tieng on
2021-06-26 09:03:54,175 INFO Chu trinh - 3 - Lay du lieu chieu thuan
2021-06-26 09:03:54,185 INFO   Lay du lieu - Forward
2021-06-26 09:03:54,185 INFO       Lay du lieu dong dien
2021-06-26 09:03:54,185 INFO       Lay du lieu nhap luc
2021-06-26 09:03:54,185 INFO       Lay du lieu do rung
2021-06-26 09:03:54,185 INFO       Lay du lieu tieng on
2021-06-26 09:03:54,285 INFO Chu trinh - 3 - Lay du lieu chieu thuan
2021-06-26 09:03:54,285 INFO   Lay du lieu - Forward
2021-06-26 09:03:54,285 INFO       Lay du lieu dong dien
2021-06-26 09:03:54,285 INFO       Lay du lieu nhap luc
2021-06-26 09:03:54,285 INFO       Lay du lieu do rung
2021-06-26 09:03:54,285 INFO       Lay du lieu tieng on
2021-06-26 09:03:54,375 INFO Chu trinh - 3 - Lay du lieu chieu thuan
2021-06-26 09:03:54,405 INFO   Lay du lieu - Forward
2021-06-26 09:03:54,405 INFO       Lay du lieu dong dien
2021-06-26 09:03:54,405 INFO       Lay du lieu nhap luc
2021-06-26 09:03:54,405 INFO       Lay du lieu do rung
2021-06-26 09:03:54,405 INFO       Lay du lieu tieng on
2021-06-26 09:03:54,475 INFO Chu trinh - 3 - Lay du lieu chieu thuan
2021-06-26 09:03:54,475 INFO   Lay du lieu - Forward
2021-06-26 09:03:54,475 INFO       Lay du lieu dong dien
2021-06-26 09:03:54,475 INFO       Lay du lieu nhap luc
2021-06-26 09:03:54,475 INFO       Lay du lieu do rung
2021-06-26 09:03:54,475 INFO       Lay du lieu tieng on
2021-06-26 09:03:54,575 INFO Chu trinh - 3 - Lay du lieu chieu thuan
2021-06-26 09:03:54,575 INFO   Lay du lieu - Forward
2021-06-26 09:03:54,575 INFO       Lay du lieu dong dien
2021-06-26 09:03:54,575 INFO       Lay du lieu nhap luc
2021-06-26 09:03:54,575 INFO       Lay du lieu do rung
2021-06-26 09:03:54,575 INFO       Lay du lieu tieng on
2021-06-26 09:03:54,675 INFO Chu trinh - 3 - Lay du lieu chieu thuan
2021-06-26 09:03:54,715 INFO   Lay du lieu - Forward
2021-06-26 09:03:54,715 INFO       Lay du lieu dong dien
2021-06-26 09:03:54,715 INFO       Lay du lieu nhap luc
2021-06-26 09:03:54,715 INFO       Lay du lieu do rung
2021-06-26 09:03:54,715 INFO       Lay du lieu tieng on
2021-06-26 09:03:54,775 INFO Chu trinh - 3 - Lay du lieu chieu thuan
2021-06-26 09:03:54,775 INFO   Lay du lieu - Forward
2021-06-26 09:03:54,775 INFO       Lay du lieu dong dien
2021-06-26 09:03:54,775 INFO       Lay du lieu nhap luc
2021-06-26 09:03:54,775 INFO       Lay du lieu do rung
2021-06-26 09:03:54,775 INFO       Lay du lieu tieng on
2021-06-26 09:03:54,875 INFO Chu trinh - 3 - Lay du lieu chieu thuan
2021-06-26 09:03:54,915 INFO   Lay du lieu - Forward
2021-06-26 09:03:54,915 INFO       Lay du lieu dong dien
2021-06-26 09:03:54,915 INFO       Lay du lieu nhap luc
2021-06-26 09:03:54,915 INFO       Lay du lieu do rung
2021-06-26 09:03:54,915 INFO       Lay du lieu tieng on
2021-06-26 09:03:54,975 INFO Chu trinh - 3 - Lay du lieu chieu thuan
2021-06-26 09:03:54,995 INFO   Lay du lieu - Forward
2021-06-26 09:03:54,995 INFO       Lay du lieu dong dien
2021-06-26 09:03:54,995 INFO       Lay du lieu nhap luc
2021-06-26 09:03:54,995 INFO       Lay du lieu do rung
2021-06-26 09:03:54,995 INFO       Lay du lieu tieng on
2021-06-26 09:03:54,995 INFO       Ve do thi du lieu
2021-06-26 09:03:55,076 INFO Chu trinh - 3 - Lay du lieu chieu thuan
2021-06-26 09:03:55,089 INFO   Lay du lieu - Forward
2021-06-26 09:03:55,089 INFO       Lay du lieu dong dien
2021-06-26 09:03:55,089 INFO       Lay du lieu nhap luc
2021-06-26 09:03:55,089 INFO       Lay du lieu do rung
2021-06-26 09:03:55,089 INFO       Lay du lieu tieng on
2021-06-26 09:03:55,175 INFO Chu trinh - 3 - Lay du lieu chieu thuan
2021-06-26 09:03:55,205 INFO   Lay du lieu - Forward
2021-06-26 09:03:55,205 INFO       Lay du lieu dong dien
2021-06-26 09:03:55,205 INFO       Lay du lieu nhap luc
2021-06-26 09:03:55,205 INFO       Lay du lieu do rung
2021-06-26 09:03:55,205 INFO       Lay du lieu tieng on
2021-06-26 09:03:55,275 INFO Chu trinh - 3 - Lay du lieu chieu thuan
2021-06-26 09:03:55,285 INFO   Lay du lieu - Forward
2021-06-26 09:03:55,285 INFO       Lay du lieu dong dien
2021-06-26 09:03:55,285 INFO       Lay du lieu nhap luc
2021-06-26 09:03:55,285 INFO       Lay du lieu do rung
2021-06-26 09:03:55,285 INFO       Lay du lieu tieng on
2021-06-26 09:03:55,375 INFO Chu trinh - 3 - Lay du lieu chieu thuan
2021-06-26 09:03:55,375 INFO   Lay du lieu - Forward
2021-06-26 09:03:55,385 INFO       Lay du lieu dong dien
2021-06-26 09:03:55,385 INFO       Lay du lieu nhap luc
2021-06-26 09:03:55,385 INFO       Lay du lieu do rung
2021-06-26 09:03:55,385 INFO       Lay du lieu tieng on
2021-06-26 09:03:55,485 INFO Chu trinh - 3 - Lay du lieu chieu thuan
2021-06-26 09:03:55,515 INFO   Lay du lieu - Forward
2021-06-26 09:03:55,515 INFO       Lay du lieu dong dien
2021-06-26 09:03:55,515 INFO       Lay du lieu nhap luc
2021-06-26 09:03:55,515 INFO       Lay du lieu do rung
2021-06-26 09:03:55,515 INFO       Lay du lieu tieng on
2021-06-26 09:03:55,575 INFO Chu trinh - 3 - Lay du lieu chieu thuan
2021-06-26 09:03:55,595 INFO   Lay du lieu - Forward
2021-06-26 09:03:55,595 INFO       Lay du lieu dong dien
2021-06-26 09:03:55,595 INFO       Lay du lieu nhap luc
2021-06-26 09:03:55,595 INFO       Lay du lieu do rung
2021-06-26 09:03:55,595 INFO       Lay du lieu tieng on
2021-06-26 09:03:55,675 INFO Chu trinh - 3 - Lay du lieu chieu thuan
2021-06-26 09:03:55,685 INFO   Lay du lieu - Forward
2021-06-26 09:03:55,685 INFO       Lay du lieu dong dien
2021-06-26 09:03:55,685 INFO       Lay du lieu nhap luc
2021-06-26 09:03:55,685 INFO       Lay du lieu do rung
2021-06-26 09:03:55,685 INFO       Lay du lieu tieng on
2021-06-26 09:03:55,785 INFO Chu trinh - 3 - Lay du lieu chieu thuan
2021-06-26 09:03:55,785 INFO   Lay du lieu - Forward
2021-06-26 09:03:55,785 INFO       Lay du lieu dong dien
2021-06-26 09:03:55,785 INFO       Lay du lieu nhap luc
2021-06-26 09:03:55,785 INFO       Lay du lieu do rung
2021-06-26 09:03:55,785 INFO       Lay du lieu tieng on
2021-06-26 09:03:56,055 INFO Chu trinh - 3 - Lay du lieu chieu thuan
2021-06-26 09:03:56,084 INFO   Lay du lieu - Forward
2021-06-26 09:03:56,084 INFO       Lay du lieu dong dien
2021-06-26 09:03:56,084 INFO       Lay du lieu nhap luc
2021-06-26 09:03:56,084 INFO       Lay du lieu do rung
2021-06-26 09:03:56,084 INFO       Lay du lieu tieng on
2021-06-26 09:03:56,084 ERROR Thoi gian chu trinh vuot qua 100ms
2021-06-26 09:03:56,104 INFO Chu trinh - 3 - Lay du lieu chieu thuan
2021-06-26 09:03:56,134 INFO   Lay du lieu - Forward
2021-06-26 09:03:56,134 INFO       Lay du lieu dong dien
2021-06-26 09:03:56,134 INFO       Lay du lieu nhap luc
2021-06-26 09:03:56,134 INFO       Lay du lieu do rung
2021-06-26 09:03:56,134 INFO       Lay du lieu tieng on
2021-06-26 09:03:56,134 INFO       Ve do thi du lieu
2021-06-26 09:03:56,194 INFO Chu trinh - 3 - Lay du lieu chieu thuan
2021-06-26 09:03:56,225 INFO   Lay du lieu - Forward
2021-06-26 09:03:56,225 INFO       Lay du lieu dong dien
2021-06-26 09:03:56,225 INFO       Lay du lieu nhap luc
2021-06-26 09:03:56,225 INFO       Lay du lieu do rung
2021-06-26 09:03:56,225 INFO       Lay du lieu tieng on
2021-06-26 09:03:56,304 INFO Chu trinh - 3 - Lay du lieu chieu thuan
2021-06-26 09:03:56,304 INFO   Lay du lieu - Forward
2021-06-26 09:03:56,304 INFO       Lay du lieu dong dien
2021-06-26 09:03:56,304 INFO       Lay du lieu nhap luc
2021-06-26 09:03:56,304 INFO       Lay du lieu do rung
2021-06-26 09:03:56,304 INFO       Lay du lieu tieng on
2021-06-26 09:03:56,404 INFO Chu trinh - 3 - Lay du lieu chieu thuan
2021-06-26 09:03:56,414 INFO   Lay du lieu - Forward
2021-06-26 09:03:56,414 INFO       Lay du lieu dong dien
2021-06-26 09:03:56,414 INFO       Lay du lieu nhap luc
2021-06-26 09:03:56,414 INFO       Lay du lieu do rung
2021-06-26 09:03:56,414 INFO       Lay du lieu tieng on
2021-06-26 09:03:56,504 INFO Chu trinh - 3 - Lay du lieu chieu thuan
2021-06-26 09:03:56,524 INFO   Lay du lieu - Forward
2021-06-26 09:03:56,524 INFO       Lay du lieu dong dien
2021-06-26 09:03:56,524 INFO       Lay du lieu nhap luc
2021-06-26 09:03:56,524 INFO       Lay du lieu do rung
2021-06-26 09:03:56,524 INFO       Lay du lieu tieng on
2021-06-26 09:03:56,604 INFO Chu trinh - 3 - Lay du lieu chieu thuan
2021-06-26 09:03:56,629 INFO   Lay du lieu - Forward
2021-06-26 09:03:56,629 INFO       Lay du lieu dong dien
2021-06-26 09:03:56,629 INFO       Lay du lieu nhap luc
2021-06-26 09:03:56,629 INFO       Lay du lieu do rung
2021-06-26 09:03:56,629 INFO       Lay du lieu tieng on
2021-06-26 09:03:56,704 INFO Chu trinh - 3 - Lay du lieu chieu thuan
2021-06-26 09:03:56,734 INFO   Lay du lieu - Forward
2021-06-26 09:03:56,734 INFO       Lay du lieu dong dien
2021-06-26 09:03:56,734 INFO       Lay du lieu nhap luc
2021-06-26 09:03:56,734 INFO       Lay du lieu do rung
2021-06-26 09:03:56,734 INFO       Lay du lieu tieng on
2021-06-26 09:03:56,804 INFO Chu trinh - 3 - Lay du lieu chieu thuan
2021-06-26 09:03:56,804 INFO   Lay du lieu - Forward
2021-06-26 09:03:56,804 INFO       Lay du lieu dong dien
2021-06-26 09:03:56,804 INFO       Lay du lieu nhap luc
2021-06-26 09:03:56,804 INFO       Lay du lieu do rung
2021-06-26 09:03:56,804 INFO       Lay du lieu tieng on
2021-06-26 09:03:56,904 INFO Chu trinh - 3 - Lay du lieu chieu thuan
2021-06-26 09:03:56,904 INFO   Lay du lieu - Forward
2021-06-26 09:03:56,904 INFO       Lay du lieu dong dien
2021-06-26 09:03:56,904 INFO       Lay du lieu nhap luc
2021-06-26 09:03:56,904 INFO       Lay du lieu do rung
2021-06-26 09:03:56,904 INFO       Lay du lieu tieng on
2021-06-26 09:03:57,004 INFO Chu trinh - 3 - Lay du lieu chieu thuan
2021-06-26 09:03:57,034 INFO   Lay du lieu - Forward
2021-06-26 09:03:57,034 INFO       Lay du lieu dong dien
2021-06-26 09:03:57,034 INFO       Lay du lieu nhap luc
2021-06-26 09:03:57,034 INFO       Lay du lieu do rung
2021-06-26 09:03:57,034 INFO       Lay du lieu tieng on
2021-06-26 09:03:57,104 INFO Chu trinh - 3 - Lay du lieu chieu thuan
2021-06-26 09:03:57,134 INFO   Lay du lieu - Forward
2021-06-26 09:03:57,134 INFO       Lay du lieu dong dien
2021-06-26 09:03:57,134 INFO       Lay du lieu nhap luc
2021-06-26 09:03:57,134 INFO       Lay du lieu do rung
2021-06-26 09:03:57,134 INFO       Lay du lieu tieng on
2021-06-26 09:03:57,134 INFO       Ve do thi du lieu
2021-06-26 09:03:57,203 INFO Chu trinh - 3 - Lay du lieu chieu thuan
2021-06-26 09:03:57,234 INFO   Lay du lieu - Forward
2021-06-26 09:03:57,234 INFO       Lay du lieu dong dien
2021-06-26 09:03:57,234 INFO       Lay du lieu nhap luc
2021-06-26 09:03:57,234 INFO       Lay du lieu do rung
2021-06-26 09:03:57,234 INFO       Lay du lieu tieng on
2021-06-26 09:03:57,314 INFO Chu trinh - 3 - Lay du lieu chieu thuan
2021-06-26 09:03:57,349 INFO   Lay du lieu - Forward
2021-06-26 09:03:57,349 INFO       Lay du lieu dong dien
2021-06-26 09:03:57,349 INFO       Lay du lieu nhap luc
2021-06-26 09:03:57,349 INFO       Lay du lieu do rung
2021-06-26 09:03:57,349 INFO       Lay du lieu tieng on
2021-06-26 09:03:57,404 INFO Chu trinh - 3 - Lay du lieu chieu thuan
2021-06-26 09:03:57,404 INFO   Lay du lieu - Forward
2021-06-26 09:03:57,404 INFO       Lay du lieu dong dien
2021-06-26 09:03:57,404 INFO       Lay du lieu nhap luc
2021-06-26 09:03:57,404 INFO       Lay du lieu do rung
2021-06-26 09:03:57,404 INFO       Lay du lieu tieng on
2021-06-26 09:03:57,514 INFO Chu trinh - 3 - Lay du lieu chieu thuan
2021-06-26 09:03:57,524 INFO   Lay du lieu - Forward
2021-06-26 09:03:57,524 INFO       Lay du lieu dong dien
2021-06-26 09:03:57,524 INFO       Lay du lieu nhap luc
2021-06-26 09:03:57,524 INFO       Lay du lieu do rung
2021-06-26 09:03:57,524 INFO       Lay du lieu tieng on
2021-06-26 09:03:57,604 INFO Chu trinh - 3 - Lay du lieu chieu thuan
2021-06-26 09:03:57,634 INFO   Lay du lieu - Forward
2021-06-26 09:03:57,634 INFO       Lay du lieu dong dien
2021-06-26 09:03:57,634 INFO       Lay du lieu nhap luc
2021-06-26 09:03:57,634 INFO       Lay du lieu do rung
2021-06-26 09:03:57,634 INFO       Lay du lieu tieng on
2021-06-26 09:03:57,704 INFO Chu trinh - 3 - Lay du lieu chieu thuan
2021-06-26 09:03:57,714 INFO   Lay du lieu - Forward
2021-06-26 09:03:57,714 INFO       Lay du lieu dong dien
2021-06-26 09:03:57,714 INFO       Lay du lieu nhap luc
2021-06-26 09:03:57,714 INFO       Lay du lieu do rung
2021-06-26 09:03:57,714 INFO       Lay du lieu tieng on
2021-06-26 09:03:57,804 INFO Chu trinh - 3 - Lay du lieu chieu thuan
2021-06-26 09:03:57,804 INFO   Lay du lieu - Forward
2021-06-26 09:03:57,804 INFO       Lay du lieu dong dien
2021-06-26 09:03:57,804 INFO       Lay du lieu nhap luc
2021-06-26 09:03:57,804 INFO       Lay du lieu do rung
2021-06-26 09:03:57,804 INFO       Lay du lieu tieng on
2021-06-26 09:03:57,903 INFO Chu trinh - 3 - Lay du lieu chieu thuan
2021-06-26 09:03:57,934 INFO   Lay du lieu - Forward
2021-06-26 09:03:57,934 INFO       Lay du lieu dong dien
2021-06-26 09:03:57,934 INFO       Lay du lieu nhap luc
2021-06-26 09:03:57,934 INFO       Lay du lieu do rung
2021-06-26 09:03:57,934 INFO       Lay du lieu tieng on
2021-06-26 09:03:58,003 INFO Chu trinh - 3 - Lay du lieu chieu thuan
2021-06-26 09:03:58,033 INFO   Lay du lieu - Forward
2021-06-26 09:03:58,033 INFO       Lay du lieu dong dien
2021-06-26 09:03:58,033 INFO       Lay du lieu nhap luc
2021-06-26 09:03:58,033 INFO       Lay du lieu do rung
2021-06-26 09:03:58,033 INFO       Lay du lieu tieng on
2021-06-26 09:03:58,103 INFO Chu trinh - 3 - Lay du lieu chieu thuan
2021-06-26 09:03:58,103 INFO   Lay du lieu - Forward
2021-06-26 09:03:58,103 INFO       Lay du lieu dong dien
2021-06-26 09:03:58,103 INFO       Lay du lieu nhap luc
2021-06-26 09:03:58,103 INFO       Lay du lieu do rung
2021-06-26 09:03:58,103 INFO       Lay du lieu tieng on
2021-06-26 09:03:58,103 INFO       Ve do thi du lieu
2021-06-26 09:03:58,203 INFO Chu trinh - 3 - Lay du lieu chieu thuan
2021-06-26 09:03:58,213 INFO   Lay du lieu - Forward
2021-06-26 09:03:58,213 INFO       Lay du lieu dong dien
2021-06-26 09:03:58,213 INFO       Lay du lieu nhap luc
2021-06-26 09:03:58,213 INFO       Lay du lieu do rung
2021-06-26 09:03:58,213 INFO       Lay du lieu tieng on
2021-06-26 09:03:58,304 INFO Chu trinh - 3 - Lay du lieu chieu thuan
2021-06-26 09:03:58,333 INFO   Lay du lieu - Forward
2021-06-26 09:03:58,333 INFO       Lay du lieu dong dien
2021-06-26 09:03:58,333 INFO       Lay du lieu nhap luc
2021-06-26 09:03:58,333 INFO       Lay du lieu do rung
2021-06-26 09:03:58,333 INFO       Lay du lieu tieng on
2021-06-26 09:03:58,403 INFO Chu trinh - 3 - Lay du lieu chieu thuan
2021-06-26 09:03:58,403 INFO   Lay du lieu - Forward
2021-06-26 09:03:58,403 INFO       Lay du lieu dong dien
2021-06-26 09:03:58,403 INFO       Lay du lieu nhap luc
2021-06-26 09:03:58,403 INFO       Lay du lieu do rung
2021-06-26 09:03:58,403 INFO       Lay du lieu tieng on
2021-06-26 09:03:58,543 INFO Chu trinh - 3 - Lay du lieu chieu thuan
2021-06-26 09:03:58,555 INFO   Lay du lieu - Forward
2021-06-26 09:03:58,555 INFO       Lay du lieu dong dien
2021-06-26 09:03:58,555 INFO       Lay du lieu nhap luc
2021-06-26 09:03:58,555 INFO       Lay du lieu do rung
2021-06-26 09:03:58,555 INFO       Lay du lieu tieng on
2021-06-26 09:03:58,604 INFO Chu trinh - 3 - Lay du lieu chieu thuan
2021-06-26 09:03:58,613 INFO   Lay du lieu - Forward
2021-06-26 09:03:58,613 INFO       Lay du lieu dong dien
2021-06-26 09:03:58,613 INFO       Lay du lieu nhap luc
2021-06-26 09:03:58,613 INFO       Lay du lieu do rung
2021-06-26 09:03:58,613 INFO       Lay du lieu tieng on
2021-06-26 09:03:58,703 INFO Chu trinh - 3 - Lay du lieu chieu thuan
2021-06-26 09:03:58,713 INFO   Lay du lieu - Forward
2021-06-26 09:03:58,713 INFO       Lay du lieu dong dien
2021-06-26 09:03:58,713 INFO       Lay du lieu nhap luc
2021-06-26 09:03:58,713 INFO       Lay du lieu do rung
2021-06-26 09:03:58,713 INFO       Lay du lieu tieng on
2021-06-26 09:03:58,803 INFO Chu trinh - 3 - Lay du lieu chieu thuan
2021-06-26 09:03:58,833 INFO   Lay du lieu - Forward
2021-06-26 09:03:58,833 INFO       Lay du lieu dong dien
2021-06-26 09:03:58,833 INFO       Lay du lieu nhap luc
2021-06-26 09:03:58,833 INFO       Lay du lieu do rung
2021-06-26 09:03:58,833 INFO       Lay du lieu tieng on
2021-06-26 09:03:58,903 INFO Chu trinh - 3 - Lay du lieu chieu thuan
2021-06-26 09:03:58,913 INFO   Lay du lieu - Forward
2021-06-26 09:03:58,913 INFO       Lay du lieu dong dien
2021-06-26 09:03:58,913 INFO       Lay du lieu nhap luc
2021-06-26 09:03:58,913 INFO       Lay du lieu do rung
2021-06-26 09:03:58,913 INFO       Lay du lieu tieng on
2021-06-26 09:03:59,003 INFO Chu trinh - 3 - Lay du lieu chieu thuan
2021-06-26 09:03:59,003 INFO   Lay du lieu - Forward
2021-06-26 09:03:59,003 INFO       Lay du lieu dong dien
2021-06-26 09:03:59,003 INFO       Lay du lieu nhap luc
2021-06-26 09:03:59,003 INFO       Lay du lieu do rung
2021-06-26 09:03:59,003 INFO       Lay du lieu tieng on
2021-06-26 09:03:59,103 INFO Chu trinh - 3 - Lay du lieu chieu thuan
2021-06-26 09:03:59,133 INFO   Lay du lieu - Forward
2021-06-26 09:03:59,133 INFO       Lay du lieu dong dien
2021-06-26 09:03:59,133 INFO       Lay du lieu nhap luc
2021-06-26 09:03:59,133 INFO       Lay du lieu do rung
2021-06-26 09:03:59,133 INFO       Lay du lieu tieng on
2021-06-26 09:03:59,133 INFO       Ve do thi du lieu
2021-06-26 09:03:59,199 INFO Chu trinh - 3 - Lay du lieu chieu thuan
2021-06-26 09:03:59,204 INFO   Lay du lieu - Forward
2021-06-26 09:03:59,204 INFO       Lay du lieu dong dien
2021-06-26 09:03:59,204 INFO       Lay du lieu nhap luc
2021-06-26 09:03:59,204 INFO       Lay du lieu do rung
2021-06-26 09:03:59,204 INFO       Lay du lieu tieng on
2021-06-26 09:03:59,303 INFO Chu trinh - 3 - Lay du lieu chieu thuan
2021-06-26 09:03:59,303 INFO   Lay du lieu - Forward
2021-06-26 09:03:59,303 INFO       Lay du lieu dong dien
2021-06-26 09:03:59,303 INFO       Lay du lieu nhap luc
2021-06-26 09:03:59,303 INFO       Lay du lieu do rung
2021-06-26 09:03:59,303 INFO       Lay du lieu tieng on
2021-06-26 09:03:59,413 INFO Chu trinh - 3 - Lay du lieu chieu thuan
2021-06-26 09:03:59,422 INFO   Lay du lieu - Forward
2021-06-26 09:03:59,422 INFO       Lay du lieu dong dien
2021-06-26 09:03:59,422 INFO       Lay du lieu nhap luc
2021-06-26 09:03:59,422 INFO       Lay du lieu do rung
2021-06-26 09:03:59,422 INFO       Lay du lieu tieng on
2021-06-26 09:03:59,503 INFO Chu trinh - 3 - Lay du lieu chieu thuan
2021-06-26 09:03:59,533 INFO   Lay du lieu - Forward
2021-06-26 09:03:59,533 INFO       Lay du lieu dong dien
2021-06-26 09:03:59,533 INFO       Lay du lieu nhap luc
2021-06-26 09:03:59,533 INFO       Lay du lieu do rung
2021-06-26 09:03:59,533 INFO       Lay du lieu tieng on
2021-06-26 09:03:59,603 INFO Chu trinh - 3 - Lay du lieu chieu thuan
2021-06-26 09:03:59,603 INFO   Lay du lieu - Forward
2021-06-26 09:03:59,603 INFO       Lay du lieu dong dien
2021-06-26 09:03:59,603 INFO       Lay du lieu nhap luc
2021-06-26 09:03:59,603 INFO       Lay du lieu do rung
2021-06-26 09:03:59,603 INFO       Lay du lieu tieng on
2021-06-26 09:03:59,702 INFO Chu trinh - 3 - Lay du lieu chieu thuan
2021-06-26 09:03:59,712 INFO   Lay du lieu - Forward
2021-06-26 09:03:59,712 INFO       Lay du lieu dong dien
2021-06-26 09:03:59,712 INFO       Lay du lieu nhap luc
2021-06-26 09:03:59,712 INFO       Lay du lieu do rung
2021-06-26 09:03:59,712 INFO       Lay du lieu tieng on
2021-06-26 09:03:59,823 INFO Chu trinh - 3 - Lay du lieu chieu thuan
2021-06-26 09:03:59,842 INFO   Lay du lieu - Forward
2021-06-26 09:03:59,842 INFO       Lay du lieu dong dien
2021-06-26 09:03:59,842 INFO       Lay du lieu nhap luc
2021-06-26 09:03:59,842 INFO       Lay du lieu do rung
2021-06-26 09:03:59,842 INFO       Lay du lieu tieng on
2021-06-26 09:03:59,902 INFO Chu trinh - 3 - Lay du lieu chieu thuan
2021-06-26 09:03:59,902 INFO   Lay du lieu - Forward
2021-06-26 09:03:59,902 INFO       Lay du lieu dong dien
2021-06-26 09:03:59,902 INFO       Lay du lieu nhap luc
2021-06-26 09:03:59,902 INFO       Lay du lieu do rung
2021-06-26 09:03:59,902 INFO       Lay du lieu tieng on
2021-06-26 09:04:00,003 INFO Chu trinh - 3 - Lay du lieu chieu thuan
2021-06-26 09:04:00,003 INFO   Lay du lieu - Forward
2021-06-26 09:04:00,003 INFO       Lay du lieu dong dien
2021-06-26 09:04:00,003 INFO       Lay du lieu nhap luc
2021-06-26 09:04:00,003 INFO       Lay du lieu do rung
2021-06-26 09:04:00,003 INFO       Lay du lieu tieng on
2021-06-26 09:04:00,102 INFO Chu trinh - 3 - Lay du lieu chieu thuan
2021-06-26 09:04:00,112 INFO   Lay du lieu - Forward
2021-06-26 09:04:00,112 INFO       Lay du lieu dong dien
2021-06-26 09:04:00,112 INFO       Lay du lieu nhap luc
2021-06-26 09:04:00,112 INFO       Lay du lieu do rung
2021-06-26 09:04:00,112 INFO       Lay du lieu tieng on
2021-06-26 09:04:00,112 INFO       Ve do thi du lieu
2021-06-26 09:04:00,202 INFO Chu trinh - 3 - Lay du lieu chieu thuan
2021-06-26 09:04:00,222 INFO   Lay du lieu - Forward
2021-06-26 09:04:00,222 INFO       Lay du lieu dong dien
2021-06-26 09:04:00,222 INFO       Lay du lieu nhap luc
2021-06-26 09:04:00,222 INFO       Lay du lieu do rung
2021-06-26 09:04:00,222 INFO       Lay du lieu tieng on
2021-06-26 09:04:00,521 ERROR Thoi gian chu trinh vuot qua 100ms
2021-06-26 09:04:00,521 INFO Chu trinh - 9 - Ghi du lieu am thanh chieu thuan
2021-06-26 09:04:00,552 INFO Chu trinh - 11 - Doi du lieu bat dau chieu nghich
2021-06-26 09:04:08,888 ERROR Thoi gian chu trinh vuot qua 100ms
2021-06-26 09:04:08,898 INFO Chu trinh - 13 - Lay du lieu chieu nghich
2021-06-26 09:04:08,898 INFO   Lay du lieu - Backward
2021-06-26 09:04:08,898 INFO       Lay du lieu dong dien
2021-06-26 09:04:08,898 INFO       Lay du lieu nhap luc
2021-06-26 09:04:08,898 INFO       Lay du lieu do rung
2021-06-26 09:04:08,898 INFO       Lay du lieu tieng on
2021-06-26 09:04:08,898 INFO       Ve do thi du lieu
2021-06-26 09:04:09,038 INFO Chu trinh - 13 - Lay du lieu chieu nghich
2021-06-26 09:04:09,038 INFO   Lay du lieu - Backward
2021-06-26 09:04:09,038 INFO       Lay du lieu dong dien
2021-06-26 09:04:09,038 INFO       Lay du lieu nhap luc
2021-06-26 09:04:09,038 INFO       Lay du lieu do rung
2021-06-26 09:04:09,038 INFO       Lay du lieu tieng on
2021-06-26 09:04:09,118 INFO Chu trinh - 13 - Lay du lieu chieu nghich
2021-06-26 09:04:09,118 INFO   Lay du lieu - Backward
2021-06-26 09:04:09,118 INFO       Lay du lieu dong dien
2021-06-26 09:04:09,118 INFO       Lay du lieu nhap luc
2021-06-26 09:04:09,118 INFO       Lay du lieu do rung
2021-06-26 09:04:09,118 INFO       Lay du lieu tieng on
2021-06-26 09:04:09,213 INFO Chu trinh - 13 - Lay du lieu chieu nghich
2021-06-26 09:04:09,213 INFO   Lay du lieu - Backward
2021-06-26 09:04:09,213 INFO       Lay du lieu dong dien
2021-06-26 09:04:09,213 INFO       Lay du lieu nhap luc
2021-06-26 09:04:09,213 INFO       Lay du lieu do rung
2021-06-26 09:04:09,213 INFO       Lay du lieu tieng on
2021-06-26 09:04:09,323 INFO Chu trinh - 13 - Lay du lieu chieu nghich
2021-06-26 09:04:09,323 INFO   Lay du lieu - Backward
2021-06-26 09:04:09,323 INFO       Lay du lieu dong dien
2021-06-26 09:04:09,323 INFO       Lay du lieu nhap luc
2021-06-26 09:04:09,323 INFO       Lay du lieu do rung
2021-06-26 09:04:09,323 INFO       Lay du lieu tieng on
2021-06-26 09:04:09,447 INFO Chu trinh - 13 - Lay du lieu chieu nghich
2021-06-26 09:04:09,447 INFO   Lay du lieu - Backward
2021-06-26 09:04:09,447 INFO       Lay du lieu dong dien
2021-06-26 09:04:09,447 INFO       Lay du lieu nhap luc
2021-06-26 09:04:09,447 INFO       Lay du lieu do rung
2021-06-26 09:04:09,447 INFO       Lay du lieu tieng on
2021-06-26 09:04:09,547 INFO Chu trinh - 13 - Lay du lieu chieu nghich
2021-06-26 09:04:09,547 INFO   Lay du lieu - Backward
2021-06-26 09:04:09,547 INFO       Lay du lieu dong dien
2021-06-26 09:04:09,547 INFO       Lay du lieu nhap luc
2021-06-26 09:04:09,547 INFO       Lay du lieu do rung
2021-06-26 09:04:09,547 INFO       Lay du lieu tieng on
2021-06-26 09:04:09,627 INFO Chu trinh - 13 - Lay du lieu chieu nghich
2021-06-26 09:04:09,627 INFO   Lay du lieu - Backward
2021-06-26 09:04:09,627 INFO       Lay du lieu dong dien
2021-06-26 09:04:09,627 INFO       Lay du lieu nhap luc
2021-06-26 09:04:09,627 INFO       Lay du lieu do rung
2021-06-26 09:04:09,627 INFO       Lay du lieu tieng on
2021-06-26 09:04:09,727 INFO Chu trinh - 13 - Lay du lieu chieu nghich
2021-06-26 09:04:09,727 INFO   Lay du lieu - Backward
2021-06-26 09:04:09,727 INFO       Lay du lieu dong dien
2021-06-26 09:04:09,727 INFO       Lay du lieu nhap luc
2021-06-26 09:04:09,727 INFO       Lay du lieu do rung
2021-06-26 09:04:09,727 INFO       Lay du lieu tieng on
2021-06-26 09:04:09,727 INFO       Ve do thi du lieu
2021-06-26 09:04:09,847 INFO Chu trinh - 13 - Lay du lieu chieu nghich
2021-06-26 09:04:09,847 INFO   Lay du lieu - Backward
2021-06-26 09:04:09,847 INFO       Lay du lieu dong dien
2021-06-26 09:04:09,847 INFO       Lay du lieu nhap luc
2021-06-26 09:04:09,847 INFO       Lay du lieu do rung
2021-06-26 09:04:09,847 INFO       Lay du lieu tieng on
2021-06-26 09:04:09,937 INFO Chu trinh - 13 - Lay du lieu chieu nghich
2021-06-26 09:04:09,937 INFO   Lay du lieu - Backward
2021-06-26 09:04:09,937 INFO       Lay du lieu dong dien
2021-06-26 09:04:09,937 INFO       Lay du lieu nhap luc
2021-06-26 09:04:09,937 INFO       Lay du lieu do rung
2021-06-26 09:04:09,937 INFO       Lay du lieu tieng on
2021-06-26 09:04:10,026 INFO Chu trinh - 13 - Lay du lieu chieu nghich
2021-06-26 09:04:10,026 INFO   Lay du lieu - Backward
2021-06-26 09:04:10,026 INFO       Lay du lieu dong dien
2021-06-26 09:04:10,026 INFO       Lay du lieu nhap luc
2021-06-26 09:04:10,026 INFO       Lay du lieu do rung
2021-06-26 09:04:10,026 INFO       Lay du lieu tieng on
2021-06-26 09:04:10,162 INFO Chu trinh - 13 - Lay du lieu chieu nghich
2021-06-26 09:04:10,162 INFO   Lay du lieu - Backward
2021-06-26 09:04:10,162 INFO       Lay du lieu dong dien
2021-06-26 09:04:10,162 INFO       Lay du lieu nhap luc
2021-06-26 09:04:10,162 INFO       Lay du lieu do rung
2021-06-26 09:04:10,162 INFO       Lay du lieu tieng on
2021-06-26 09:04:10,267 INFO Chu trinh - 13 - Lay du lieu chieu nghich
2021-06-26 09:04:10,267 INFO   Lay du lieu - Backward
2021-06-26 09:04:10,267 INFO       Lay du lieu dong dien
2021-06-26 09:04:10,267 INFO       Lay du lieu nhap luc
2021-06-26 09:04:10,267 INFO       Lay du lieu do rung
2021-06-26 09:04:10,267 INFO       Lay du lieu tieng on
2021-06-26 09:04:10,337 INFO Chu trinh - 13 - Lay du lieu chieu nghich
2021-06-26 09:04:10,337 INFO   Lay du lieu - Backward
2021-06-26 09:04:10,337 INFO       Lay du lieu dong dien
2021-06-26 09:04:10,337 INFO       Lay du lieu nhap luc
2021-06-26 09:04:10,337 INFO       Lay du lieu do rung
2021-06-26 09:04:10,337 INFO       Lay du lieu tieng on
2021-06-26 09:04:10,467 INFO Chu trinh - 13 - Lay du lieu chieu nghich
2021-06-26 09:04:10,467 INFO   Lay du lieu - Backward
2021-06-26 09:04:10,467 INFO       Lay du lieu dong dien
2021-06-26 09:04:10,467 INFO       Lay du lieu nhap luc
2021-06-26 09:04:10,467 INFO       Lay du lieu do rung
2021-06-26 09:04:10,467 INFO       Lay du lieu tieng on
2021-06-26 09:04:10,567 INFO Chu trinh - 13 - Lay du lieu chieu nghich
2021-06-26 09:04:10,567 INFO   Lay du lieu - Backward
2021-06-26 09:04:10,567 INFO       Lay du lieu dong dien
2021-06-26 09:04:10,567 INFO       Lay du lieu nhap luc
2021-06-26 09:04:10,567 INFO       Lay du lieu do rung
2021-06-26 09:04:10,567 INFO       Lay du lieu tieng on
2021-06-26 09:04:10,637 INFO Chu trinh - 13 - Lay du lieu chieu nghich
2021-06-26 09:04:10,637 INFO   Lay du lieu - Backward
2021-06-26 09:04:10,637 INFO       Lay du lieu dong dien
2021-06-26 09:04:10,637 INFO       Lay du lieu nhap luc
2021-06-26 09:04:10,637 INFO       Lay du lieu do rung
2021-06-26 09:04:10,637 INFO       Lay du lieu tieng on
2021-06-26 09:04:10,747 INFO Chu trinh - 13 - Lay du lieu chieu nghich
2021-06-26 09:04:10,747 INFO   Lay du lieu - Backward
2021-06-26 09:04:10,747 INFO       Lay du lieu dong dien
2021-06-26 09:04:10,747 INFO       Lay du lieu nhap luc
2021-06-26 09:04:10,747 INFO       Lay du lieu do rung
2021-06-26 09:04:10,747 INFO       Lay du lieu tieng on
2021-06-26 09:04:10,747 INFO       Ve do thi du lieu
2021-06-26 09:04:10,877 INFO Chu trinh - 13 - Lay du lieu chieu nghich
2021-06-26 09:04:10,877 INFO   Lay du lieu - Backward
2021-06-26 09:04:10,877 INFO       Lay du lieu dong dien
2021-06-26 09:04:10,877 INFO       Lay du lieu nhap luc
2021-06-26 09:04:10,877 INFO       Lay du lieu do rung
2021-06-26 09:04:10,877 INFO       Lay du lieu tieng on
2021-06-26 09:04:10,947 INFO Chu trinh - 13 - Lay du lieu chieu nghich
2021-06-26 09:04:10,947 INFO   Lay du lieu - Backward
2021-06-26 09:04:10,947 INFO       Lay du lieu dong dien
2021-06-26 09:04:10,947 INFO       Lay du lieu nhap luc
2021-06-26 09:04:10,947 INFO       Lay du lieu do rung
2021-06-26 09:04:10,947 INFO       Lay du lieu tieng on
2021-06-26 09:04:11,067 INFO Chu trinh - 13 - Lay du lieu chieu nghich
2021-06-26 09:04:11,067 INFO   Lay du lieu - Backward
2021-06-26 09:04:11,067 INFO       Lay du lieu dong dien
2021-06-26 09:04:11,067 INFO       Lay du lieu nhap luc
2021-06-26 09:04:11,067 INFO       Lay du lieu do rung
2021-06-26 09:04:11,067 INFO       Lay du lieu tieng on
2021-06-26 09:04:11,167 INFO Chu trinh - 13 - Lay du lieu chieu nghich
2021-06-26 09:04:11,167 INFO   Lay du lieu - Backward
2021-06-26 09:04:11,167 INFO       Lay du lieu dong dien
2021-06-26 09:04:11,167 INFO       Lay du lieu nhap luc
2021-06-26 09:04:11,167 INFO       Lay du lieu do rung
2021-06-26 09:04:11,167 INFO       Lay du lieu tieng on
2021-06-26 09:04:11,256 INFO Chu trinh - 13 - Lay du lieu chieu nghich
2021-06-26 09:04:11,256 INFO   Lay du lieu - Backward
2021-06-26 09:04:11,256 INFO       Lay du lieu dong dien
2021-06-26 09:04:11,256 INFO       Lay du lieu nhap luc
2021-06-26 09:04:11,256 INFO       Lay du lieu do rung
2021-06-26 09:04:11,256 INFO       Lay du lieu tieng on
2021-06-26 09:04:11,356 INFO Chu trinh - 13 - Lay du lieu chieu nghich
2021-06-26 09:04:11,356 INFO   Lay du lieu - Backward
2021-06-26 09:04:11,356 INFO       Lay du lieu dong dien
2021-06-26 09:04:11,356 INFO       Lay du lieu nhap luc
2021-06-26 09:04:11,356 INFO       Lay du lieu do rung
2021-06-26 09:04:11,356 INFO       Lay du lieu tieng on
2021-06-26 09:04:11,491 INFO Chu trinh - 13 - Lay du lieu chieu nghich
2021-06-26 09:04:11,491 INFO   Lay du lieu - Backward
2021-06-26 09:04:11,491 INFO       Lay du lieu dong dien
2021-06-26 09:04:11,491 INFO       Lay du lieu nhap luc
2021-06-26 09:04:11,491 INFO       Lay du lieu do rung
2021-06-26 09:04:11,491 INFO       Lay du lieu tieng on
2021-06-26 09:04:11,576 INFO Chu trinh - 13 - Lay du lieu chieu nghich
2021-06-26 09:04:11,576 INFO   Lay du lieu - Backward
2021-06-26 09:04:11,576 INFO       Lay du lieu dong dien
2021-06-26 09:04:11,576 INFO       Lay du lieu nhap luc
2021-06-26 09:04:11,576 INFO       Lay du lieu do rung
2021-06-26 09:04:11,576 INFO       Lay du lieu tieng on
2021-06-26 09:04:11,656 INFO Chu trinh - 13 - Lay du lieu chieu nghich
2021-06-26 09:04:11,656 INFO   Lay du lieu - Backward
2021-06-26 09:04:11,656 INFO       Lay du lieu dong dien
2021-06-26 09:04:11,656 INFO       Lay du lieu nhap luc
2021-06-26 09:04:11,656 INFO       Lay du lieu do rung
2021-06-26 09:04:11,656 INFO       Lay du lieu tieng on
2021-06-26 09:04:11,776 INFO Chu trinh - 13 - Lay du lieu chieu nghich
2021-06-26 09:04:11,776 INFO   Lay du lieu - Backward
2021-06-26 09:04:11,776 INFO       Lay du lieu dong dien
2021-06-26 09:04:11,776 INFO       Lay du lieu nhap luc
2021-06-26 09:04:11,776 INFO       Lay du lieu do rung
2021-06-26 09:04:11,776 INFO       Lay du lieu tieng on
2021-06-26 09:04:11,776 INFO       Ve do thi du lieu
2021-06-26 09:04:11,888 INFO Chu trinh - 13 - Lay du lieu chieu nghich
2021-06-26 09:04:11,888 INFO   Lay du lieu - Backward
2021-06-26 09:04:11,888 INFO       Lay du lieu dong dien
2021-06-26 09:04:11,888 INFO       Lay du lieu nhap luc
2021-06-26 09:04:11,888 INFO       Lay du lieu do rung
2021-06-26 09:04:11,888 INFO       Lay du lieu tieng on
2021-06-26 09:04:11,966 INFO Chu trinh - 13 - Lay du lieu chieu nghich
2021-06-26 09:04:11,966 INFO   Lay du lieu - Backward
2021-06-26 09:04:11,966 INFO       Lay du lieu dong dien
2021-06-26 09:04:11,966 INFO       Lay du lieu nhap luc
2021-06-26 09:04:11,966 INFO       Lay du lieu do rung
2021-06-26 09:04:11,966 INFO       Lay du lieu tieng on
2021-06-26 09:04:12,076 INFO Chu trinh - 13 - Lay du lieu chieu nghich
2021-06-26 09:04:12,076 INFO   Lay du lieu - Backward
2021-06-26 09:04:12,076 INFO       Lay du lieu dong dien
2021-06-26 09:04:12,076 INFO       Lay du lieu nhap luc
2021-06-26 09:04:12,076 INFO       Lay du lieu do rung
2021-06-26 09:04:12,076 INFO       Lay du lieu tieng on
2021-06-26 09:04:12,196 INFO Chu trinh - 13 - Lay du lieu chieu nghich
2021-06-26 09:04:12,196 INFO   Lay du lieu - Backward
2021-06-26 09:04:12,196 INFO       Lay du lieu dong dien
2021-06-26 09:04:12,196 INFO       Lay du lieu nhap luc
2021-06-26 09:04:12,196 INFO       Lay du lieu do rung
2021-06-26 09:04:12,196 INFO       Lay du lieu tieng on
2021-06-26 09:04:12,266 INFO Chu trinh - 13 - Lay du lieu chieu nghich
2021-06-26 09:04:12,266 INFO   Lay du lieu - Backward
2021-06-26 09:04:12,266 INFO       Lay du lieu dong dien
2021-06-26 09:04:12,266 INFO       Lay du lieu nhap luc
2021-06-26 09:04:12,266 INFO       Lay du lieu do rung
2021-06-26 09:04:12,266 INFO       Lay du lieu tieng on
2021-06-26 09:04:12,366 INFO Chu trinh - 13 - Lay du lieu chieu nghich
2021-06-26 09:04:12,366 INFO   Lay du lieu - Backward
2021-06-26 09:04:12,366 INFO       Lay du lieu dong dien
2021-06-26 09:04:12,366 INFO       Lay du lieu nhap luc
2021-06-26 09:04:12,366 INFO       Lay du lieu do rung
2021-06-26 09:04:12,366 INFO       Lay du lieu tieng on
2021-06-26 09:04:12,496 INFO Chu trinh - 13 - Lay du lieu chieu nghich
2021-06-26 09:04:12,496 INFO   Lay du lieu - Backward
2021-06-26 09:04:12,496 INFO       Lay du lieu dong dien
2021-06-26 09:04:12,496 INFO       Lay du lieu nhap luc
2021-06-26 09:04:12,496 INFO       Lay du lieu do rung
2021-06-26 09:04:12,496 INFO       Lay du lieu tieng on
2021-06-26 09:04:12,596 INFO Chu trinh - 13 - Lay du lieu chieu nghich
2021-06-26 09:04:12,596 INFO   Lay du lieu - Backward
2021-06-26 09:04:12,596 INFO       Lay du lieu dong dien
2021-06-26 09:04:12,596 INFO       Lay du lieu nhap luc
2021-06-26 09:04:12,596 INFO       Lay du lieu do rung
2021-06-26 09:04:12,596 INFO       Lay du lieu tieng on
2021-06-26 09:04:12,666 INFO Chu trinh - 13 - Lay du lieu chieu nghich
2021-06-26 09:04:12,666 INFO   Lay du lieu - Backward
2021-06-26 09:04:12,666 INFO       Lay du lieu dong dien
2021-06-26 09:04:12,666 INFO       Lay du lieu nhap luc
2021-06-26 09:04:12,666 INFO       Lay du lieu do rung
2021-06-26 09:04:12,666 INFO       Lay du lieu tieng on
2021-06-26 09:04:12,776 INFO Chu trinh - 13 - Lay du lieu chieu nghich
2021-06-26 09:04:12,776 INFO   Lay du lieu - Backward
2021-06-26 09:04:12,776 INFO       Lay du lieu dong dien
2021-06-26 09:04:12,776 INFO       Lay du lieu nhap luc
2021-06-26 09:04:12,776 INFO       Lay du lieu do rung
2021-06-26 09:04:12,776 INFO       Lay du lieu tieng on
2021-06-26 09:04:12,776 INFO       Ve do thi du lieu
2021-06-26 09:04:12,907 INFO Chu trinh - 13 - Lay du lieu chieu nghich
2021-06-26 09:04:12,907 INFO   Lay du lieu - Backward
2021-06-26 09:04:12,907 INFO       Lay du lieu dong dien
2021-06-26 09:04:12,907 INFO       Lay du lieu nhap luc
2021-06-26 09:04:12,907 INFO       Lay du lieu do rung
2021-06-26 09:04:12,907 INFO       Lay du lieu tieng on
2021-06-26 09:04:12,980 INFO Chu trinh - 13 - Lay du lieu chieu nghich
2021-06-26 09:04:12,980 INFO   Lay du lieu - Backward
2021-06-26 09:04:12,980 INFO       Lay du lieu dong dien
2021-06-26 09:04:12,980 INFO       Lay du lieu nhap luc
2021-06-26 09:04:12,980 INFO       Lay du lieu do rung
2021-06-26 09:04:12,980 INFO       Lay du lieu tieng on
2021-06-26 09:04:13,075 INFO Chu trinh - 13 - Lay du lieu chieu nghich
2021-06-26 09:04:13,075 INFO   Lay du lieu - Backward
2021-06-26 09:04:13,075 INFO       Lay du lieu dong dien
2021-06-26 09:04:13,075 INFO       Lay du lieu nhap luc
2021-06-26 09:04:13,075 INFO       Lay du lieu do rung
2021-06-26 09:04:13,075 INFO       Lay du lieu tieng on
2021-06-26 09:04:13,216 INFO Chu trinh - 13 - Lay du lieu chieu nghich
2021-06-26 09:04:13,216 INFO   Lay du lieu - Backward
2021-06-26 09:04:13,216 INFO       Lay du lieu dong dien
2021-06-26 09:04:13,216 INFO       Lay du lieu nhap luc
2021-06-26 09:04:13,216 INFO       Lay du lieu do rung
2021-06-26 09:04:13,216 INFO       Lay du lieu tieng on
2021-06-26 09:04:13,296 INFO Chu trinh - 13 - Lay du lieu chieu nghich
2021-06-26 09:04:13,296 INFO   Lay du lieu - Backward
2021-06-26 09:04:13,296 INFO       Lay du lieu dong dien
2021-06-26 09:04:13,296 INFO       Lay du lieu nhap luc
2021-06-26 09:04:13,305 INFO       Lay du lieu do rung
2021-06-26 09:04:13,305 INFO       Lay du lieu tieng on
2021-06-26 09:04:13,375 INFO Chu trinh - 13 - Lay du lieu chieu nghich
2021-06-26 09:04:13,375 INFO   Lay du lieu - Backward
2021-06-26 09:04:13,375 INFO       Lay du lieu dong dien
2021-06-26 09:04:13,375 INFO       Lay du lieu nhap luc
2021-06-26 09:04:13,375 INFO       Lay du lieu do rung
2021-06-26 09:04:13,375 INFO       Lay du lieu tieng on
2021-06-26 09:04:13,485 INFO Chu trinh - 13 - Lay du lieu chieu nghich
2021-06-26 09:04:13,485 INFO   Lay du lieu - Backward
2021-06-26 09:04:13,485 INFO       Lay du lieu dong dien
2021-06-26 09:04:13,485 INFO       Lay du lieu nhap luc
2021-06-26 09:04:13,485 INFO       Lay du lieu do rung
2021-06-26 09:04:13,485 INFO       Lay du lieu tieng on
2021-06-26 09:04:13,605 INFO Chu trinh - 13 - Lay du lieu chieu nghich
2021-06-26 09:04:13,605 INFO   Lay du lieu - Backward
2021-06-26 09:04:13,605 INFO       Lay du lieu dong dien
2021-06-26 09:04:13,605 INFO       Lay du lieu nhap luc
2021-06-26 09:04:13,605 INFO       Lay du lieu do rung
2021-06-26 09:04:13,605 INFO       Lay du lieu tieng on
2021-06-26 09:04:13,755 INFO Chu trinh - 13 - Lay du lieu chieu nghich
2021-06-26 09:04:13,755 INFO   Lay du lieu - Backward
2021-06-26 09:04:13,755 INFO       Lay du lieu dong dien
2021-06-26 09:04:13,755 INFO       Lay du lieu nhap luc
2021-06-26 09:04:13,755 INFO       Lay du lieu do rung
2021-06-26 09:04:13,755 INFO       Lay du lieu tieng on
2021-06-26 09:04:13,807 INFO Chu trinh - 13 - Lay du lieu chieu nghich
2021-06-26 09:04:13,807 INFO   Lay du lieu - Backward
2021-06-26 09:04:13,807 INFO       Lay du lieu dong dien
2021-06-26 09:04:13,807 INFO       Lay du lieu nhap luc
2021-06-26 09:04:13,807 INFO       Lay du lieu do rung
2021-06-26 09:04:13,807 INFO       Lay du lieu tieng on
2021-06-26 09:04:13,807 INFO       Ve do thi du lieu
2021-06-26 09:04:13,875 INFO Chu trinh - 13 - Lay du lieu chieu nghich
2021-06-26 09:04:13,875 INFO   Lay du lieu - Backward
2021-06-26 09:04:13,875 INFO       Lay du lieu dong dien
2021-06-26 09:04:13,875 INFO       Lay du lieu nhap luc
2021-06-26 09:04:13,875 INFO       Lay du lieu do rung
2021-06-26 09:04:13,875 INFO       Lay du lieu tieng on
2021-06-26 09:04:13,975 INFO Chu trinh - 13 - Lay du lieu chieu nghich
2021-06-26 09:04:13,975 INFO   Lay du lieu - Backward
2021-06-26 09:04:13,975 INFO       Lay du lieu dong dien
2021-06-26 09:04:13,975 INFO       Lay du lieu nhap luc
2021-06-26 09:04:13,975 INFO       Lay du lieu do rung
2021-06-26 09:04:13,975 INFO       Lay du lieu tieng on
2021-06-26 09:04:14,116 INFO Chu trinh - 13 - Lay du lieu chieu nghich
2021-06-26 09:04:14,116 INFO   Lay du lieu - Backward
2021-06-26 09:04:14,116 INFO       Lay du lieu dong dien
2021-06-26 09:04:14,116 INFO       Lay du lieu nhap luc
2021-06-26 09:04:14,116 INFO       Lay du lieu do rung
2021-06-26 09:04:14,116 INFO       Lay du lieu tieng on
2021-06-26 09:04:14,205 INFO Chu trinh - 13 - Lay du lieu chieu nghich
2021-06-26 09:04:14,205 INFO   Lay du lieu - Backward
2021-06-26 09:04:14,205 INFO       Lay du lieu dong dien
2021-06-26 09:04:14,205 INFO       Lay du lieu nhap luc
2021-06-26 09:04:14,205 INFO       Lay du lieu do rung
2021-06-26 09:04:14,205 INFO       Lay du lieu tieng on
2021-06-26 09:04:14,275 INFO Chu trinh - 13 - Lay du lieu chieu nghich
2021-06-26 09:04:14,275 INFO   Lay du lieu - Backward
2021-06-26 09:04:14,275 INFO       Lay du lieu dong dien
2021-06-26 09:04:14,275 INFO       Lay du lieu nhap luc
2021-06-26 09:04:14,275 INFO       Lay du lieu do rung
2021-06-26 09:04:14,275 INFO       Lay du lieu tieng on
2021-06-26 09:04:14,395 INFO Chu trinh - 13 - Lay du lieu chieu nghich
2021-06-26 09:04:14,395 INFO   Lay du lieu - Backward
2021-06-26 09:04:14,395 INFO       Lay du lieu dong dien
2021-06-26 09:04:14,395 INFO       Lay du lieu nhap luc
2021-06-26 09:04:14,395 INFO       Lay du lieu do rung
2021-06-26 09:04:14,395 INFO       Lay du lieu tieng on
2021-06-26 09:04:14,505 INFO Chu trinh - 13 - Lay du lieu chieu nghich
2021-06-26 09:04:14,505 INFO   Lay du lieu - Backward
2021-06-26 09:04:14,505 INFO       Lay du lieu dong dien
2021-06-26 09:04:14,505 INFO       Lay du lieu nhap luc
2021-06-26 09:04:14,505 INFO       Lay du lieu do rung
2021-06-26 09:04:14,505 INFO       Lay du lieu tieng on
2021-06-26 09:04:14,575 INFO Chu trinh - 13 - Lay du lieu chieu nghich
2021-06-26 09:04:14,575 INFO   Lay du lieu - Backward
2021-06-26 09:04:14,575 INFO       Lay du lieu dong dien
2021-06-26 09:04:14,575 INFO       Lay du lieu nhap luc
2021-06-26 09:04:14,575 INFO       Lay du lieu do rung
2021-06-26 09:04:14,575 INFO       Lay du lieu tieng on
2021-06-26 09:04:14,675 INFO Chu trinh - 13 - Lay du lieu chieu nghich
2021-06-26 09:04:14,685 INFO   Lay du lieu - Backward
2021-06-26 09:04:14,685 INFO       Lay du lieu dong dien
2021-06-26 09:04:14,685 INFO       Lay du lieu nhap luc
2021-06-26 09:04:14,685 INFO       Lay du lieu do rung
2021-06-26 09:04:14,685 INFO       Lay du lieu tieng on
2021-06-26 09:04:14,809 INFO Chu trinh - 13 - Lay du lieu chieu nghich
2021-06-26 09:04:14,809 INFO   Lay du lieu - Backward
2021-06-26 09:04:14,809 INFO       Lay du lieu dong dien
2021-06-26 09:04:14,809 INFO       Lay du lieu nhap luc
2021-06-26 09:04:14,809 INFO       Lay du lieu do rung
2021-06-26 09:04:14,809 INFO       Lay du lieu tieng on
2021-06-26 09:04:14,809 INFO       Ve do thi du lieu
2021-06-26 09:04:14,884 INFO Chu trinh - 13 - Lay du lieu chieu nghich
2021-06-26 09:04:14,884 INFO   Lay du lieu - Backward
2021-06-26 09:04:14,884 INFO       Lay du lieu dong dien
2021-06-26 09:04:14,884 INFO       Lay du lieu nhap luc
2021-06-26 09:04:14,884 INFO       Lay du lieu do rung
2021-06-26 09:04:14,884 INFO       Lay du lieu tieng on
2021-06-26 09:04:14,985 INFO Chu trinh - 13 - Lay du lieu chieu nghich
2021-06-26 09:04:14,985 INFO   Lay du lieu - Backward
2021-06-26 09:04:14,985 INFO       Lay du lieu dong dien
2021-06-26 09:04:14,985 INFO       Lay du lieu nhap luc
2021-06-26 09:04:14,985 INFO       Lay du lieu do rung
2021-06-26 09:04:14,985 INFO       Lay du lieu tieng on
2021-06-26 09:04:15,115 INFO Chu trinh - 13 - Lay du lieu chieu nghich
2021-06-26 09:04:15,115 INFO   Lay du lieu - Backward
2021-06-26 09:04:15,115 INFO       Lay du lieu dong dien
2021-06-26 09:04:15,115 INFO       Lay du lieu nhap luc
2021-06-26 09:04:15,115 INFO       Lay du lieu do rung
2021-06-26 09:04:15,115 INFO       Lay du lieu tieng on
2021-06-26 09:04:15,215 INFO Chu trinh - 13 - Lay du lieu chieu nghich
2021-06-26 09:04:15,215 INFO   Lay du lieu - Backward
2021-06-26 09:04:15,215 INFO       Lay du lieu dong dien
2021-06-26 09:04:15,215 INFO       Lay du lieu nhap luc
2021-06-26 09:04:15,215 INFO       Lay du lieu do rung
2021-06-26 09:04:15,215 INFO       Lay du lieu tieng on
2021-06-26 09:04:15,285 INFO Chu trinh - 13 - Lay du lieu chieu nghich
2021-06-26 09:04:15,285 INFO   Lay du lieu - Backward
2021-06-26 09:04:15,285 INFO       Lay du lieu dong dien
2021-06-26 09:04:15,285 INFO       Lay du lieu nhap luc
2021-06-26 09:04:15,285 INFO       Lay du lieu do rung
2021-06-26 09:04:15,285 INFO       Lay du lieu tieng on
2021-06-26 09:04:15,394 INFO Chu trinh - 13 - Lay du lieu chieu nghich
2021-06-26 09:04:15,394 INFO   Lay du lieu - Backward
2021-06-26 09:04:15,394 INFO       Lay du lieu dong dien
2021-06-26 09:04:15,394 INFO       Lay du lieu nhap luc
2021-06-26 09:04:15,394 INFO       Lay du lieu do rung
2021-06-26 09:04:15,394 INFO       Lay du lieu tieng on
2021-06-26 09:04:15,514 INFO Chu trinh - 13 - Lay du lieu chieu nghich
2021-06-26 09:04:15,514 INFO   Lay du lieu - Backward
2021-06-26 09:04:15,514 INFO       Lay du lieu dong dien
2021-06-26 09:04:15,514 INFO       Lay du lieu nhap luc
2021-06-26 09:04:15,514 INFO       Lay du lieu do rung
2021-06-26 09:04:15,514 INFO       Lay du lieu tieng on
2021-06-26 09:04:15,634 INFO Chu trinh - 13 - Lay du lieu chieu nghich
2021-06-26 09:04:15,634 INFO   Lay du lieu - Backward
2021-06-26 09:04:15,634 INFO       Lay du lieu dong dien
2021-06-26 09:04:15,634 INFO       Lay du lieu nhap luc
2021-06-26 09:04:15,634 INFO       Lay du lieu do rung
2021-06-26 09:04:15,634 INFO       Lay du lieu tieng on
2021-06-26 09:04:15,694 INFO Chu trinh - 13 - Lay du lieu chieu nghich
2021-06-26 09:04:15,694 INFO   Lay du lieu - Backward
2021-06-26 09:04:15,694 INFO       Lay du lieu dong dien
2021-06-26 09:04:15,694 INFO       Lay du lieu nhap luc
2021-06-26 09:04:15,694 INFO       Lay du lieu do rung
2021-06-26 09:04:15,694 INFO       Lay du lieu tieng on
2021-06-26 09:04:15,814 INFO Chu trinh - 13 - Lay du lieu chieu nghich
2021-06-26 09:04:15,814 INFO   Lay du lieu - Backward
2021-06-26 09:04:15,814 INFO       Lay du lieu dong dien
2021-06-26 09:04:15,814 INFO       Lay du lieu nhap luc
2021-06-26 09:04:15,814 INFO       Lay du lieu do rung
2021-06-26 09:04:15,814 INFO       Lay du lieu tieng on
2021-06-26 09:04:15,814 INFO       Ve do thi du lieu
2021-06-26 09:04:16,161 INFO Chu trinh - 13 - Lay du lieu chieu nghich
2021-06-26 09:04:16,161 INFO   Lay du lieu - Backward
2021-06-26 09:04:16,161 INFO       Lay du lieu dong dien
2021-06-26 09:04:16,161 INFO       Lay du lieu nhap luc
2021-06-26 09:04:16,161 INFO       Lay du lieu do rung
2021-06-26 09:04:16,161 INFO       Lay du lieu tieng on
2021-06-26 09:04:16,161 ERROR Thoi gian chu trinh vuot qua 100ms
2021-06-26 09:04:16,164 INFO Chu trinh - 13 - Lay du lieu chieu nghich
2021-06-26 09:04:16,164 INFO   Lay du lieu - Backward
2021-06-26 09:04:16,164 INFO       Lay du lieu dong dien
2021-06-26 09:04:16,164 INFO       Lay du lieu nhap luc
2021-06-26 09:04:16,164 INFO       Lay du lieu do rung
2021-06-26 09:04:16,164 INFO       Lay du lieu tieng on
2021-06-26 09:04:16,304 INFO Chu trinh - 13 - Lay du lieu chieu nghich
2021-06-26 09:04:16,304 INFO   Lay du lieu - Backward
2021-06-26 09:04:16,304 INFO       Lay du lieu dong dien
2021-06-26 09:04:16,304 INFO       Lay du lieu nhap luc
2021-06-26 09:04:16,304 INFO       Lay du lieu do rung
2021-06-26 09:04:16,304 INFO       Lay du lieu tieng on
2021-06-26 09:04:16,384 INFO Chu trinh - 13 - Lay du lieu chieu nghich
2021-06-26 09:04:16,384 INFO   Lay du lieu - Backward
2021-06-26 09:04:16,384 INFO       Lay du lieu dong dien
2021-06-26 09:04:16,384 INFO       Lay du lieu nhap luc
2021-06-26 09:04:16,384 INFO       Lay du lieu do rung
2021-06-26 09:04:16,384 INFO       Lay du lieu tieng on
2021-06-26 09:04:16,464 INFO Chu trinh - 13 - Lay du lieu chieu nghich
2021-06-26 09:04:16,464 INFO   Lay du lieu - Backward
2021-06-26 09:04:16,464 INFO       Lay du lieu dong dien
2021-06-26 09:04:16,464 INFO       Lay du lieu nhap luc
2021-06-26 09:04:16,464 INFO       Lay du lieu do rung
2021-06-26 09:04:16,464 INFO       Lay du lieu tieng on
2021-06-26 09:04:16,574 INFO Chu trinh - 13 - Lay du lieu chieu nghich
2021-06-26 09:04:16,574 INFO   Lay du lieu - Backward
2021-06-26 09:04:16,574 INFO       Lay du lieu dong dien
2021-06-26 09:04:16,574 INFO       Lay du lieu nhap luc
2021-06-26 09:04:16,574 INFO       Lay du lieu do rung
2021-06-26 09:04:16,574 INFO       Lay du lieu tieng on
2021-06-26 09:04:16,694 INFO Chu trinh - 13 - Lay du lieu chieu nghich
2021-06-26 09:04:16,694 INFO   Lay du lieu - Backward
2021-06-26 09:04:16,694 INFO       Lay du lieu dong dien
2021-06-26 09:04:16,694 INFO       Lay du lieu nhap luc
2021-06-26 09:04:16,694 INFO       Lay du lieu do rung
2021-06-26 09:04:16,694 INFO       Lay du lieu tieng on
2021-06-26 09:04:16,774 INFO Chu trinh - 13 - Lay du lieu chieu nghich
2021-06-26 09:04:16,774 INFO   Lay du lieu - Backward
2021-06-26 09:04:16,774 INFO       Lay du lieu dong dien
2021-06-26 09:04:16,774 INFO       Lay du lieu nhap luc
2021-06-26 09:04:16,774 INFO       Lay du lieu do rung
2021-06-26 09:04:16,774 INFO       Lay du lieu tieng on
2021-06-26 09:04:16,874 INFO Chu trinh - 13 - Lay du lieu chieu nghich
2021-06-26 09:04:16,874 INFO   Lay du lieu - Backward
2021-06-26 09:04:16,874 INFO       Lay du lieu dong dien
2021-06-26 09:04:16,874 INFO       Lay du lieu nhap luc
2021-06-26 09:04:16,874 INFO       Lay du lieu do rung
2021-06-26 09:04:16,874 INFO       Lay du lieu tieng on
2021-06-26 09:04:16,993 INFO Chu trinh - 13 - Lay du lieu chieu nghich
2021-06-26 09:04:16,993 INFO   Lay du lieu - Backward
2021-06-26 09:04:16,993 INFO       Lay du lieu dong dien
2021-06-26 09:04:16,993 INFO       Lay du lieu nhap luc
2021-06-26 09:04:16,993 INFO       Lay du lieu do rung
2021-06-26 09:04:16,993 INFO       Lay du lieu tieng on
2021-06-26 09:04:16,993 INFO       Ve do thi du lieu
2021-06-26 09:04:17,064 INFO Chu trinh - 13 - Lay du lieu chieu nghich
2021-06-26 09:04:17,064 INFO   Lay du lieu - Backward
2021-06-26 09:04:17,064 INFO       Lay du lieu dong dien
2021-06-26 09:04:17,064 INFO       Lay du lieu nhap luc
2021-06-26 09:04:17,064 INFO       Lay du lieu do rung
2021-06-26 09:04:17,064 INFO       Lay du lieu tieng on
2021-06-26 09:04:17,164 INFO Chu trinh - 13 - Lay du lieu chieu nghich
2021-06-26 09:04:17,164 INFO   Lay du lieu - Backward
2021-06-26 09:04:17,164 INFO       Lay du lieu dong dien
2021-06-26 09:04:17,164 INFO       Lay du lieu nhap luc
2021-06-26 09:04:17,164 INFO       Lay du lieu do rung
2021-06-26 09:04:17,164 INFO       Lay du lieu tieng on
2021-06-26 09:04:17,294 INFO Chu trinh - 13 - Lay du lieu chieu nghich
2021-06-26 09:04:17,294 INFO   Lay du lieu - Backward
2021-06-26 09:04:17,294 INFO       Lay du lieu dong dien
2021-06-26 09:04:17,294 INFO       Lay du lieu nhap luc
2021-06-26 09:04:17,294 INFO       Lay du lieu do rung
2021-06-26 09:04:17,294 INFO       Lay du lieu tieng on
2021-06-26 09:04:17,383 INFO Chu trinh - 13 - Lay du lieu chieu nghich
2021-06-26 09:04:17,383 INFO   Lay du lieu - Backward
2021-06-26 09:04:17,383 INFO       Lay du lieu dong dien
2021-06-26 09:04:17,383 INFO       Lay du lieu nhap luc
2021-06-26 09:04:17,383 INFO       Lay du lieu do rung
2021-06-26 09:04:17,383 INFO       Lay du lieu tieng on
2021-06-26 09:04:17,463 INFO Chu trinh - 13 - Lay du lieu chieu nghich
2021-06-26 09:04:17,463 INFO   Lay du lieu - Backward
2021-06-26 09:04:17,463 INFO       Lay du lieu dong dien
2021-06-26 09:04:17,463 INFO       Lay du lieu nhap luc
2021-06-26 09:04:17,463 INFO       Lay du lieu do rung
2021-06-26 09:04:17,463 INFO       Lay du lieu tieng on
2021-06-26 09:04:17,623 INFO Chu trinh - 13 - Lay du lieu chieu nghich
2021-06-26 09:04:17,623 INFO   Lay du lieu - Backward
2021-06-26 09:04:17,623 INFO       Lay du lieu dong dien
2021-06-26 09:04:17,623 INFO       Lay du lieu nhap luc
2021-06-26 09:04:17,623 INFO       Lay du lieu do rung
2021-06-26 09:04:17,623 INFO       Lay du lieu tieng on
2021-06-26 09:04:17,677 INFO Chu trinh - 13 - Lay du lieu chieu nghich
2021-06-26 09:04:17,677 INFO   Lay du lieu - Backward
2021-06-26 09:04:17,677 INFO       Lay du lieu dong dien
2021-06-26 09:04:17,677 INFO       Lay du lieu nhap luc
2021-06-26 09:04:17,677 INFO       Lay du lieu do rung
2021-06-26 09:04:17,677 INFO       Lay du lieu tieng on
2021-06-26 09:04:17,778 INFO Chu trinh - 13 - Lay du lieu chieu nghich
2021-06-26 09:04:17,778 INFO   Lay du lieu - Backward
2021-06-26 09:04:17,778 INFO       Lay du lieu dong dien
2021-06-26 09:04:17,778 INFO       Lay du lieu nhap luc
2021-06-26 09:04:17,778 INFO       Lay du lieu do rung
2021-06-26 09:04:17,778 INFO       Lay du lieu tieng on
2021-06-26 09:04:17,903 INFO Chu trinh - 13 - Lay du lieu chieu nghich
2021-06-26 09:04:17,903 INFO   Lay du lieu - Backward
2021-06-26 09:04:17,903 INFO       Lay du lieu dong dien
2021-06-26 09:04:17,903 INFO       Lay du lieu nhap luc
2021-06-26 09:04:17,903 INFO       Lay du lieu do rung
2021-06-26 09:04:17,903 INFO       Lay du lieu tieng on
2021-06-26 09:04:18,003 INFO Chu trinh - 13 - Lay du lieu chieu nghich
2021-06-26 09:04:18,003 INFO   Lay du lieu - Backward
2021-06-26 09:04:18,003 INFO       Lay du lieu dong dien
2021-06-26 09:04:18,003 INFO       Lay du lieu nhap luc
2021-06-26 09:04:18,003 INFO       Lay du lieu do rung
2021-06-26 09:04:18,003 INFO       Lay du lieu tieng on
2021-06-26 09:04:18,003 INFO       Ve do thi du lieu
2021-06-26 09:04:18,080 INFO Chu trinh - 13 - Lay du lieu chieu nghich
2021-06-26 09:04:18,080 INFO   Lay du lieu - Backward
2021-06-26 09:04:18,080 INFO       Lay du lieu dong dien
2021-06-26 09:04:18,080 INFO       Lay du lieu nhap luc
2021-06-26 09:04:18,080 INFO       Lay du lieu do rung
2021-06-26 09:04:18,080 INFO       Lay du lieu tieng on
2021-06-26 09:04:18,173 INFO Chu trinh - 15 - Ghi du lieu am thanh chieu nghich
2021-06-26 09:04:48,587 ERROR Thoi gian chu trinh vuot qua 100ms
2021-06-26 09:04:48,817 ERROR Thoi gian chu trinh vuot qua 100ms
2021-06-26 09:04:48,817 INFO Chu trinh - 19 - Hoan tat lay du lieu - bat dau ghi ra file
2021-06-26 09:04:48,837 INFO Ghi ra file csv
2021-06-26 09:04:48,846 INFO Upload du lieu am thanh len server
2021-06-26 09:04:48,926 INFO Chu trinh - 0 - Khoi tao + Doi tin hieu bat dau chay
2021-06-26 09:19:51,312 ERROR Thoi gian chu trinh vuot qua 100ms
