2021-07-04 08:29:40,530 ERROR Thoi gian chu trinh vuot qua 100ms
2021-07-04 08:29:40,530 INFO Chu trinh - 0 - Khoi tao + Doi tin hieu bat dau chay
2021-07-04 08:29:59,730 INFO Chu trinh - 0 - Khoi tao + Doi tin hieu bat dau chay
2021-07-04 08:30:53,784 INFO Chu trinh - 0 - Khoi tao + Doi tin hieu bat dau chay
2021-07-04 08:31:49,544 INFO Chu trinh - 0 - Khoi tao + Doi tin hieu bat dau chay
2021-07-04 08:33:44,425 INFO Chu trinh - 0 - Khoi tao + Doi tin hieu bat dau chay
2021-07-04 08:35:04,023 INFO Chu trinh - 0 - Khoi tao + Doi tin hieu bat dau chay
2021-07-04 08:35:48,951 INFO Mo file excel
2021-07-04 08:35:48,961 INFO Dong tat ca file excel dang mo
2021-07-04 08:35:48,961 INFO Khoi tao du lieu
2021-07-04 08:35:48,961 INFO Khoi tao tat ca bien trang thai
2021-07-04 08:35:48,961 INFO Khoi tao ket noi chuong trinh
2021-07-04 08:35:48,961 INFO Tao ket noi du lieu voi PLC FX5U
2021-07-04 08:35:49,641 INFO Tao ket noi du lieu voi PLC FX3G
2021-07-04 08:35:50,156 INFO Ket noi cong COM7 - lay du lieu dong dien nhap luc
2021-07-04 08:35:50,316 INFO Ket noi cong COM5 - lay du lieu tieng on
2021-07-04 08:35:50,471 INFO Ket noi cong COM8 - lay du lieu vong quay
2021-07-04 08:35:50,471 INFO Khoi tao thread lay du lieu lien tuc
2021-07-04 08:35:50,471 INFO Khoi tao thread lay du lieu lien tuc --Chutrinh_LayDuLieu--
2021-07-04 08:35:50,591 INFO Chu trinh - 0 - Khoi tao + Doi tin hieu bat dau chay
2021-07-04 08:36:13,176 INFO Chu trinh - 0 - Khoi tao + Doi tin hieu bat dau chay
2021-07-04 08:36:55,827 INFO Chu trinh - 0 - Khoi tao + Doi tin hieu bat dau chay
2021-07-04 08:37:54,283 INFO Chu trinh - 0 - Khoi tao + Doi tin hieu bat dau chay
2021-07-04 08:41:24,387 ERROR Thoi gian chu trinh vuot qua 100ms
2021-07-04 08:41:24,387 INFO Chu trinh - 0 - Khoi tao + Doi tin hieu bat dau chay
2021-07-04 08:41:54,450 INFO Chu trinh - 0 - Khoi tao + Doi tin hieu bat dau chay
2021-07-04 08:42:57,976 INFO Chu trinh - 0 - Khoi tao + Doi tin hieu bat dau chay
2021-07-04 08:46:38,579 ERROR Thoi gian chu trinh vuot qua 100ms
2021-07-04 08:46:38,579 INFO Chu trinh - 0 - Khoi tao + Doi tin hieu bat dau chay
2021-07-04 08:49:05,334 INFO Chu trinh - 0 - Khoi tao + Doi tin hieu bat dau chay
2021-07-04 08:51:28,287 INFO Chu trinh - 0 - Khoi tao + Doi tin hieu bat dau chay
2021-07-04 08:51:28,487 INFO Chu trinh - 0 - Khoi tao + Doi tin hieu bat dau chay
2021-07-04 08:51:29,027 INFO Chu trinh - 0 - Khoi tao + Doi tin hieu bat dau chay
2021-07-04 08:51:29,727 INFO Chu trinh - 0 - Khoi tao + Doi tin hieu bat dau chay
2021-07-04 08:51:44,376 ERROR Thoi gian chu trinh vuot qua 100ms
2021-07-04 08:51:45,146 ERROR Thoi gian chu trinh vuot qua 100ms
2021-07-04 08:51:45,836 ERROR Thoi gian chu trinh vuot qua 100ms
2021-07-04 08:51:46,476 ERROR Thoi gian chu trinh vuot qua 100ms
2021-07-04 08:51:47,046 ERROR Thoi gian chu trinh vuot qua 100ms
2021-07-04 08:51:47,586 ERROR Thoi gian chu trinh vuot qua 100ms
2021-07-04 08:53:34,992 ERROR Thoi gian chu trinh vuot qua 100ms
2021-07-04 08:53:34,992 INFO Chu trinh - 0 - Khoi tao + Doi tin hieu bat dau chay
2021-07-04 08:53:55,681 INFO Chu trinh - 0 - Khoi tao + Doi tin hieu bat dau chay
