2021-09-20 21:57:24,130 ERROR Thoi gian chu trinh vuot qua 100ms
2021-09-20 21:57:24,150 INFO Chu trinh - 3 - Lay du lieu chieu thuan
2021-09-20 21:57:24,201 INFO   Lay du lieu - Forward
2021-09-20 21:57:24,201 INFO       Lay du lieu dong dien
2021-09-20 21:57:24,201 INFO       Lay du lieu nhap luc
2021-09-20 21:57:24,201 INFO       Lay du lieu do rung
2021-09-20 21:57:24,201 INFO       Lay du lieu tieng on
2021-09-20 21:57:24,201 INFO       Ve do thi du lieu
2021-09-20 21:57:24,260 INFO Chu trinh - 3 - Lay du lieu chieu thuan
2021-09-20 21:57:24,290 INFO   Lay du lieu - Forward
2021-09-20 21:57:24,290 INFO       Lay du lieu dong dien
2021-09-20 21:57:24,290 INFO       Lay du lieu nhap luc
2021-09-20 21:57:24,290 INFO       Lay du lieu do rung
2021-09-20 21:57:24,290 INFO       Lay du lieu tieng on
2021-09-20 21:57:24,350 INFO Chu trinh - 3 - Lay du lieu chieu thuan
2021-09-20 21:57:24,390 INFO   Lay du lieu - Forward
2021-09-20 21:57:24,390 INFO       Lay du lieu dong dien
2021-09-20 21:57:24,390 INFO       Lay du lieu nhap luc
2021-09-20 21:57:24,390 INFO       Lay du lieu do rung
2021-09-20 21:57:24,390 INFO       Lay du lieu tieng on
2021-09-20 21:57:24,480 INFO Chu trinh - 3 - Lay du lieu chieu thuan
2021-09-20 21:57:24,490 INFO   Lay du lieu - Forward
2021-09-20 21:57:24,490 INFO       Lay du lieu dong dien
2021-09-20 21:57:24,490 INFO       Lay du lieu nhap luc
2021-09-20 21:57:24,490 INFO       Lay du lieu do rung
2021-09-20 21:57:24,490 INFO       Lay du lieu tieng on
2021-09-20 21:57:24,550 INFO Chu trinh - 3 - Lay du lieu chieu thuan
2021-09-20 21:57:24,600 INFO   Lay du lieu - Forward
2021-09-20 21:57:24,600 INFO       Lay du lieu dong dien
2021-09-20 21:57:24,600 INFO       Lay du lieu nhap luc
2021-09-20 21:57:24,600 INFO       Lay du lieu do rung
2021-09-20 21:57:24,600 INFO       Lay du lieu tieng on
2021-09-20 21:57:24,690 INFO Chu trinh - 3 - Lay du lieu chieu thuan
2021-09-20 21:57:24,700 INFO   Lay du lieu - Forward
2021-09-20 21:57:24,700 INFO       Lay du lieu dong dien
2021-09-20 21:57:24,700 INFO       Lay du lieu nhap luc
2021-09-20 21:57:24,700 INFO       Lay du lieu do rung
2021-09-20 21:57:24,700 INFO       Lay du lieu tieng on
2021-09-20 21:57:24,750 INFO Chu trinh - 3 - Lay du lieu chieu thuan
2021-09-20 21:57:24,750 INFO   Lay du lieu - Forward
2021-09-20 21:57:24,750 INFO       Lay du lieu dong dien
2021-09-20 21:57:24,750 INFO       Lay du lieu nhap luc
2021-09-20 21:57:24,750 INFO       Lay du lieu do rung
2021-09-20 21:57:24,750 INFO       Lay du lieu tieng on
2021-09-20 21:57:24,860 INFO Chu trinh - 3 - Lay du lieu chieu thuan
2021-09-20 21:57:24,900 INFO   Lay du lieu - Forward
2021-09-20 21:57:24,900 INFO       Lay du lieu dong dien
2021-09-20 21:57:24,900 INFO       Lay du lieu nhap luc
2021-09-20 21:57:24,900 INFO       Lay du lieu do rung
2021-09-20 21:57:24,900 INFO       Lay du lieu tieng on
2021-09-20 21:57:24,950 INFO Chu trinh - 3 - Lay du lieu chieu thuan
2021-09-20 21:57:24,950 INFO   Lay du lieu - Forward
2021-09-20 21:57:24,950 INFO       Lay du lieu dong dien
2021-09-20 21:57:24,950 INFO       Lay du lieu nhap luc
2021-09-20 21:57:24,950 INFO       Lay du lieu do rung
2021-09-20 21:57:24,950 INFO       Lay du lieu tieng on
2021-09-20 21:57:24,950 INFO       Ve do thi du lieu
2021-09-20 21:57:25,150 INFO Chu trinh - 3 - Lay du lieu chieu thuan
2021-09-20 21:57:25,230 INFO   Lay du lieu - Forward
2021-09-20 21:57:25,230 INFO       Lay du lieu dong dien
2021-09-20 21:57:25,230 INFO       Lay du lieu nhap luc
2021-09-20 21:57:25,230 INFO       Lay du lieu do rung
2021-09-20 21:57:25,230 INFO       Lay du lieu tieng on
2021-09-20 21:57:25,230 ERROR Thoi gian chu trinh vuot qua 100ms
2021-09-20 21:57:25,230 INFO Chu trinh - 3 - Lay du lieu chieu thuan
2021-09-20 21:57:25,242 INFO   Lay du lieu - Forward
2021-09-20 21:57:25,242 INFO       Lay du lieu dong dien
2021-09-20 21:57:25,242 INFO       Lay du lieu nhap luc
2021-09-20 21:57:25,242 INFO       Lay du lieu do rung
2021-09-20 21:57:25,242 INFO       Lay du lieu tieng on
2021-09-20 21:57:25,350 INFO Chu trinh - 3 - Lay du lieu chieu thuan
2021-09-20 21:57:25,400 INFO   Lay du lieu - Forward
2021-09-20 21:57:25,400 INFO       Lay du lieu dong dien
2021-09-20 21:57:25,400 INFO       Lay du lieu nhap luc
2021-09-20 21:57:25,400 INFO       Lay du lieu do rung
2021-09-20 21:57:25,400 INFO       Lay du lieu tieng on
2021-09-20 21:57:25,451 INFO Chu trinh - 3 - Lay du lieu chieu thuan
2021-09-20 21:57:25,451 INFO   Lay du lieu - Forward
2021-09-20 21:57:25,451 INFO       Lay du lieu dong dien
2021-09-20 21:57:25,451 INFO       Lay du lieu nhap luc
2021-09-20 21:57:25,451 INFO       Lay du lieu do rung
2021-09-20 21:57:25,451 INFO       Lay du lieu tieng on
2021-09-20 21:57:25,530 INFO Chu trinh - 3 - Lay du lieu chieu thuan
2021-09-20 21:57:25,581 INFO   Lay du lieu - Forward
2021-09-20 21:57:25,581 INFO       Lay du lieu dong dien
2021-09-20 21:57:25,581 INFO       Lay du lieu nhap luc
2021-09-20 21:57:25,581 INFO       Lay du lieu do rung
2021-09-20 21:57:25,581 INFO       Lay du lieu tieng on
2021-09-20 21:57:25,630 INFO Chu trinh - 3 - Lay du lieu chieu thuan
2021-09-20 21:57:25,680 INFO   Lay du lieu - Forward
2021-09-20 21:57:25,680 INFO       Lay du lieu dong dien
2021-09-20 21:57:25,680 INFO       Lay du lieu nhap luc
2021-09-20 21:57:25,680 INFO       Lay du lieu do rung
2021-09-20 21:57:25,680 INFO       Lay du lieu tieng on
2021-09-20 21:57:25,730 INFO Chu trinh - 3 - Lay du lieu chieu thuan
2021-09-20 21:57:25,730 INFO   Lay du lieu - Forward
2021-09-20 21:57:25,730 INFO       Lay du lieu dong dien
2021-09-20 21:57:25,730 INFO       Lay du lieu nhap luc
2021-09-20 21:57:25,730 INFO       Lay du lieu do rung
2021-09-20 21:57:25,730 INFO       Lay du lieu tieng on
2021-09-20 21:57:25,840 INFO Chu trinh - 3 - Lay du lieu chieu thuan
2021-09-20 21:57:25,890 INFO   Lay du lieu - Forward
2021-09-20 21:57:25,890 INFO       Lay du lieu dong dien
2021-09-20 21:57:25,890 INFO       Lay du lieu nhap luc
2021-09-20 21:57:25,890 INFO       Lay du lieu do rung
2021-09-20 21:57:25,890 INFO       Lay du lieu tieng on
2021-09-20 21:57:25,930 INFO Chu trinh - 3 - Lay du lieu chieu thuan
2021-09-20 21:57:25,930 INFO   Lay du lieu - Forward
2021-09-20 21:57:25,930 INFO       Lay du lieu dong dien
2021-09-20 21:57:25,930 INFO       Lay du lieu nhap luc
2021-09-20 21:57:25,940 INFO       Lay du lieu do rung
2021-09-20 21:57:25,940 INFO       Lay du lieu tieng on
2021-09-20 21:57:26,060 INFO Chu trinh - 3 - Lay du lieu chieu thuan
2021-09-20 21:57:26,110 INFO   Lay du lieu - Forward
2021-09-20 21:57:26,110 INFO       Lay du lieu dong dien
2021-09-20 21:57:26,110 INFO       Lay du lieu nhap luc
2021-09-20 21:57:26,110 INFO       Lay du lieu do rung
2021-09-20 21:57:26,110 INFO       Lay du lieu tieng on
2021-09-20 21:57:26,110 INFO       Ve do thi du lieu
2021-09-20 21:57:26,144 INFO Chu trinh - 3 - Lay du lieu chieu thuan
2021-09-20 21:57:26,160 INFO   Lay du lieu - Forward
2021-09-20 21:57:26,160 INFO       Lay du lieu dong dien
2021-09-20 21:57:26,160 INFO       Lay du lieu nhap luc
2021-09-20 21:57:26,160 INFO       Lay du lieu do rung
2021-09-20 21:57:26,160 INFO       Lay du lieu tieng on
2021-09-20 21:57:26,250 INFO Chu trinh - 3 - Lay du lieu chieu thuan
2021-09-20 21:57:26,300 INFO   Lay du lieu - Forward
2021-09-20 21:57:26,300 INFO       Lay du lieu dong dien
2021-09-20 21:57:26,300 INFO       Lay du lieu nhap luc
2021-09-20 21:57:26,300 INFO       Lay du lieu do rung
2021-09-20 21:57:26,300 INFO       Lay du lieu tieng on
2021-09-20 21:57:26,344 INFO Chu trinh - 3 - Lay du lieu chieu thuan
2021-09-20 21:57:26,350 INFO   Lay du lieu - Forward
2021-09-20 21:57:26,350 INFO       Lay du lieu dong dien
2021-09-20 21:57:26,350 INFO       Lay du lieu nhap luc
2021-09-20 21:57:26,350 INFO       Lay du lieu do rung
2021-09-20 21:57:26,350 INFO       Lay du lieu tieng on
2021-09-20 21:57:26,450 INFO Chu trinh - 3 - Lay du lieu chieu thuan
2021-09-20 21:57:26,500 INFO   Lay du lieu - Forward
2021-09-20 21:57:26,500 INFO       Lay du lieu dong dien
2021-09-20 21:57:26,500 INFO       Lay du lieu nhap luc
2021-09-20 21:57:26,500 INFO       Lay du lieu do rung
2021-09-20 21:57:26,500 INFO       Lay du lieu tieng on
2021-09-20 21:57:26,550 INFO Chu trinh - 3 - Lay du lieu chieu thuan
2021-09-20 21:57:26,550 INFO   Lay du lieu - Forward
2021-09-20 21:57:26,550 INFO       Lay du lieu dong dien
2021-09-20 21:57:26,550 INFO       Lay du lieu nhap luc
2021-09-20 21:57:26,550 INFO       Lay du lieu do rung
2021-09-20 21:57:26,550 INFO       Lay du lieu tieng on
2021-09-20 21:57:26,650 INFO Chu trinh - 3 - Lay du lieu chieu thuan
2021-09-20 21:57:26,700 INFO   Lay du lieu - Forward
2021-09-20 21:57:26,700 INFO       Lay du lieu dong dien
2021-09-20 21:57:26,700 INFO       Lay du lieu nhap luc
2021-09-20 21:57:26,700 INFO       Lay du lieu do rung
2021-09-20 21:57:26,700 INFO       Lay du lieu tieng on
2021-09-20 21:57:26,745 INFO Chu trinh - 3 - Lay du lieu chieu thuan
2021-09-20 21:57:26,750 INFO   Lay du lieu - Forward
2021-09-20 21:57:26,750 INFO       Lay du lieu dong dien
2021-09-20 21:57:26,750 INFO       Lay du lieu nhap luc
2021-09-20 21:57:26,750 INFO       Lay du lieu do rung
2021-09-20 21:57:26,750 INFO       Lay du lieu tieng on
2021-09-20 21:57:26,850 INFO Chu trinh - 3 - Lay du lieu chieu thuan
2021-09-20 21:57:27,050 INFO   Lay du lieu - Forward
2021-09-20 21:57:27,050 INFO       Lay du lieu dong dien
2021-09-20 21:57:27,050 INFO       Lay du lieu nhap luc
2021-09-20 21:57:27,050 INFO       Lay du lieu do rung
2021-09-20 21:57:27,050 INFO       Lay du lieu tieng on
2021-09-20 21:57:27,050 ERROR Thoi gian chu trinh vuot qua 100ms
2021-09-20 21:57:27,050 INFO Chu trinh - 3 - Lay du lieu chieu thuan
2021-09-20 21:57:27,050 INFO   Lay du lieu - Forward
2021-09-20 21:57:27,050 INFO       Lay du lieu dong dien
2021-09-20 21:57:27,050 INFO       Lay du lieu nhap luc
2021-09-20 21:57:27,050 INFO       Lay du lieu do rung
2021-09-20 21:57:27,050 INFO       Lay du lieu tieng on
2021-09-20 21:57:27,151 INFO Chu trinh - 3 - Lay du lieu chieu thuan
2021-09-20 21:57:27,200 INFO   Lay du lieu - Forward
2021-09-20 21:57:27,200 INFO       Lay du lieu dong dien
2021-09-20 21:57:27,200 INFO       Lay du lieu nhap luc
2021-09-20 21:57:27,200 INFO       Lay du lieu do rung
2021-09-20 21:57:27,200 INFO       Lay du lieu tieng on
2021-09-20 21:57:27,200 INFO       Ve do thi du lieu
2021-09-20 21:57:27,251 INFO Chu trinh - 3 - Lay du lieu chieu thuan
2021-09-20 21:57:27,310 INFO   Lay du lieu - Forward
2021-09-20 21:57:27,310 INFO       Lay du lieu dong dien
2021-09-20 21:57:27,310 INFO       Lay du lieu nhap luc
2021-09-20 21:57:27,310 INFO       Lay du lieu do rung
2021-09-20 21:57:27,310 INFO       Lay du lieu tieng on
2021-09-20 21:57:27,347 INFO Chu trinh - 3 - Lay du lieu chieu thuan
2021-09-20 21:57:27,350 INFO   Lay du lieu - Forward
2021-09-20 21:57:27,350 INFO       Lay du lieu dong dien
2021-09-20 21:57:27,350 INFO       Lay du lieu nhap luc
2021-09-20 21:57:27,350 INFO       Lay du lieu do rung
2021-09-20 21:57:27,350 INFO       Lay du lieu tieng on
2021-09-20 21:57:27,460 INFO Chu trinh - 3 - Lay du lieu chieu thuan
2021-09-20 21:57:27,500 INFO   Lay du lieu - Forward
2021-09-20 21:57:27,500 INFO       Lay du lieu dong dien
2021-09-20 21:57:27,500 INFO       Lay du lieu nhap luc
2021-09-20 21:57:27,500 INFO       Lay du lieu do rung
2021-09-20 21:57:27,500 INFO       Lay du lieu tieng on
2021-09-20 21:57:27,547 INFO Chu trinh - 3 - Lay du lieu chieu thuan
2021-09-20 21:57:27,550 INFO   Lay du lieu - Forward
2021-09-20 21:57:27,550 INFO       Lay du lieu dong dien
2021-09-20 21:57:27,550 INFO       Lay du lieu nhap luc
2021-09-20 21:57:27,550 INFO       Lay du lieu do rung
2021-09-20 21:57:27,550 INFO       Lay du lieu tieng on
2021-09-20 21:57:27,660 INFO Chu trinh - 3 - Lay du lieu chieu thuan
2021-09-20 21:57:27,710 INFO   Lay du lieu - Forward
2021-09-20 21:57:27,710 INFO       Lay du lieu dong dien
2021-09-20 21:57:27,710 INFO       Lay du lieu nhap luc
2021-09-20 21:57:27,710 INFO       Lay du lieu do rung
2021-09-20 21:57:27,710 INFO       Lay du lieu tieng on
2021-09-20 21:57:27,748 INFO Chu trinh - 3 - Lay du lieu chieu thuan
2021-09-20 21:57:27,750 INFO   Lay du lieu - Forward
2021-09-20 21:57:27,750 INFO       Lay du lieu dong dien
2021-09-20 21:57:27,750 INFO       Lay du lieu nhap luc
2021-09-20 21:57:27,750 INFO       Lay du lieu do rung
2021-09-20 21:57:27,750 INFO       Lay du lieu tieng on
2021-09-20 21:57:27,860 INFO Chu trinh - 3 - Lay du lieu chieu thuan
2021-09-20 21:57:27,910 INFO   Lay du lieu - Forward
2021-09-20 21:57:27,910 INFO       Lay du lieu dong dien
2021-09-20 21:57:27,910 INFO       Lay du lieu nhap luc
2021-09-20 21:57:27,910 INFO       Lay du lieu do rung
2021-09-20 21:57:27,910 INFO       Lay du lieu tieng on
2021-09-20 21:57:27,948 INFO Chu trinh - 3 - Lay du lieu chieu thuan
2021-09-20 21:57:27,950 INFO   Lay du lieu - Forward
2021-09-20 21:57:27,950 INFO       Lay du lieu dong dien
2021-09-20 21:57:27,950 INFO       Lay du lieu nhap luc
2021-09-20 21:57:27,950 INFO       Lay du lieu do rung
2021-09-20 21:57:27,950 INFO       Lay du lieu tieng on
2021-09-20 21:57:28,059 INFO Chu trinh - 3 - Lay du lieu chieu thuan
2021-09-20 21:57:28,099 INFO   Lay du lieu - Forward
2021-09-20 21:57:28,099 INFO       Lay du lieu dong dien
2021-09-20 21:57:28,099 INFO       Lay du lieu nhap luc
2021-09-20 21:57:28,099 INFO       Lay du lieu do rung
2021-09-20 21:57:28,099 INFO       Lay du lieu tieng on
2021-09-20 21:57:28,149 INFO Chu trinh - 3 - Lay du lieu chieu thuan
2021-09-20 21:57:28,150 INFO   Lay du lieu - Forward
2021-09-20 21:57:28,150 INFO       Lay du lieu dong dien
2021-09-20 21:57:28,150 INFO       Lay du lieu nhap luc
2021-09-20 21:57:28,150 INFO       Lay du lieu do rung
2021-09-20 21:57:28,150 INFO       Lay du lieu tieng on
2021-09-20 21:57:28,150 INFO       Ve do thi du lieu
2021-09-20 21:57:28,259 INFO Chu trinh - 3 - Lay du lieu chieu thuan
2021-09-20 21:57:28,309 INFO   Lay du lieu - Forward
2021-09-20 21:57:28,309 INFO       Lay du lieu dong dien
2021-09-20 21:57:28,309 INFO       Lay du lieu nhap luc
2021-09-20 21:57:28,309 INFO       Lay du lieu do rung
2021-09-20 21:57:28,309 INFO       Lay du lieu tieng on
2021-09-20 21:57:28,350 INFO Chu trinh - 3 - Lay du lieu chieu thuan
2021-09-20 21:57:28,350 INFO   Lay du lieu - Forward
2021-09-20 21:57:28,350 INFO       Lay du lieu dong dien
2021-09-20 21:57:28,350 INFO       Lay du lieu nhap luc
2021-09-20 21:57:28,350 INFO       Lay du lieu do rung
2021-09-20 21:57:28,350 INFO       Lay du lieu tieng on
2021-09-20 21:57:28,449 INFO Chu trinh - 3 - Lay du lieu chieu thuan
2021-09-20 21:57:28,459 INFO   Lay du lieu - Forward
2021-09-20 21:57:28,459 INFO       Lay du lieu dong dien
2021-09-20 21:57:28,459 INFO       Lay du lieu nhap luc
2021-09-20 21:57:28,459 INFO       Lay du lieu do rung
2021-09-20 21:57:28,459 INFO       Lay du lieu tieng on
2021-09-20 21:57:28,549 INFO Chu trinh - 3 - Lay du lieu chieu thuan
2021-09-20 21:57:28,549 INFO   Lay du lieu - Forward
2021-09-20 21:57:28,549 INFO       Lay du lieu dong dien
2021-09-20 21:57:28,549 INFO       Lay du lieu nhap luc
2021-09-20 21:57:28,549 INFO       Lay du lieu do rung
2021-09-20 21:57:28,549 INFO       Lay du lieu tieng on
2021-09-20 21:57:28,659 INFO Chu trinh - 3 - Lay du lieu chieu thuan
2021-09-20 21:57:28,710 INFO   Lay du lieu - Forward
2021-09-20 21:57:28,710 INFO       Lay du lieu dong dien
2021-09-20 21:57:28,710 INFO       Lay du lieu nhap luc
2021-09-20 21:57:28,710 INFO       Lay du lieu do rung
2021-09-20 21:57:28,710 INFO       Lay du lieu tieng on
2021-09-20 21:57:28,750 INFO Chu trinh - 3 - Lay du lieu chieu thuan
2021-09-20 21:57:28,750 INFO   Lay du lieu - Forward
2021-09-20 21:57:28,750 INFO       Lay du lieu dong dien
2021-09-20 21:57:28,750 INFO       Lay du lieu nhap luc
2021-09-20 21:57:28,750 INFO       Lay du lieu do rung
2021-09-20 21:57:28,750 INFO       Lay du lieu tieng on
2021-09-20 21:57:28,909 INFO Chu trinh - 3 - Lay du lieu chieu thuan
2021-09-20 21:57:29,019 INFO   Lay du lieu - Forward
2021-09-20 21:57:29,019 INFO       Lay du lieu dong dien
2021-09-20 21:57:29,019 INFO       Lay du lieu nhap luc
2021-09-20 21:57:29,019 INFO       Lay du lieu do rung
2021-09-20 21:57:29,019 INFO       Lay du lieu tieng on
2021-09-20 21:57:29,019 ERROR Thoi gian chu trinh vuot qua 100ms
2021-09-20 21:57:29,039 INFO Chu trinh - 3 - Lay du lieu chieu thuan
2021-09-20 21:57:29,050 INFO   Lay du lieu - Forward
2021-09-20 21:57:29,050 INFO       Lay du lieu dong dien
2021-09-20 21:57:29,050 INFO       Lay du lieu nhap luc
2021-09-20 21:57:29,050 INFO       Lay du lieu do rung
2021-09-20 21:57:29,050 INFO       Lay du lieu tieng on
2021-09-20 21:57:29,151 INFO Chu trinh - 3 - Lay du lieu chieu thuan
2021-09-20 21:57:29,209 INFO   Lay du lieu - Forward
2021-09-20 21:57:29,209 INFO       Lay du lieu dong dien
2021-09-20 21:57:29,209 INFO       Lay du lieu nhap luc
2021-09-20 21:57:29,209 INFO       Lay du lieu do rung
2021-09-20 21:57:29,209 INFO       Lay du lieu tieng on
2021-09-20 21:57:29,250 INFO Chu trinh - 3 - Lay du lieu chieu thuan
2021-09-20 21:57:29,299 INFO   Lay du lieu - Forward
2021-09-20 21:57:29,299 INFO       Lay du lieu dong dien
2021-09-20 21:57:29,299 INFO       Lay du lieu nhap luc
2021-09-20 21:57:29,299 INFO       Lay du lieu do rung
2021-09-20 21:57:29,299 INFO       Lay du lieu tieng on
2021-09-20 21:57:29,299 INFO       Ve do thi du lieu
2021-09-20 21:57:29,329 INFO Chu trinh - 0 - Khoi tao + Doi tin hieu bat dau chay
2021-09-20 21:57:36,058 INFO Chu trinh - 0 - Khoi tao + Doi tin hieu bat dau chay
