2021-04-04 14:00:31,653 ERROR Thoi gian chu trinh vuot qua 100ms
2021-04-04 14:00:31,653 INFO Chu trinh - 0 - Khoi tao + Doi tin hieu bat dau chay
2021-04-04 14:00:47,560 INFO Mo file excel
2021-04-04 14:00:47,581 INFO Dong tat ca file excel dang mo
2021-04-04 14:00:47,581 INFO Khoi tao du lieu
2021-04-04 14:00:47,581 INFO Khoi tao tat ca bien trang thai
2021-04-04 14:00:47,581 INFO Khoi tao ket noi chuong trinh
2021-04-04 14:00:47,581 INFO Tao ket noi du lieu voi PLC FX5U
2021-04-04 14:00:48,121 INFO Tao ket noi du lieu voi PLC FX3G
2021-04-04 14:00:48,260 INFO Ket noi cong COM7 - lay du lieu dong dien nhap luc
2021-04-04 14:00:48,471 INFO Ket noi cong COM5 - lay du lieu tieng on
2021-04-04 14:00:48,481 INFO Ket noi cong COM8 - lay du lieu vong quay
2021-04-04 14:00:48,481 INFO Khoi tao thread lay du lieu lien tuc
2021-04-04 14:00:48,481 INFO Khoi tao thread lay du lieu lien tuc --Chutrinh_LayDuLieu--
2021-04-04 14:00:48,591 INFO Chu trinh - 0 - Khoi tao + Doi tin hieu bat dau chay
2021-04-04 14:02:05,732 INFO Chu trinh - 0 - Khoi tao + Doi tin hieu bat dau chay
2021-04-04 14:02:10,472 INFO Chu trinh - 0 - Khoi tao + Doi tin hieu bat dau chay
2021-04-04 14:02:35,869 INFO Chu trinh - 0 - Khoi tao + Doi tin hieu bat dau chay
2021-04-04 14:02:36,489 INFO Chu trinh - 0 - Khoi tao + Doi tin hieu bat dau chay
2021-04-04 14:02:36,689 INFO Chu trinh - 0 - Khoi tao + Doi tin hieu bat dau chay
2021-04-04 14:02:36,909 INFO Chu trinh - 0 - Khoi tao + Doi tin hieu bat dau chay
2021-04-04 14:02:51,208 INFO Chu trinh - 0 - Khoi tao + Doi tin hieu bat dau chay
2021-04-04 14:02:51,308 INFO Chu trinh - 0 - Khoi tao + Doi tin hieu bat dau chay
2021-04-04 14:02:51,508 INFO Chu trinh - 0 - Khoi tao + Doi tin hieu bat dau chay
2021-04-04 14:02:52,108 INFO Chu trinh - 0 - Khoi tao + Doi tin hieu bat dau chay
2021-04-04 14:04:32,109 INFO Mo file excel
2021-04-04 14:04:32,109 INFO Dong tat ca file excel dang mo
2021-04-04 14:04:32,109 INFO Khoi tao du lieu
2021-04-04 14:04:32,119 INFO Khoi tao tat ca bien trang thai
2021-04-04 14:04:32,119 INFO Khoi tao ket noi chuong trinh
2021-04-04 14:04:32,119 INFO Tao ket noi du lieu voi PLC FX5U
2021-04-04 14:04:32,487 INFO Tao ket noi du lieu voi PLC FX3G
2021-04-04 14:04:32,509 INFO Ket noi cong COM7 - lay du lieu dong dien nhap luc
2021-04-04 14:04:32,720 INFO Ket noi cong COM5 - lay du lieu tieng on
2021-04-04 14:04:32,729 INFO Ket noi cong COM8 - lay du lieu vong quay
2021-04-04 14:04:32,729 INFO Khoi tao thread lay du lieu lien tuc
2021-04-04 14:04:32,729 INFO Khoi tao thread lay du lieu lien tuc --Chutrinh_LayDuLieu--
2021-04-04 14:04:32,840 INFO Chu trinh - 0 - Khoi tao + Doi tin hieu bat dau chay
2021-04-04 14:05:32,149 INFO Chu trinh - 0 - Khoi tao + Doi tin hieu bat dau chay
2021-04-04 14:06:40,158 INFO Chu trinh - 0 - Khoi tao + Doi tin hieu bat dau chay
2021-04-04 14:06:50,178 INFO Chu trinh - 0 - Khoi tao + Doi tin hieu bat dau chay
2021-04-04 14:06:50,877 INFO Chu trinh - 0 - Khoi tao + Doi tin hieu bat dau chay
2021-04-04 14:06:51,497 INFO Chu trinh - 0 - Khoi tao + Doi tin hieu bat dau chay
2021-04-04 14:06:53,927 INFO Chu trinh - 0 - Khoi tao + Doi tin hieu bat dau chay
2021-04-04 14:09:19,498 INFO Chu trinh - 0 - Khoi tao + Doi tin hieu bat dau chay
