2021-02-04 07:44:05,815 INFO Mo file excel
2021-02-04 07:44:05,830 INFO Dong tat ca file excel dang mo
2021-02-04 07:44:05,830 INFO Khoi tao du lieu
2021-02-04 07:44:05,830 INFO Khoi tao tat ca bien trang thai
2021-02-04 07:44:05,830 INFO Khoi tao ket noi chuong trinh
2021-02-04 07:44:05,830 INFO Tao ket noi du lieu voi PLC FX5U
2021-02-04 07:44:06,205 INFO Tao ket noi du lieu voi PLC FX3G
2021-02-04 07:44:06,424 INFO Ket noi cong COM7 - lay du lieu dong dien nhap luc
2021-02-04 07:44:06,612 INFO Ket noi cong COM5 - lay du lieu tieng on
2021-02-04 07:44:06,627 INFO Ket noi cong COM8 - lay du lieu vong quay
2021-02-04 07:44:06,627 INFO Khoi tao thread lay du lieu lien tuc
2021-02-04 07:44:06,627 INFO Khoi tao thread lay du lieu lien tuc --Chutrinh_LayDuLieu--
2021-02-04 07:44:06,736 INFO Chu trinh - 0 - Khoi tao + Doi tin hieu bat dau chay
2021-02-04 07:44:19,542 INFO Chu trinh - 0 - Khoi tao + Doi tin hieu bat dau chay
2021-02-04 07:44:56,057 ERROR Thoi gian chu trinh vuot qua 100ms
2021-02-04 07:44:56,057 INFO Chu trinh - 0 - Khoi tao + Doi tin hieu bat dau chay
2021-02-04 07:49:45,728 INFO Mo file excel
2021-02-04 07:49:45,728 INFO Dong tat ca file excel dang mo
2021-02-04 07:49:45,728 INFO Khoi tao du lieu
2021-02-04 07:49:45,728 INFO Khoi tao tat ca bien trang thai
2021-02-04 07:49:45,728 INFO Khoi tao ket noi chuong trinh
2021-02-04 07:49:45,728 INFO Tao ket noi du lieu voi PLC FX5U
2021-02-04 07:49:46,102 INFO Tao ket noi du lieu voi PLC FX3G
2021-02-04 07:49:46,509 INFO Ket noi cong COM7 - lay du lieu dong dien nhap luc
2021-02-04 07:49:46,912 INFO Ket noi cong COM5 - lay du lieu tieng on
2021-02-04 07:49:46,912 INFO Ket noi cong COM8 - lay du lieu vong quay
2021-02-04 07:49:46,912 INFO Khoi tao thread lay du lieu lien tuc
2021-02-04 07:49:46,912 INFO Khoi tao thread lay du lieu lien tuc --Chutrinh_LayDuLieu--
2021-02-04 07:49:47,036 INFO Chu trinh - 0 - Khoi tao + Doi tin hieu bat dau chay
2021-02-04 07:50:09,230 INFO Chu trinh - 0 - Khoi tao + Doi tin hieu bat dau chay
2021-02-04 07:50:47,508 ERROR Thoi gian chu trinh vuot qua 100ms
2021-02-04 07:50:47,508 INFO Chu trinh - 0 - Khoi tao + Doi tin hieu bat dau chay
