2021-01-13 11:41:10,063 INFO Mo file excel
2021-01-13 11:41:10,070 INFO Dong tat ca file excel dang mo
2021-01-13 11:41:10,070 INFO Khoi tao du lieu
2021-01-13 11:41:10,071 INFO Khoi tao tat ca bien trang thai
2021-01-13 11:41:10,082 INFO Khoi tao ket noi chuong trinh
2021-01-13 11:41:10,102 INFO Tao ket noi du lieu voi PLC FX5U
2021-01-13 11:42:10,127 INFO Tao ket noi du lieu voi PLC FX3G
2021-01-13 11:42:10,164 INFO Ket noi cong COM7 - lay du lieu dong dien nhap luc
2021-01-13 11:45:22,560 INFO Mo file excel
2021-01-13 11:45:22,566 INFO Dong tat ca file excel dang mo
2021-01-13 11:45:22,566 INFO Khoi tao du lieu
2021-01-13 11:45:22,567 INFO Khoi tao tat ca bien trang thai
2021-01-13 11:45:22,569 INFO Khoi tao ket noi chuong trinh
2021-01-13 11:45:22,576 INFO Tao ket noi du lieu voi PLC FX5U
2021-01-13 11:46:22,599 INFO Tao ket noi du lieu voi PLC FX3G
2021-01-13 11:46:22,616 INFO Ket noi cong COM7 - lay du lieu dong dien nhap luc
2021-01-13 11:47:21,429 INFO Ket noi cong COM5 - lay du lieu tieng on
2021-01-13 11:47:22,777 INFO Ket noi cong COM8 - lay du lieu vong quay
2021-01-13 11:47:22,777 INFO Khoi tao thread lay du lieu lien tuc
2021-01-13 11:47:22,777 INFO Khoi tao thread lay du lieu lien tuc --Chutrinh_LayDuLieu--
2021-01-13 11:47:22,877 INFO Chu trinh - 0 - Khoi tao + Doi tin hieu bat dau chay
2021-01-13 11:54:22,817 INFO Mo file excel
2021-01-13 11:54:22,823 INFO Dong tat ca file excel dang mo
2021-01-13 11:54:22,823 INFO Khoi tao du lieu
2021-01-13 11:54:22,824 INFO Khoi tao tat ca bien trang thai
2021-01-13 11:54:22,826 INFO Khoi tao ket noi chuong trinh
2021-01-13 11:54:22,826 INFO Tao ket noi du lieu voi PLC FX5U
2021-01-13 11:55:22,853 INFO Tao ket noi du lieu voi PLC FX3G
2021-01-13 11:55:22,870 INFO Ket noi cong COM7 - lay du lieu dong dien nhap luc
2021-01-13 11:55:39,322 INFO Ket noi cong COM5 - lay du lieu tieng on
2021-01-13 11:55:40,082 INFO Ket noi cong COM8 - lay du lieu vong quay
2021-01-13 11:55:40,082 INFO Khoi tao thread lay du lieu lien tuc
2021-01-13 11:55:40,082 INFO Khoi tao thread lay du lieu lien tuc --Chutrinh_LayDuLieu--
2021-01-13 11:55:40,181 INFO Chu trinh - 0 - Khoi tao + Doi tin hieu bat dau chay
