2021-07-19 00:14:10,025 ERROR Thoi gian chu trinh vuot qua 100ms
2021-07-19 00:14:10,026 INFO Chu trinh - 3 - Lay du lieu chieu thuan
2021-07-19 00:14:10,066 INFO   Lay du lieu - Forward
2021-07-19 00:14:10,066 INFO       Lay du lieu dong dien
2021-07-19 00:14:10,066 INFO       Lay du lieu nhap luc
2021-07-19 00:14:10,066 INFO       Lay du lieu do rung
2021-07-19 00:14:10,066 INFO       Lay du lieu tieng on
2021-07-19 00:14:10,066 INFO       Ve do thi du lieu
2021-07-19 00:14:10,176 INFO Chu trinh - 3 - Lay du lieu chieu thuan
2021-07-19 00:14:10,186 INFO   Lay du lieu - Forward
2021-07-19 00:14:10,186 INFO       Lay du lieu dong dien
2021-07-19 00:14:10,186 INFO       Lay du lieu nhap luc
2021-07-19 00:14:10,186 INFO       Lay du lieu do rung
2021-07-19 00:14:10,186 INFO       Lay du lieu tieng on
2021-07-19 00:14:10,237 INFO Chu trinh - 3 - Lay du lieu chieu thuan
2021-07-19 00:14:10,276 INFO   Lay du lieu - Forward
2021-07-19 00:14:10,276 INFO       Lay du lieu dong dien
2021-07-19 00:14:10,276 INFO       Lay du lieu nhap luc
2021-07-19 00:14:10,276 INFO       Lay du lieu do rung
2021-07-19 00:14:10,276 INFO       Lay du lieu tieng on
2021-07-19 00:14:10,376 INFO Chu trinh - 3 - Lay du lieu chieu thuan
2021-07-19 00:14:10,376 INFO   Lay du lieu - Forward
2021-07-19 00:14:10,376 INFO       Lay du lieu dong dien
2021-07-19 00:14:10,376 INFO       Lay du lieu nhap luc
2021-07-19 00:14:10,376 INFO       Lay du lieu do rung
2021-07-19 00:14:10,376 INFO       Lay du lieu tieng on
2021-07-19 00:14:10,436 INFO Chu trinh - 3 - Lay du lieu chieu thuan
2021-07-19 00:14:10,486 INFO   Lay du lieu - Forward
2021-07-19 00:14:10,486 INFO       Lay du lieu dong dien
2021-07-19 00:14:10,486 INFO       Lay du lieu nhap luc
2021-07-19 00:14:10,486 INFO       Lay du lieu do rung
2021-07-19 00:14:10,486 INFO       Lay du lieu tieng on
2021-07-19 00:14:10,536 INFO Chu trinh - 3 - Lay du lieu chieu thuan
2021-07-19 00:14:10,586 INFO   Lay du lieu - Forward
2021-07-19 00:14:10,586 INFO       Lay du lieu dong dien
2021-07-19 00:14:10,586 INFO       Lay du lieu nhap luc
2021-07-19 00:14:10,586 INFO       Lay du lieu do rung
2021-07-19 00:14:10,586 INFO       Lay du lieu tieng on
2021-07-19 00:14:10,636 INFO Chu trinh - 3 - Lay du lieu chieu thuan
2021-07-19 00:14:10,636 INFO   Lay du lieu - Forward
2021-07-19 00:14:10,636 INFO       Lay du lieu dong dien
2021-07-19 00:14:10,636 INFO       Lay du lieu nhap luc
2021-07-19 00:14:10,636 INFO       Lay du lieu do rung
2021-07-19 00:14:10,636 INFO       Lay du lieu tieng on
2021-07-19 00:14:10,746 INFO Chu trinh - 3 - Lay du lieu chieu thuan
2021-07-19 00:14:10,796 INFO   Lay du lieu - Forward
2021-07-19 00:14:10,796 INFO       Lay du lieu dong dien
2021-07-19 00:14:10,796 INFO       Lay du lieu nhap luc
2021-07-19 00:14:10,796 INFO       Lay du lieu do rung
2021-07-19 00:14:10,796 INFO       Lay du lieu tieng on
2021-07-19 00:14:10,836 INFO Chu trinh - 3 - Lay du lieu chieu thuan
2021-07-19 00:14:10,836 INFO   Lay du lieu - Forward
2021-07-19 00:14:10,836 INFO       Lay du lieu dong dien
2021-07-19 00:14:10,836 INFO       Lay du lieu nhap luc
2021-07-19 00:14:10,836 INFO       Lay du lieu do rung
2021-07-19 00:14:10,836 INFO       Lay du lieu tieng on
2021-07-19 00:14:10,836 INFO       Ve do thi du lieu
2021-07-19 00:14:10,946 INFO Chu trinh - 3 - Lay du lieu chieu thuan
2021-07-19 00:14:10,996 INFO   Lay du lieu - Forward
2021-07-19 00:14:10,996 INFO       Lay du lieu dong dien
2021-07-19 00:14:10,996 INFO       Lay du lieu nhap luc
2021-07-19 00:14:10,996 INFO       Lay du lieu do rung
2021-07-19 00:14:10,996 INFO       Lay du lieu tieng on
2021-07-19 00:14:11,056 INFO Chu trinh - 3 - Lay du lieu chieu thuan
2021-07-19 00:14:11,056 INFO   Lay du lieu - Forward
2021-07-19 00:14:11,056 INFO       Lay du lieu dong dien
2021-07-19 00:14:11,056 INFO       Lay du lieu nhap luc
2021-07-19 00:14:11,056 INFO       Lay du lieu do rung
2021-07-19 00:14:11,056 INFO       Lay du lieu tieng on
2021-07-19 00:14:11,196 INFO Chu trinh - 3 - Lay du lieu chieu thuan
2021-07-19 00:14:11,206 INFO   Lay du lieu - Forward
2021-07-19 00:14:11,206 INFO       Lay du lieu dong dien
2021-07-19 00:14:11,206 INFO       Lay du lieu nhap luc
2021-07-19 00:14:11,206 INFO       Lay du lieu do rung
2021-07-19 00:14:11,206 INFO       Lay du lieu tieng on
2021-07-19 00:14:11,266 INFO Chu trinh - 3 - Lay du lieu chieu thuan
2021-07-19 00:14:11,306 INFO   Lay du lieu - Forward
2021-07-19 00:14:11,306 INFO       Lay du lieu dong dien
2021-07-19 00:14:11,306 INFO       Lay du lieu nhap luc
2021-07-19 00:14:11,306 INFO       Lay du lieu do rung
2021-07-19 00:14:11,306 INFO       Lay du lieu tieng on
2021-07-19 00:14:11,396 INFO Chu trinh - 3 - Lay du lieu chieu thuan
2021-07-19 00:14:11,406 INFO   Lay du lieu - Forward
2021-07-19 00:14:11,406 INFO       Lay du lieu dong dien
2021-07-19 00:14:11,406 INFO       Lay du lieu nhap luc
2021-07-19 00:14:11,406 INFO       Lay du lieu do rung
2021-07-19 00:14:11,406 INFO       Lay du lieu tieng on
2021-07-19 00:14:11,466 INFO Chu trinh - 3 - Lay du lieu chieu thuan
2021-07-19 00:14:11,516 INFO   Lay du lieu - Forward
2021-07-19 00:14:11,516 INFO       Lay du lieu dong dien
2021-07-19 00:14:11,516 INFO       Lay du lieu nhap luc
2021-07-19 00:14:11,516 INFO       Lay du lieu do rung
2021-07-19 00:14:11,516 INFO       Lay du lieu tieng on
2021-07-19 00:14:11,606 INFO Chu trinh - 3 - Lay du lieu chieu thuan
2021-07-19 00:14:11,606 INFO   Lay du lieu - Forward
2021-07-19 00:14:11,606 INFO       Lay du lieu dong dien
2021-07-19 00:14:11,606 INFO       Lay du lieu nhap luc
2021-07-19 00:14:11,606 INFO       Lay du lieu do rung
2021-07-19 00:14:11,606 INFO       Lay du lieu tieng on
2021-07-19 00:14:11,666 INFO Chu trinh - 3 - Lay du lieu chieu thuan
2021-07-19 00:14:11,706 INFO   Lay du lieu - Forward
2021-07-19 00:14:11,706 INFO       Lay du lieu dong dien
2021-07-19 00:14:11,706 INFO       Lay du lieu nhap luc
2021-07-19 00:14:11,706 INFO       Lay du lieu do rung
2021-07-19 00:14:11,706 INFO       Lay du lieu tieng on
2021-07-19 00:14:11,806 INFO Chu trinh - 3 - Lay du lieu chieu thuan
2021-07-19 00:14:11,806 INFO   Lay du lieu - Forward
2021-07-19 00:14:11,806 INFO       Lay du lieu dong dien
2021-07-19 00:14:11,806 INFO       Lay du lieu nhap luc
2021-07-19 00:14:11,806 INFO       Lay du lieu do rung
2021-07-19 00:14:11,806 INFO       Lay du lieu tieng on
2021-07-19 00:14:11,866 INFO Chu trinh - 3 - Lay du lieu chieu thuan
2021-07-19 00:14:11,871 INFO   Lay du lieu - Forward
2021-07-19 00:14:11,871 INFO       Lay du lieu dong dien
2021-07-19 00:14:11,871 INFO       Lay du lieu nhap luc
2021-07-19 00:14:11,871 INFO       Lay du lieu do rung
2021-07-19 00:14:11,871 INFO       Lay du lieu tieng on
2021-07-19 00:14:11,871 INFO       Ve do thi du lieu
2021-07-19 00:14:12,025 INFO Chu trinh - 3 - Lay du lieu chieu thuan
2021-07-19 00:14:12,135 INFO   Lay du lieu - Forward
2021-07-19 00:14:12,135 INFO       Lay du lieu dong dien
2021-07-19 00:14:12,135 INFO       Lay du lieu nhap luc
2021-07-19 00:14:12,135 INFO       Lay du lieu do rung
2021-07-19 00:14:12,135 INFO       Lay du lieu tieng on
2021-07-19 00:14:12,135 ERROR Thoi gian chu trinh vuot qua 100ms
2021-07-19 00:14:12,135 INFO Chu trinh - 3 - Lay du lieu chieu thuan
2021-07-19 00:14:12,145 INFO   Lay du lieu - Forward
2021-07-19 00:14:12,145 INFO       Lay du lieu dong dien
2021-07-19 00:14:12,145 INFO       Lay du lieu nhap luc
2021-07-19 00:14:12,145 INFO       Lay du lieu do rung
2021-07-19 00:14:12,145 INFO       Lay du lieu tieng on
2021-07-19 00:14:12,246 INFO Chu trinh - 3 - Lay du lieu chieu thuan
2021-07-19 00:14:12,306 INFO   Lay du lieu - Forward
2021-07-19 00:14:12,306 INFO       Lay du lieu dong dien
2021-07-19 00:14:12,306 INFO       Lay du lieu nhap luc
2021-07-19 00:14:12,306 INFO       Lay du lieu do rung
2021-07-19 00:14:12,306 INFO       Lay du lieu tieng on
2021-07-19 00:14:12,346 INFO Chu trinh - 3 - Lay du lieu chieu thuan
2021-07-19 00:14:12,355 INFO   Lay du lieu - Forward
2021-07-19 00:14:12,355 INFO       Lay du lieu dong dien
2021-07-19 00:14:12,355 INFO       Lay du lieu nhap luc
2021-07-19 00:14:12,355 INFO       Lay du lieu do rung
2021-07-19 00:14:12,355 INFO       Lay du lieu tieng on
2021-07-19 00:14:12,466 INFO Chu trinh - 3 - Lay du lieu chieu thuan
2021-07-19 00:14:12,516 INFO   Lay du lieu - Forward
2021-07-19 00:14:12,516 INFO       Lay du lieu dong dien
2021-07-19 00:14:12,516 INFO       Lay du lieu nhap luc
2021-07-19 00:14:12,516 INFO       Lay du lieu do rung
2021-07-19 00:14:12,516 INFO       Lay du lieu tieng on
2021-07-19 00:14:12,565 INFO Chu trinh - 3 - Lay du lieu chieu thuan
2021-07-19 00:14:12,575 INFO   Lay du lieu - Forward
2021-07-19 00:14:12,575 INFO       Lay du lieu dong dien
2021-07-19 00:14:12,575 INFO       Lay du lieu nhap luc
2021-07-19 00:14:12,575 INFO       Lay du lieu do rung
2021-07-19 00:14:12,575 INFO       Lay du lieu tieng on
2021-07-19 00:14:12,646 INFO Chu trinh - 3 - Lay du lieu chieu thuan
2021-07-19 00:14:12,695 INFO   Lay du lieu - Forward
2021-07-19 00:14:12,695 INFO       Lay du lieu dong dien
2021-07-19 00:14:12,695 INFO       Lay du lieu nhap luc
2021-07-19 00:14:12,695 INFO       Lay du lieu do rung
2021-07-19 00:14:12,695 INFO       Lay du lieu tieng on
2021-07-19 00:14:12,786 INFO Chu trinh - 3 - Lay du lieu chieu thuan
2021-07-19 00:14:12,795 INFO   Lay du lieu - Forward
2021-07-19 00:14:12,795 INFO       Lay du lieu dong dien
2021-07-19 00:14:12,795 INFO       Lay du lieu nhap luc
2021-07-19 00:14:12,795 INFO       Lay du lieu do rung
2021-07-19 00:14:12,795 INFO       Lay du lieu tieng on
2021-07-19 00:14:12,846 INFO Chu trinh - 3 - Lay du lieu chieu thuan
2021-07-19 00:14:12,846 INFO   Lay du lieu - Forward
2021-07-19 00:14:12,846 INFO       Lay du lieu dong dien
2021-07-19 00:14:12,846 INFO       Lay du lieu nhap luc
2021-07-19 00:14:12,846 INFO       Lay du lieu do rung
2021-07-19 00:14:12,846 INFO       Lay du lieu tieng on
2021-07-19 00:14:12,956 INFO Chu trinh - 3 - Lay du lieu chieu thuan
2021-07-19 00:14:13,005 INFO   Lay du lieu - Forward
2021-07-19 00:14:13,005 INFO       Lay du lieu dong dien
2021-07-19 00:14:13,005 INFO       Lay du lieu nhap luc
2021-07-19 00:14:13,005 INFO       Lay du lieu do rung
2021-07-19 00:14:13,005 INFO       Lay du lieu tieng on
2021-07-19 00:14:13,005 INFO       Ve do thi du lieu
2021-07-19 00:14:13,046 INFO Chu trinh - 3 - Lay du lieu chieu thuan
2021-07-19 00:14:13,053 INFO   Lay du lieu - Forward
2021-07-19 00:14:13,053 INFO       Lay du lieu dong dien
2021-07-19 00:14:13,053 INFO       Lay du lieu nhap luc
2021-07-19 00:14:13,053 INFO       Lay du lieu do rung
2021-07-19 00:14:13,053 INFO       Lay du lieu tieng on
2021-07-19 00:14:13,165 INFO Chu trinh - 3 - Lay du lieu chieu thuan
2021-07-19 00:14:13,215 INFO   Lay du lieu - Forward
2021-07-19 00:14:13,215 INFO       Lay du lieu dong dien
2021-07-19 00:14:13,215 INFO       Lay du lieu nhap luc
2021-07-19 00:14:13,215 INFO       Lay du lieu do rung
2021-07-19 00:14:13,215 INFO       Lay du lieu tieng on
2021-07-19 00:14:13,255 INFO Chu trinh - 3 - Lay du lieu chieu thuan
2021-07-19 00:14:13,255 INFO   Lay du lieu - Forward
2021-07-19 00:14:13,255 INFO       Lay du lieu dong dien
2021-07-19 00:14:13,255 INFO       Lay du lieu nhap luc
2021-07-19 00:14:13,255 INFO       Lay du lieu do rung
2021-07-19 00:14:13,255 INFO       Lay du lieu tieng on
2021-07-19 00:14:13,385 INFO Chu trinh - 3 - Lay du lieu chieu thuan
2021-07-19 00:14:13,429 INFO   Lay du lieu - Forward
2021-07-19 00:14:13,429 INFO       Lay du lieu dong dien
2021-07-19 00:14:13,429 INFO       Lay du lieu nhap luc
2021-07-19 00:14:13,429 INFO       Lay du lieu do rung
2021-07-19 00:14:13,429 INFO       Lay du lieu tieng on
2021-07-19 00:14:13,455 INFO Chu trinh - 3 - Lay du lieu chieu thuan
2021-07-19 00:14:13,455 INFO   Lay du lieu - Forward
2021-07-19 00:14:13,455 INFO       Lay du lieu dong dien
2021-07-19 00:14:13,455 INFO       Lay du lieu nhap luc
2021-07-19 00:14:13,455 INFO       Lay du lieu do rung
2021-07-19 00:14:13,455 INFO       Lay du lieu tieng on
2021-07-19 00:14:13,580 INFO Chu trinh - 3 - Lay du lieu chieu thuan
2021-07-19 00:14:13,585 INFO   Lay du lieu - Forward
2021-07-19 00:14:13,585 INFO       Lay du lieu dong dien
2021-07-19 00:14:13,585 INFO       Lay du lieu nhap luc
2021-07-19 00:14:13,585 INFO       Lay du lieu do rung
2021-07-19 00:14:13,585 INFO       Lay du lieu tieng on
2021-07-19 00:14:13,655 INFO Chu trinh - 3 - Lay du lieu chieu thuan
2021-07-19 00:14:13,655 INFO   Lay du lieu - Forward
2021-07-19 00:14:13,655 INFO       Lay du lieu dong dien
2021-07-19 00:14:13,655 INFO       Lay du lieu nhap luc
2021-07-19 00:14:13,655 INFO       Lay du lieu do rung
2021-07-19 00:14:13,655 INFO       Lay du lieu tieng on
2021-07-19 00:14:13,785 INFO Chu trinh - 3 - Lay du lieu chieu thuan
2021-07-19 00:14:13,836 INFO   Lay du lieu - Forward
2021-07-19 00:14:13,836 INFO       Lay du lieu dong dien
2021-07-19 00:14:13,836 INFO       Lay du lieu nhap luc
2021-07-19 00:14:13,836 INFO       Lay du lieu do rung
2021-07-19 00:14:13,836 INFO       Lay du lieu tieng on
2021-07-19 00:14:13,885 INFO Chu trinh - 3 - Lay du lieu chieu thuan
2021-07-19 00:14:13,945 INFO   Lay du lieu - Forward
2021-07-19 00:14:13,945 INFO       Lay du lieu dong dien
2021-07-19 00:14:13,945 INFO       Lay du lieu nhap luc
2021-07-19 00:14:13,945 INFO       Lay du lieu do rung
2021-07-19 00:14:13,945 INFO       Lay du lieu tieng on
2021-07-19 00:14:13,955 INFO Chu trinh - 3 - Lay du lieu chieu thuan
2021-07-19 00:14:13,960 INFO   Lay du lieu - Forward
2021-07-19 00:14:13,960 INFO       Lay du lieu dong dien
2021-07-19 00:14:13,960 INFO       Lay du lieu nhap luc
2021-07-19 00:14:13,960 INFO       Lay du lieu do rung
2021-07-19 00:14:13,960 INFO       Lay du lieu tieng on
2021-07-19 00:14:13,960 INFO       Ve do thi du lieu
2021-07-19 00:14:14,055 INFO Chu trinh - 3 - Lay du lieu chieu thuan
2021-07-19 00:14:14,115 INFO   Lay du lieu - Forward
2021-07-19 00:14:14,115 INFO       Lay du lieu dong dien
2021-07-19 00:14:14,115 INFO       Lay du lieu nhap luc
2021-07-19 00:14:14,115 INFO       Lay du lieu do rung
2021-07-19 00:14:14,115 INFO       Lay du lieu tieng on
2021-07-19 00:14:14,165 INFO Chu trinh - 3 - Lay du lieu chieu thuan
2021-07-19 00:14:14,175 INFO   Lay du lieu - Forward
2021-07-19 00:14:14,175 INFO       Lay du lieu dong dien
2021-07-19 00:14:14,175 INFO       Lay du lieu nhap luc
2021-07-19 00:14:14,175 INFO       Lay du lieu do rung
2021-07-19 00:14:14,175 INFO       Lay du lieu tieng on
2021-07-19 00:14:14,275 INFO Chu trinh - 3 - Lay du lieu chieu thuan
2021-07-19 00:14:14,331 INFO   Lay du lieu - Forward
2021-07-19 00:14:14,331 INFO       Lay du lieu dong dien
2021-07-19 00:14:14,331 INFO       Lay du lieu nhap luc
2021-07-19 00:14:14,331 INFO       Lay du lieu do rung
2021-07-19 00:14:14,331 INFO       Lay du lieu tieng on
2021-07-19 00:14:14,376 INFO Chu trinh - 3 - Lay du lieu chieu thuan
2021-07-19 00:14:14,376 INFO   Lay du lieu - Forward
2021-07-19 00:14:14,376 INFO       Lay du lieu dong dien
2021-07-19 00:14:14,376 INFO       Lay du lieu nhap luc
2021-07-19 00:14:14,376 INFO       Lay du lieu do rung
2021-07-19 00:14:14,376 INFO       Lay du lieu tieng on
2021-07-19 00:14:14,455 INFO Chu trinh - 3 - Lay du lieu chieu thuan
2021-07-19 00:14:14,505 INFO   Lay du lieu - Forward
2021-07-19 00:14:14,505 INFO       Lay du lieu dong dien
2021-07-19 00:14:14,505 INFO       Lay du lieu nhap luc
2021-07-19 00:14:14,505 INFO       Lay du lieu do rung
2021-07-19 00:14:14,505 INFO       Lay du lieu tieng on
2021-07-19 00:14:14,595 INFO Chu trinh - 3 - Lay du lieu chieu thuan
2021-07-19 00:14:14,605 INFO   Lay du lieu - Forward
2021-07-19 00:14:14,605 INFO       Lay du lieu dong dien
2021-07-19 00:14:14,605 INFO       Lay du lieu nhap luc
2021-07-19 00:14:14,605 INFO       Lay du lieu do rung
2021-07-19 00:14:14,605 INFO       Lay du lieu tieng on
2021-07-19 00:14:14,655 INFO Chu trinh - 3 - Lay du lieu chieu thuan
2021-07-19 00:14:14,655 INFO   Lay du lieu - Forward
2021-07-19 00:14:14,655 INFO       Lay du lieu dong dien
2021-07-19 00:14:14,655 INFO       Lay du lieu nhap luc
2021-07-19 00:14:14,655 INFO       Lay du lieu do rung
2021-07-19 00:14:14,655 INFO       Lay du lieu tieng on
2021-07-19 00:14:14,765 INFO Chu trinh - 3 - Lay du lieu chieu thuan
2021-07-19 00:14:14,815 INFO   Lay du lieu - Forward
2021-07-19 00:14:14,815 INFO       Lay du lieu dong dien
2021-07-19 00:14:14,815 INFO       Lay du lieu nhap luc
2021-07-19 00:14:14,815 INFO       Lay du lieu do rung
2021-07-19 00:14:14,815 INFO       Lay du lieu tieng on
2021-07-19 00:14:14,855 INFO Chu trinh - 3 - Lay du lieu chieu thuan
2021-07-19 00:14:14,855 INFO   Lay du lieu - Forward
2021-07-19 00:14:14,855 INFO       Lay du lieu dong dien
2021-07-19 00:14:14,855 INFO       Lay du lieu nhap luc
2021-07-19 00:14:14,855 INFO       Lay du lieu do rung
2021-07-19 00:14:14,855 INFO       Lay du lieu tieng on
2021-07-19 00:14:14,985 INFO Chu trinh - 3 - Lay du lieu chieu thuan
2021-07-19 00:14:15,034 INFO   Lay du lieu - Forward
2021-07-19 00:14:15,034 INFO       Lay du lieu dong dien
2021-07-19 00:14:15,034 INFO       Lay du lieu nhap luc
2021-07-19 00:14:15,034 INFO       Lay du lieu do rung
2021-07-19 00:14:15,034 INFO       Lay du lieu tieng on
2021-07-19 00:14:15,034 INFO       Ve do thi du lieu
2021-07-19 00:14:15,055 INFO Chu trinh - 3 - Lay du lieu chieu thuan
2021-07-19 00:14:15,055 INFO   Lay du lieu - Forward
2021-07-19 00:14:15,055 INFO       Lay du lieu dong dien
2021-07-19 00:14:15,055 INFO       Lay du lieu nhap luc
2021-07-19 00:14:15,055 INFO       Lay du lieu do rung
2021-07-19 00:14:15,055 INFO       Lay du lieu tieng on
2021-07-19 00:14:15,185 INFO Chu trinh - 3 - Lay du lieu chieu thuan
2021-07-19 00:14:15,235 INFO   Lay du lieu - Forward
2021-07-19 00:14:15,235 INFO       Lay du lieu dong dien
2021-07-19 00:14:15,235 INFO       Lay du lieu nhap luc
2021-07-19 00:14:15,235 INFO       Lay du lieu do rung
2021-07-19 00:14:15,235 INFO       Lay du lieu tieng on
2021-07-19 00:14:15,255 INFO Chu trinh - 3 - Lay du lieu chieu thuan
2021-07-19 00:14:15,255 INFO   Lay du lieu - Forward
2021-07-19 00:14:15,255 INFO       Lay du lieu dong dien
2021-07-19 00:14:15,255 INFO       Lay du lieu nhap luc
2021-07-19 00:14:15,255 INFO       Lay du lieu do rung
2021-07-19 00:14:15,255 INFO       Lay du lieu tieng on
2021-07-19 00:14:15,385 INFO Chu trinh - 3 - Lay du lieu chieu thuan
2021-07-19 00:14:15,434 INFO   Lay du lieu - Forward
2021-07-19 00:14:15,435 INFO       Lay du lieu dong dien
2021-07-19 00:14:15,435 INFO       Lay du lieu nhap luc
2021-07-19 00:14:15,435 INFO       Lay du lieu do rung
2021-07-19 00:14:15,435 INFO       Lay du lieu tieng on
2021-07-19 00:14:15,485 INFO Chu trinh - 3 - Lay du lieu chieu thuan
2021-07-19 00:14:15,491 INFO   Lay du lieu - Forward
2021-07-19 00:14:15,491 INFO       Lay du lieu dong dien
2021-07-19 00:14:15,491 INFO       Lay du lieu nhap luc
2021-07-19 00:14:15,491 INFO       Lay du lieu do rung
2021-07-19 00:14:15,491 INFO       Lay du lieu tieng on
2021-07-19 00:14:15,582 INFO Chu trinh - 3 - Lay du lieu chieu thuan
2021-07-19 00:14:15,635 INFO   Lay du lieu - Forward
2021-07-19 00:14:15,635 INFO       Lay du lieu dong dien
2021-07-19 00:14:15,635 INFO       Lay du lieu nhap luc
2021-07-19 00:14:15,635 INFO       Lay du lieu do rung
2021-07-19 00:14:15,635 INFO       Lay du lieu tieng on
2021-07-19 00:14:15,715 INFO Chu trinh - 3 - Lay du lieu chieu thuan
2021-07-19 00:14:15,855 INFO   Lay du lieu - Forward
2021-07-19 00:14:15,855 INFO       Lay du lieu dong dien
2021-07-19 00:14:15,855 INFO       Lay du lieu nhap luc
2021-07-19 00:14:15,855 INFO       Lay du lieu do rung
2021-07-19 00:14:15,855 INFO       Lay du lieu tieng on
2021-07-19 00:14:15,855 ERROR Thoi gian chu trinh vuot qua 100ms
2021-07-19 00:14:15,855 INFO Chu trinh - 3 - Lay du lieu chieu thuan
2021-07-19 00:14:15,905 INFO   Lay du lieu - Forward
2021-07-19 00:14:15,905 INFO       Lay du lieu dong dien
2021-07-19 00:14:15,905 INFO       Lay du lieu nhap luc
2021-07-19 00:14:15,905 INFO       Lay du lieu do rung
2021-07-19 00:14:15,905 INFO       Lay du lieu tieng on
2021-07-19 00:14:15,965 INFO Chu trinh - 3 - Lay du lieu chieu thuan
2021-07-19 00:14:15,975 INFO   Lay du lieu - Forward
2021-07-19 00:14:15,975 INFO       Lay du lieu dong dien
2021-07-19 00:14:15,975 INFO       Lay du lieu nhap luc
2021-07-19 00:14:15,975 INFO       Lay du lieu do rung
2021-07-19 00:14:15,975 INFO       Lay du lieu tieng on
2021-07-19 00:14:16,075 INFO Chu trinh - 3 - Lay du lieu chieu thuan
2021-07-19 00:14:16,125 INFO   Lay du lieu - Forward
2021-07-19 00:14:16,125 INFO       Lay du lieu dong dien
2021-07-19 00:14:16,125 INFO       Lay du lieu nhap luc
2021-07-19 00:14:16,125 INFO       Lay du lieu do rung
2021-07-19 00:14:16,125 INFO       Lay du lieu tieng on
2021-07-19 00:14:16,125 INFO       Ve do thi du lieu
2021-07-19 00:14:16,175 INFO Chu trinh - 3 - Lay du lieu chieu thuan
2021-07-19 00:14:16,182 INFO   Lay du lieu - Forward
2021-07-19 00:14:16,182 INFO       Lay du lieu dong dien
2021-07-19 00:14:16,182 INFO       Lay du lieu nhap luc
2021-07-19 00:14:16,182 INFO       Lay du lieu do rung
2021-07-19 00:14:16,183 INFO       Lay du lieu tieng on
2021-07-19 00:14:16,285 INFO Chu trinh - 3 - Lay du lieu chieu thuan
2021-07-19 00:14:16,345 INFO   Lay du lieu - Forward
2021-07-19 00:14:16,345 INFO       Lay du lieu dong dien
2021-07-19 00:14:16,345 INFO       Lay du lieu nhap luc
2021-07-19 00:14:16,345 INFO       Lay du lieu do rung
2021-07-19 00:14:16,345 INFO       Lay du lieu tieng on
2021-07-19 00:14:16,385 INFO Chu trinh - 3 - Lay du lieu chieu thuan
2021-07-19 00:14:16,395 INFO   Lay du lieu - Forward
2021-07-19 00:14:16,395 INFO       Lay du lieu dong dien
2021-07-19 00:14:16,395 INFO       Lay du lieu nhap luc
2021-07-19 00:14:16,395 INFO       Lay du lieu do rung
2021-07-19 00:14:16,395 INFO       Lay du lieu tieng on
2021-07-19 00:14:16,465 INFO Chu trinh - 3 - Lay du lieu chieu thuan
2021-07-19 00:14:16,505 INFO   Lay du lieu - Forward
2021-07-19 00:14:16,505 INFO       Lay du lieu dong dien
2021-07-19 00:14:16,505 INFO       Lay du lieu nhap luc
2021-07-19 00:14:16,514 INFO       Lay du lieu do rung
2021-07-19 00:14:16,515 INFO       Lay du lieu tieng on
2021-07-19 00:14:16,605 INFO Chu trinh - 3 - Lay du lieu chieu thuan
2021-07-19 00:14:16,614 INFO   Lay du lieu - Forward
2021-07-19 00:14:16,614 INFO       Lay du lieu dong dien
2021-07-19 00:14:16,614 INFO       Lay du lieu nhap luc
2021-07-19 00:14:16,614 INFO       Lay du lieu do rung
2021-07-19 00:14:16,614 INFO       Lay du lieu tieng on
2021-07-19 00:14:16,665 INFO Chu trinh - 3 - Lay du lieu chieu thuan
2021-07-19 00:14:16,665 INFO   Lay du lieu - Forward
2021-07-19 00:14:16,665 INFO       Lay du lieu dong dien
2021-07-19 00:14:16,665 INFO       Lay du lieu nhap luc
2021-07-19 00:14:16,665 INFO       Lay du lieu do rung
2021-07-19 00:14:16,665 INFO       Lay du lieu tieng on
2021-07-19 00:14:16,774 INFO Chu trinh - 3 - Lay du lieu chieu thuan
2021-07-19 00:14:16,824 INFO   Lay du lieu - Forward
2021-07-19 00:14:16,824 INFO       Lay du lieu dong dien
2021-07-19 00:14:16,824 INFO       Lay du lieu nhap luc
2021-07-19 00:14:16,824 INFO       Lay du lieu do rung
2021-07-19 00:14:16,824 INFO       Lay du lieu tieng on
2021-07-19 00:14:16,865 INFO Chu trinh - 3 - Lay du lieu chieu thuan
2021-07-19 00:14:16,875 INFO   Lay du lieu - Forward
2021-07-19 00:14:16,875 INFO       Lay du lieu dong dien
2021-07-19 00:14:16,875 INFO       Lay du lieu nhap luc
2021-07-19 00:14:16,875 INFO       Lay du lieu do rung
2021-07-19 00:14:16,875 INFO       Lay du lieu tieng on
2021-07-19 00:14:16,969 INFO Chu trinh - 3 - Lay du lieu chieu thuan
2021-07-19 00:14:17,015 INFO   Lay du lieu - Forward
2021-07-19 00:14:17,015 INFO       Lay du lieu dong dien
2021-07-19 00:14:17,015 INFO       Lay du lieu nhap luc
2021-07-19 00:14:17,015 INFO       Lay du lieu do rung
2021-07-19 00:14:17,015 INFO       Lay du lieu tieng on
2021-07-19 00:14:17,064 INFO Chu trinh - 3 - Lay du lieu chieu thuan
2021-07-19 00:14:17,064 INFO   Lay du lieu - Forward
2021-07-19 00:14:17,064 INFO       Lay du lieu dong dien
2021-07-19 00:14:17,064 INFO       Lay du lieu nhap luc
2021-07-19 00:14:17,064 INFO       Lay du lieu do rung
2021-07-19 00:14:17,064 INFO       Lay du lieu tieng on
2021-07-19 00:14:17,064 INFO       Ve do thi du lieu
2021-07-19 00:14:17,175 INFO Chu trinh - 3 - Lay du lieu chieu thuan
2021-07-19 00:14:17,224 INFO   Lay du lieu - Forward
2021-07-19 00:14:17,224 INFO       Lay du lieu dong dien
2021-07-19 00:14:17,224 INFO       Lay du lieu nhap luc
2021-07-19 00:14:17,224 INFO       Lay du lieu do rung
2021-07-19 00:14:17,224 INFO       Lay du lieu tieng on
2021-07-19 00:14:17,265 INFO Chu trinh - 3 - Lay du lieu chieu thuan
2021-07-19 00:14:17,274 INFO   Lay du lieu - Forward
2021-07-19 00:14:17,274 INFO       Lay du lieu dong dien
2021-07-19 00:14:17,274 INFO       Lay du lieu nhap luc
2021-07-19 00:14:17,274 INFO       Lay du lieu do rung
2021-07-19 00:14:17,274 INFO       Lay du lieu tieng on
2021-07-19 00:14:17,374 INFO Chu trinh - 3 - Lay du lieu chieu thuan
2021-07-19 00:14:17,424 INFO   Lay du lieu - Forward
2021-07-19 00:14:17,424 INFO       Lay du lieu dong dien
2021-07-19 00:14:17,424 INFO       Lay du lieu nhap luc
2021-07-19 00:14:17,424 INFO       Lay du lieu do rung
2021-07-19 00:14:17,424 INFO       Lay du lieu tieng on
2021-07-19 00:14:17,464 INFO Chu trinh - 3 - Lay du lieu chieu thuan
2021-07-19 00:14:17,464 INFO   Lay du lieu - Forward
2021-07-19 00:14:17,464 INFO       Lay du lieu dong dien
2021-07-19 00:14:17,464 INFO       Lay du lieu nhap luc
2021-07-19 00:14:17,464 INFO       Lay du lieu do rung
2021-07-19 00:14:17,464 INFO       Lay du lieu tieng on
2021-07-19 00:14:17,574 INFO Chu trinh - 3 - Lay du lieu chieu thuan
2021-07-19 00:14:17,624 INFO   Lay du lieu - Forward
2021-07-19 00:14:17,624 INFO       Lay du lieu dong dien
2021-07-19 00:14:17,624 INFO       Lay du lieu nhap luc
2021-07-19 00:14:17,624 INFO       Lay du lieu do rung
2021-07-19 00:14:17,624 INFO       Lay du lieu tieng on
2021-07-19 00:14:17,674 INFO Chu trinh - 3 - Lay du lieu chieu thuan
2021-07-19 00:14:17,734 INFO   Lay du lieu - Forward
2021-07-19 00:14:17,734 INFO       Lay du lieu dong dien
2021-07-19 00:14:17,734 INFO       Lay du lieu nhap luc
2021-07-19 00:14:17,734 INFO       Lay du lieu do rung
2021-07-19 00:14:17,734 INFO       Lay du lieu tieng on
2021-07-19 00:14:17,785 INFO Chu trinh - 3 - Lay du lieu chieu thuan
2021-07-19 00:14:17,864 INFO   Lay du lieu - Forward
2021-07-19 00:14:17,864 INFO       Lay du lieu dong dien
2021-07-19 00:14:17,864 INFO       Lay du lieu nhap luc
2021-07-19 00:14:17,864 INFO       Lay du lieu do rung
2021-07-19 00:14:17,864 INFO       Lay du lieu tieng on
2021-07-19 00:14:17,864 ERROR Thoi gian chu trinh vuot qua 100ms
2021-07-19 00:14:17,904 INFO Chu trinh - 3 - Lay du lieu chieu thuan
2021-07-19 00:14:17,924 INFO   Lay du lieu - Forward
2021-07-19 00:14:17,924 INFO       Lay du lieu dong dien
2021-07-19 00:14:17,924 INFO       Lay du lieu nhap luc
2021-07-19 00:14:17,924 INFO       Lay du lieu do rung
2021-07-19 00:14:17,924 INFO       Lay du lieu tieng on
2021-07-19 00:14:17,964 INFO Chu trinh - 3 - Lay du lieu chieu thuan
2021-07-19 00:14:17,964 INFO   Lay du lieu - Forward
2021-07-19 00:14:17,964 INFO       Lay du lieu dong dien
2021-07-19 00:14:17,964 INFO       Lay du lieu nhap luc
2021-07-19 00:14:17,964 INFO       Lay du lieu do rung
2021-07-19 00:14:17,964 INFO       Lay du lieu tieng on
2021-07-19 00:14:18,074 INFO Chu trinh - 3 - Lay du lieu chieu thuan
2021-07-19 00:14:18,114 INFO   Lay du lieu - Forward
2021-07-19 00:14:18,124 INFO       Lay du lieu dong dien
2021-07-19 00:14:18,124 INFO       Lay du lieu nhap luc
2021-07-19 00:14:18,124 INFO       Lay du lieu do rung
2021-07-19 00:14:18,124 INFO       Lay du lieu tieng on
2021-07-19 00:14:18,124 INFO       Ve do thi du lieu
2021-07-19 00:14:18,164 INFO Chu trinh - 3 - Lay du lieu chieu thuan
2021-07-19 00:14:18,168 INFO   Lay du lieu - Forward
2021-07-19 00:14:18,168 INFO       Lay du lieu dong dien
2021-07-19 00:14:18,168 INFO       Lay du lieu nhap luc
2021-07-19 00:14:18,168 INFO       Lay du lieu do rung
2021-07-19 00:14:18,168 INFO       Lay du lieu tieng on
2021-07-19 00:14:18,295 INFO Chu trinh - 3 - Lay du lieu chieu thuan
2021-07-19 00:14:18,345 INFO   Lay du lieu - Forward
2021-07-19 00:14:18,345 INFO       Lay du lieu dong dien
2021-07-19 00:14:18,345 INFO       Lay du lieu nhap luc
2021-07-19 00:14:18,345 INFO       Lay du lieu do rung
2021-07-19 00:14:18,345 INFO       Lay du lieu tieng on
2021-07-19 00:14:18,364 INFO Chu trinh - 3 - Lay du lieu chieu thuan
2021-07-19 00:14:18,369 INFO   Lay du lieu - Forward
2021-07-19 00:14:18,369 INFO       Lay du lieu dong dien
2021-07-19 00:14:18,369 INFO       Lay du lieu nhap luc
2021-07-19 00:14:18,369 INFO       Lay du lieu do rung
2021-07-19 00:14:18,369 INFO       Lay du lieu tieng on
2021-07-19 00:14:18,465 INFO Chu trinh - 3 - Lay du lieu chieu thuan
2021-07-19 00:14:18,514 INFO   Lay du lieu - Forward
2021-07-19 00:14:18,514 INFO       Lay du lieu dong dien
2021-07-19 00:14:18,514 INFO       Lay du lieu nhap luc
2021-07-19 00:14:18,514 INFO       Lay du lieu do rung
2021-07-19 00:14:18,514 INFO       Lay du lieu tieng on
2021-07-19 00:14:18,564 INFO Chu trinh - 3 - Lay du lieu chieu thuan
2021-07-19 00:14:18,564 INFO   Lay du lieu - Forward
2021-07-19 00:14:18,564 INFO       Lay du lieu dong dien
2021-07-19 00:14:18,564 INFO       Lay du lieu nhap luc
2021-07-19 00:14:18,564 INFO       Lay du lieu do rung
2021-07-19 00:14:18,564 INFO       Lay du lieu tieng on
2021-07-19 00:14:18,684 INFO Chu trinh - 3 - Lay du lieu chieu thuan
2021-07-19 00:14:18,734 INFO   Lay du lieu - Forward
2021-07-19 00:14:18,734 INFO       Lay du lieu dong dien
2021-07-19 00:14:18,734 INFO       Lay du lieu nhap luc
2021-07-19 00:14:18,734 INFO       Lay du lieu do rung
2021-07-19 00:14:18,734 INFO       Lay du lieu tieng on
2021-07-19 00:14:18,784 INFO Chu trinh - 3 - Lay du lieu chieu thuan
2021-07-19 00:14:18,784 INFO   Lay du lieu - Forward
2021-07-19 00:14:18,784 INFO       Lay du lieu dong dien
2021-07-19 00:14:18,784 INFO       Lay du lieu nhap luc
2021-07-19 00:14:18,784 INFO       Lay du lieu do rung
2021-07-19 00:14:18,784 INFO       Lay du lieu tieng on
2021-07-19 00:14:18,864 INFO Chu trinh - 3 - Lay du lieu chieu thuan
2021-07-19 00:14:18,904 INFO   Lay du lieu - Forward
2021-07-19 00:14:18,904 INFO       Lay du lieu dong dien
2021-07-19 00:14:18,904 INFO       Lay du lieu nhap luc
2021-07-19 00:14:18,904 INFO       Lay du lieu do rung
2021-07-19 00:14:18,904 INFO       Lay du lieu tieng on
2021-07-19 00:14:18,994 INFO Chu trinh - 3 - Lay du lieu chieu thuan
2021-07-19 00:14:19,004 INFO   Lay du lieu - Forward
2021-07-19 00:14:19,004 INFO       Lay du lieu dong dien
2021-07-19 00:14:19,004 INFO       Lay du lieu nhap luc
2021-07-19 00:14:19,004 INFO       Lay du lieu do rung
2021-07-19 00:14:19,004 INFO       Lay du lieu tieng on
2021-07-19 00:14:19,064 INFO Chu trinh - 3 - Lay du lieu chieu thuan
2021-07-19 00:14:19,104 INFO   Lay du lieu - Forward
2021-07-19 00:14:19,104 INFO       Lay du lieu dong dien
2021-07-19 00:14:19,104 INFO       Lay du lieu nhap luc
2021-07-19 00:14:19,104 INFO       Lay du lieu do rung
2021-07-19 00:14:19,104 INFO       Lay du lieu tieng on
2021-07-19 00:14:19,104 INFO       Ve do thi du lieu
2021-07-19 00:14:19,204 INFO Chu trinh - 3 - Lay du lieu chieu thuan
2021-07-19 00:14:19,204 INFO   Lay du lieu - Forward
2021-07-19 00:14:19,204 INFO       Lay du lieu dong dien
2021-07-19 00:14:19,204 INFO       Lay du lieu nhap luc
2021-07-19 00:14:19,204 INFO       Lay du lieu do rung
2021-07-19 00:14:19,204 INFO       Lay du lieu tieng on
2021-07-19 00:14:19,524 ERROR Thoi gian chu trinh vuot qua 100ms
2021-07-19 00:14:19,624 INFO Chu trinh - 9 - Ghi du lieu am thanh chieu thuan
2021-07-19 00:14:19,704 INFO Chu trinh - 11 - Doi du lieu bat dau chieu nghich
2021-07-19 00:14:19,704 ERROR Thoi gian chu trinh vuot qua 100ms
2021-07-19 00:14:21,973 ERROR Thoi gian chu trinh vuot qua 100ms
2021-07-19 00:14:23,263 ERROR Thoi gian chu trinh vuot qua 100ms
2021-07-19 00:14:27,782 ERROR Thoi gian chu trinh vuot qua 100ms
2021-07-19 00:14:27,802 INFO Chu trinh - 13 - Lay du lieu chieu nghich
2021-07-19 00:14:27,802 INFO   Lay du lieu - Backward
2021-07-19 00:14:27,802 INFO       Lay du lieu dong dien
2021-07-19 00:14:27,802 INFO       Lay du lieu nhap luc
2021-07-19 00:14:27,802 INFO       Lay du lieu do rung
2021-07-19 00:14:27,802 INFO       Lay du lieu tieng on
2021-07-19 00:14:27,812 INFO       Ve do thi du lieu
2021-07-19 00:14:27,887 INFO Chu trinh - 13 - Lay du lieu chieu nghich
2021-07-19 00:14:27,887 INFO   Lay du lieu - Backward
2021-07-19 00:14:27,887 INFO       Lay du lieu dong dien
2021-07-19 00:14:27,887 INFO       Lay du lieu nhap luc
2021-07-19 00:14:27,887 INFO       Lay du lieu do rung
2021-07-19 00:14:27,887 INFO       Lay du lieu tieng on
2021-07-19 00:14:28,052 INFO Chu trinh - 13 - Lay du lieu chieu nghich
2021-07-19 00:14:28,052 INFO   Lay du lieu - Backward
2021-07-19 00:14:28,052 INFO       Lay du lieu dong dien
2021-07-19 00:14:28,052 INFO       Lay du lieu nhap luc
2021-07-19 00:14:28,052 INFO       Lay du lieu do rung
2021-07-19 00:14:28,052 INFO       Lay du lieu tieng on
2021-07-19 00:14:28,102 INFO Chu trinh - 13 - Lay du lieu chieu nghich
2021-07-19 00:14:28,102 INFO   Lay du lieu - Backward
2021-07-19 00:14:28,102 INFO       Lay du lieu dong dien
2021-07-19 00:14:28,102 INFO       Lay du lieu nhap luc
2021-07-19 00:14:28,102 INFO       Lay du lieu do rung
2021-07-19 00:14:28,102 INFO       Lay du lieu tieng on
2021-07-19 00:14:28,262 INFO Chu trinh - 13 - Lay du lieu chieu nghich
2021-07-19 00:14:28,262 INFO   Lay du lieu - Backward
2021-07-19 00:14:28,262 INFO       Lay du lieu dong dien
2021-07-19 00:14:28,262 INFO       Lay du lieu nhap luc
2021-07-19 00:14:28,262 INFO       Lay du lieu do rung
2021-07-19 00:14:28,262 INFO       Lay du lieu tieng on
2021-07-19 00:14:28,292 INFO Chu trinh - 13 - Lay du lieu chieu nghich
2021-07-19 00:14:28,292 INFO   Lay du lieu - Backward
2021-07-19 00:14:28,292 INFO       Lay du lieu dong dien
2021-07-19 00:14:28,292 INFO       Lay du lieu nhap luc
2021-07-19 00:14:28,292 INFO       Lay du lieu do rung
2021-07-19 00:14:28,292 INFO       Lay du lieu tieng on
2021-07-19 00:14:28,471 INFO Chu trinh - 13 - Lay du lieu chieu nghich
2021-07-19 00:14:28,471 INFO   Lay du lieu - Backward
2021-07-19 00:14:28,471 INFO       Lay du lieu dong dien
2021-07-19 00:14:28,471 INFO       Lay du lieu nhap luc
2021-07-19 00:14:28,471 INFO       Lay du lieu do rung
2021-07-19 00:14:28,471 INFO       Lay du lieu tieng on
2021-07-19 00:14:28,492 INFO Chu trinh - 13 - Lay du lieu chieu nghich
2021-07-19 00:14:28,492 INFO   Lay du lieu - Backward
2021-07-19 00:14:28,492 INFO       Lay du lieu dong dien
2021-07-19 00:14:28,492 INFO       Lay du lieu nhap luc
2021-07-19 00:14:28,492 INFO       Lay du lieu do rung
2021-07-19 00:14:28,492 INFO       Lay du lieu tieng on
2021-07-19 00:14:28,672 INFO Chu trinh - 13 - Lay du lieu chieu nghich
2021-07-19 00:14:28,672 INFO   Lay du lieu - Backward
2021-07-19 00:14:28,672 INFO       Lay du lieu dong dien
2021-07-19 00:14:28,672 INFO       Lay du lieu nhap luc
2021-07-19 00:14:28,672 INFO       Lay du lieu do rung
2021-07-19 00:14:28,672 INFO       Lay du lieu tieng on
2021-07-19 00:14:28,672 INFO       Ve do thi du lieu
2021-07-19 00:14:28,692 INFO Chu trinh - 13 - Lay du lieu chieu nghich
2021-07-19 00:14:28,692 INFO   Lay du lieu - Backward
2021-07-19 00:14:28,692 INFO       Lay du lieu dong dien
2021-07-19 00:14:28,692 INFO       Lay du lieu nhap luc
2021-07-19 00:14:28,692 INFO       Lay du lieu do rung
2021-07-19 00:14:28,692 INFO       Lay du lieu tieng on
2021-07-19 00:14:28,862 INFO Chu trinh - 13 - Lay du lieu chieu nghich
2021-07-19 00:14:28,862 INFO   Lay du lieu - Backward
2021-07-19 00:14:28,862 INFO       Lay du lieu dong dien
2021-07-19 00:14:28,862 INFO       Lay du lieu nhap luc
2021-07-19 00:14:28,872 INFO       Lay du lieu do rung
2021-07-19 00:14:28,872 INFO       Lay du lieu tieng on
2021-07-19 00:14:28,893 INFO Chu trinh - 13 - Lay du lieu chieu nghich
2021-07-19 00:14:28,893 INFO   Lay du lieu - Backward
2021-07-19 00:14:28,893 INFO       Lay du lieu dong dien
2021-07-19 00:14:28,893 INFO       Lay du lieu nhap luc
2021-07-19 00:14:28,893 INFO       Lay du lieu do rung
2021-07-19 00:14:28,893 INFO       Lay du lieu tieng on
2021-07-19 00:14:29,122 INFO Chu trinh - 13 - Lay du lieu chieu nghich
2021-07-19 00:14:29,122 INFO   Lay du lieu - Backward
2021-07-19 00:14:29,122 INFO       Lay du lieu dong dien
2021-07-19 00:14:29,122 INFO       Lay du lieu nhap luc
2021-07-19 00:14:29,122 INFO       Lay du lieu do rung
2021-07-19 00:14:29,122 INFO       Lay du lieu tieng on
2021-07-19 00:14:29,122 ERROR Thoi gian chu trinh vuot qua 100ms
2021-07-19 00:14:29,175 INFO Chu trinh - 13 - Lay du lieu chieu nghich
2021-07-19 00:14:29,175 INFO   Lay du lieu - Backward
2021-07-19 00:14:29,175 INFO       Lay du lieu dong dien
2021-07-19 00:14:29,175 INFO       Lay du lieu nhap luc
2021-07-19 00:14:29,175 INFO       Lay du lieu do rung
2021-07-19 00:14:29,175 INFO       Lay du lieu tieng on
2021-07-19 00:14:29,272 INFO Chu trinh - 13 - Lay du lieu chieu nghich
2021-07-19 00:14:29,272 INFO   Lay du lieu - Backward
2021-07-19 00:14:29,272 INFO       Lay du lieu dong dien
2021-07-19 00:14:29,272 INFO       Lay du lieu nhap luc
2021-07-19 00:14:29,272 INFO       Lay du lieu do rung
2021-07-19 00:14:29,272 INFO       Lay du lieu tieng on
2021-07-19 00:14:29,371 INFO Chu trinh - 13 - Lay du lieu chieu nghich
2021-07-19 00:14:29,371 INFO   Lay du lieu - Backward
2021-07-19 00:14:29,371 INFO       Lay du lieu dong dien
2021-07-19 00:14:29,371 INFO       Lay du lieu nhap luc
2021-07-19 00:14:29,371 INFO       Lay du lieu do rung
2021-07-19 00:14:29,371 INFO       Lay du lieu tieng on
2021-07-19 00:14:29,481 INFO Chu trinh - 13 - Lay du lieu chieu nghich
2021-07-19 00:14:29,481 INFO   Lay du lieu - Backward
2021-07-19 00:14:29,481 INFO       Lay du lieu dong dien
2021-07-19 00:14:29,481 INFO       Lay du lieu nhap luc
2021-07-19 00:14:29,481 INFO       Lay du lieu do rung
2021-07-19 00:14:29,481 INFO       Lay du lieu tieng on
2021-07-19 00:14:29,572 INFO Chu trinh - 13 - Lay du lieu chieu nghich
2021-07-19 00:14:29,572 INFO   Lay du lieu - Backward
2021-07-19 00:14:29,572 INFO       Lay du lieu dong dien
2021-07-19 00:14:29,572 INFO       Lay du lieu nhap luc
2021-07-19 00:14:29,572 INFO       Lay du lieu do rung
2021-07-19 00:14:29,572 INFO       Lay du lieu tieng on
2021-07-19 00:14:29,632 INFO Chu trinh - 13 - Lay du lieu chieu nghich
2021-07-19 00:14:29,632 INFO   Lay du lieu - Backward
2021-07-19 00:14:29,632 INFO       Lay du lieu dong dien
2021-07-19 00:14:29,632 INFO       Lay du lieu nhap luc
2021-07-19 00:14:29,632 INFO       Lay du lieu do rung
2021-07-19 00:14:29,632 INFO       Lay du lieu tieng on
2021-07-19 00:14:29,632 INFO       Ve do thi du lieu
2021-07-19 00:14:29,821 INFO Chu trinh - 13 - Lay du lieu chieu nghich
2021-07-19 00:14:29,821 INFO   Lay du lieu - Backward
2021-07-19 00:14:29,821 INFO       Lay du lieu dong dien
2021-07-19 00:14:29,821 INFO       Lay du lieu nhap luc
2021-07-19 00:14:29,821 INFO       Lay du lieu do rung
2021-07-19 00:14:29,821 INFO       Lay du lieu tieng on
2021-07-19 00:14:29,832 INFO Chu trinh - 13 - Lay du lieu chieu nghich
2021-07-19 00:14:29,832 INFO   Lay du lieu - Backward
2021-07-19 00:14:29,832 INFO       Lay du lieu dong dien
2021-07-19 00:14:29,832 INFO       Lay du lieu nhap luc
2021-07-19 00:14:29,832 INFO       Lay du lieu do rung
2021-07-19 00:14:29,832 INFO       Lay du lieu tieng on
2021-07-19 00:14:29,992 INFO Chu trinh - 13 - Lay du lieu chieu nghich
2021-07-19 00:14:29,992 INFO   Lay du lieu - Backward
2021-07-19 00:14:29,992 INFO       Lay du lieu dong dien
2021-07-19 00:14:29,992 INFO       Lay du lieu nhap luc
2021-07-19 00:14:29,992 INFO       Lay du lieu do rung
2021-07-19 00:14:29,992 INFO       Lay du lieu tieng on
2021-07-19 00:14:30,041 INFO Chu trinh - 13 - Lay du lieu chieu nghich
2021-07-19 00:14:30,041 INFO   Lay du lieu - Backward
2021-07-19 00:14:30,041 INFO       Lay du lieu dong dien
2021-07-19 00:14:30,041 INFO       Lay du lieu nhap luc
2021-07-19 00:14:30,041 INFO       Lay du lieu do rung
2021-07-19 00:14:30,041 INFO       Lay du lieu tieng on
2021-07-19 00:14:30,202 INFO Chu trinh - 13 - Lay du lieu chieu nghich
2021-07-19 00:14:30,202 INFO   Lay du lieu - Backward
2021-07-19 00:14:30,202 INFO       Lay du lieu dong dien
2021-07-19 00:14:30,202 INFO       Lay du lieu nhap luc
2021-07-19 00:14:30,202 INFO       Lay du lieu do rung
2021-07-19 00:14:30,202 INFO       Lay du lieu tieng on
2021-07-19 00:14:30,242 INFO Chu trinh - 13 - Lay du lieu chieu nghich
2021-07-19 00:14:30,242 INFO   Lay du lieu - Backward
2021-07-19 00:14:30,242 INFO       Lay du lieu dong dien
2021-07-19 00:14:30,242 INFO       Lay du lieu nhap luc
2021-07-19 00:14:30,242 INFO       Lay du lieu do rung
2021-07-19 00:14:30,242 INFO       Lay du lieu tieng on
2021-07-19 00:14:30,402 INFO Chu trinh - 13 - Lay du lieu chieu nghich
2021-07-19 00:14:30,402 INFO   Lay du lieu - Backward
2021-07-19 00:14:30,402 INFO       Lay du lieu dong dien
2021-07-19 00:14:30,402 INFO       Lay du lieu nhap luc
2021-07-19 00:14:30,402 INFO       Lay du lieu do rung
2021-07-19 00:14:30,402 INFO       Lay du lieu tieng on
2021-07-19 00:14:30,456 INFO Chu trinh - 13 - Lay du lieu chieu nghich
2021-07-19 00:14:30,456 INFO   Lay du lieu - Backward
2021-07-19 00:14:30,456 INFO       Lay du lieu dong dien
2021-07-19 00:14:30,456 INFO       Lay du lieu nhap luc
2021-07-19 00:14:30,456 INFO       Lay du lieu do rung
2021-07-19 00:14:30,456 INFO       Lay du lieu tieng on
2021-07-19 00:14:30,601 INFO Chu trinh - 13 - Lay du lieu chieu nghich
2021-07-19 00:14:30,601 INFO   Lay du lieu - Backward
2021-07-19 00:14:30,601 INFO       Lay du lieu dong dien
2021-07-19 00:14:30,601 INFO       Lay du lieu nhap luc
2021-07-19 00:14:30,601 INFO       Lay du lieu do rung
2021-07-19 00:14:30,601 INFO       Lay du lieu tieng on
2021-07-19 00:14:30,651 INFO Chu trinh - 13 - Lay du lieu chieu nghich
2021-07-19 00:14:30,651 INFO   Lay du lieu - Backward
2021-07-19 00:14:30,651 INFO       Lay du lieu dong dien
2021-07-19 00:14:30,651 INFO       Lay du lieu nhap luc
2021-07-19 00:14:30,651 INFO       Lay du lieu do rung
2021-07-19 00:14:30,651 INFO       Lay du lieu tieng on
2021-07-19 00:14:30,651 INFO       Ve do thi du lieu
2021-07-19 00:14:30,802 INFO Chu trinh - 13 - Lay du lieu chieu nghich
2021-07-19 00:14:30,802 INFO   Lay du lieu - Backward
2021-07-19 00:14:30,802 INFO       Lay du lieu dong dien
2021-07-19 00:14:30,802 INFO       Lay du lieu nhap luc
2021-07-19 00:14:30,802 INFO       Lay du lieu do rung
2021-07-19 00:14:30,802 INFO       Lay du lieu tieng on
2021-07-19 00:14:30,901 INFO Chu trinh - 13 - Lay du lieu chieu nghich
2021-07-19 00:14:30,901 INFO   Lay du lieu - Backward
2021-07-19 00:14:30,901 INFO       Lay du lieu dong dien
2021-07-19 00:14:30,901 INFO       Lay du lieu nhap luc
2021-07-19 00:14:30,901 INFO       Lay du lieu do rung
2021-07-19 00:14:30,901 INFO       Lay du lieu tieng on
2021-07-19 00:14:30,966 INFO Chu trinh - 13 - Lay du lieu chieu nghich
2021-07-19 00:14:30,966 INFO   Lay du lieu - Backward
2021-07-19 00:14:30,966 INFO       Lay du lieu dong dien
2021-07-19 00:14:30,966 INFO       Lay du lieu nhap luc
2021-07-19 00:14:30,966 INFO       Lay du lieu do rung
2021-07-19 00:14:30,966 INFO       Lay du lieu tieng on
2021-07-19 00:14:31,102 INFO Chu trinh - 13 - Lay du lieu chieu nghich
2021-07-19 00:14:31,102 INFO   Lay du lieu - Backward
2021-07-19 00:14:31,102 INFO       Lay du lieu dong dien
2021-07-19 00:14:31,102 INFO       Lay du lieu nhap luc
2021-07-19 00:14:31,102 INFO       Lay du lieu do rung
2021-07-19 00:14:31,102 INFO       Lay du lieu tieng on
2021-07-19 00:14:31,151 INFO Chu trinh - 13 - Lay du lieu chieu nghich
2021-07-19 00:14:31,151 INFO   Lay du lieu - Backward
2021-07-19 00:14:31,151 INFO       Lay du lieu dong dien
2021-07-19 00:14:31,151 INFO       Lay du lieu nhap luc
2021-07-19 00:14:31,151 INFO       Lay du lieu do rung
2021-07-19 00:14:31,151 INFO       Lay du lieu tieng on
2021-07-19 00:14:31,322 INFO Chu trinh - 13 - Lay du lieu chieu nghich
2021-07-19 00:14:31,322 INFO   Lay du lieu - Backward
2021-07-19 00:14:31,322 INFO       Lay du lieu dong dien
2021-07-19 00:14:31,322 INFO       Lay du lieu nhap luc
2021-07-19 00:14:31,322 INFO       Lay du lieu do rung
2021-07-19 00:14:31,322 INFO       Lay du lieu tieng on
2021-07-19 00:14:31,371 INFO Chu trinh - 13 - Lay du lieu chieu nghich
2021-07-19 00:14:31,371 INFO   Lay du lieu - Backward
2021-07-19 00:14:31,371 INFO       Lay du lieu dong dien
2021-07-19 00:14:31,371 INFO       Lay du lieu nhap luc
2021-07-19 00:14:31,371 INFO       Lay du lieu do rung
2021-07-19 00:14:31,371 INFO       Lay du lieu tieng on
2021-07-19 00:14:31,491 INFO Chu trinh - 13 - Lay du lieu chieu nghich
2021-07-19 00:14:31,491 INFO   Lay du lieu - Backward
2021-07-19 00:14:31,491 INFO       Lay du lieu dong dien
2021-07-19 00:14:31,491 INFO       Lay du lieu nhap luc
2021-07-19 00:14:31,491 INFO       Lay du lieu do rung
2021-07-19 00:14:31,491 INFO       Lay du lieu tieng on
2021-07-19 00:14:31,581 INFO Chu trinh - 13 - Lay du lieu chieu nghich
2021-07-19 00:14:31,581 INFO   Lay du lieu - Backward
2021-07-19 00:14:31,581 INFO       Lay du lieu dong dien
2021-07-19 00:14:31,581 INFO       Lay du lieu nhap luc
2021-07-19 00:14:31,581 INFO       Lay du lieu do rung
2021-07-19 00:14:31,581 INFO       Lay du lieu tieng on
2021-07-19 00:14:31,641 INFO Chu trinh - 13 - Lay du lieu chieu nghich
2021-07-19 00:14:31,641 INFO   Lay du lieu - Backward
2021-07-19 00:14:31,641 INFO       Lay du lieu dong dien
2021-07-19 00:14:31,641 INFO       Lay du lieu nhap luc
2021-07-19 00:14:31,641 INFO       Lay du lieu do rung
2021-07-19 00:14:31,641 INFO       Lay du lieu tieng on
2021-07-19 00:14:31,641 INFO       Ve do thi du lieu
2021-07-19 00:14:31,805 INFO Chu trinh - 13 - Lay du lieu chieu nghich
2021-07-19 00:14:31,805 INFO   Lay du lieu - Backward
2021-07-19 00:14:31,805 INFO       Lay du lieu dong dien
2021-07-19 00:14:31,805 INFO       Lay du lieu nhap luc
2021-07-19 00:14:31,805 INFO       Lay du lieu do rung
2021-07-19 00:14:31,805 INFO       Lay du lieu tieng on
2021-07-19 00:14:31,846 INFO Chu trinh - 13 - Lay du lieu chieu nghich
2021-07-19 00:14:31,846 INFO   Lay du lieu - Backward
2021-07-19 00:14:31,846 INFO       Lay du lieu dong dien
2021-07-19 00:14:31,846 INFO       Lay du lieu nhap luc
2021-07-19 00:14:31,846 INFO       Lay du lieu do rung
2021-07-19 00:14:31,846 INFO       Lay du lieu tieng on
2021-07-19 00:14:32,026 INFO Chu trinh - 13 - Lay du lieu chieu nghich
2021-07-19 00:14:32,026 INFO   Lay du lieu - Backward
2021-07-19 00:14:32,026 INFO       Lay du lieu dong dien
2021-07-19 00:14:32,026 INFO       Lay du lieu nhap luc
2021-07-19 00:14:32,026 INFO       Lay du lieu do rung
2021-07-19 00:14:32,026 INFO       Lay du lieu tieng on
2021-07-19 00:14:32,041 INFO Chu trinh - 13 - Lay du lieu chieu nghich
2021-07-19 00:14:32,041 INFO   Lay du lieu - Backward
2021-07-19 00:14:32,041 INFO       Lay du lieu dong dien
2021-07-19 00:14:32,041 INFO       Lay du lieu nhap luc
2021-07-19 00:14:32,041 INFO       Lay du lieu do rung
2021-07-19 00:14:32,041 INFO       Lay du lieu tieng on
2021-07-19 00:14:32,191 INFO Chu trinh - 13 - Lay du lieu chieu nghich
2021-07-19 00:14:32,191 INFO   Lay du lieu - Backward
2021-07-19 00:14:32,191 INFO       Lay du lieu dong dien
2021-07-19 00:14:32,191 INFO       Lay du lieu nhap luc
2021-07-19 00:14:32,191 INFO       Lay du lieu do rung
2021-07-19 00:14:32,191 INFO       Lay du lieu tieng on
2021-07-19 00:14:32,241 INFO Chu trinh - 13 - Lay du lieu chieu nghich
2021-07-19 00:14:32,241 INFO   Lay du lieu - Backward
2021-07-19 00:14:32,241 INFO       Lay du lieu dong dien
2021-07-19 00:14:32,241 INFO       Lay du lieu nhap luc
2021-07-19 00:14:32,241 INFO       Lay du lieu do rung
2021-07-19 00:14:32,241 INFO       Lay du lieu tieng on
2021-07-19 00:14:32,391 INFO Chu trinh - 13 - Lay du lieu chieu nghich
2021-07-19 00:14:32,391 INFO   Lay du lieu - Backward
2021-07-19 00:14:32,391 INFO       Lay du lieu dong dien
2021-07-19 00:14:32,391 INFO       Lay du lieu nhap luc
2021-07-19 00:14:32,391 INFO       Lay du lieu do rung
2021-07-19 00:14:32,391 INFO       Lay du lieu tieng on
2021-07-19 00:14:32,451 INFO Chu trinh - 13 - Lay du lieu chieu nghich
2021-07-19 00:14:32,451 INFO   Lay du lieu - Backward
2021-07-19 00:14:32,451 INFO       Lay du lieu dong dien
2021-07-19 00:14:32,451 INFO       Lay du lieu nhap luc
2021-07-19 00:14:32,451 INFO       Lay du lieu do rung
2021-07-19 00:14:32,451 INFO       Lay du lieu tieng on
2021-07-19 00:14:32,611 INFO Chu trinh - 13 - Lay du lieu chieu nghich
2021-07-19 00:14:32,611 INFO   Lay du lieu - Backward
2021-07-19 00:14:32,611 INFO       Lay du lieu dong dien
2021-07-19 00:14:32,611 INFO       Lay du lieu nhap luc
2021-07-19 00:14:32,611 INFO       Lay du lieu do rung
2021-07-19 00:14:32,611 INFO       Lay du lieu tieng on
2021-07-19 00:14:32,661 INFO Chu trinh - 13 - Lay du lieu chieu nghich
2021-07-19 00:14:32,661 INFO   Lay du lieu - Backward
2021-07-19 00:14:32,661 INFO       Lay du lieu dong dien
2021-07-19 00:14:32,661 INFO       Lay du lieu nhap luc
2021-07-19 00:14:32,661 INFO       Lay du lieu do rung
2021-07-19 00:14:32,661 INFO       Lay du lieu tieng on
2021-07-19 00:14:32,661 INFO       Ve do thi du lieu
2021-07-19 00:14:32,911 INFO Chu trinh - 13 - Lay du lieu chieu nghich
2021-07-19 00:14:32,911 INFO   Lay du lieu - Backward
2021-07-19 00:14:32,911 INFO       Lay du lieu dong dien
2021-07-19 00:14:32,911 INFO       Lay du lieu nhap luc
2021-07-19 00:14:32,911 INFO       Lay du lieu do rung
2021-07-19 00:14:32,911 INFO       Lay du lieu tieng on
2021-07-19 00:14:32,911 ERROR Thoi gian chu trinh vuot qua 100ms
2021-07-19 00:14:32,964 INFO Chu trinh - 13 - Lay du lieu chieu nghich
2021-07-19 00:14:32,964 INFO   Lay du lieu - Backward
2021-07-19 00:14:32,964 INFO       Lay du lieu dong dien
2021-07-19 00:14:32,964 INFO       Lay du lieu nhap luc
2021-07-19 00:14:32,964 INFO       Lay du lieu do rung
2021-07-19 00:14:32,964 INFO       Lay du lieu tieng on
2021-07-19 00:14:33,071 INFO Chu trinh - 13 - Lay du lieu chieu nghich
2021-07-19 00:14:33,071 INFO   Lay du lieu - Backward
2021-07-19 00:14:33,071 INFO       Lay du lieu dong dien
2021-07-19 00:14:33,071 INFO       Lay du lieu nhap luc
2021-07-19 00:14:33,071 INFO       Lay du lieu do rung
2021-07-19 00:14:33,071 INFO       Lay du lieu tieng on
2021-07-19 00:14:33,171 INFO Chu trinh - 13 - Lay du lieu chieu nghich
2021-07-19 00:14:33,171 INFO   Lay du lieu - Backward
2021-07-19 00:14:33,171 INFO       Lay du lieu dong dien
2021-07-19 00:14:33,171 INFO       Lay du lieu nhap luc
2021-07-19 00:14:33,171 INFO       Lay du lieu do rung
2021-07-19 00:14:33,171 INFO       Lay du lieu tieng on
2021-07-19 00:14:33,230 INFO Chu trinh - 13 - Lay du lieu chieu nghich
2021-07-19 00:14:33,231 INFO   Lay du lieu - Backward
2021-07-19 00:14:33,231 INFO       Lay du lieu dong dien
2021-07-19 00:14:33,231 INFO       Lay du lieu nhap luc
2021-07-19 00:14:33,231 INFO       Lay du lieu do rung
2021-07-19 00:14:33,231 INFO       Lay du lieu tieng on
2021-07-19 00:14:33,381 INFO Chu trinh - 13 - Lay du lieu chieu nghich
2021-07-19 00:14:33,381 INFO   Lay du lieu - Backward
2021-07-19 00:14:33,381 INFO       Lay du lieu dong dien
2021-07-19 00:14:33,381 INFO       Lay du lieu nhap luc
2021-07-19 00:14:33,381 INFO       Lay du lieu do rung
2021-07-19 00:14:33,381 INFO       Lay du lieu tieng on
2021-07-19 00:14:33,431 INFO Chu trinh - 13 - Lay du lieu chieu nghich
2021-07-19 00:14:33,431 INFO   Lay du lieu - Backward
2021-07-19 00:14:33,431 INFO       Lay du lieu dong dien
2021-07-19 00:14:33,431 INFO       Lay du lieu nhap luc
2021-07-19 00:14:33,431 INFO       Lay du lieu do rung
2021-07-19 00:14:33,431 INFO       Lay du lieu tieng on
2021-07-19 00:14:33,601 INFO Chu trinh - 13 - Lay du lieu chieu nghich
2021-07-19 00:14:33,601 INFO   Lay du lieu - Backward
2021-07-19 00:14:33,601 INFO       Lay du lieu dong dien
2021-07-19 00:14:33,601 INFO       Lay du lieu nhap luc
2021-07-19 00:14:33,601 INFO       Lay du lieu do rung
2021-07-19 00:14:33,601 INFO       Lay du lieu tieng on
2021-07-19 00:14:33,621 INFO Chu trinh - 13 - Lay du lieu chieu nghich
2021-07-19 00:14:33,621 INFO   Lay du lieu - Backward
2021-07-19 00:14:33,621 INFO       Lay du lieu dong dien
2021-07-19 00:14:33,621 INFO       Lay du lieu nhap luc
2021-07-19 00:14:33,621 INFO       Lay du lieu do rung
2021-07-19 00:14:33,621 INFO       Lay du lieu tieng on
2021-07-19 00:14:33,801 INFO Chu trinh - 13 - Lay du lieu chieu nghich
2021-07-19 00:14:33,801 INFO   Lay du lieu - Backward
2021-07-19 00:14:33,801 INFO       Lay du lieu dong dien
2021-07-19 00:14:33,801 INFO       Lay du lieu nhap luc
2021-07-19 00:14:33,801 INFO       Lay du lieu do rung
2021-07-19 00:14:33,801 INFO       Lay du lieu tieng on
2021-07-19 00:14:33,801 INFO       Ve do thi du lieu
2021-07-19 00:14:33,846 INFO Chu trinh - 13 - Lay du lieu chieu nghich
2021-07-19 00:14:33,846 INFO   Lay du lieu - Backward
2021-07-19 00:14:33,846 INFO       Lay du lieu dong dien
2021-07-19 00:14:33,846 INFO       Lay du lieu nhap luc
2021-07-19 00:14:33,846 INFO       Lay du lieu do rung
2021-07-19 00:14:33,846 INFO       Lay du lieu tieng on
2021-07-19 00:14:33,991 INFO Chu trinh - 13 - Lay du lieu chieu nghich
2021-07-19 00:14:33,991 INFO   Lay du lieu - Backward
2021-07-19 00:14:33,991 INFO       Lay du lieu dong dien
2021-07-19 00:14:33,991 INFO       Lay du lieu nhap luc
2021-07-19 00:14:33,991 INFO       Lay du lieu do rung
2021-07-19 00:14:33,991 INFO       Lay du lieu tieng on
2021-07-19 00:14:34,041 INFO Chu trinh - 13 - Lay du lieu chieu nghich
2021-07-19 00:14:34,041 INFO   Lay du lieu - Backward
2021-07-19 00:14:34,041 INFO       Lay du lieu dong dien
2021-07-19 00:14:34,041 INFO       Lay du lieu nhap luc
2021-07-19 00:14:34,041 INFO       Lay du lieu do rung
2021-07-19 00:14:34,041 INFO       Lay du lieu tieng on
2021-07-19 00:14:34,201 INFO Chu trinh - 13 - Lay du lieu chieu nghich
2021-07-19 00:14:34,201 INFO   Lay du lieu - Backward
2021-07-19 00:14:34,201 INFO       Lay du lieu dong dien
2021-07-19 00:14:34,201 INFO       Lay du lieu nhap luc
2021-07-19 00:14:34,201 INFO       Lay du lieu do rung
2021-07-19 00:14:34,201 INFO       Lay du lieu tieng on
2021-07-19 00:14:34,250 INFO Chu trinh - 13 - Lay du lieu chieu nghich
2021-07-19 00:14:34,250 INFO   Lay du lieu - Backward
2021-07-19 00:14:34,250 INFO       Lay du lieu dong dien
2021-07-19 00:14:34,250 INFO       Lay du lieu nhap luc
2021-07-19 00:14:34,250 INFO       Lay du lieu do rung
2021-07-19 00:14:34,250 INFO       Lay du lieu tieng on
2021-07-19 00:14:34,370 INFO Chu trinh - 13 - Lay du lieu chieu nghich
2021-07-19 00:14:34,370 INFO   Lay du lieu - Backward
2021-07-19 00:14:34,370 INFO       Lay du lieu dong dien
2021-07-19 00:14:34,370 INFO       Lay du lieu nhap luc
2021-07-19 00:14:34,370 INFO       Lay du lieu do rung
2021-07-19 00:14:34,370 INFO       Lay du lieu tieng on
2021-07-19 00:14:34,461 INFO Chu trinh - 13 - Lay du lieu chieu nghich
2021-07-19 00:14:34,461 INFO   Lay du lieu - Backward
2021-07-19 00:14:34,461 INFO       Lay du lieu dong dien
2021-07-19 00:14:34,461 INFO       Lay du lieu nhap luc
2021-07-19 00:14:34,461 INFO       Lay du lieu do rung
2021-07-19 00:14:34,461 INFO       Lay du lieu tieng on
2021-07-19 00:14:34,561 INFO Chu trinh - 13 - Lay du lieu chieu nghich
2021-07-19 00:14:34,561 INFO   Lay du lieu - Backward
2021-07-19 00:14:34,561 INFO       Lay du lieu dong dien
2021-07-19 00:14:34,561 INFO       Lay du lieu nhap luc
2021-07-19 00:14:34,561 INFO       Lay du lieu do rung
2021-07-19 00:14:34,561 INFO       Lay du lieu tieng on
2021-07-19 00:14:34,720 INFO Chu trinh - 13 - Lay du lieu chieu nghich
2021-07-19 00:14:34,720 INFO   Lay du lieu - Backward
2021-07-19 00:14:34,720 INFO       Lay du lieu dong dien
2021-07-19 00:14:34,720 INFO       Lay du lieu nhap luc
2021-07-19 00:14:34,720 INFO       Lay du lieu do rung
2021-07-19 00:14:34,720 INFO       Lay du lieu tieng on
2021-07-19 00:14:34,720 ERROR Thoi gian chu trinh vuot qua 100ms
2021-07-19 00:14:34,780 INFO Chu trinh - 13 - Lay du lieu chieu nghich
2021-07-19 00:14:34,780 INFO   Lay du lieu - Backward
2021-07-19 00:14:34,780 INFO       Lay du lieu dong dien
2021-07-19 00:14:34,780 INFO       Lay du lieu nhap luc
2021-07-19 00:14:34,780 INFO       Lay du lieu do rung
2021-07-19 00:14:34,780 INFO       Lay du lieu tieng on
2021-07-19 00:14:34,780 INFO       Ve do thi du lieu
2021-07-19 00:14:34,823 INFO Chu trinh - 13 - Lay du lieu chieu nghich
2021-07-19 00:14:34,823 INFO   Lay du lieu - Backward
2021-07-19 00:14:34,823 INFO       Lay du lieu dong dien
2021-07-19 00:14:34,823 INFO       Lay du lieu nhap luc
2021-07-19 00:14:34,823 INFO       Lay du lieu do rung
2021-07-19 00:14:34,823 INFO       Lay du lieu tieng on
2021-07-19 00:14:34,960 INFO Chu trinh - 13 - Lay du lieu chieu nghich
2021-07-19 00:14:34,960 INFO   Lay du lieu - Backward
2021-07-19 00:14:34,960 INFO       Lay du lieu dong dien
2021-07-19 00:14:34,960 INFO       Lay du lieu nhap luc
2021-07-19 00:14:34,960 INFO       Lay du lieu do rung
2021-07-19 00:14:34,960 INFO       Lay du lieu tieng on
2021-07-19 00:14:35,020 INFO Chu trinh - 13 - Lay du lieu chieu nghich
2021-07-19 00:14:35,020 INFO   Lay du lieu - Backward
2021-07-19 00:14:35,020 INFO       Lay du lieu dong dien
2021-07-19 00:14:35,020 INFO       Lay du lieu nhap luc
2021-07-19 00:14:35,020 INFO       Lay du lieu do rung
2021-07-19 00:14:35,020 INFO       Lay du lieu tieng on
2021-07-19 00:14:35,180 INFO Chu trinh - 13 - Lay du lieu chieu nghich
2021-07-19 00:14:35,180 INFO   Lay du lieu - Backward
2021-07-19 00:14:35,180 INFO       Lay du lieu dong dien
2021-07-19 00:14:35,180 INFO       Lay du lieu nhap luc
2021-07-19 00:14:35,180 INFO       Lay du lieu do rung
2021-07-19 00:14:35,180 INFO       Lay du lieu tieng on
2021-07-19 00:14:35,220 INFO Chu trinh - 13 - Lay du lieu chieu nghich
2021-07-19 00:14:35,220 INFO   Lay du lieu - Backward
2021-07-19 00:14:35,220 INFO       Lay du lieu dong dien
2021-07-19 00:14:35,220 INFO       Lay du lieu nhap luc
2021-07-19 00:14:35,220 INFO       Lay du lieu do rung
2021-07-19 00:14:35,220 INFO       Lay du lieu tieng on
2021-07-19 00:14:35,400 INFO Chu trinh - 13 - Lay du lieu chieu nghich
2021-07-19 00:14:35,400 INFO   Lay du lieu - Backward
2021-07-19 00:14:35,400 INFO       Lay du lieu dong dien
2021-07-19 00:14:35,400 INFO       Lay du lieu nhap luc
2021-07-19 00:14:35,400 INFO       Lay du lieu do rung
2021-07-19 00:14:35,400 INFO       Lay du lieu tieng on
2021-07-19 00:14:35,425 INFO Chu trinh - 13 - Lay du lieu chieu nghich
2021-07-19 00:14:35,425 INFO   Lay du lieu - Backward
2021-07-19 00:14:35,425 INFO       Lay du lieu dong dien
2021-07-19 00:14:35,425 INFO       Lay du lieu nhap luc
2021-07-19 00:14:35,425 INFO       Lay du lieu do rung
2021-07-19 00:14:35,425 INFO       Lay du lieu tieng on
2021-07-19 00:14:35,600 INFO Chu trinh - 13 - Lay du lieu chieu nghich
2021-07-19 00:14:35,600 INFO   Lay du lieu - Backward
2021-07-19 00:14:35,600 INFO       Lay du lieu dong dien
2021-07-19 00:14:35,600 INFO       Lay du lieu nhap luc
2021-07-19 00:14:35,600 INFO       Lay du lieu do rung
2021-07-19 00:14:35,600 INFO       Lay du lieu tieng on
2021-07-19 00:14:35,630 INFO Chu trinh - 13 - Lay du lieu chieu nghich
2021-07-19 00:14:35,630 INFO   Lay du lieu - Backward
2021-07-19 00:14:35,630 INFO       Lay du lieu dong dien
2021-07-19 00:14:35,630 INFO       Lay du lieu nhap luc
2021-07-19 00:14:35,630 INFO       Lay du lieu do rung
2021-07-19 00:14:35,630 INFO       Lay du lieu tieng on
2021-07-19 00:14:35,805 INFO Chu trinh - 13 - Lay du lieu chieu nghich
2021-07-19 00:14:35,805 INFO   Lay du lieu - Backward
2021-07-19 00:14:35,805 INFO       Lay du lieu dong dien
2021-07-19 00:14:35,805 INFO       Lay du lieu nhap luc
2021-07-19 00:14:35,805 INFO       Lay du lieu do rung
2021-07-19 00:14:35,805 INFO       Lay du lieu tieng on
2021-07-19 00:14:35,805 INFO       Ve do thi du lieu
2021-07-19 00:14:35,820 INFO Chu trinh - 13 - Lay du lieu chieu nghich
2021-07-19 00:14:35,820 INFO   Lay du lieu - Backward
2021-07-19 00:14:35,820 INFO       Lay du lieu dong dien
2021-07-19 00:14:35,820 INFO       Lay du lieu nhap luc
2021-07-19 00:14:35,820 INFO       Lay du lieu do rung
2021-07-19 00:14:35,820 INFO       Lay du lieu tieng on
2021-07-19 00:14:36,020 INFO Chu trinh - 13 - Lay du lieu chieu nghich
2021-07-19 00:14:36,020 INFO   Lay du lieu - Backward
2021-07-19 00:14:36,020 INFO       Lay du lieu dong dien
2021-07-19 00:14:36,020 INFO       Lay du lieu nhap luc
2021-07-19 00:14:36,020 INFO       Lay du lieu do rung
2021-07-19 00:14:36,020 INFO       Lay du lieu tieng on
2021-07-19 00:14:36,070 INFO Chu trinh - 13 - Lay du lieu chieu nghich
2021-07-19 00:14:36,070 INFO   Lay du lieu - Backward
2021-07-19 00:14:36,070 INFO       Lay du lieu dong dien
2021-07-19 00:14:36,070 INFO       Lay du lieu nhap luc
2021-07-19 00:14:36,070 INFO       Lay du lieu do rung
2021-07-19 00:14:36,070 INFO       Lay du lieu tieng on
2021-07-19 00:14:36,180 INFO Chu trinh - 13 - Lay du lieu chieu nghich
2021-07-19 00:14:36,180 INFO   Lay du lieu - Backward
2021-07-19 00:14:36,180 INFO       Lay du lieu dong dien
2021-07-19 00:14:36,180 INFO       Lay du lieu nhap luc
2021-07-19 00:14:36,180 INFO       Lay du lieu do rung
2021-07-19 00:14:36,180 INFO       Lay du lieu tieng on
2021-07-19 00:14:36,280 INFO Chu trinh - 13 - Lay du lieu chieu nghich
2021-07-19 00:14:36,280 INFO   Lay du lieu - Backward
2021-07-19 00:14:36,280 INFO       Lay du lieu dong dien
2021-07-19 00:14:36,280 INFO       Lay du lieu nhap luc
2021-07-19 00:14:36,280 INFO       Lay du lieu do rung
2021-07-19 00:14:36,280 INFO       Lay du lieu tieng on
2021-07-19 00:14:36,390 INFO Chu trinh - 13 - Lay du lieu chieu nghich
2021-07-19 00:14:36,390 INFO   Lay du lieu - Backward
2021-07-19 00:14:36,390 INFO       Lay du lieu dong dien
2021-07-19 00:14:36,390 INFO       Lay du lieu nhap luc
2021-07-19 00:14:36,390 INFO       Lay du lieu do rung
2021-07-19 00:14:36,390 INFO       Lay du lieu tieng on
2021-07-19 00:14:36,490 INFO Chu trinh - 13 - Lay du lieu chieu nghich
2021-07-19 00:14:36,490 INFO   Lay du lieu - Backward
2021-07-19 00:14:36,490 INFO       Lay du lieu dong dien
2021-07-19 00:14:36,490 INFO       Lay du lieu nhap luc
2021-07-19 00:14:36,490 INFO       Lay du lieu do rung
2021-07-19 00:14:36,490 INFO       Lay du lieu tieng on
2021-07-19 00:14:36,601 INFO Chu trinh - 13 - Lay du lieu chieu nghich
2021-07-19 00:14:36,601 INFO   Lay du lieu - Backward
2021-07-19 00:14:36,601 INFO       Lay du lieu dong dien
2021-07-19 00:14:36,601 INFO       Lay du lieu nhap luc
2021-07-19 00:14:36,601 INFO       Lay du lieu do rung
2021-07-19 00:14:36,601 INFO       Lay du lieu tieng on
2021-07-19 00:14:36,690 INFO Chu trinh - 13 - Lay du lieu chieu nghich
2021-07-19 00:14:36,690 INFO   Lay du lieu - Backward
2021-07-19 00:14:36,690 INFO       Lay du lieu dong dien
2021-07-19 00:14:36,690 INFO       Lay du lieu nhap luc
2021-07-19 00:14:36,690 INFO       Lay du lieu do rung
2021-07-19 00:14:36,690 INFO       Lay du lieu tieng on
2021-07-19 00:14:36,740 INFO Chu trinh - 13 - Lay du lieu chieu nghich
2021-07-19 00:14:36,740 INFO   Lay du lieu - Backward
2021-07-19 00:14:36,740 INFO       Lay du lieu dong dien
2021-07-19 00:14:36,740 INFO       Lay du lieu nhap luc
2021-07-19 00:14:36,740 INFO       Lay du lieu do rung
2021-07-19 00:14:36,740 INFO       Lay du lieu tieng on
2021-07-19 00:14:36,740 INFO       Ve do thi du lieu
2021-07-19 00:14:36,840 INFO Chu trinh - 13 - Lay du lieu chieu nghich
2021-07-19 00:14:36,840 INFO   Lay du lieu - Backward
2021-07-19 00:14:36,840 INFO       Lay du lieu dong dien
2021-07-19 00:14:36,840 INFO       Lay du lieu nhap luc
2021-07-19 00:14:36,840 INFO       Lay du lieu do rung
2021-07-19 00:14:36,840 INFO       Lay du lieu tieng on
2021-07-19 00:14:36,950 INFO Chu trinh - 15 - Ghi du lieu am thanh chieu nghich
2021-07-19 00:14:52,526 ERROR Thoi gian chu trinh vuot qua 100ms
2021-07-19 00:14:52,721 ERROR Thoi gian chu trinh vuot qua 100ms
2021-07-19 00:14:52,721 INFO Chu trinh - 19 - Hoan tat lay du lieu - bat dau ghi ra file
2021-07-19 00:14:52,721 INFO Ghi ra file csv
2021-07-19 00:14:52,721 INFO Upload du lieu am thanh len server
2021-07-19 00:14:52,826 INFO Chu trinh - 0 - Khoi tao + Doi tin hieu bat dau chay
