2021-02-03 08:02:27,397 INFO Mo file excel
2021-02-03 08:02:27,397 INFO Dong tat ca file excel dang mo
2021-02-03 08:02:27,397 INFO Khoi tao du lieu
2021-02-03 08:02:27,397 INFO Khoi tao tat ca bien trang thai
2021-02-03 08:02:27,397 INFO Khoi tao ket noi chuong trinh
2021-02-03 08:02:27,412 INFO Tao ket noi du lieu voi PLC FX5U
2021-02-03 08:02:27,787 INFO Tao ket noi du lieu voi PLC FX3G
2021-02-03 08:02:28,178 INFO Ket noi cong COM7 - lay du lieu dong dien nhap luc
2021-02-03 08:02:28,580 INFO Ket noi cong COM5 - lay du lieu tieng on
2021-02-03 08:02:28,580 INFO Ket noi cong COM8 - lay du lieu vong quay
2021-02-03 08:02:28,580 INFO Khoi tao thread lay du lieu lien tuc
2021-02-03 08:02:28,580 INFO Khoi tao thread lay du lieu lien tuc --Chutrinh_LayDuLieu--
2021-02-03 08:02:28,705 INFO Chu trinh - 0 - Khoi tao + Doi tin hieu bat dau chay
2021-02-03 08:02:39,389 INFO Chu trinh - 0 - Khoi tao + Doi tin hieu bat dau chay
2021-02-03 08:09:07,103 INFO Mo file excel
2021-02-03 08:09:07,103 INFO Dong tat ca file excel dang mo
2021-02-03 08:09:07,103 INFO Khoi tao du lieu
2021-02-03 08:09:07,103 INFO Khoi tao tat ca bien trang thai
2021-02-03 08:09:07,103 INFO Khoi tao ket noi chuong trinh
2021-02-03 08:09:07,103 INFO Tao ket noi du lieu voi PLC FX5U
2021-02-03 08:09:07,478 INFO Tao ket noi du lieu voi PLC FX3G
2021-02-03 08:09:07,869 INFO Ket noi cong COM7 - lay du lieu dong dien nhap luc
2021-02-03 08:09:08,057 INFO Ket noi cong COM5 - lay du lieu tieng on
2021-02-03 08:09:08,057 INFO Ket noi cong COM8 - lay du lieu vong quay
2021-02-03 08:09:08,057 INFO Khoi tao thread lay du lieu lien tuc
2021-02-03 08:09:08,057 INFO Khoi tao thread lay du lieu lien tuc --Chutrinh_LayDuLieu--
2021-02-03 08:09:08,181 INFO Chu trinh - 0 - Khoi tao + Doi tin hieu bat dau chay
2021-02-03 08:09:15,775 INFO Chu trinh - 0 - Khoi tao + Doi tin hieu bat dau chay
2021-02-03 08:09:50,336 ERROR Thoi gian chu trinh vuot qua 100ms
2021-02-03 08:09:50,336 INFO Chu trinh - 0 - Khoi tao + Doi tin hieu bat dau chay
2021-02-03 08:10:11,502 ERROR Thoi gian chu trinh vuot qua 100ms
2021-02-03 08:10:11,502 INFO Chu trinh - 0 - Khoi tao + Doi tin hieu bat dau chay
2021-02-03 08:10:51,142 ERROR Thoi gian chu trinh vuot qua 100ms
2021-02-03 08:10:51,142 INFO Chu trinh - 0 - Khoi tao + Doi tin hieu bat dau chay
2021-02-03 08:11:21,612 ERROR Thoi gian chu trinh vuot qua 100ms
2021-02-03 08:11:21,612 INFO Chu trinh - 0 - Khoi tao + Doi tin hieu bat dau chay
2021-02-03 08:22:30,053 INFO Mo file excel
2021-02-03 08:22:30,053 INFO Dong tat ca file excel dang mo
2021-02-03 08:22:30,053 INFO Khoi tao du lieu
2021-02-03 08:22:30,053 INFO Khoi tao tat ca bien trang thai
2021-02-03 08:22:30,053 INFO Khoi tao ket noi chuong trinh
2021-02-03 08:22:30,053 INFO Tao ket noi du lieu voi PLC FX5U
2021-02-03 08:22:30,428 INFO Tao ket noi du lieu voi PLC FX3G
2021-02-03 08:22:30,819 INFO Ket noi cong COM7 - lay du lieu dong dien nhap luc
2021-02-03 08:22:31,216 INFO Ket noi cong COM5 - lay du lieu tieng on
2021-02-03 08:22:31,231 INFO Ket noi cong COM8 - lay du lieu vong quay
2021-02-03 08:22:31,231 INFO Khoi tao thread lay du lieu lien tuc
2021-02-03 08:22:31,231 INFO Khoi tao thread lay du lieu lien tuc --Chutrinh_LayDuLieu--
2021-02-03 08:22:31,340 INFO Chu trinh - 0 - Khoi tao + Doi tin hieu bat dau chay
2021-02-03 08:23:12,908 INFO Chu trinh - 0 - Khoi tao + Doi tin hieu bat dau chay
2021-02-03 08:24:03,994 ERROR Thoi gian chu trinh vuot qua 100ms
2021-02-03 08:24:59,472 ERROR Thoi gian chu trinh vuot qua 100ms
2021-02-03 08:24:59,472 INFO Chu trinh - 0 - Khoi tao + Doi tin hieu bat dau chay
2021-02-03 08:37:07,057 INFO Mo file excel
2021-02-03 08:37:07,073 INFO Dong tat ca file excel dang mo
2021-02-03 08:37:07,073 INFO Khoi tao du lieu
2021-02-03 08:37:07,073 INFO Khoi tao tat ca bien trang thai
2021-02-03 08:37:07,073 INFO Khoi tao ket noi chuong trinh
2021-02-03 08:37:07,073 INFO Tao ket noi du lieu voi PLC FX5U
2021-02-03 08:37:07,448 INFO Tao ket noi du lieu voi PLC FX3G
2021-02-03 08:37:07,854 INFO Ket noi cong COM7 - lay du lieu dong dien nhap luc
2021-02-03 08:37:08,245 INFO Ket noi cong COM5 - lay du lieu tieng on
2021-02-03 08:37:08,261 INFO Ket noi cong COM8 - lay du lieu vong quay
2021-02-03 08:37:08,261 INFO Khoi tao thread lay du lieu lien tuc
2021-02-03 08:37:08,261 INFO Khoi tao thread lay du lieu lien tuc --Chutrinh_LayDuLieu--
2021-02-03 08:37:08,370 INFO Chu trinh - 0 - Khoi tao + Doi tin hieu bat dau chay
2021-02-03 08:37:15,354 INFO Chu trinh - 0 - Khoi tao + Doi tin hieu bat dau chay
2021-02-03 08:37:44,290 ERROR Thoi gian chu trinh vuot qua 100ms
2021-02-03 08:37:44,290 INFO Chu trinh - 0 - Khoi tao + Doi tin hieu bat dau chay
2021-02-03 08:58:00,935 INFO Mo file excel
2021-02-03 08:58:00,935 INFO Dong tat ca file excel dang mo
2021-02-03 08:58:00,935 INFO Khoi tao du lieu
2021-02-03 08:58:00,935 INFO Khoi tao tat ca bien trang thai
2021-02-03 08:58:00,935 INFO Khoi tao ket noi chuong trinh
2021-02-03 08:58:00,935 INFO Tao ket noi du lieu voi PLC FX5U
2021-02-03 08:58:01,310 INFO Tao ket noi du lieu voi PLC FX3G
2021-02-03 08:58:01,701 INFO Ket noi cong COM7 - lay du lieu dong dien nhap luc
2021-02-03 08:58:02,101 INFO Ket noi cong COM5 - lay du lieu tieng on
2021-02-03 08:58:02,101 INFO Ket noi cong COM8 - lay du lieu vong quay
2021-02-03 08:58:02,101 INFO Khoi tao thread lay du lieu lien tuc
2021-02-03 08:58:02,101 INFO Khoi tao thread lay du lieu lien tuc --Chutrinh_LayDuLieu--
2021-02-03 08:58:02,226 INFO Chu trinh - 0 - Khoi tao + Doi tin hieu bat dau chay
2021-02-03 08:58:19,846 INFO Chu trinh - 0 - Khoi tao + Doi tin hieu bat dau chay
2021-02-03 08:59:24,934 ERROR Thoi gian chu trinh vuot qua 100ms
2021-02-03 08:59:24,934 INFO Chu trinh - 0 - Khoi tao + Doi tin hieu bat dau chay
2021-02-03 08:59:48,086 ERROR Thoi gian chu trinh vuot qua 100ms
2021-02-03 08:59:48,086 INFO Chu trinh - 0 - Khoi tao + Doi tin hieu bat dau chay
