2020-12-30 09:01:25,256 INFO Mo file excel
2020-12-30 09:01:25,265 INFO Dong tat ca file excel dang mo
2020-12-30 09:01:32,575 INFO Khoi tao du lieu
2020-12-30 09:01:32,578 INFO Khoi tao tat ca bien trang thai
2020-12-30 09:01:32,581 INFO Khoi tao ket noi chuong trinh
2020-12-30 09:01:32,581 INFO Khoi tao thread lay du lieu lien tuc
2020-12-30 09:01:32,582 INFO Khoi tao thread lay du lieu lien tuc --Chutrinh_LayDuLieu--
2020-12-30 09:01:32,687 INFO Chu trinh - 0 - Khoi tao + Doi tin hieu bat dau chay
2020-12-30 09:15:37,319 INFO Mo file excel
2020-12-30 09:15:37,328 INFO Dong tat ca file excel dang mo
2020-12-30 09:15:44,805 INFO Khoi tao du lieu
2020-12-30 09:15:44,807 INFO Khoi tao tat ca bien trang thai
2020-12-30 09:15:44,809 INFO Khoi tao ket noi chuong trinh
2020-12-30 09:15:44,810 INFO Tao ket noi du lieu voi PLC FX5U
2020-12-30 09:15:44,853 INFO Tao ket noi du lieu voi PLC FX3G
2020-12-30 09:15:44,883 INFO Ket noi cong COM7 - lay du lieu dong dien nhap luc
2020-12-30 09:15:46,472 INFO Ket noi cong COM5 - lay du lieu tieng on
2020-12-30 09:15:47,417 INFO Ket noi cong COM8 - lay du lieu vong quay
2020-12-30 09:15:47,418 INFO Khoi tao thread lay du lieu lien tuc
2020-12-30 09:15:47,418 INFO Khoi tao thread lay du lieu lien tuc --Chutrinh_LayDuLieu--
2020-12-30 09:15:47,529 INFO Chu trinh - 0 - Khoi tao + Doi tin hieu bat dau chay
2020-12-30 09:23:25,417 INFO Mo file excel
2020-12-30 09:23:25,428 INFO Dong tat ca file excel dang mo
2020-12-30 09:23:32,891 INFO Khoi tao du lieu
2020-12-30 09:23:32,893 INFO Khoi tao tat ca bien trang thai
2020-12-30 09:23:32,895 INFO Khoi tao ket noi chuong trinh
2020-12-30 09:23:32,895 INFO Khoi tao thread lay du lieu lien tuc
2020-12-30 09:23:32,895 INFO Khoi tao thread lay du lieu lien tuc --Chutrinh_LayDuLieu--
2020-12-30 09:23:33,005 INFO Chu trinh - 0 - Khoi tao + Doi tin hieu bat dau chay
