2021-02-03 09:07:58,030 INFO Mo file excel
2021-02-03 09:07:58,030 INFO Dong tat ca file excel dang mo
2021-02-03 09:07:58,030 INFO Khoi tao du lieu
2021-02-03 09:07:58,030 INFO Khoi tao tat ca bien trang thai
2021-02-03 09:07:58,030 INFO Khoi tao ket noi chuong trinh
2021-02-03 09:07:58,030 INFO Tao ket noi du lieu voi PLC FX5U
2021-02-03 09:07:58,405 INFO Tao ket noi du lieu voi PLC FX3G
2021-02-03 09:07:58,796 INFO Ket noi cong COM7 - lay du lieu dong dien nhap luc
2021-02-03 09:07:59,200 INFO Ket noi cong COM5 - lay du lieu tieng on
2021-02-03 09:07:59,200 INFO Ket noi cong COM8 - lay du lieu vong quay
2021-02-03 09:07:59,200 INFO Khoi tao thread lay du lieu lien tuc
2021-02-03 09:07:59,200 INFO Khoi tao thread lay du lieu lien tuc --Chutrinh_LayDuLieu--
2021-02-03 09:07:59,324 INFO Chu trinh - 0 - Khoi tao + Doi tin hieu bat dau chay
2021-02-03 09:08:09,035 INFO Chu trinh - 0 - Khoi tao + Doi tin hieu bat dau chay
2021-02-03 09:08:15,732 ERROR Thoi gian chu trinh vuot qua 100ms
2021-02-03 09:19:18,524 INFO Mo file excel
2021-02-03 09:19:18,540 INFO Dong tat ca file excel dang mo
2021-02-03 09:19:18,540 INFO Khoi tao du lieu
2021-02-03 09:19:18,540 INFO Khoi tao tat ca bien trang thai
2021-02-03 09:19:18,540 INFO Khoi tao ket noi chuong trinh
2021-02-03 09:19:18,540 INFO Tao ket noi du lieu voi PLC FX5U
2021-02-03 09:19:18,915 INFO Tao ket noi du lieu voi PLC FX3G
2021-02-03 09:19:19,306 INFO Ket noi cong COM7 - lay du lieu dong dien nhap luc
2021-02-03 09:19:19,710 INFO Ket noi cong COM5 - lay du lieu tieng on
2021-02-03 09:19:19,710 INFO Ket noi cong COM8 - lay du lieu vong quay
2021-02-03 09:19:19,710 INFO Khoi tao thread lay du lieu lien tuc
2021-02-03 09:19:19,710 INFO Khoi tao thread lay du lieu lien tuc --Chutrinh_LayDuLieu--
2021-02-03 09:19:19,834 INFO Chu trinh - 0 - Khoi tao + Doi tin hieu bat dau chay
2021-02-03 09:19:33,062 INFO Chu trinh - 0 - Khoi tao + Doi tin hieu bat dau chay
2021-02-03 09:19:51,866 ERROR Thoi gian chu trinh vuot qua 100ms
2021-02-03 09:19:51,866 INFO Chu trinh - 0 - Khoi tao + Doi tin hieu bat dau chay
2021-02-03 09:20:00,903 ERROR Thoi gian chu trinh vuot qua 100ms
2021-02-03 09:20:02,481 ERROR Thoi gian chu trinh vuot qua 100ms
2021-02-03 09:20:03,418 ERROR Thoi gian chu trinh vuot qua 100ms
2021-02-03 09:20:04,402 ERROR Thoi gian chu trinh vuot qua 100ms
2021-02-03 09:20:05,370 ERROR Thoi gian chu trinh vuot qua 100ms
2021-02-03 09:20:29,642 ERROR Thoi gian chu trinh vuot qua 100ms
2021-02-03 09:20:29,642 INFO Chu trinh - 0 - Khoi tao + Doi tin hieu bat dau chay
2021-02-03 09:29:54,119 INFO Mo file excel
2021-02-03 09:29:54,119 INFO Dong tat ca file excel dang mo
2021-02-03 09:29:54,119 INFO Khoi tao du lieu
2021-02-03 09:29:54,119 INFO Khoi tao tat ca bien trang thai
2021-02-03 09:29:54,119 INFO Khoi tao ket noi chuong trinh
2021-02-03 09:29:54,119 INFO Tao ket noi du lieu voi PLC FX5U
2021-02-03 09:29:54,493 INFO Tao ket noi du lieu voi PLC FX3G
2021-02-03 09:29:54,900 INFO Ket noi cong COM7 - lay du lieu dong dien nhap luc
2021-02-03 09:29:55,303 INFO Ket noi cong COM5 - lay du lieu tieng on
2021-02-03 09:29:55,318 INFO Ket noi cong COM8 - lay du lieu vong quay
2021-02-03 09:29:55,318 INFO Khoi tao thread lay du lieu lien tuc
2021-02-03 09:29:55,318 INFO Khoi tao thread lay du lieu lien tuc --Chutrinh_LayDuLieu--
2021-02-03 09:29:55,428 INFO Chu trinh - 0 - Khoi tao + Doi tin hieu bat dau chay
2021-02-03 09:30:31,047 ERROR Thoi gian chu trinh vuot qua 100ms
2021-02-03 09:30:31,047 INFO Chu trinh - 0 - Khoi tao + Doi tin hieu bat dau chay
