2021-08-25 17:00:14,976 ERROR Thoi gian chu trinh vuot qua 100ms
2021-08-25 17:00:15,008 INFO Chu trinh - 3 - Lay du lieu chieu thuan
2021-08-25 17:00:15,008 INFO   Lay du lieu - Forward
2021-08-25 17:00:15,008 INFO       Lay du lieu dong dien
2021-08-25 17:00:15,008 INFO       Lay du lieu nhap luc
2021-08-25 17:00:15,008 INFO       Lay du lieu do rung
2021-08-25 17:00:15,008 INFO       Lay du lieu tieng on
2021-08-25 17:00:15,008 INFO       Ve do thi du lieu
2021-08-25 17:00:15,108 INFO Chu trinh - 3 - Lay du lieu chieu thuan
2021-08-25 17:00:15,188 INFO   Lay du lieu - Forward
2021-08-25 17:00:15,188 INFO       Lay du lieu dong dien
2021-08-25 17:00:15,188 INFO       Lay du lieu nhap luc
2021-08-25 17:00:15,188 INFO       Lay du lieu do rung
2021-08-25 17:00:15,189 INFO       Lay du lieu tieng on
2021-08-25 17:00:15,204 INFO Chu trinh - 3 - Lay du lieu chieu thuan
2021-08-25 17:00:15,204 INFO   Lay du lieu - Forward
2021-08-25 17:00:15,204 INFO       Lay du lieu dong dien
2021-08-25 17:00:15,204 INFO       Lay du lieu nhap luc
2021-08-25 17:00:15,204 INFO       Lay du lieu do rung
2021-08-25 17:00:15,204 INFO       Lay du lieu tieng on
2021-08-25 17:00:15,311 INFO Chu trinh - 3 - Lay du lieu chieu thuan
2021-08-25 17:00:15,364 INFO   Lay du lieu - Forward
2021-08-25 17:00:15,364 INFO       Lay du lieu dong dien
2021-08-25 17:00:15,364 INFO       Lay du lieu nhap luc
2021-08-25 17:00:15,364 INFO       Lay du lieu do rung
2021-08-25 17:00:15,364 INFO       Lay du lieu tieng on
2021-08-25 17:00:15,411 INFO Chu trinh - 3 - Lay du lieu chieu thuan
2021-08-25 17:00:15,411 INFO   Lay du lieu - Forward
2021-08-25 17:00:15,411 INFO       Lay du lieu dong dien
2021-08-25 17:00:15,411 INFO       Lay du lieu nhap luc
2021-08-25 17:00:15,411 INFO       Lay du lieu do rung
2021-08-25 17:00:15,411 INFO       Lay du lieu tieng on
2021-08-25 17:00:15,527 INFO Chu trinh - 3 - Lay du lieu chieu thuan
2021-08-25 17:00:15,565 INFO   Lay du lieu - Forward
2021-08-25 17:00:15,565 INFO       Lay du lieu dong dien
2021-08-25 17:00:15,565 INFO       Lay du lieu nhap luc
2021-08-25 17:00:15,565 INFO       Lay du lieu do rung
2021-08-25 17:00:15,565 INFO       Lay du lieu tieng on
2021-08-25 17:00:15,612 INFO Chu trinh - 3 - Lay du lieu chieu thuan
2021-08-25 17:00:15,627 INFO   Lay du lieu - Forward
2021-08-25 17:00:15,627 INFO       Lay du lieu dong dien
2021-08-25 17:00:15,627 INFO       Lay du lieu nhap luc
2021-08-25 17:00:15,627 INFO       Lay du lieu do rung
2021-08-25 17:00:15,627 INFO       Lay du lieu tieng on
2021-08-25 17:00:15,727 INFO Chu trinh - 3 - Lay du lieu chieu thuan
2021-08-25 17:00:15,828 INFO   Lay du lieu - Forward
2021-08-25 17:00:15,828 INFO       Lay du lieu dong dien
2021-08-25 17:00:15,828 INFO       Lay du lieu nhap luc
2021-08-25 17:00:15,828 INFO       Lay du lieu do rung
2021-08-25 17:00:15,828 INFO       Lay du lieu tieng on
2021-08-25 17:00:15,828 ERROR Thoi gian chu trinh vuot qua 100ms
2021-08-25 17:00:15,828 INFO Chu trinh - 3 - Lay du lieu chieu thuan
2021-08-25 17:00:15,881 INFO   Lay du lieu - Forward
2021-08-25 17:00:15,881 INFO       Lay du lieu dong dien
2021-08-25 17:00:15,881 INFO       Lay du lieu nhap luc
2021-08-25 17:00:15,881 INFO       Lay du lieu do rung
2021-08-25 17:00:15,881 INFO       Lay du lieu tieng on
2021-08-25 17:00:15,881 INFO       Ve do thi du lieu
2021-08-25 17:00:16,498 INFO Chu trinh - 3 - Lay du lieu chieu thuan
2021-08-25 17:00:16,551 INFO   Lay du lieu - Forward
2021-08-25 17:00:16,551 INFO       Lay du lieu dong dien
2021-08-25 17:00:16,551 INFO       Lay du lieu nhap luc
2021-08-25 17:00:16,551 INFO       Lay du lieu do rung
2021-08-25 17:00:16,551 INFO       Lay du lieu tieng on
2021-08-25 17:00:16,551 ERROR Thoi gian chu trinh vuot qua 100ms
2021-08-25 17:00:16,598 INFO Chu trinh - 3 - Lay du lieu chieu thuan
2021-08-25 17:00:16,598 INFO   Lay du lieu - Forward
2021-08-25 17:00:16,598 INFO       Lay du lieu dong dien
2021-08-25 17:00:16,598 INFO       Lay du lieu nhap luc
2021-08-25 17:00:16,598 INFO       Lay du lieu do rung
2021-08-25 17:00:16,598 INFO       Lay du lieu tieng on
2021-08-25 17:00:16,664 INFO Chu trinh - 3 - Lay du lieu chieu thuan
2021-08-25 17:00:16,718 INFO   Lay du lieu - Forward
2021-08-25 17:00:16,718 INFO       Lay du lieu dong dien
2021-08-25 17:00:16,718 INFO       Lay du lieu nhap luc
2021-08-25 17:00:16,718 INFO       Lay du lieu do rung
2021-08-25 17:00:16,718 INFO       Lay du lieu tieng on
2021-08-25 17:00:16,764 INFO Chu trinh - 3 - Lay du lieu chieu thuan
2021-08-25 17:00:16,771 INFO   Lay du lieu - Forward
2021-08-25 17:00:16,771 INFO       Lay du lieu dong dien
2021-08-25 17:00:16,771 INFO       Lay du lieu nhap luc
2021-08-25 17:00:16,771 INFO       Lay du lieu do rung
2021-08-25 17:00:16,771 INFO       Lay du lieu tieng on
2021-08-25 17:00:16,870 INFO Chu trinh - 3 - Lay du lieu chieu thuan
2021-08-25 17:00:16,932 INFO   Lay du lieu - Forward
2021-08-25 17:00:16,932 INFO       Lay du lieu dong dien
2021-08-25 17:00:16,932 INFO       Lay du lieu nhap luc
2021-08-25 17:00:16,932 INFO       Lay du lieu do rung
2021-08-25 17:00:16,932 INFO       Lay du lieu tieng on
2021-08-25 17:00:16,970 INFO Chu trinh - 3 - Lay du lieu chieu thuan
2021-08-25 17:00:16,985 INFO   Lay du lieu - Forward
2021-08-25 17:00:16,985 INFO       Lay du lieu dong dien
2021-08-25 17:00:16,985 INFO       Lay du lieu nhap luc
2021-08-25 17:00:16,985 INFO       Lay du lieu do rung
2021-08-25 17:00:16,985 INFO       Lay du lieu tieng on
2021-08-25 17:00:17,091 INFO Chu trinh - 3 - Lay du lieu chieu thuan
2021-08-25 17:00:17,138 INFO   Lay du lieu - Forward
2021-08-25 17:00:17,138 INFO       Lay du lieu dong dien
2021-08-25 17:00:17,138 INFO       Lay du lieu nhap luc
2021-08-25 17:00:17,138 INFO       Lay du lieu do rung
2021-08-25 17:00:17,138 INFO       Lay du lieu tieng on
2021-08-25 17:00:17,191 INFO Chu trinh - 3 - Lay du lieu chieu thuan
2021-08-25 17:00:17,191 INFO   Lay du lieu - Forward
2021-08-25 17:00:17,191 INFO       Lay du lieu dong dien
2021-08-25 17:00:17,191 INFO       Lay du lieu nhap luc
2021-08-25 17:00:17,191 INFO       Lay du lieu do rung
2021-08-25 17:00:17,191 INFO       Lay du lieu tieng on
2021-08-25 17:00:17,291 INFO Chu trinh - 3 - Lay du lieu chieu thuan
2021-08-25 17:00:17,338 INFO   Lay du lieu - Forward
2021-08-25 17:00:17,353 INFO       Lay du lieu dong dien
2021-08-25 17:00:17,353 INFO       Lay du lieu nhap luc
2021-08-25 17:00:17,353 INFO       Lay du lieu do rung
2021-08-25 17:00:17,353 INFO       Lay du lieu tieng on
2021-08-25 17:00:17,391 INFO Chu trinh - 3 - Lay du lieu chieu thuan
2021-08-25 17:00:17,406 INFO   Lay du lieu - Forward
2021-08-25 17:00:17,406 INFO       Lay du lieu dong dien
2021-08-25 17:00:17,406 INFO       Lay du lieu nhap luc
2021-08-25 17:00:17,406 INFO       Lay du lieu do rung
2021-08-25 17:00:17,406 INFO       Lay du lieu tieng on
2021-08-25 17:00:17,406 INFO       Ve do thi du lieu
2021-08-25 17:00:17,469 INFO Chu trinh - 3 - Lay du lieu chieu thuan
2021-08-25 17:00:17,507 INFO   Lay du lieu - Forward
2021-08-25 17:00:17,507 INFO       Lay du lieu dong dien
2021-08-25 17:00:17,507 INFO       Lay du lieu nhap luc
2021-08-25 17:00:17,507 INFO       Lay du lieu do rung
2021-08-25 17:00:17,507 INFO       Lay du lieu tieng on
2021-08-25 17:00:17,607 INFO Chu trinh - 3 - Lay du lieu chieu thuan
2021-08-25 17:00:17,607 INFO   Lay du lieu - Forward
2021-08-25 17:00:17,607 INFO       Lay du lieu dong dien
2021-08-25 17:00:17,607 INFO       Lay du lieu nhap luc
2021-08-25 17:00:17,607 INFO       Lay du lieu do rung
2021-08-25 17:00:17,607 INFO       Lay du lieu tieng on
2021-08-25 17:00:17,669 INFO Chu trinh - 3 - Lay du lieu chieu thuan
2021-08-25 17:00:17,707 INFO   Lay du lieu - Forward
2021-08-25 17:00:17,707 INFO       Lay du lieu dong dien
2021-08-25 17:00:17,707 INFO       Lay du lieu nhap luc
2021-08-25 17:00:17,707 INFO       Lay du lieu do rung
2021-08-25 17:00:17,707 INFO       Lay du lieu tieng on
2021-08-25 17:00:17,807 INFO Chu trinh - 3 - Lay du lieu chieu thuan
2021-08-25 17:00:17,807 INFO   Lay du lieu - Forward
2021-08-25 17:00:17,807 INFO       Lay du lieu dong dien
2021-08-25 17:00:17,807 INFO       Lay du lieu nhap luc
2021-08-25 17:00:17,807 INFO       Lay du lieu do rung
2021-08-25 17:00:17,807 INFO       Lay du lieu tieng on
2021-08-25 17:00:17,870 INFO Chu trinh - 3 - Lay du lieu chieu thuan
2021-08-25 17:00:17,923 INFO   Lay du lieu - Forward
2021-08-25 17:00:17,923 INFO       Lay du lieu dong dien
2021-08-25 17:00:17,923 INFO       Lay du lieu nhap luc
2021-08-25 17:00:17,923 INFO       Lay du lieu do rung
2021-08-25 17:00:17,923 INFO       Lay du lieu tieng on
2021-08-25 17:00:18,008 INFO Chu trinh - 3 - Lay du lieu chieu thuan
2021-08-25 17:00:18,008 INFO   Lay du lieu - Forward
2021-08-25 17:00:18,008 INFO       Lay du lieu dong dien
2021-08-25 17:00:18,008 INFO       Lay du lieu nhap luc
2021-08-25 17:00:18,008 INFO       Lay du lieu do rung
2021-08-25 17:00:18,008 INFO       Lay du lieu tieng on
2021-08-25 17:00:18,070 INFO Chu trinh - 3 - Lay du lieu chieu thuan
2021-08-25 17:00:18,108 INFO   Lay du lieu - Forward
2021-08-25 17:00:18,108 INFO       Lay du lieu dong dien
2021-08-25 17:00:18,108 INFO       Lay du lieu nhap luc
2021-08-25 17:00:18,108 INFO       Lay du lieu do rung
2021-08-25 17:00:18,108 INFO       Lay du lieu tieng on
2021-08-25 17:00:18,208 INFO Chu trinh - 3 - Lay du lieu chieu thuan
2021-08-25 17:00:18,208 INFO   Lay du lieu - Forward
2021-08-25 17:00:18,208 INFO       Lay du lieu dong dien
2021-08-25 17:00:18,208 INFO       Lay du lieu nhap luc
2021-08-25 17:00:18,208 INFO       Lay du lieu do rung
2021-08-25 17:00:18,208 INFO       Lay du lieu tieng on
2021-08-25 17:00:18,324 INFO Chu trinh - 3 - Lay du lieu chieu thuan
2021-08-25 17:00:18,424 INFO   Lay du lieu - Forward
2021-08-25 17:00:18,424 INFO       Lay du lieu dong dien
2021-08-25 17:00:18,424 INFO       Lay du lieu nhap luc
2021-08-25 17:00:18,424 INFO       Lay du lieu do rung
2021-08-25 17:00:18,424 INFO       Lay du lieu tieng on
2021-08-25 17:00:18,424 ERROR Thoi gian chu trinh vuot qua 100ms
2021-08-25 17:00:18,472 INFO Chu trinh - 3 - Lay du lieu chieu thuan
2021-08-25 17:00:18,478 INFO   Lay du lieu - Forward
2021-08-25 17:00:18,478 INFO       Lay du lieu dong dien
2021-08-25 17:00:18,478 INFO       Lay du lieu nhap luc
2021-08-25 17:00:18,478 INFO       Lay du lieu do rung
2021-08-25 17:00:18,478 INFO       Lay du lieu tieng on
2021-08-25 17:00:18,478 INFO       Ve do thi du lieu
2021-08-25 17:00:18,536 INFO Chu trinh - 3 - Lay du lieu chieu thuan
2021-08-25 17:00:18,578 INFO   Lay du lieu - Forward
2021-08-25 17:00:18,578 INFO       Lay du lieu dong dien
2021-08-25 17:00:18,578 INFO       Lay du lieu nhap luc
2021-08-25 17:00:18,578 INFO       Lay du lieu do rung
2021-08-25 17:00:18,578 INFO       Lay du lieu tieng on
2021-08-25 17:00:18,678 INFO Chu trinh - 3 - Lay du lieu chieu thuan
2021-08-25 17:00:18,678 INFO   Lay du lieu - Forward
2021-08-25 17:00:18,678 INFO       Lay du lieu dong dien
2021-08-25 17:00:18,678 INFO       Lay du lieu nhap luc
2021-08-25 17:00:18,678 INFO       Lay du lieu do rung
2021-08-25 17:00:18,678 INFO       Lay du lieu tieng on
2021-08-25 17:00:18,741 INFO Chu trinh - 3 - Lay du lieu chieu thuan
2021-08-25 17:00:18,741 INFO   Lay du lieu - Forward
2021-08-25 17:00:18,741 INFO       Lay du lieu dong dien
2021-08-25 17:00:18,741 INFO       Lay du lieu nhap luc
2021-08-25 17:00:18,741 INFO       Lay du lieu do rung
2021-08-25 17:00:18,741 INFO       Lay du lieu tieng on
2021-08-25 17:00:18,841 INFO Chu trinh - 3 - Lay du lieu chieu thuan
2021-08-25 17:00:18,894 INFO   Lay du lieu - Forward
2021-08-25 17:00:18,894 INFO       Lay du lieu dong dien
2021-08-25 17:00:18,894 INFO       Lay du lieu nhap luc
2021-08-25 17:00:18,894 INFO       Lay du lieu do rung
2021-08-25 17:00:18,894 INFO       Lay du lieu tieng on
2021-08-25 17:00:18,941 INFO Chu trinh - 3 - Lay du lieu chieu thuan
2021-08-25 17:00:18,941 INFO   Lay du lieu - Forward
2021-08-25 17:00:18,941 INFO       Lay du lieu dong dien
2021-08-25 17:00:18,941 INFO       Lay du lieu nhap luc
2021-08-25 17:00:18,941 INFO       Lay du lieu do rung
2021-08-25 17:00:18,941 INFO       Lay du lieu tieng on
2021-08-25 17:00:19,057 INFO Chu trinh - 3 - Lay du lieu chieu thuan
2021-08-25 17:00:19,111 INFO   Lay du lieu - Forward
2021-08-25 17:00:19,111 INFO       Lay du lieu dong dien
2021-08-25 17:00:19,111 INFO       Lay du lieu nhap luc
2021-08-25 17:00:19,111 INFO       Lay du lieu do rung
2021-08-25 17:00:19,111 INFO       Lay du lieu tieng on
2021-08-25 17:00:19,142 INFO Chu trinh - 3 - Lay du lieu chieu thuan
2021-08-25 17:00:19,142 INFO   Lay du lieu - Forward
2021-08-25 17:00:19,142 INFO       Lay du lieu dong dien
2021-08-25 17:00:19,142 INFO       Lay du lieu nhap luc
2021-08-25 17:00:19,142 INFO       Lay du lieu do rung
2021-08-25 17:00:19,142 INFO       Lay du lieu tieng on
2021-08-25 17:00:19,258 INFO Chu trinh - 3 - Lay du lieu chieu thuan
2021-08-25 17:00:19,312 INFO   Lay du lieu - Forward
2021-08-25 17:00:19,312 INFO       Lay du lieu dong dien
2021-08-25 17:00:19,312 INFO       Lay du lieu nhap luc
2021-08-25 17:00:19,312 INFO       Lay du lieu do rung
2021-08-25 17:00:19,312 INFO       Lay du lieu tieng on
2021-08-25 17:00:19,343 INFO Chu trinh - 3 - Lay du lieu chieu thuan
2021-08-25 17:00:19,343 INFO   Lay du lieu - Forward
2021-08-25 17:00:19,343 INFO       Lay du lieu dong dien
2021-08-25 17:00:19,343 INFO       Lay du lieu nhap luc
2021-08-25 17:00:19,343 INFO       Lay du lieu do rung
2021-08-25 17:00:19,343 INFO       Lay du lieu tieng on
2021-08-25 17:00:19,459 INFO Chu trinh - 3 - Lay du lieu chieu thuan
2021-08-25 17:00:19,512 INFO   Lay du lieu - Forward
2021-08-25 17:00:19,512 INFO       Lay du lieu dong dien
2021-08-25 17:00:19,512 INFO       Lay du lieu nhap luc
2021-08-25 17:00:19,512 INFO       Lay du lieu do rung
2021-08-25 17:00:19,512 INFO       Lay du lieu tieng on
2021-08-25 17:00:19,512 INFO       Ve do thi du lieu
2021-08-25 17:00:19,543 INFO Chu trinh - 3 - Lay du lieu chieu thuan
2021-08-25 17:00:19,543 INFO   Lay du lieu - Forward
2021-08-25 17:00:19,543 INFO       Lay du lieu dong dien
2021-08-25 17:00:19,543 INFO       Lay du lieu nhap luc
2021-08-25 17:00:19,543 INFO       Lay du lieu do rung
2021-08-25 17:00:19,543 INFO       Lay du lieu tieng on
2021-08-25 17:00:19,659 INFO Chu trinh - 3 - Lay du lieu chieu thuan
2021-08-25 17:00:19,713 INFO   Lay du lieu - Forward
2021-08-25 17:00:19,713 INFO       Lay du lieu dong dien
2021-08-25 17:00:19,713 INFO       Lay du lieu nhap luc
2021-08-25 17:00:19,713 INFO       Lay du lieu do rung
2021-08-25 17:00:19,713 INFO       Lay du lieu tieng on
2021-08-25 17:00:19,744 INFO Chu trinh - 3 - Lay du lieu chieu thuan
2021-08-25 17:00:19,744 INFO   Lay du lieu - Forward
2021-08-25 17:00:19,744 INFO       Lay du lieu dong dien
2021-08-25 17:00:19,744 INFO       Lay du lieu nhap luc
2021-08-25 17:00:19,744 INFO       Lay du lieu do rung
2021-08-25 17:00:19,744 INFO       Lay du lieu tieng on
2021-08-25 17:00:19,860 INFO Chu trinh - 3 - Lay du lieu chieu thuan
2021-08-25 17:00:19,913 INFO   Lay du lieu - Forward
2021-08-25 17:00:19,913 INFO       Lay du lieu dong dien
2021-08-25 17:00:19,913 INFO       Lay du lieu nhap luc
2021-08-25 17:00:19,913 INFO       Lay du lieu do rung
2021-08-25 17:00:19,913 INFO       Lay du lieu tieng on
2021-08-25 17:00:19,944 INFO Chu trinh - 3 - Lay du lieu chieu thuan
2021-08-25 17:00:19,944 INFO   Lay du lieu - Forward
2021-08-25 17:00:19,944 INFO       Lay du lieu dong dien
2021-08-25 17:00:19,944 INFO       Lay du lieu nhap luc
2021-08-25 17:00:19,944 INFO       Lay du lieu do rung
2021-08-25 17:00:19,944 INFO       Lay du lieu tieng on
2021-08-25 17:00:20,061 INFO Chu trinh - 3 - Lay du lieu chieu thuan
2021-08-25 17:00:20,114 INFO   Lay du lieu - Forward
2021-08-25 17:00:20,114 INFO       Lay du lieu dong dien
2021-08-25 17:00:20,114 INFO       Lay du lieu nhap luc
2021-08-25 17:00:20,114 INFO       Lay du lieu do rung
2021-08-25 17:00:20,114 INFO       Lay du lieu tieng on
2021-08-25 17:00:20,161 INFO Chu trinh - 3 - Lay du lieu chieu thuan
2021-08-25 17:00:20,214 INFO   Lay du lieu - Forward
2021-08-25 17:00:20,214 INFO       Lay du lieu dong dien
2021-08-25 17:00:20,214 INFO       Lay du lieu nhap luc
2021-08-25 17:00:20,214 INFO       Lay du lieu do rung
2021-08-25 17:00:20,214 INFO       Lay du lieu tieng on
2021-08-25 17:00:20,245 INFO Chu trinh - 3 - Lay du lieu chieu thuan
2021-08-25 17:00:20,252 INFO   Lay du lieu - Forward
2021-08-25 17:00:20,252 INFO       Lay du lieu dong dien
2021-08-25 17:00:20,252 INFO       Lay du lieu nhap luc
2021-08-25 17:00:20,252 INFO       Lay du lieu do rung
2021-08-25 17:00:20,252 INFO       Lay du lieu tieng on
2021-08-25 17:00:20,346 INFO Chu trinh - 3 - Lay du lieu chieu thuan
2021-08-25 17:00:20,399 INFO   Lay du lieu - Forward
2021-08-25 17:00:20,399 INFO       Lay du lieu dong dien
2021-08-25 17:00:20,399 INFO       Lay du lieu nhap luc
2021-08-25 17:00:20,399 INFO       Lay du lieu do rung
2021-08-25 17:00:20,399 INFO       Lay du lieu tieng on
2021-08-25 17:00:20,446 INFO Chu trinh - 3 - Lay du lieu chieu thuan
2021-08-25 17:00:20,446 INFO   Lay du lieu - Forward
2021-08-25 17:00:20,446 INFO       Lay du lieu dong dien
2021-08-25 17:00:20,446 INFO       Lay du lieu nhap luc
2021-08-25 17:00:20,446 INFO       Lay du lieu do rung
2021-08-25 17:00:20,446 INFO       Lay du lieu tieng on
2021-08-25 17:00:20,446 INFO       Ve do thi du lieu
2021-08-25 17:00:20,570 INFO Chu trinh - 3 - Lay du lieu chieu thuan
2021-08-25 17:00:20,616 INFO   Lay du lieu - Forward
2021-08-25 17:00:20,616 INFO       Lay du lieu dong dien
2021-08-25 17:00:20,616 INFO       Lay du lieu nhap luc
2021-08-25 17:00:20,616 INFO       Lay du lieu do rung
2021-08-25 17:00:20,616 INFO       Lay du lieu tieng on
2021-08-25 17:00:20,663 INFO Chu trinh - 3 - Lay du lieu chieu thuan
2021-08-25 17:00:20,678 INFO   Lay du lieu - Forward
2021-08-25 17:00:20,678 INFO       Lay du lieu dong dien
2021-08-25 17:00:20,678 INFO       Lay du lieu nhap luc
2021-08-25 17:00:20,678 INFO       Lay du lieu do rung
2021-08-25 17:00:20,678 INFO       Lay du lieu tieng on
2021-08-25 17:00:20,785 INFO Chu trinh - 3 - Lay du lieu chieu thuan
2021-08-25 17:00:20,847 INFO   Lay du lieu - Forward
2021-08-25 17:00:20,847 INFO       Lay du lieu dong dien
2021-08-25 17:00:20,847 INFO       Lay du lieu nhap luc
2021-08-25 17:00:20,847 INFO       Lay du lieu do rung
2021-08-25 17:00:20,847 INFO       Lay du lieu tieng on
2021-08-25 17:00:20,885 INFO Chu trinh - 3 - Lay du lieu chieu thuan
2021-08-25 17:00:20,900 INFO   Lay du lieu - Forward
2021-08-25 17:00:20,900 INFO       Lay du lieu dong dien
2021-08-25 17:00:20,900 INFO       Lay du lieu nhap luc
2021-08-25 17:00:20,900 INFO       Lay du lieu do rung
2021-08-25 17:00:20,900 INFO       Lay du lieu tieng on
2021-08-25 17:00:20,963 INFO Chu trinh - 3 - Lay du lieu chieu thuan
2021-08-25 17:00:21,032 INFO   Lay du lieu - Forward
2021-08-25 17:00:21,032 INFO       Lay du lieu dong dien
2021-08-25 17:00:21,032 INFO       Lay du lieu nhap luc
2021-08-25 17:00:21,032 INFO       Lay du lieu do rung
2021-08-25 17:00:21,032 INFO       Lay du lieu tieng on
2021-08-25 17:00:21,085 INFO Chu trinh - 3 - Lay du lieu chieu thuan
2021-08-25 17:00:21,132 INFO   Lay du lieu - Forward
2021-08-25 17:00:21,132 INFO       Lay du lieu dong dien
2021-08-25 17:00:21,132 INFO       Lay du lieu nhap luc
2021-08-25 17:00:21,132 INFO       Lay du lieu do rung
2021-08-25 17:00:21,132 INFO       Lay du lieu tieng on
2021-08-25 17:00:21,163 INFO Chu trinh - 3 - Lay du lieu chieu thuan
2021-08-25 17:00:21,163 INFO   Lay du lieu - Forward
2021-08-25 17:00:21,163 INFO       Lay du lieu dong dien
2021-08-25 17:00:21,163 INFO       Lay du lieu nhap luc
2021-08-25 17:00:21,163 INFO       Lay du lieu do rung
2021-08-25 17:00:21,163 INFO       Lay du lieu tieng on
2021-08-25 17:00:21,285 INFO Chu trinh - 3 - Lay du lieu chieu thuan
2021-08-25 17:00:21,332 INFO   Lay du lieu - Forward
2021-08-25 17:00:21,332 INFO       Lay du lieu dong dien
2021-08-25 17:00:21,332 INFO       Lay du lieu nhap luc
2021-08-25 17:00:21,332 INFO       Lay du lieu do rung
2021-08-25 17:00:21,332 INFO       Lay du lieu tieng on
2021-08-25 17:00:21,363 INFO Chu trinh - 3 - Lay du lieu chieu thuan
2021-08-25 17:00:21,363 INFO   Lay du lieu - Forward
2021-08-25 17:00:21,363 INFO       Lay du lieu dong dien
2021-08-25 17:00:21,363 INFO       Lay du lieu nhap luc
2021-08-25 17:00:21,363 INFO       Lay du lieu do rung
2021-08-25 17:00:21,363 INFO       Lay du lieu tieng on
2021-08-25 17:00:21,486 INFO Chu trinh - 3 - Lay du lieu chieu thuan
2021-08-25 17:00:21,533 INFO   Lay du lieu - Forward
2021-08-25 17:00:21,533 INFO       Lay du lieu dong dien
2021-08-25 17:00:21,533 INFO       Lay du lieu nhap luc
2021-08-25 17:00:21,533 INFO       Lay du lieu do rung
2021-08-25 17:00:21,533 INFO       Lay du lieu tieng on
2021-08-25 17:00:21,533 INFO       Ve do thi du lieu
2021-08-25 17:00:21,564 INFO Chu trinh - 3 - Lay du lieu chieu thuan
2021-08-25 17:00:21,564 INFO   Lay du lieu - Forward
2021-08-25 17:00:21,564 INFO       Lay du lieu dong dien
2021-08-25 17:00:21,564 INFO       Lay du lieu nhap luc
2021-08-25 17:00:21,564 INFO       Lay du lieu do rung
2021-08-25 17:00:21,564 INFO       Lay du lieu tieng on
2021-08-25 17:00:21,686 INFO Chu trinh - 3 - Lay du lieu chieu thuan
2021-08-25 17:00:21,733 INFO   Lay du lieu - Forward
2021-08-25 17:00:21,733 INFO       Lay du lieu dong dien
2021-08-25 17:00:21,733 INFO       Lay du lieu nhap luc
2021-08-25 17:00:21,733 INFO       Lay du lieu do rung
2021-08-25 17:00:21,733 INFO       Lay du lieu tieng on
2021-08-25 17:00:21,764 INFO Chu trinh - 3 - Lay du lieu chieu thuan
2021-08-25 17:00:21,764 INFO   Lay du lieu - Forward
2021-08-25 17:00:21,764 INFO       Lay du lieu dong dien
2021-08-25 17:00:21,764 INFO       Lay du lieu nhap luc
2021-08-25 17:00:21,764 INFO       Lay du lieu do rung
2021-08-25 17:00:21,764 INFO       Lay du lieu tieng on
2021-08-25 17:00:21,887 INFO Chu trinh - 3 - Lay du lieu chieu thuan
2021-08-25 17:00:21,934 INFO   Lay du lieu - Forward
2021-08-25 17:00:21,934 INFO       Lay du lieu dong dien
2021-08-25 17:00:21,934 INFO       Lay du lieu nhap luc
2021-08-25 17:00:21,934 INFO       Lay du lieu do rung
2021-08-25 17:00:21,934 INFO       Lay du lieu tieng on
2021-08-25 17:00:21,965 INFO Chu trinh - 3 - Lay du lieu chieu thuan
2021-08-25 17:00:21,965 INFO   Lay du lieu - Forward
2021-08-25 17:00:21,965 INFO       Lay du lieu dong dien
2021-08-25 17:00:21,965 INFO       Lay du lieu nhap luc
2021-08-25 17:00:21,965 INFO       Lay du lieu do rung
2021-08-25 17:00:21,965 INFO       Lay du lieu tieng on
2021-08-25 17:00:22,135 INFO Chu trinh - 3 - Lay du lieu chieu thuan
2021-08-25 17:00:22,237 INFO   Lay du lieu - Forward
2021-08-25 17:00:22,237 INFO       Lay du lieu dong dien
2021-08-25 17:00:22,237 INFO       Lay du lieu nhap luc
2021-08-25 17:00:22,237 INFO       Lay du lieu do rung
2021-08-25 17:00:22,237 INFO       Lay du lieu tieng on
2021-08-25 17:00:22,237 ERROR Thoi gian chu trinh vuot qua 100ms
2021-08-25 17:00:22,237 INFO Chu trinh - 3 - Lay du lieu chieu thuan
2021-08-25 17:00:22,252 INFO   Lay du lieu - Forward
2021-08-25 17:00:22,252 INFO       Lay du lieu dong dien
2021-08-25 17:00:22,252 INFO       Lay du lieu nhap luc
2021-08-25 17:00:22,252 INFO       Lay du lieu do rung
2021-08-25 17:00:22,252 INFO       Lay du lieu tieng on
2021-08-25 17:00:22,354 INFO Chu trinh - 3 - Lay du lieu chieu thuan
2021-08-25 17:00:22,408 INFO   Lay du lieu - Forward
2021-08-25 17:00:22,408 INFO       Lay du lieu dong dien
2021-08-25 17:00:22,408 INFO       Lay du lieu nhap luc
2021-08-25 17:00:22,408 INFO       Lay du lieu do rung
2021-08-25 17:00:22,408 INFO       Lay du lieu tieng on
2021-08-25 17:00:22,455 INFO Chu trinh - 3 - Lay du lieu chieu thuan
2021-08-25 17:00:22,455 INFO   Lay du lieu - Forward
2021-08-25 17:00:22,455 INFO       Lay du lieu dong dien
2021-08-25 17:00:22,455 INFO       Lay du lieu nhap luc
2021-08-25 17:00:22,455 INFO       Lay du lieu do rung
2021-08-25 17:00:22,455 INFO       Lay du lieu tieng on
2021-08-25 17:00:22,571 INFO Chu trinh - 3 - Lay du lieu chieu thuan
2021-08-25 17:00:22,613 INFO   Lay du lieu - Forward
2021-08-25 17:00:22,613 INFO       Lay du lieu dong dien
2021-08-25 17:00:22,613 INFO       Lay du lieu nhap luc
2021-08-25 17:00:22,613 INFO       Lay du lieu do rung
2021-08-25 17:00:22,613 INFO       Lay du lieu tieng on
2021-08-25 17:00:22,613 INFO       Ve do thi du lieu
2021-08-25 17:00:22,676 INFO Chu trinh - 3 - Lay du lieu chieu thuan
2021-08-25 17:00:22,695 INFO   Lay du lieu - Forward
2021-08-25 17:00:22,695 INFO       Lay du lieu dong dien
2021-08-25 17:00:22,695 INFO       Lay du lieu nhap luc
2021-08-25 17:00:22,695 INFO       Lay du lieu do rung
2021-08-25 17:00:22,695 INFO       Lay du lieu tieng on
2021-08-25 17:00:22,798 INFO Chu trinh - 3 - Lay du lieu chieu thuan
2021-08-25 17:00:22,845 INFO   Lay du lieu - Forward
2021-08-25 17:00:22,845 INFO       Lay du lieu dong dien
2021-08-25 17:00:22,845 INFO       Lay du lieu nhap luc
2021-08-25 17:00:22,845 INFO       Lay du lieu do rung
2021-08-25 17:00:22,845 INFO       Lay du lieu tieng on
2021-08-25 17:00:22,898 INFO Chu trinh - 3 - Lay du lieu chieu thuan
2021-08-25 17:00:22,898 INFO   Lay du lieu - Forward
2021-08-25 17:00:22,898 INFO       Lay du lieu dong dien
2021-08-25 17:00:22,898 INFO       Lay du lieu nhap luc
2021-08-25 17:00:22,898 INFO       Lay du lieu do rung
2021-08-25 17:00:22,898 INFO       Lay du lieu tieng on
2021-08-25 17:00:22,976 INFO Chu trinh - 3 - Lay du lieu chieu thuan
2021-08-25 17:00:23,031 INFO   Lay du lieu - Forward
2021-08-25 17:00:23,031 INFO       Lay du lieu dong dien
2021-08-25 17:00:23,031 INFO       Lay du lieu nhap luc
2021-08-25 17:00:23,031 INFO       Lay du lieu do rung
2021-08-25 17:00:23,031 INFO       Lay du lieu tieng on
2021-08-25 17:00:23,078 INFO Chu trinh - 3 - Lay du lieu chieu thuan
2021-08-25 17:00:23,131 INFO   Lay du lieu - Forward
2021-08-25 17:00:23,131 INFO       Lay du lieu dong dien
2021-08-25 17:00:23,131 INFO       Lay du lieu nhap luc
2021-08-25 17:00:23,131 INFO       Lay du lieu do rung
2021-08-25 17:00:23,131 INFO       Lay du lieu tieng on
2021-08-25 17:00:23,178 INFO Chu trinh - 3 - Lay du lieu chieu thuan
2021-08-25 17:00:23,178 INFO   Lay du lieu - Forward
2021-08-25 17:00:23,178 INFO       Lay du lieu dong dien
2021-08-25 17:00:23,178 INFO       Lay du lieu nhap luc
2021-08-25 17:00:23,178 INFO       Lay du lieu do rung
2021-08-25 17:00:23,178 INFO       Lay du lieu tieng on
2021-08-25 17:00:23,278 INFO Chu trinh - 3 - Lay du lieu chieu thuan
2021-08-25 17:00:23,316 INFO   Lay du lieu - Forward
2021-08-25 17:00:23,316 INFO       Lay du lieu dong dien
2021-08-25 17:00:23,316 INFO       Lay du lieu nhap luc
2021-08-25 17:00:23,316 INFO       Lay du lieu do rung
2021-08-25 17:00:23,316 INFO       Lay du lieu tieng on
2021-08-25 17:00:23,379 INFO Chu trinh - 3 - Lay du lieu chieu thuan
2021-08-25 17:00:23,379 INFO   Lay du lieu - Forward
2021-08-25 17:00:23,379 INFO       Lay du lieu dong dien
2021-08-25 17:00:23,379 INFO       Lay du lieu nhap luc
2021-08-25 17:00:23,379 INFO       Lay du lieu do rung
2021-08-25 17:00:23,379 INFO       Lay du lieu tieng on
2021-08-25 17:00:23,479 INFO Chu trinh - 3 - Lay du lieu chieu thuan
2021-08-25 17:00:23,532 INFO   Lay du lieu - Forward
2021-08-25 17:00:23,532 INFO       Lay du lieu dong dien
2021-08-25 17:00:23,532 INFO       Lay du lieu nhap luc
2021-08-25 17:00:23,532 INFO       Lay du lieu do rung
2021-08-25 17:00:23,532 INFO       Lay du lieu tieng on
2021-08-25 17:00:23,579 INFO Chu trinh - 3 - Lay du lieu chieu thuan
2021-08-25 17:00:23,579 INFO   Lay du lieu - Forward
2021-08-25 17:00:23,579 INFO       Lay du lieu dong dien
2021-08-25 17:00:23,579 INFO       Lay du lieu nhap luc
2021-08-25 17:00:23,579 INFO       Lay du lieu do rung
2021-08-25 17:00:23,579 INFO       Lay du lieu tieng on
2021-08-25 17:00:23,579 INFO       Ve do thi du lieu
2021-08-25 17:00:23,679 INFO Chu trinh - 3 - Lay du lieu chieu thuan
2021-08-25 17:00:23,717 INFO   Lay du lieu - Forward
2021-08-25 17:00:23,717 INFO       Lay du lieu dong dien
2021-08-25 17:00:23,717 INFO       Lay du lieu nhap luc
2021-08-25 17:00:23,717 INFO       Lay du lieu do rung
2021-08-25 17:00:23,717 INFO       Lay du lieu tieng on
2021-08-25 17:00:23,779 INFO Chu trinh - 3 - Lay du lieu chieu thuan
2021-08-25 17:00:23,779 INFO   Lay du lieu - Forward
2021-08-25 17:00:23,779 INFO       Lay du lieu dong dien
2021-08-25 17:00:23,779 INFO       Lay du lieu nhap luc
2021-08-25 17:00:23,779 INFO       Lay du lieu do rung
2021-08-25 17:00:23,779 INFO       Lay du lieu tieng on
2021-08-25 17:00:23,936 INFO Chu trinh - 3 - Lay du lieu chieu thuan
2021-08-25 17:00:24,036 INFO   Lay du lieu - Forward
2021-08-25 17:00:24,036 INFO       Lay du lieu dong dien
2021-08-25 17:00:24,036 INFO       Lay du lieu nhap luc
2021-08-25 17:00:24,036 INFO       Lay du lieu do rung
2021-08-25 17:00:24,036 INFO       Lay du lieu tieng on
2021-08-25 17:00:24,036 ERROR Thoi gian chu trinh vuot qua 100ms
2021-08-25 17:00:24,036 INFO Chu trinh - 3 - Lay du lieu chieu thuan
2021-08-25 17:00:24,052 INFO   Lay du lieu - Forward
2021-08-25 17:00:24,052 INFO       Lay du lieu dong dien
2021-08-25 17:00:24,052 INFO       Lay du lieu nhap luc
2021-08-25 17:00:24,052 INFO       Lay du lieu do rung
2021-08-25 17:00:24,052 INFO       Lay du lieu tieng on
2021-08-25 17:00:24,152 INFO Chu trinh - 3 - Lay du lieu chieu thuan
2021-08-25 17:00:24,210 INFO   Lay du lieu - Forward
2021-08-25 17:00:24,210 INFO       Lay du lieu dong dien
2021-08-25 17:00:24,210 INFO       Lay du lieu nhap luc
2021-08-25 17:00:24,210 INFO       Lay du lieu do rung
2021-08-25 17:00:24,210 INFO       Lay du lieu tieng on
2021-08-25 17:00:24,257 INFO Chu trinh - 3 - Lay du lieu chieu thuan
2021-08-25 17:00:24,257 INFO   Lay du lieu - Forward
2021-08-25 17:00:24,257 INFO       Lay du lieu dong dien
2021-08-25 17:00:24,257 INFO       Lay du lieu nhap luc
2021-08-25 17:00:24,257 INFO       Lay du lieu do rung
2021-08-25 17:00:24,257 INFO       Lay du lieu tieng on
2021-08-25 17:00:24,372 INFO Chu trinh - 3 - Lay du lieu chieu thuan
2021-08-25 17:00:24,410 INFO   Lay du lieu - Forward
2021-08-25 17:00:24,410 INFO       Lay du lieu dong dien
2021-08-25 17:00:24,410 INFO       Lay du lieu nhap luc
2021-08-25 17:00:24,410 INFO       Lay du lieu do rung
2021-08-25 17:00:24,410 INFO       Lay du lieu tieng on
2021-08-25 17:00:24,457 INFO Chu trinh - 3 - Lay du lieu chieu thuan
2021-08-25 17:00:24,473 INFO   Lay du lieu - Forward
2021-08-25 17:00:24,473 INFO       Lay du lieu dong dien
2021-08-25 17:00:24,473 INFO       Lay du lieu nhap luc
2021-08-25 17:00:24,473 INFO       Lay du lieu do rung
2021-08-25 17:00:24,473 INFO       Lay du lieu tieng on
2021-08-25 17:00:24,573 INFO Chu trinh - 3 - Lay du lieu chieu thuan
2021-08-25 17:00:24,626 INFO   Lay du lieu - Forward
2021-08-25 17:00:24,626 INFO       Lay du lieu dong dien
2021-08-25 17:00:24,626 INFO       Lay du lieu nhap luc
2021-08-25 17:00:24,626 INFO       Lay du lieu do rung
2021-08-25 17:00:24,626 INFO       Lay du lieu tieng on
2021-08-25 17:00:24,673 INFO Chu trinh - 3 - Lay du lieu chieu thuan
2021-08-25 17:00:24,673 INFO   Lay du lieu - Forward
2021-08-25 17:00:24,673 INFO       Lay du lieu dong dien
2021-08-25 17:00:24,673 INFO       Lay du lieu nhap luc
2021-08-25 17:00:24,673 INFO       Lay du lieu do rung
2021-08-25 17:00:24,673 INFO       Lay du lieu tieng on
2021-08-25 17:00:24,673 INFO       Ve do thi du lieu
2021-08-25 17:00:24,757 INFO Chu trinh - 3 - Lay du lieu chieu thuan
2021-08-25 17:00:24,803 INFO   Lay du lieu - Forward
2021-08-25 17:00:24,803 INFO       Lay du lieu dong dien
2021-08-25 17:00:24,803 INFO       Lay du lieu nhap luc
2021-08-25 17:00:24,803 INFO       Lay du lieu do rung
2021-08-25 17:00:24,803 INFO       Lay du lieu tieng on
2021-08-25 17:00:25,112 ERROR Thoi gian chu trinh vuot qua 100ms
2021-08-25 17:00:25,112 INFO Chu trinh - 9 - Ghi du lieu am thanh chieu thuan
2021-08-25 17:00:25,175 INFO Chu trinh - 11 - Doi du lieu bat dau chieu nghich
2021-08-25 17:00:32,977 ERROR Thoi gian chu trinh vuot qua 100ms
2021-08-25 17:00:33,030 INFO Chu trinh - 13 - Lay du lieu chieu nghich
2021-08-25 17:00:33,030 INFO   Lay du lieu - Backward
2021-08-25 17:00:33,030 INFO       Lay du lieu dong dien
2021-08-25 17:00:33,030 INFO       Lay du lieu nhap luc
2021-08-25 17:00:33,030 INFO       Lay du lieu do rung
2021-08-25 17:00:33,030 INFO       Lay du lieu tieng on
2021-08-25 17:00:33,030 INFO       Ve do thi du lieu
2021-08-25 17:00:33,077 INFO Chu trinh - 13 - Lay du lieu chieu nghich
2021-08-25 17:00:33,077 INFO   Lay du lieu - Backward
2021-08-25 17:00:33,077 INFO       Lay du lieu dong dien
2021-08-25 17:00:33,077 INFO       Lay du lieu nhap luc
2021-08-25 17:00:33,077 INFO       Lay du lieu do rung
2021-08-25 17:00:33,077 INFO       Lay du lieu tieng on
2021-08-25 17:00:33,362 INFO Chu trinh - 13 - Lay du lieu chieu nghich
2021-08-25 17:00:33,362 INFO   Lay du lieu - Backward
2021-08-25 17:00:33,362 INFO       Lay du lieu dong dien
2021-08-25 17:00:33,362 INFO       Lay du lieu nhap luc
2021-08-25 17:00:33,362 INFO       Lay du lieu do rung
2021-08-25 17:00:33,362 INFO       Lay du lieu tieng on
2021-08-25 17:00:33,362 ERROR Thoi gian chu trinh vuot qua 100ms
2021-08-25 17:00:33,384 INFO Chu trinh - 13 - Lay du lieu chieu nghich
2021-08-25 17:00:33,384 INFO   Lay du lieu - Backward
2021-08-25 17:00:33,384 INFO       Lay du lieu dong dien
2021-08-25 17:00:33,384 INFO       Lay du lieu nhap luc
2021-08-25 17:00:33,384 INFO       Lay du lieu do rung
2021-08-25 17:00:33,384 INFO       Lay du lieu tieng on
2021-08-25 17:00:33,572 INFO Chu trinh - 13 - Lay du lieu chieu nghich
2021-08-25 17:00:33,572 INFO   Lay du lieu - Backward
2021-08-25 17:00:33,572 INFO       Lay du lieu dong dien
2021-08-25 17:00:33,572 INFO       Lay du lieu nhap luc
2021-08-25 17:00:33,572 INFO       Lay du lieu do rung
2021-08-25 17:00:33,572 INFO       Lay du lieu tieng on
2021-08-25 17:00:33,572 ERROR Thoi gian chu trinh vuot qua 100ms
2021-08-25 17:00:33,572 INFO Chu trinh - 13 - Lay du lieu chieu nghich
2021-08-25 17:00:33,572 INFO   Lay du lieu - Backward
2021-08-25 17:00:33,572 INFO       Lay du lieu dong dien
2021-08-25 17:00:33,572 INFO       Lay du lieu nhap luc
2021-08-25 17:00:33,572 INFO       Lay du lieu do rung
2021-08-25 17:00:33,572 INFO       Lay du lieu tieng on
2021-08-25 17:00:33,729 INFO Chu trinh - 13 - Lay du lieu chieu nghich
2021-08-25 17:00:33,729 INFO   Lay du lieu - Backward
2021-08-25 17:00:33,729 INFO       Lay du lieu dong dien
2021-08-25 17:00:33,729 INFO       Lay du lieu nhap luc
2021-08-25 17:00:33,729 INFO       Lay du lieu do rung
2021-08-25 17:00:33,729 INFO       Lay du lieu tieng on
2021-08-25 17:00:33,777 INFO Chu trinh - 13 - Lay du lieu chieu nghich
2021-08-25 17:00:33,777 INFO   Lay du lieu - Backward
2021-08-25 17:00:33,777 INFO       Lay du lieu dong dien
2021-08-25 17:00:33,777 INFO       Lay du lieu nhap luc
2021-08-25 17:00:33,777 INFO       Lay du lieu do rung
2021-08-25 17:00:33,777 INFO       Lay du lieu tieng on
2021-08-25 17:00:33,961 INFO Chu trinh - 13 - Lay du lieu chieu nghich
2021-08-25 17:00:33,961 INFO   Lay du lieu - Backward
2021-08-25 17:00:33,961 INFO       Lay du lieu dong dien
2021-08-25 17:00:33,961 INFO       Lay du lieu nhap luc
2021-08-25 17:00:33,961 INFO       Lay du lieu do rung
2021-08-25 17:00:33,961 INFO       Lay du lieu tieng on
2021-08-25 17:00:33,961 INFO       Ve do thi du lieu
2021-08-25 17:00:34,030 INFO Chu trinh - 13 - Lay du lieu chieu nghich
2021-08-25 17:00:34,030 INFO   Lay du lieu - Backward
2021-08-25 17:00:34,030 INFO       Lay du lieu dong dien
2021-08-25 17:00:34,030 INFO       Lay du lieu nhap luc
2021-08-25 17:00:34,030 INFO       Lay du lieu do rung
2021-08-25 17:00:34,030 INFO       Lay du lieu tieng on
2021-08-25 17:00:34,131 INFO Chu trinh - 13 - Lay du lieu chieu nghich
2021-08-25 17:00:34,131 INFO   Lay du lieu - Backward
2021-08-25 17:00:34,131 INFO       Lay du lieu dong dien
2021-08-25 17:00:34,131 INFO       Lay du lieu nhap luc
2021-08-25 17:00:34,131 INFO       Lay du lieu do rung
2021-08-25 17:00:34,131 INFO       Lay du lieu tieng on
2021-08-25 17:00:34,231 INFO Chu trinh - 13 - Lay du lieu chieu nghich
2021-08-25 17:00:34,231 INFO   Lay du lieu - Backward
2021-08-25 17:00:34,231 INFO       Lay du lieu dong dien
2021-08-25 17:00:34,231 INFO       Lay du lieu nhap luc
2021-08-25 17:00:34,231 INFO       Lay du lieu do rung
2021-08-25 17:00:34,231 INFO       Lay du lieu tieng on
2021-08-25 17:00:34,331 INFO Chu trinh - 13 - Lay du lieu chieu nghich
2021-08-25 17:00:34,331 INFO   Lay du lieu - Backward
2021-08-25 17:00:34,331 INFO       Lay du lieu dong dien
2021-08-25 17:00:34,331 INFO       Lay du lieu nhap luc
2021-08-25 17:00:34,331 INFO       Lay du lieu do rung
2021-08-25 17:00:34,347 INFO       Lay du lieu tieng on
2021-08-25 17:00:34,431 INFO Chu trinh - 13 - Lay du lieu chieu nghich
2021-08-25 17:00:34,431 INFO   Lay du lieu - Backward
2021-08-25 17:00:34,431 INFO       Lay du lieu dong dien
2021-08-25 17:00:34,431 INFO       Lay du lieu nhap luc
2021-08-25 17:00:34,431 INFO       Lay du lieu do rung
2021-08-25 17:00:34,431 INFO       Lay du lieu tieng on
2021-08-25 17:00:34,532 INFO Chu trinh - 13 - Lay du lieu chieu nghich
2021-08-25 17:00:34,532 INFO   Lay du lieu - Backward
2021-08-25 17:00:34,532 INFO       Lay du lieu dong dien
2021-08-25 17:00:34,532 INFO       Lay du lieu nhap luc
2021-08-25 17:00:34,532 INFO       Lay du lieu do rung
2021-08-25 17:00:34,532 INFO       Lay du lieu tieng on
2021-08-25 17:00:34,632 INFO Chu trinh - 13 - Lay du lieu chieu nghich
2021-08-25 17:00:34,632 INFO   Lay du lieu - Backward
2021-08-25 17:00:34,632 INFO       Lay du lieu dong dien
2021-08-25 17:00:34,632 INFO       Lay du lieu nhap luc
2021-08-25 17:00:34,632 INFO       Lay du lieu do rung
2021-08-25 17:00:34,632 INFO       Lay du lieu tieng on
2021-08-25 17:00:34,694 INFO Chu trinh - 13 - Lay du lieu chieu nghich
2021-08-25 17:00:34,694 INFO   Lay du lieu - Backward
2021-08-25 17:00:34,694 INFO       Lay du lieu dong dien
2021-08-25 17:00:34,694 INFO       Lay du lieu nhap luc
2021-08-25 17:00:34,694 INFO       Lay du lieu do rung
2021-08-25 17:00:34,694 INFO       Lay du lieu tieng on
2021-08-25 17:00:34,848 INFO Chu trinh - 13 - Lay du lieu chieu nghich
2021-08-25 17:00:34,848 INFO   Lay du lieu - Backward
2021-08-25 17:00:34,848 INFO       Lay du lieu dong dien
2021-08-25 17:00:34,848 INFO       Lay du lieu nhap luc
2021-08-25 17:00:34,848 INFO       Lay du lieu do rung
2021-08-25 17:00:34,848 INFO       Lay du lieu tieng on
2021-08-25 17:00:34,895 INFO Chu trinh - 13 - Lay du lieu chieu nghich
2021-08-25 17:00:34,895 INFO   Lay du lieu - Backward
2021-08-25 17:00:34,895 INFO       Lay du lieu dong dien
2021-08-25 17:00:34,895 INFO       Lay du lieu nhap luc
2021-08-25 17:00:34,895 INFO       Lay du lieu do rung
2021-08-25 17:00:34,895 INFO       Lay du lieu tieng on
2021-08-25 17:00:34,895 INFO       Ve do thi du lieu
2021-08-25 17:00:35,049 INFO Chu trinh - 13 - Lay du lieu chieu nghich
2021-08-25 17:00:35,049 INFO   Lay du lieu - Backward
2021-08-25 17:00:35,049 INFO       Lay du lieu dong dien
2021-08-25 17:00:35,049 INFO       Lay du lieu nhap luc
2021-08-25 17:00:35,049 INFO       Lay du lieu do rung
2021-08-25 17:00:35,049 INFO       Lay du lieu tieng on
2021-08-25 17:00:35,096 INFO Chu trinh - 13 - Lay du lieu chieu nghich
2021-08-25 17:00:35,096 INFO   Lay du lieu - Backward
2021-08-25 17:00:35,096 INFO       Lay du lieu dong dien
2021-08-25 17:00:35,096 INFO       Lay du lieu nhap luc
2021-08-25 17:00:35,096 INFO       Lay du lieu do rung
2021-08-25 17:00:35,096 INFO       Lay du lieu tieng on
2021-08-25 17:00:35,207 INFO Chu trinh - 13 - Lay du lieu chieu nghich
2021-08-25 17:00:35,207 INFO   Lay du lieu - Backward
2021-08-25 17:00:35,207 INFO       Lay du lieu dong dien
2021-08-25 17:00:35,207 INFO       Lay du lieu nhap luc
2021-08-25 17:00:35,207 INFO       Lay du lieu do rung
2021-08-25 17:00:35,207 INFO       Lay du lieu tieng on
2021-08-25 17:00:35,366 INFO Chu trinh - 13 - Lay du lieu chieu nghich
2021-08-25 17:00:35,366 INFO   Lay du lieu - Backward
2021-08-25 17:00:35,366 INFO       Lay du lieu dong dien
2021-08-25 17:00:35,366 INFO       Lay du lieu nhap luc
2021-08-25 17:00:35,366 INFO       Lay du lieu do rung
2021-08-25 17:00:35,366 INFO       Lay du lieu tieng on
2021-08-25 17:00:35,419 INFO Chu trinh - 13 - Lay du lieu chieu nghich
2021-08-25 17:00:35,419 INFO   Lay du lieu - Backward
2021-08-25 17:00:35,419 INFO       Lay du lieu dong dien
2021-08-25 17:00:35,419 INFO       Lay du lieu nhap luc
2021-08-25 17:00:35,419 INFO       Lay du lieu do rung
2021-08-25 17:00:35,419 INFO       Lay du lieu tieng on
2021-08-25 17:00:35,566 INFO Chu trinh - 13 - Lay du lieu chieu nghich
2021-08-25 17:00:35,566 INFO   Lay du lieu - Backward
2021-08-25 17:00:35,566 INFO       Lay du lieu dong dien
2021-08-25 17:00:35,566 INFO       Lay du lieu nhap luc
2021-08-25 17:00:35,566 INFO       Lay du lieu do rung
2021-08-25 17:00:35,566 INFO       Lay du lieu tieng on
2021-08-25 17:00:35,613 INFO Chu trinh - 13 - Lay du lieu chieu nghich
2021-08-25 17:00:35,613 INFO   Lay du lieu - Backward
2021-08-25 17:00:35,613 INFO       Lay du lieu dong dien
2021-08-25 17:00:35,613 INFO       Lay du lieu nhap luc
2021-08-25 17:00:35,613 INFO       Lay du lieu do rung
2021-08-25 17:00:35,613 INFO       Lay du lieu tieng on
2021-08-25 17:00:35,766 INFO Chu trinh - 13 - Lay du lieu chieu nghich
2021-08-25 17:00:35,766 INFO   Lay du lieu - Backward
2021-08-25 17:00:35,766 INFO       Lay du lieu dong dien
2021-08-25 17:00:35,766 INFO       Lay du lieu nhap luc
2021-08-25 17:00:35,766 INFO       Lay du lieu do rung
2021-08-25 17:00:35,766 INFO       Lay du lieu tieng on
2021-08-25 17:00:35,813 INFO Chu trinh - 13 - Lay du lieu chieu nghich
2021-08-25 17:00:35,813 INFO   Lay du lieu - Backward
2021-08-25 17:00:35,813 INFO       Lay du lieu dong dien
2021-08-25 17:00:35,813 INFO       Lay du lieu nhap luc
2021-08-25 17:00:35,813 INFO       Lay du lieu do rung
2021-08-25 17:00:35,813 INFO       Lay du lieu tieng on
2021-08-25 17:00:36,568 INFO Chu trinh - 13 - Lay du lieu chieu nghich
2021-08-25 17:00:36,568 INFO   Lay du lieu - Backward
2021-08-25 17:00:36,568 INFO       Lay du lieu dong dien
2021-08-25 17:00:36,568 INFO       Lay du lieu nhap luc
2021-08-25 17:00:36,568 INFO       Lay du lieu do rung
2021-08-25 17:00:36,568 INFO       Lay du lieu tieng on
2021-08-25 17:00:36,568 INFO       Ve do thi du lieu
2021-08-25 17:00:36,568 ERROR Thoi gian chu trinh vuot qua 100ms
2021-08-25 17:00:36,622 INFO Chu trinh - 13 - Lay du lieu chieu nghich
2021-08-25 17:00:36,622 INFO   Lay du lieu - Backward
2021-08-25 17:00:36,622 INFO       Lay du lieu dong dien
2021-08-25 17:00:36,622 INFO       Lay du lieu nhap luc
2021-08-25 17:00:36,622 INFO       Lay du lieu do rung
2021-08-25 17:00:36,622 INFO       Lay du lieu tieng on
2021-08-25 17:00:36,684 INFO Chu trinh - 13 - Lay du lieu chieu nghich
2021-08-25 17:00:36,684 INFO   Lay du lieu - Backward
2021-08-25 17:00:36,684 INFO       Lay du lieu dong dien
2021-08-25 17:00:36,684 INFO       Lay du lieu nhap luc
2021-08-25 17:00:36,684 INFO       Lay du lieu do rung
2021-08-25 17:00:36,684 INFO       Lay du lieu tieng on
2021-08-25 17:00:36,786 INFO Chu trinh - 13 - Lay du lieu chieu nghich
2021-08-25 17:00:36,786 INFO   Lay du lieu - Backward
2021-08-25 17:00:36,786 INFO       Lay du lieu dong dien
2021-08-25 17:00:36,786 INFO       Lay du lieu nhap luc
2021-08-25 17:00:36,786 INFO       Lay du lieu do rung
2021-08-25 17:00:36,802 INFO       Lay du lieu tieng on
2021-08-25 17:00:37,072 INFO Chu trinh - 13 - Lay du lieu chieu nghich
2021-08-25 17:00:37,072 INFO   Lay du lieu - Backward
2021-08-25 17:00:37,072 INFO       Lay du lieu dong dien
2021-08-25 17:00:37,072 INFO       Lay du lieu nhap luc
2021-08-25 17:00:37,072 INFO       Lay du lieu do rung
2021-08-25 17:00:37,072 INFO       Lay du lieu tieng on
2021-08-25 17:00:37,072 ERROR Thoi gian chu trinh vuot qua 100ms
2021-08-25 17:00:37,132 INFO Chu trinh - 13 - Lay du lieu chieu nghich
2021-08-25 17:00:37,132 INFO   Lay du lieu - Backward
2021-08-25 17:00:37,132 INFO       Lay du lieu dong dien
2021-08-25 17:00:37,132 INFO       Lay du lieu nhap luc
2021-08-25 17:00:37,132 INFO       Lay du lieu do rung
2021-08-25 17:00:37,132 INFO       Lay du lieu tieng on
2021-08-25 17:00:37,184 INFO Chu trinh - 13 - Lay du lieu chieu nghich
2021-08-25 17:00:37,184 INFO   Lay du lieu - Backward
2021-08-25 17:00:37,184 INFO       Lay du lieu dong dien
2021-08-25 17:00:37,184 INFO       Lay du lieu nhap luc
2021-08-25 17:00:37,184 INFO       Lay du lieu do rung
2021-08-25 17:00:37,184 INFO       Lay du lieu tieng on
2021-08-25 17:00:37,345 INFO Chu trinh - 13 - Lay du lieu chieu nghich
2021-08-25 17:00:37,345 INFO   Lay du lieu - Backward
2021-08-25 17:00:37,345 INFO       Lay du lieu dong dien
2021-08-25 17:00:37,345 INFO       Lay du lieu nhap luc
2021-08-25 17:00:37,345 INFO       Lay du lieu do rung
2021-08-25 17:00:37,345 INFO       Lay du lieu tieng on
2021-08-25 17:00:37,392 INFO Chu trinh - 13 - Lay du lieu chieu nghich
2021-08-25 17:00:37,392 INFO   Lay du lieu - Backward
2021-08-25 17:00:37,392 INFO       Lay du lieu dong dien
2021-08-25 17:00:37,392 INFO       Lay du lieu nhap luc
2021-08-25 17:00:37,392 INFO       Lay du lieu do rung
2021-08-25 17:00:37,392 INFO       Lay du lieu tieng on
2021-08-25 17:00:37,550 INFO Chu trinh - 13 - Lay du lieu chieu nghich
2021-08-25 17:00:37,550 INFO   Lay du lieu - Backward
2021-08-25 17:00:37,550 INFO       Lay du lieu dong dien
2021-08-25 17:00:37,550 INFO       Lay du lieu nhap luc
2021-08-25 17:00:37,550 INFO       Lay du lieu do rung
2021-08-25 17:00:37,550 INFO       Lay du lieu tieng on
2021-08-25 17:00:37,597 INFO Chu trinh - 13 - Lay du lieu chieu nghich
2021-08-25 17:00:37,597 INFO   Lay du lieu - Backward
2021-08-25 17:00:37,597 INFO       Lay du lieu dong dien
2021-08-25 17:00:37,597 INFO       Lay du lieu nhap luc
2021-08-25 17:00:37,597 INFO       Lay du lieu do rung
2021-08-25 17:00:37,597 INFO       Lay du lieu tieng on
2021-08-25 17:00:37,597 INFO       Ve do thi du lieu
2021-08-25 17:00:37,766 INFO Chu trinh - 13 - Lay du lieu chieu nghich
2021-08-25 17:00:37,766 INFO   Lay du lieu - Backward
2021-08-25 17:00:37,766 INFO       Lay du lieu dong dien
2021-08-25 17:00:37,766 INFO       Lay du lieu nhap luc
2021-08-25 17:00:37,766 INFO       Lay du lieu do rung
2021-08-25 17:00:37,766 INFO       Lay du lieu tieng on
2021-08-25 17:00:37,797 INFO Chu trinh - 13 - Lay du lieu chieu nghich
2021-08-25 17:00:37,797 INFO   Lay du lieu - Backward
2021-08-25 17:00:37,797 INFO       Lay du lieu dong dien
2021-08-25 17:00:37,797 INFO       Lay du lieu nhap luc
2021-08-25 17:00:37,797 INFO       Lay du lieu do rung
2021-08-25 17:00:37,797 INFO       Lay du lieu tieng on
2021-08-25 17:00:37,967 INFO Chu trinh - 13 - Lay du lieu chieu nghich
2021-08-25 17:00:37,967 INFO   Lay du lieu - Backward
2021-08-25 17:00:37,967 INFO       Lay du lieu dong dien
2021-08-25 17:00:37,967 INFO       Lay du lieu nhap luc
2021-08-25 17:00:37,967 INFO       Lay du lieu do rung
2021-08-25 17:00:37,967 INFO       Lay du lieu tieng on
2021-08-25 17:00:37,998 INFO Chu trinh - 13 - Lay du lieu chieu nghich
2021-08-25 17:00:37,998 INFO   Lay du lieu - Backward
2021-08-25 17:00:37,998 INFO       Lay du lieu dong dien
2021-08-25 17:00:37,998 INFO       Lay du lieu nhap luc
2021-08-25 17:00:37,998 INFO       Lay du lieu do rung
2021-08-25 17:00:37,998 INFO       Lay du lieu tieng on
2021-08-25 17:00:38,182 INFO Chu trinh - 13 - Lay du lieu chieu nghich
2021-08-25 17:00:38,182 INFO   Lay du lieu - Backward
2021-08-25 17:00:38,182 INFO       Lay du lieu dong dien
2021-08-25 17:00:38,182 INFO       Lay du lieu nhap luc
2021-08-25 17:00:38,182 INFO       Lay du lieu do rung
2021-08-25 17:00:38,182 INFO       Lay du lieu tieng on
2021-08-25 17:00:38,182 ERROR Thoi gian chu trinh vuot qua 100ms
2021-08-25 17:00:38,198 INFO Chu trinh - 13 - Lay du lieu chieu nghich
2021-08-25 17:00:38,198 INFO   Lay du lieu - Backward
2021-08-25 17:00:38,198 INFO       Lay du lieu dong dien
2021-08-25 17:00:38,198 INFO       Lay du lieu nhap luc
2021-08-25 17:00:38,198 INFO       Lay du lieu do rung
2021-08-25 17:00:38,198 INFO       Lay du lieu tieng on
2021-08-25 17:00:38,356 INFO Chu trinh - 13 - Lay du lieu chieu nghich
2021-08-25 17:00:38,356 INFO   Lay du lieu - Backward
2021-08-25 17:00:38,356 INFO       Lay du lieu dong dien
2021-08-25 17:00:38,356 INFO       Lay du lieu nhap luc
2021-08-25 17:00:38,356 INFO       Lay du lieu do rung
2021-08-25 17:00:38,356 INFO       Lay du lieu tieng on
2021-08-25 17:00:38,403 INFO Chu trinh - 13 - Lay du lieu chieu nghich
2021-08-25 17:00:38,403 INFO   Lay du lieu - Backward
2021-08-25 17:00:38,403 INFO       Lay du lieu dong dien
2021-08-25 17:00:38,403 INFO       Lay du lieu nhap luc
2021-08-25 17:00:38,403 INFO       Lay du lieu do rung
2021-08-25 17:00:38,403 INFO       Lay du lieu tieng on
2021-08-25 17:00:38,556 INFO Chu trinh - 13 - Lay du lieu chieu nghich
2021-08-25 17:00:38,556 INFO   Lay du lieu - Backward
2021-08-25 17:00:38,556 INFO       Lay du lieu dong dien
2021-08-25 17:00:38,556 INFO       Lay du lieu nhap luc
2021-08-25 17:00:38,556 INFO       Lay du lieu do rung
2021-08-25 17:00:38,556 INFO       Lay du lieu tieng on
2021-08-25 17:00:38,603 INFO Chu trinh - 13 - Lay du lieu chieu nghich
2021-08-25 17:00:38,603 INFO   Lay du lieu - Backward
2021-08-25 17:00:38,603 INFO       Lay du lieu dong dien
2021-08-25 17:00:38,603 INFO       Lay du lieu nhap luc
2021-08-25 17:00:38,603 INFO       Lay du lieu do rung
2021-08-25 17:00:38,603 INFO       Lay du lieu tieng on
2021-08-25 17:00:38,603 INFO       Ve do thi du lieu
2021-08-25 17:00:38,804 INFO Chu trinh - 13 - Lay du lieu chieu nghich
2021-08-25 17:00:38,804 INFO   Lay du lieu - Backward
2021-08-25 17:00:38,804 INFO       Lay du lieu dong dien
2021-08-25 17:00:38,804 INFO       Lay du lieu nhap luc
2021-08-25 17:00:38,804 INFO       Lay du lieu do rung
2021-08-25 17:00:38,804 INFO       Lay du lieu tieng on
2021-08-25 17:00:38,804 ERROR Thoi gian chu trinh vuot qua 100ms
2021-08-25 17:00:38,920 INFO Chu trinh - 13 - Lay du lieu chieu nghich
2021-08-25 17:00:38,920 INFO   Lay du lieu - Backward
2021-08-25 17:00:38,920 INFO       Lay du lieu dong dien
2021-08-25 17:00:38,920 INFO       Lay du lieu nhap luc
2021-08-25 17:00:38,920 INFO       Lay du lieu do rung
2021-08-25 17:00:38,920 INFO       Lay du lieu tieng on
2021-08-25 17:00:38,920 ERROR Thoi gian chu trinh vuot qua 100ms
2021-08-25 17:00:38,933 INFO Chu trinh - 13 - Lay du lieu chieu nghich
2021-08-25 17:00:38,933 INFO   Lay du lieu - Backward
2021-08-25 17:00:38,933 INFO       Lay du lieu dong dien
2021-08-25 17:00:38,933 INFO       Lay du lieu nhap luc
2021-08-25 17:00:38,933 INFO       Lay du lieu do rung
2021-08-25 17:00:38,933 INFO       Lay du lieu tieng on
2021-08-25 17:00:39,088 INFO Chu trinh - 13 - Lay du lieu chieu nghich
2021-08-25 17:00:39,088 INFO   Lay du lieu - Backward
2021-08-25 17:00:39,088 INFO       Lay du lieu dong dien
2021-08-25 17:00:39,088 INFO       Lay du lieu nhap luc
2021-08-25 17:00:39,088 INFO       Lay du lieu do rung
2021-08-25 17:00:39,088 INFO       Lay du lieu tieng on
2021-08-25 17:00:39,141 INFO Chu trinh - 13 - Lay du lieu chieu nghich
2021-08-25 17:00:39,141 INFO   Lay du lieu - Backward
2021-08-25 17:00:39,141 INFO       Lay du lieu dong dien
2021-08-25 17:00:39,141 INFO       Lay du lieu nhap luc
2021-08-25 17:00:39,141 INFO       Lay du lieu do rung
2021-08-25 17:00:39,141 INFO       Lay du lieu tieng on
2021-08-25 17:00:39,258 INFO Chu trinh - 13 - Lay du lieu chieu nghich
2021-08-25 17:00:39,258 INFO   Lay du lieu - Backward
2021-08-25 17:00:39,258 INFO       Lay du lieu dong dien
2021-08-25 17:00:39,258 INFO       Lay du lieu nhap luc
2021-08-25 17:00:39,258 INFO       Lay du lieu do rung
2021-08-25 17:00:39,258 INFO       Lay du lieu tieng on
2021-08-25 17:00:39,358 INFO Chu trinh - 13 - Lay du lieu chieu nghich
2021-08-25 17:00:39,358 INFO   Lay du lieu - Backward
2021-08-25 17:00:39,358 INFO       Lay du lieu dong dien
2021-08-25 17:00:39,358 INFO       Lay du lieu nhap luc
2021-08-25 17:00:39,358 INFO       Lay du lieu do rung
2021-08-25 17:00:39,358 INFO       Lay du lieu tieng on
2021-08-25 17:00:39,421 INFO Chu trinh - 13 - Lay du lieu chieu nghich
2021-08-25 17:00:39,421 INFO   Lay du lieu - Backward
2021-08-25 17:00:39,421 INFO       Lay du lieu dong dien
2021-08-25 17:00:39,421 INFO       Lay du lieu nhap luc
2021-08-25 17:00:39,421 INFO       Lay du lieu do rung
2021-08-25 17:00:39,421 INFO       Lay du lieu tieng on
2021-08-25 17:00:39,575 INFO Chu trinh - 13 - Lay du lieu chieu nghich
2021-08-25 17:00:39,575 INFO   Lay du lieu - Backward
2021-08-25 17:00:39,575 INFO       Lay du lieu dong dien
2021-08-25 17:00:39,575 INFO       Lay du lieu nhap luc
2021-08-25 17:00:39,575 INFO       Lay du lieu do rung
2021-08-25 17:00:39,575 INFO       Lay du lieu tieng on
2021-08-25 17:00:39,622 INFO Chu trinh - 13 - Lay du lieu chieu nghich
2021-08-25 17:00:39,622 INFO   Lay du lieu - Backward
2021-08-25 17:00:39,622 INFO       Lay du lieu dong dien
2021-08-25 17:00:39,622 INFO       Lay du lieu nhap luc
2021-08-25 17:00:39,622 INFO       Lay du lieu do rung
2021-08-25 17:00:39,622 INFO       Lay du lieu tieng on
2021-08-25 17:00:39,622 INFO       Ve do thi du lieu
2021-08-25 17:00:39,786 INFO Chu trinh - 13 - Lay du lieu chieu nghich
2021-08-25 17:00:39,786 INFO   Lay du lieu - Backward
2021-08-25 17:00:39,786 INFO       Lay du lieu dong dien
2021-08-25 17:00:39,786 INFO       Lay du lieu nhap luc
2021-08-25 17:00:39,786 INFO       Lay du lieu do rung
2021-08-25 17:00:39,786 INFO       Lay du lieu tieng on
2021-08-25 17:00:39,818 INFO Chu trinh - 13 - Lay du lieu chieu nghich
2021-08-25 17:00:39,818 INFO   Lay du lieu - Backward
2021-08-25 17:00:39,818 INFO       Lay du lieu dong dien
2021-08-25 17:00:39,818 INFO       Lay du lieu nhap luc
2021-08-25 17:00:39,818 INFO       Lay du lieu do rung
2021-08-25 17:00:39,818 INFO       Lay du lieu tieng on
2021-08-25 17:00:39,992 INFO Chu trinh - 13 - Lay du lieu chieu nghich
2021-08-25 17:00:39,992 INFO   Lay du lieu - Backward
2021-08-25 17:00:39,992 INFO       Lay du lieu dong dien
2021-08-25 17:00:39,992 INFO       Lay du lieu nhap luc
2021-08-25 17:00:39,992 INFO       Lay du lieu do rung
2021-08-25 17:00:39,992 INFO       Lay du lieu tieng on
2021-08-25 17:00:40,023 INFO Chu trinh - 13 - Lay du lieu chieu nghich
2021-08-25 17:00:40,023 INFO   Lay du lieu - Backward
2021-08-25 17:00:40,023 INFO       Lay du lieu dong dien
2021-08-25 17:00:40,023 INFO       Lay du lieu nhap luc
2021-08-25 17:00:40,023 INFO       Lay du lieu do rung
2021-08-25 17:00:40,023 INFO       Lay du lieu tieng on
2021-08-25 17:00:40,192 INFO Chu trinh - 13 - Lay du lieu chieu nghich
2021-08-25 17:00:40,192 INFO   Lay du lieu - Backward
2021-08-25 17:00:40,192 INFO       Lay du lieu dong dien
2021-08-25 17:00:40,192 INFO       Lay du lieu nhap luc
2021-08-25 17:00:40,192 INFO       Lay du lieu do rung
2021-08-25 17:00:40,192 INFO       Lay du lieu tieng on
2021-08-25 17:00:40,223 INFO Chu trinh - 13 - Lay du lieu chieu nghich
2021-08-25 17:00:40,223 INFO   Lay du lieu - Backward
2021-08-25 17:00:40,223 INFO       Lay du lieu dong dien
2021-08-25 17:00:40,223 INFO       Lay du lieu nhap luc
2021-08-25 17:00:40,223 INFO       Lay du lieu do rung
2021-08-25 17:00:40,223 INFO       Lay du lieu tieng on
2021-08-25 17:00:40,393 INFO Chu trinh - 13 - Lay du lieu chieu nghich
2021-08-25 17:00:40,393 INFO   Lay du lieu - Backward
2021-08-25 17:00:40,393 INFO       Lay du lieu dong dien
2021-08-25 17:00:40,393 INFO       Lay du lieu nhap luc
2021-08-25 17:00:40,393 INFO       Lay du lieu do rung
2021-08-25 17:00:40,393 INFO       Lay du lieu tieng on
2021-08-25 17:00:40,424 INFO Chu trinh - 13 - Lay du lieu chieu nghich
2021-08-25 17:00:40,424 INFO   Lay du lieu - Backward
2021-08-25 17:00:40,424 INFO       Lay du lieu dong dien
2021-08-25 17:00:40,424 INFO       Lay du lieu nhap luc
2021-08-25 17:00:40,424 INFO       Lay du lieu do rung
2021-08-25 17:00:40,424 INFO       Lay du lieu tieng on
2021-08-25 17:00:40,594 INFO Chu trinh - 13 - Lay du lieu chieu nghich
2021-08-25 17:00:40,594 INFO   Lay du lieu - Backward
2021-08-25 17:00:40,594 INFO       Lay du lieu dong dien
2021-08-25 17:00:40,594 INFO       Lay du lieu nhap luc
2021-08-25 17:00:40,594 INFO       Lay du lieu do rung
2021-08-25 17:00:40,594 INFO       Lay du lieu tieng on
2021-08-25 17:00:40,749 INFO Chu trinh - 13 - Lay du lieu chieu nghich
2021-08-25 17:00:40,749 INFO   Lay du lieu - Backward
2021-08-25 17:00:40,749 INFO       Lay du lieu dong dien
2021-08-25 17:00:40,749 INFO       Lay du lieu nhap luc
2021-08-25 17:00:40,749 INFO       Lay du lieu do rung
2021-08-25 17:00:40,749 INFO       Lay du lieu tieng on
2021-08-25 17:00:40,749 INFO       Ve do thi du lieu
2021-08-25 17:00:40,749 ERROR Thoi gian chu trinh vuot qua 100ms
2021-08-25 17:00:40,812 INFO Chu trinh - 13 - Lay du lieu chieu nghich
2021-08-25 17:00:40,812 INFO   Lay du lieu - Backward
2021-08-25 17:00:40,812 INFO       Lay du lieu dong dien
2021-08-25 17:00:40,812 INFO       Lay du lieu nhap luc
2021-08-25 17:00:40,812 INFO       Lay du lieu do rung
2021-08-25 17:00:40,812 INFO       Lay du lieu tieng on
2021-08-25 17:00:40,887 INFO Chu trinh - 13 - Lay du lieu chieu nghich
2021-08-25 17:00:40,887 INFO   Lay du lieu - Backward
2021-08-25 17:00:40,887 INFO       Lay du lieu dong dien
2021-08-25 17:00:40,887 INFO       Lay du lieu nhap luc
2021-08-25 17:00:40,887 INFO       Lay du lieu do rung
2021-08-25 17:00:40,887 INFO       Lay du lieu tieng on
2021-08-25 17:00:41,012 INFO Chu trinh - 13 - Lay du lieu chieu nghich
2021-08-25 17:00:41,012 INFO   Lay du lieu - Backward
2021-08-25 17:00:41,012 INFO       Lay du lieu dong dien
2021-08-25 17:00:41,012 INFO       Lay du lieu nhap luc
2021-08-25 17:00:41,012 INFO       Lay du lieu do rung
2021-08-25 17:00:41,012 INFO       Lay du lieu tieng on
2021-08-25 17:00:41,112 INFO Chu trinh - 13 - Lay du lieu chieu nghich
2021-08-25 17:00:41,112 INFO   Lay du lieu - Backward
2021-08-25 17:00:41,112 INFO       Lay du lieu dong dien
2021-08-25 17:00:41,112 INFO       Lay du lieu nhap luc
2021-08-25 17:00:41,112 INFO       Lay du lieu do rung
2021-08-25 17:00:41,112 INFO       Lay du lieu tieng on
2021-08-25 17:00:41,165 INFO Chu trinh - 13 - Lay du lieu chieu nghich
2021-08-25 17:00:41,165 INFO   Lay du lieu - Backward
2021-08-25 17:00:41,165 INFO       Lay du lieu dong dien
2021-08-25 17:00:41,165 INFO       Lay du lieu nhap luc
2021-08-25 17:00:41,165 INFO       Lay du lieu do rung
2021-08-25 17:00:41,165 INFO       Lay du lieu tieng on
2021-08-25 17:00:41,312 INFO Chu trinh - 13 - Lay du lieu chieu nghich
2021-08-25 17:00:41,312 INFO   Lay du lieu - Backward
2021-08-25 17:00:41,312 INFO       Lay du lieu dong dien
2021-08-25 17:00:41,312 INFO       Lay du lieu nhap luc
2021-08-25 17:00:41,312 INFO       Lay du lieu do rung
2021-08-25 17:00:41,312 INFO       Lay du lieu tieng on
2021-08-25 17:00:41,365 INFO Chu trinh - 13 - Lay du lieu chieu nghich
2021-08-25 17:00:41,365 INFO   Lay du lieu - Backward
2021-08-25 17:00:41,365 INFO       Lay du lieu dong dien
2021-08-25 17:00:41,365 INFO       Lay du lieu nhap luc
2021-08-25 17:00:41,365 INFO       Lay du lieu do rung
2021-08-25 17:00:41,365 INFO       Lay du lieu tieng on
2021-08-25 17:00:41,512 INFO Chu trinh - 13 - Lay du lieu chieu nghich
2021-08-25 17:00:41,512 INFO   Lay du lieu - Backward
2021-08-25 17:00:41,512 INFO       Lay du lieu dong dien
2021-08-25 17:00:41,512 INFO       Lay du lieu nhap luc
2021-08-25 17:00:41,512 INFO       Lay du lieu do rung
2021-08-25 17:00:41,512 INFO       Lay du lieu tieng on
2021-08-25 17:00:41,565 INFO Chu trinh - 13 - Lay du lieu chieu nghich
2021-08-25 17:00:41,565 INFO   Lay du lieu - Backward
2021-08-25 17:00:41,565 INFO       Lay du lieu dong dien
2021-08-25 17:00:41,565 INFO       Lay du lieu nhap luc
2021-08-25 17:00:41,565 INFO       Lay du lieu do rung
2021-08-25 17:00:41,565 INFO       Lay du lieu tieng on
2021-08-25 17:00:41,728 INFO Chu trinh - 13 - Lay du lieu chieu nghich
2021-08-25 17:00:41,728 INFO   Lay du lieu - Backward
2021-08-25 17:00:41,728 INFO       Lay du lieu dong dien
2021-08-25 17:00:41,728 INFO       Lay du lieu nhap luc
2021-08-25 17:00:41,728 INFO       Lay du lieu do rung
2021-08-25 17:00:41,728 INFO       Lay du lieu tieng on
2021-08-25 17:00:41,728 INFO       Ve do thi du lieu
2021-08-25 17:00:41,781 INFO Chu trinh - 13 - Lay du lieu chieu nghich
2021-08-25 17:00:41,781 INFO   Lay du lieu - Backward
2021-08-25 17:00:41,781 INFO       Lay du lieu dong dien
2021-08-25 17:00:41,781 INFO       Lay du lieu nhap luc
2021-08-25 17:00:41,781 INFO       Lay du lieu do rung
2021-08-25 17:00:41,781 INFO       Lay du lieu tieng on
2021-08-25 17:00:41,928 INFO Chu trinh - 13 - Lay du lieu chieu nghich
2021-08-25 17:00:41,928 INFO   Lay du lieu - Backward
2021-08-25 17:00:41,928 INFO       Lay du lieu dong dien
2021-08-25 17:00:41,928 INFO       Lay du lieu nhap luc
2021-08-25 17:00:41,928 INFO       Lay du lieu do rung
2021-08-25 17:00:41,928 INFO       Lay du lieu tieng on
2021-08-25 17:00:41,966 INFO Chu trinh - 13 - Lay du lieu chieu nghich
2021-08-25 17:00:41,966 INFO   Lay du lieu - Backward
2021-08-25 17:00:41,966 INFO       Lay du lieu dong dien
2021-08-25 17:00:41,966 INFO       Lay du lieu nhap luc
2021-08-25 17:00:41,966 INFO       Lay du lieu do rung
2021-08-25 17:00:41,966 INFO       Lay du lieu tieng on
2021-08-25 17:00:42,129 INFO Chu trinh - 13 - Lay du lieu chieu nghich
2021-08-25 17:00:42,129 INFO   Lay du lieu - Backward
2021-08-25 17:00:42,129 INFO       Lay du lieu dong dien
2021-08-25 17:00:42,129 INFO       Lay du lieu nhap luc
2021-08-25 17:00:42,129 INFO       Lay du lieu do rung
2021-08-25 17:00:42,129 INFO       Lay du lieu tieng on
2021-08-25 17:00:42,182 INFO Chu trinh - 13 - Lay du lieu chieu nghich
2021-08-25 17:00:42,182 INFO   Lay du lieu - Backward
2021-08-25 17:00:42,182 INFO       Lay du lieu dong dien
2021-08-25 17:00:42,182 INFO       Lay du lieu nhap luc
2021-08-25 17:00:42,182 INFO       Lay du lieu do rung
2021-08-25 17:00:42,182 INFO       Lay du lieu tieng on
2021-08-25 17:00:42,313 INFO Chu trinh - 13 - Lay du lieu chieu nghich
2021-08-25 17:00:42,313 INFO   Lay du lieu - Backward
2021-08-25 17:00:42,313 INFO       Lay du lieu dong dien
2021-08-25 17:00:42,313 INFO       Lay du lieu nhap luc
2021-08-25 17:00:42,313 INFO       Lay du lieu do rung
2021-08-25 17:00:42,313 INFO       Lay du lieu tieng on
2021-08-25 17:00:42,414 INFO Chu trinh - 13 - Lay du lieu chieu nghich
2021-08-25 17:00:42,414 INFO   Lay du lieu - Backward
2021-08-25 17:00:42,414 INFO       Lay du lieu dong dien
2021-08-25 17:00:42,414 INFO       Lay du lieu nhap luc
2021-08-25 17:00:42,414 INFO       Lay du lieu do rung
2021-08-25 17:00:42,414 INFO       Lay du lieu tieng on
2021-08-25 17:00:42,467 INFO Chu trinh - 13 - Lay du lieu chieu nghich
2021-08-25 17:00:42,467 INFO   Lay du lieu - Backward
2021-08-25 17:00:42,467 INFO       Lay du lieu dong dien
2021-08-25 17:00:42,467 INFO       Lay du lieu nhap luc
2021-08-25 17:00:42,467 INFO       Lay du lieu do rung
2021-08-25 17:00:42,467 INFO       Lay du lieu tieng on
2021-08-25 17:00:42,717 INFO Chu trinh - 13 - Lay du lieu chieu nghich
2021-08-25 17:00:42,717 INFO   Lay du lieu - Backward
2021-08-25 17:00:42,717 INFO       Lay du lieu dong dien
2021-08-25 17:00:42,717 INFO       Lay du lieu nhap luc
2021-08-25 17:00:42,717 INFO       Lay du lieu do rung
2021-08-25 17:00:42,717 INFO       Lay du lieu tieng on
2021-08-25 17:00:42,717 ERROR Thoi gian chu trinh vuot qua 100ms
2021-08-25 17:00:42,717 INFO Chu trinh - 13 - Lay du lieu chieu nghich
2021-08-25 17:00:42,717 INFO   Lay du lieu - Backward
2021-08-25 17:00:42,717 INFO       Lay du lieu dong dien
2021-08-25 17:00:42,717 INFO       Lay du lieu nhap luc
2021-08-25 17:00:42,717 INFO       Lay du lieu do rung
2021-08-25 17:00:42,717 INFO       Lay du lieu tieng on
2021-08-25 17:00:42,717 INFO       Ve do thi du lieu
2021-08-25 17:00:42,934 INFO Chu trinh - 13 - Lay du lieu chieu nghich
2021-08-25 17:00:42,934 INFO   Lay du lieu - Backward
2021-08-25 17:00:42,934 INFO       Lay du lieu dong dien
2021-08-25 17:00:42,934 INFO       Lay du lieu nhap luc
2021-08-25 17:00:42,934 INFO       Lay du lieu do rung
2021-08-25 17:00:42,934 INFO       Lay du lieu tieng on
2021-08-25 17:00:42,934 ERROR Thoi gian chu trinh vuot qua 100ms
2021-08-25 17:00:42,934 INFO Chu trinh - 15 - Ghi du lieu am thanh chieu nghich
2021-08-25 17:01:15,852 ERROR Thoi gian chu trinh vuot qua 100ms
2021-08-25 17:01:15,975 ERROR Thoi gian chu trinh vuot qua 100ms
2021-08-25 17:01:15,975 INFO Chu trinh - 19 - Hoan tat lay du lieu - bat dau ghi ra file
2021-08-25 17:01:15,975 INFO Ghi ra file csv
2021-08-25 17:01:16,022 INFO Upload du lieu am thanh len server
2021-08-25 17:01:16,893 ERROR Thoi gian chu trinh vuot qua 100ms
2021-08-25 17:01:16,893 INFO Chu trinh - 0 - Khoi tao + Doi tin hieu bat dau chay
