2021-08-12 13:58:46,218 INFO Mo file excel
2021-08-12 13:58:46,228 INFO Dong tat ca file excel dang mo
2021-08-12 13:58:46,228 INFO Khoi tao du lieu
2021-08-12 13:58:46,228 INFO Khoi tao tat ca bien trang thai
2021-08-12 13:58:46,228 INFO Khoi tao ket noi chuong trinh
2021-08-12 13:58:46,228 INFO Tao ket noi du lieu voi PLC FX5U
2021-08-12 13:58:46,778 INFO Tao ket noi du lieu voi PLC FX3G
2021-08-12 13:58:47,299 INFO Ket noi cong COM7 - lay du lieu dong dien nhap luc
2021-08-12 13:58:47,459 INFO Ket noi cong COM5 - lay du lieu tieng on
2021-08-12 13:58:47,618 INFO Ket noi cong COM8 - lay du lieu vong quay
2021-08-12 13:58:47,618 INFO Khoi tao thread lay du lieu lien tuc
2021-08-12 13:58:47,618 INFO Khoi tao thread lay du lieu lien tuc --Chutrinh_LayDuLieu--
2021-08-12 13:58:47,718 INFO Chu trinh - 0 - Khoi tao + Doi tin hieu bat dau chay
2021-08-12 13:59:09,862 INFO Chu trinh - 0 - Khoi tao + Doi tin hieu bat dau chay
2021-08-12 13:59:21,882 ERROR Thoi gian chu trinh vuot qua 100ms
2021-08-12 13:59:21,889 INFO Chu trinh - 3 - Lay du lieu chieu thuan
2021-08-12 13:59:21,937 INFO   Lay du lieu - Forward
2021-08-12 13:59:21,937 INFO       Lay du lieu dong dien
2021-08-12 13:59:21,937 INFO       Lay du lieu nhap luc
2021-08-12 13:59:21,937 INFO       Lay du lieu do rung
2021-08-12 13:59:21,937 INFO       Lay du lieu tieng on
2021-08-12 13:59:21,937 INFO       Ve do thi du lieu
2021-08-12 13:59:21,987 INFO Chu trinh - 3 - Lay du lieu chieu thuan
2021-08-12 13:59:21,987 INFO   Lay du lieu - Forward
2021-08-12 13:59:21,987 INFO       Lay du lieu dong dien
2021-08-12 13:59:21,987 INFO       Lay du lieu nhap luc
2021-08-12 13:59:21,987 INFO       Lay du lieu do rung
2021-08-12 13:59:21,987 INFO       Lay du lieu tieng on
2021-08-12 13:59:22,087 INFO Chu trinh - 3 - Lay du lieu chieu thuan
2021-08-12 13:59:22,137 INFO   Lay du lieu - Forward
2021-08-12 13:59:22,137 INFO       Lay du lieu dong dien
2021-08-12 13:59:22,137 INFO       Lay du lieu nhap luc
2021-08-12 13:59:22,137 INFO       Lay du lieu do rung
2021-08-12 13:59:22,137 INFO       Lay du lieu tieng on
2021-08-12 13:59:22,187 INFO Chu trinh - 3 - Lay du lieu chieu thuan
2021-08-12 13:59:22,187 INFO   Lay du lieu - Forward
2021-08-12 13:59:22,187 INFO       Lay du lieu dong dien
2021-08-12 13:59:22,187 INFO       Lay du lieu nhap luc
2021-08-12 13:59:22,187 INFO       Lay du lieu do rung
2021-08-12 13:59:22,187 INFO       Lay du lieu tieng on
2021-08-12 13:59:22,287 INFO Chu trinh - 3 - Lay du lieu chieu thuan
2021-08-12 13:59:22,337 INFO   Lay du lieu - Forward
2021-08-12 13:59:22,337 INFO       Lay du lieu dong dien
2021-08-12 13:59:22,337 INFO       Lay du lieu nhap luc
2021-08-12 13:59:22,337 INFO       Lay du lieu do rung
2021-08-12 13:59:22,337 INFO       Lay du lieu tieng on
2021-08-12 13:59:22,387 INFO Chu trinh - 3 - Lay du lieu chieu thuan
2021-08-12 13:59:22,387 INFO   Lay du lieu - Forward
2021-08-12 13:59:22,387 INFO       Lay du lieu dong dien
2021-08-12 13:59:22,387 INFO       Lay du lieu nhap luc
2021-08-12 13:59:22,387 INFO       Lay du lieu do rung
2021-08-12 13:59:22,387 INFO       Lay du lieu tieng on
2021-08-12 13:59:22,487 INFO Chu trinh - 3 - Lay du lieu chieu thuan
2021-08-12 13:59:22,537 INFO   Lay du lieu - Forward
2021-08-12 13:59:22,537 INFO       Lay du lieu dong dien
2021-08-12 13:59:22,537 INFO       Lay du lieu nhap luc
2021-08-12 13:59:22,537 INFO       Lay du lieu do rung
2021-08-12 13:59:22,537 INFO       Lay du lieu tieng on
2021-08-12 13:59:22,627 INFO Chu trinh - 3 - Lay du lieu chieu thuan
2021-08-12 13:59:22,637 INFO   Lay du lieu - Forward
2021-08-12 13:59:22,637 INFO       Lay du lieu dong dien
2021-08-12 13:59:22,637 INFO       Lay du lieu nhap luc
2021-08-12 13:59:22,637 INFO       Lay du lieu do rung
2021-08-12 13:59:22,637 INFO       Lay du lieu tieng on
2021-08-12 13:59:22,687 INFO Chu trinh - 3 - Lay du lieu chieu thuan
2021-08-12 13:59:22,697 INFO   Lay du lieu - Forward
2021-08-12 13:59:22,697 INFO       Lay du lieu dong dien
2021-08-12 13:59:22,697 INFO       Lay du lieu nhap luc
2021-08-12 13:59:22,697 INFO       Lay du lieu do rung
2021-08-12 13:59:22,697 INFO       Lay du lieu tieng on
2021-08-12 13:59:22,697 INFO       Ve do thi du lieu
2021-08-12 13:59:22,787 INFO Chu trinh - 3 - Lay du lieu chieu thuan
2021-08-12 13:59:22,837 INFO   Lay du lieu - Forward
2021-08-12 13:59:22,837 INFO       Lay du lieu dong dien
2021-08-12 13:59:22,837 INFO       Lay du lieu nhap luc
2021-08-12 13:59:22,837 INFO       Lay du lieu do rung
2021-08-12 13:59:22,837 INFO       Lay du lieu tieng on
2021-08-12 13:59:22,887 INFO Chu trinh - 3 - Lay du lieu chieu thuan
2021-08-12 13:59:22,897 INFO   Lay du lieu - Forward
2021-08-12 13:59:22,897 INFO       Lay du lieu dong dien
2021-08-12 13:59:22,897 INFO       Lay du lieu nhap luc
2021-08-12 13:59:22,897 INFO       Lay du lieu do rung
2021-08-12 13:59:22,897 INFO       Lay du lieu tieng on
2021-08-12 13:59:23,008 INFO Chu trinh - 3 - Lay du lieu chieu thuan
2021-08-12 13:59:23,057 INFO   Lay du lieu - Forward
2021-08-12 13:59:23,057 INFO       Lay du lieu dong dien
2021-08-12 13:59:23,057 INFO       Lay du lieu nhap luc
2021-08-12 13:59:23,057 INFO       Lay du lieu do rung
2021-08-12 13:59:23,057 INFO       Lay du lieu tieng on
2021-08-12 13:59:23,108 INFO Chu trinh - 3 - Lay du lieu chieu thuan
2021-08-12 13:59:23,117 INFO   Lay du lieu - Forward
2021-08-12 13:59:23,117 INFO       Lay du lieu dong dien
2021-08-12 13:59:23,117 INFO       Lay du lieu nhap luc
2021-08-12 13:59:23,117 INFO       Lay du lieu do rung
2021-08-12 13:59:23,117 INFO       Lay du lieu tieng on
2021-08-12 13:59:23,186 INFO Chu trinh - 3 - Lay du lieu chieu thuan
2021-08-12 13:59:23,237 INFO   Lay du lieu - Forward
2021-08-12 13:59:23,237 INFO       Lay du lieu dong dien
2021-08-12 13:59:23,237 INFO       Lay du lieu nhap luc
2021-08-12 13:59:23,237 INFO       Lay du lieu do rung
2021-08-12 13:59:23,237 INFO       Lay du lieu tieng on
2021-08-12 13:59:23,287 INFO Chu trinh - 3 - Lay du lieu chieu thuan
2021-08-12 13:59:23,337 INFO   Lay du lieu - Forward
2021-08-12 13:59:23,337 INFO       Lay du lieu dong dien
2021-08-12 13:59:23,337 INFO       Lay du lieu nhap luc
2021-08-12 13:59:23,337 INFO       Lay du lieu do rung
2021-08-12 13:59:23,337 INFO       Lay du lieu tieng on
2021-08-12 13:59:23,387 INFO Chu trinh - 3 - Lay du lieu chieu thuan
2021-08-12 13:59:23,392 INFO   Lay du lieu - Forward
2021-08-12 13:59:23,392 INFO       Lay du lieu dong dien
2021-08-12 13:59:23,392 INFO       Lay du lieu nhap luc
2021-08-12 13:59:23,392 INFO       Lay du lieu do rung
2021-08-12 13:59:23,392 INFO       Lay du lieu tieng on
2021-08-12 13:59:23,497 INFO Chu trinh - 3 - Lay du lieu chieu thuan
2021-08-12 13:59:23,547 INFO   Lay du lieu - Forward
2021-08-12 13:59:23,547 INFO       Lay du lieu dong dien
2021-08-12 13:59:23,547 INFO       Lay du lieu nhap luc
2021-08-12 13:59:23,547 INFO       Lay du lieu do rung
2021-08-12 13:59:23,547 INFO       Lay du lieu tieng on
2021-08-12 13:59:23,587 INFO Chu trinh - 3 - Lay du lieu chieu thuan
2021-08-12 13:59:23,587 INFO   Lay du lieu - Forward
2021-08-12 13:59:23,587 INFO       Lay du lieu dong dien
2021-08-12 13:59:23,587 INFO       Lay du lieu nhap luc
2021-08-12 13:59:23,587 INFO       Lay du lieu do rung
2021-08-12 13:59:23,587 INFO       Lay du lieu tieng on
2021-08-12 13:59:23,696 INFO Chu trinh - 3 - Lay du lieu chieu thuan
2021-08-12 13:59:23,747 INFO   Lay du lieu - Forward
2021-08-12 13:59:23,747 INFO       Lay du lieu dong dien
2021-08-12 13:59:23,747 INFO       Lay du lieu nhap luc
2021-08-12 13:59:23,747 INFO       Lay du lieu do rung
2021-08-12 13:59:23,747 INFO       Lay du lieu tieng on
2021-08-12 13:59:23,747 INFO       Ve do thi du lieu
2021-08-12 13:59:23,787 INFO Chu trinh - 3 - Lay du lieu chieu thuan
2021-08-12 13:59:23,787 INFO   Lay du lieu - Forward
2021-08-12 13:59:23,787 INFO       Lay du lieu dong dien
2021-08-12 13:59:23,787 INFO       Lay du lieu nhap luc
2021-08-12 13:59:23,787 INFO       Lay du lieu do rung
2021-08-12 13:59:23,787 INFO       Lay du lieu tieng on
2021-08-12 13:59:23,897 INFO Chu trinh - 3 - Lay du lieu chieu thuan
2021-08-12 13:59:23,937 INFO   Lay du lieu - Forward
2021-08-12 13:59:23,937 INFO       Lay du lieu dong dien
2021-08-12 13:59:23,937 INFO       Lay du lieu nhap luc
2021-08-12 13:59:23,937 INFO       Lay du lieu do rung
2021-08-12 13:59:23,937 INFO       Lay du lieu tieng on
2021-08-12 13:59:23,987 INFO Chu trinh - 3 - Lay du lieu chieu thuan
2021-08-12 13:59:23,987 INFO   Lay du lieu - Forward
2021-08-12 13:59:23,987 INFO       Lay du lieu dong dien
2021-08-12 13:59:23,987 INFO       Lay du lieu nhap luc
2021-08-12 13:59:23,987 INFO       Lay du lieu do rung
2021-08-12 13:59:23,987 INFO       Lay du lieu tieng on
2021-08-12 13:59:24,092 INFO Chu trinh - 3 - Lay du lieu chieu thuan
2021-08-12 13:59:24,147 INFO   Lay du lieu - Forward
2021-08-12 13:59:24,147 INFO       Lay du lieu dong dien
2021-08-12 13:59:24,147 INFO       Lay du lieu nhap luc
2021-08-12 13:59:24,147 INFO       Lay du lieu do rung
2021-08-12 13:59:24,147 INFO       Lay du lieu tieng on
2021-08-12 13:59:24,183 INFO Chu trinh - 3 - Lay du lieu chieu thuan
2021-08-12 13:59:24,189 INFO   Lay du lieu - Forward
2021-08-12 13:59:24,189 INFO       Lay du lieu dong dien
2021-08-12 13:59:24,189 INFO       Lay du lieu nhap luc
2021-08-12 13:59:24,189 INFO       Lay du lieu do rung
2021-08-12 13:59:24,189 INFO       Lay du lieu tieng on
2021-08-12 13:59:24,312 INFO Chu trinh - 3 - Lay du lieu chieu thuan
2021-08-12 13:59:24,357 INFO   Lay du lieu - Forward
2021-08-12 13:59:24,357 INFO       Lay du lieu dong dien
2021-08-12 13:59:24,357 INFO       Lay du lieu nhap luc
2021-08-12 13:59:24,357 INFO       Lay du lieu do rung
2021-08-12 13:59:24,357 INFO       Lay du lieu tieng on
2021-08-12 13:59:24,387 INFO Chu trinh - 3 - Lay du lieu chieu thuan
2021-08-12 13:59:24,387 INFO   Lay du lieu - Forward
2021-08-12 13:59:24,387 INFO       Lay du lieu dong dien
2021-08-12 13:59:24,387 INFO       Lay du lieu nhap luc
2021-08-12 13:59:24,387 INFO       Lay du lieu do rung
2021-08-12 13:59:24,387 INFO       Lay du lieu tieng on
2021-08-12 13:59:24,567 INFO Chu trinh - 3 - Lay du lieu chieu thuan
2021-08-12 13:59:24,657 INFO   Lay du lieu - Forward
2021-08-12 13:59:24,657 INFO       Lay du lieu dong dien
2021-08-12 13:59:24,657 INFO       Lay du lieu nhap luc
2021-08-12 13:59:24,657 INFO       Lay du lieu do rung
2021-08-12 13:59:24,657 INFO       Lay du lieu tieng on
2021-08-12 13:59:24,657 ERROR Thoi gian chu trinh vuot qua 100ms
2021-08-12 13:59:24,657 INFO Chu trinh - 3 - Lay du lieu chieu thuan
2021-08-12 13:59:24,667 INFO   Lay du lieu - Forward
2021-08-12 13:59:24,667 INFO       Lay du lieu dong dien
2021-08-12 13:59:24,667 INFO       Lay du lieu nhap luc
2021-08-12 13:59:24,667 INFO       Lay du lieu do rung
2021-08-12 13:59:24,667 INFO       Lay du lieu tieng on
2021-08-12 13:59:24,777 INFO Chu trinh - 3 - Lay du lieu chieu thuan
2021-08-12 13:59:24,837 INFO   Lay du lieu - Forward
2021-08-12 13:59:24,837 INFO       Lay du lieu dong dien
2021-08-12 13:59:24,837 INFO       Lay du lieu nhap luc
2021-08-12 13:59:24,837 INFO       Lay du lieu do rung
2021-08-12 13:59:24,837 INFO       Lay du lieu tieng on
2021-08-12 13:59:24,837 INFO       Ve do thi du lieu
2021-08-12 13:59:24,916 INFO Chu trinh - 3 - Lay du lieu chieu thuan
2021-08-12 13:59:24,924 INFO   Lay du lieu - Forward
2021-08-12 13:59:24,924 INFO       Lay du lieu dong dien
2021-08-12 13:59:24,924 INFO       Lay du lieu nhap luc
2021-08-12 13:59:24,924 INFO       Lay du lieu do rung
2021-08-12 13:59:24,924 INFO       Lay du lieu tieng on
2021-08-12 13:59:24,977 INFO Chu trinh - 3 - Lay du lieu chieu thuan
2021-08-12 13:59:25,027 INFO   Lay du lieu - Forward
2021-08-12 13:59:25,027 INFO       Lay du lieu dong dien
2021-08-12 13:59:25,027 INFO       Lay du lieu nhap luc
2021-08-12 13:59:25,027 INFO       Lay du lieu do rung
2021-08-12 13:59:25,027 INFO       Lay du lieu tieng on
2021-08-12 13:59:25,116 INFO Chu trinh - 3 - Lay du lieu chieu thuan
2021-08-12 13:59:25,116 INFO   Lay du lieu - Forward
2021-08-12 13:59:25,116 INFO       Lay du lieu dong dien
2021-08-12 13:59:25,116 INFO       Lay du lieu nhap luc
2021-08-12 13:59:25,116 INFO       Lay du lieu do rung
2021-08-12 13:59:25,116 INFO       Lay du lieu tieng on
2021-08-12 13:59:25,177 INFO Chu trinh - 3 - Lay du lieu chieu thuan
2021-08-12 13:59:25,227 INFO   Lay du lieu - Forward
2021-08-12 13:59:25,227 INFO       Lay du lieu dong dien
2021-08-12 13:59:25,227 INFO       Lay du lieu nhap luc
2021-08-12 13:59:25,227 INFO       Lay du lieu do rung
2021-08-12 13:59:25,227 INFO       Lay du lieu tieng on
2021-08-12 13:59:25,277 INFO Chu trinh - 3 - Lay du lieu chieu thuan
2021-08-12 13:59:25,327 INFO   Lay du lieu - Forward
2021-08-12 13:59:25,327 INFO       Lay du lieu dong dien
2021-08-12 13:59:25,327 INFO       Lay du lieu nhap luc
2021-08-12 13:59:25,327 INFO       Lay du lieu do rung
2021-08-12 13:59:25,327 INFO       Lay du lieu tieng on
2021-08-12 13:59:25,377 INFO Chu trinh - 3 - Lay du lieu chieu thuan
2021-08-12 13:59:25,382 INFO   Lay du lieu - Forward
2021-08-12 13:59:25,382 INFO       Lay du lieu dong dien
2021-08-12 13:59:25,382 INFO       Lay du lieu nhap luc
2021-08-12 13:59:25,382 INFO       Lay du lieu do rung
2021-08-12 13:59:25,382 INFO       Lay du lieu tieng on
2021-08-12 13:59:25,486 INFO Chu trinh - 3 - Lay du lieu chieu thuan
2021-08-12 13:59:25,537 INFO   Lay du lieu - Forward
2021-08-12 13:59:25,537 INFO       Lay du lieu dong dien
2021-08-12 13:59:25,537 INFO       Lay du lieu nhap luc
2021-08-12 13:59:25,537 INFO       Lay du lieu do rung
2021-08-12 13:59:25,537 INFO       Lay du lieu tieng on
2021-08-12 13:59:25,577 INFO Chu trinh - 3 - Lay du lieu chieu thuan
2021-08-12 13:59:25,597 INFO   Lay du lieu - Forward
2021-08-12 13:59:25,597 INFO       Lay du lieu dong dien
2021-08-12 13:59:25,597 INFO       Lay du lieu nhap luc
2021-08-12 13:59:25,597 INFO       Lay du lieu do rung
2021-08-12 13:59:25,597 INFO       Lay du lieu tieng on
2021-08-12 13:59:25,703 INFO Chu trinh - 3 - Lay du lieu chieu thuan
2021-08-12 13:59:25,747 INFO   Lay du lieu - Forward
2021-08-12 13:59:25,747 INFO       Lay du lieu dong dien
2021-08-12 13:59:25,747 INFO       Lay du lieu nhap luc
2021-08-12 13:59:25,747 INFO       Lay du lieu do rung
2021-08-12 13:59:25,747 INFO       Lay du lieu tieng on
2021-08-12 13:59:25,777 INFO Chu trinh - 3 - Lay du lieu chieu thuan
2021-08-12 13:59:25,777 INFO   Lay du lieu - Forward
2021-08-12 13:59:25,777 INFO       Lay du lieu dong dien
2021-08-12 13:59:25,777 INFO       Lay du lieu nhap luc
2021-08-12 13:59:25,777 INFO       Lay du lieu do rung
2021-08-12 13:59:25,777 INFO       Lay du lieu tieng on
2021-08-12 13:59:25,777 INFO       Ve do thi du lieu
2021-08-12 13:59:25,897 INFO Chu trinh - 3 - Lay du lieu chieu thuan
2021-08-12 13:59:25,947 INFO   Lay du lieu - Forward
2021-08-12 13:59:25,947 INFO       Lay du lieu dong dien
2021-08-12 13:59:25,947 INFO       Lay du lieu nhap luc
2021-08-12 13:59:25,947 INFO       Lay du lieu do rung
2021-08-12 13:59:25,947 INFO       Lay du lieu tieng on
2021-08-12 13:59:25,977 INFO Chu trinh - 3 - Lay du lieu chieu thuan
2021-08-12 13:59:25,977 INFO   Lay du lieu - Forward
2021-08-12 13:59:25,977 INFO       Lay du lieu dong dien
2021-08-12 13:59:25,977 INFO       Lay du lieu nhap luc
2021-08-12 13:59:25,977 INFO       Lay du lieu do rung
2021-08-12 13:59:25,977 INFO       Lay du lieu tieng on
2021-08-12 13:59:26,077 INFO Chu trinh - 3 - Lay du lieu chieu thuan
2021-08-12 13:59:26,796 INFO   Lay du lieu - Forward
2021-08-12 13:59:26,796 INFO       Lay du lieu dong dien
2021-08-12 13:59:26,796 INFO       Lay du lieu nhap luc
2021-08-12 13:59:26,796 INFO       Lay du lieu do rung
2021-08-12 13:59:26,796 INFO       Lay du lieu tieng on
2021-08-12 13:59:26,796 ERROR Thoi gian chu trinh vuot qua 100ms
2021-08-12 13:59:26,887 INFO Chu trinh - 3 - Lay du lieu chieu thuan
2021-08-12 13:59:26,897 INFO   Lay du lieu - Forward
2021-08-12 13:59:26,897 INFO       Lay du lieu dong dien
2021-08-12 13:59:26,897 INFO       Lay du lieu nhap luc
2021-08-12 13:59:26,897 INFO       Lay du lieu do rung
2021-08-12 13:59:26,897 INFO       Lay du lieu tieng on
2021-08-12 13:59:26,897 ERROR Thoi gian chu trinh vuot qua 100ms
2021-08-12 13:59:26,902 INFO Chu trinh - 3 - Lay du lieu chieu thuan
2021-08-12 13:59:26,917 INFO   Lay du lieu - Forward
2021-08-12 13:59:26,917 INFO       Lay du lieu dong dien
2021-08-12 13:59:26,917 INFO       Lay du lieu nhap luc
2021-08-12 13:59:26,917 INFO       Lay du lieu do rung
2021-08-12 13:59:26,917 INFO       Lay du lieu tieng on
2021-08-12 13:59:27,017 INFO Chu trinh - 3 - Lay du lieu chieu thuan
2021-08-12 13:59:27,067 INFO   Lay du lieu - Forward
2021-08-12 13:59:27,067 INFO       Lay du lieu dong dien
2021-08-12 13:59:27,067 INFO       Lay du lieu nhap luc
2021-08-12 13:59:27,067 INFO       Lay du lieu do rung
2021-08-12 13:59:27,067 INFO       Lay du lieu tieng on
2021-08-12 13:59:27,117 INFO Chu trinh - 3 - Lay du lieu chieu thuan
2021-08-12 13:59:27,117 INFO   Lay du lieu - Forward
2021-08-12 13:59:27,117 INFO       Lay du lieu dong dien
2021-08-12 13:59:27,117 INFO       Lay du lieu nhap luc
2021-08-12 13:59:27,117 INFO       Lay du lieu do rung
2021-08-12 13:59:27,117 INFO       Lay du lieu tieng on
2021-08-12 13:59:27,237 INFO Chu trinh - 3 - Lay du lieu chieu thuan
2021-08-12 13:59:27,287 INFO   Lay du lieu - Forward
2021-08-12 13:59:27,287 INFO       Lay du lieu dong dien
2021-08-12 13:59:27,287 INFO       Lay du lieu nhap luc
2021-08-12 13:59:27,287 INFO       Lay du lieu do rung
2021-08-12 13:59:27,287 INFO       Lay du lieu tieng on
2021-08-12 13:59:27,337 INFO Chu trinh - 3 - Lay du lieu chieu thuan
2021-08-12 13:59:27,346 INFO   Lay du lieu - Forward
2021-08-12 13:59:27,346 INFO       Lay du lieu dong dien
2021-08-12 13:59:27,346 INFO       Lay du lieu nhap luc
2021-08-12 13:59:27,346 INFO       Lay du lieu do rung
2021-08-12 13:59:27,346 INFO       Lay du lieu tieng on
2021-08-12 13:59:27,414 INFO Chu trinh - 3 - Lay du lieu chieu thuan
2021-08-12 13:59:27,457 INFO   Lay du lieu - Forward
2021-08-12 13:59:27,457 INFO       Lay du lieu dong dien
2021-08-12 13:59:27,457 INFO       Lay du lieu nhap luc
2021-08-12 13:59:27,457 INFO       Lay du lieu do rung
2021-08-12 13:59:27,457 INFO       Lay du lieu tieng on
2021-08-12 13:59:27,457 INFO       Ve do thi du lieu
2021-08-12 13:59:27,517 INFO Chu trinh - 3 - Lay du lieu chieu thuan
2021-08-12 13:59:27,567 INFO   Lay du lieu - Forward
2021-08-12 13:59:27,567 INFO       Lay du lieu dong dien
2021-08-12 13:59:27,567 INFO       Lay du lieu nhap luc
2021-08-12 13:59:27,567 INFO       Lay du lieu do rung
2021-08-12 13:59:27,567 INFO       Lay du lieu tieng on
2021-08-12 13:59:27,627 INFO Chu trinh - 3 - Lay du lieu chieu thuan
2021-08-12 13:59:27,627 INFO   Lay du lieu - Forward
2021-08-12 13:59:27,627 INFO       Lay du lieu dong dien
2021-08-12 13:59:27,627 INFO       Lay du lieu nhap luc
2021-08-12 13:59:27,627 INFO       Lay du lieu do rung
2021-08-12 13:59:27,627 INFO       Lay du lieu tieng on
2021-08-12 13:59:27,737 INFO Chu trinh - 3 - Lay du lieu chieu thuan
2021-08-12 13:59:27,787 INFO   Lay du lieu - Forward
2021-08-12 13:59:27,787 INFO       Lay du lieu dong dien
2021-08-12 13:59:27,787 INFO       Lay du lieu nhap luc
2021-08-12 13:59:27,787 INFO       Lay du lieu do rung
2021-08-12 13:59:27,787 INFO       Lay du lieu tieng on
2021-08-12 13:59:27,837 INFO Chu trinh - 3 - Lay du lieu chieu thuan
2021-08-12 13:59:27,842 INFO   Lay du lieu - Forward
2021-08-12 13:59:27,842 INFO       Lay du lieu dong dien
2021-08-12 13:59:27,842 INFO       Lay du lieu nhap luc
2021-08-12 13:59:27,842 INFO       Lay du lieu do rung
2021-08-12 13:59:27,842 INFO       Lay du lieu tieng on
2021-08-12 13:59:27,946 INFO Chu trinh - 3 - Lay du lieu chieu thuan
2021-08-12 13:59:27,987 INFO   Lay du lieu - Forward
2021-08-12 13:59:27,987 INFO       Lay du lieu dong dien
2021-08-12 13:59:27,987 INFO       Lay du lieu nhap luc
2021-08-12 13:59:27,987 INFO       Lay du lieu do rung
2021-08-12 13:59:27,987 INFO       Lay du lieu tieng on
2021-08-12 13:59:28,037 INFO Chu trinh - 3 - Lay du lieu chieu thuan
2021-08-12 13:59:28,037 INFO   Lay du lieu - Forward
2021-08-12 13:59:28,037 INFO       Lay du lieu dong dien
2021-08-12 13:59:28,037 INFO       Lay du lieu nhap luc
2021-08-12 13:59:28,037 INFO       Lay du lieu do rung
2021-08-12 13:59:28,037 INFO       Lay du lieu tieng on
2021-08-12 13:59:28,146 INFO Chu trinh - 3 - Lay du lieu chieu thuan
2021-08-12 13:59:28,186 INFO   Lay du lieu - Forward
2021-08-12 13:59:28,186 INFO       Lay du lieu dong dien
2021-08-12 13:59:28,186 INFO       Lay du lieu nhap luc
2021-08-12 13:59:28,186 INFO       Lay du lieu do rung
2021-08-12 13:59:28,186 INFO       Lay du lieu tieng on
2021-08-12 13:59:28,237 INFO Chu trinh - 3 - Lay du lieu chieu thuan
2021-08-12 13:59:28,237 INFO   Lay du lieu - Forward
2021-08-12 13:59:28,237 INFO       Lay du lieu dong dien
2021-08-12 13:59:28,237 INFO       Lay du lieu nhap luc
2021-08-12 13:59:28,237 INFO       Lay du lieu do rung
2021-08-12 13:59:28,237 INFO       Lay du lieu tieng on
2021-08-12 13:59:28,347 INFO Chu trinh - 3 - Lay du lieu chieu thuan
2021-08-12 13:59:28,396 INFO   Lay du lieu - Forward
2021-08-12 13:59:28,396 INFO       Lay du lieu dong dien
2021-08-12 13:59:28,396 INFO       Lay du lieu nhap luc
2021-08-12 13:59:28,396 INFO       Lay du lieu do rung
2021-08-12 13:59:28,396 INFO       Lay du lieu tieng on
2021-08-12 13:59:28,436 INFO Chu trinh - 3 - Lay du lieu chieu thuan
2021-08-12 13:59:28,436 INFO   Lay du lieu - Forward
2021-08-12 13:59:28,436 INFO       Lay du lieu dong dien
2021-08-12 13:59:28,436 INFO       Lay du lieu nhap luc
2021-08-12 13:59:28,436 INFO       Lay du lieu do rung
2021-08-12 13:59:28,436 INFO       Lay du lieu tieng on
2021-08-12 13:59:28,436 INFO       Ve do thi du lieu
2021-08-12 13:59:28,547 INFO Chu trinh - 3 - Lay du lieu chieu thuan
2021-08-12 13:59:28,696 INFO   Lay du lieu - Forward
2021-08-12 13:59:28,696 INFO       Lay du lieu dong dien
2021-08-12 13:59:28,696 INFO       Lay du lieu nhap luc
2021-08-12 13:59:28,696 INFO       Lay du lieu do rung
2021-08-12 13:59:28,696 INFO       Lay du lieu tieng on
2021-08-12 13:59:28,696 ERROR Thoi gian chu trinh vuot qua 100ms
2021-08-12 13:59:28,696 INFO Chu trinh - 3 - Lay du lieu chieu thuan
2021-08-12 13:59:28,712 INFO   Lay du lieu - Forward
2021-08-12 13:59:28,712 INFO       Lay du lieu dong dien
2021-08-12 13:59:28,712 INFO       Lay du lieu nhap luc
2021-08-12 13:59:28,712 INFO       Lay du lieu do rung
2021-08-12 13:59:28,712 INFO       Lay du lieu tieng on
2021-08-12 13:59:28,797 INFO Chu trinh - 3 - Lay du lieu chieu thuan
2021-08-12 13:59:28,857 INFO   Lay du lieu - Forward
2021-08-12 13:59:28,857 INFO       Lay du lieu dong dien
2021-08-12 13:59:28,857 INFO       Lay du lieu nhap luc
2021-08-12 13:59:28,857 INFO       Lay du lieu do rung
2021-08-12 13:59:28,857 INFO       Lay du lieu tieng on
2021-08-12 13:59:28,907 INFO Chu trinh - 3 - Lay du lieu chieu thuan
2021-08-12 13:59:28,907 INFO   Lay du lieu - Forward
2021-08-12 13:59:28,907 INFO       Lay du lieu dong dien
2021-08-12 13:59:28,907 INFO       Lay du lieu nhap luc
2021-08-12 13:59:28,907 INFO       Lay du lieu do rung
2021-08-12 13:59:28,907 INFO       Lay du lieu tieng on
2021-08-12 13:59:29,017 INFO Chu trinh - 3 - Lay du lieu chieu thuan
2021-08-12 13:59:29,066 INFO   Lay du lieu - Forward
2021-08-12 13:59:29,066 INFO       Lay du lieu dong dien
2021-08-12 13:59:29,066 INFO       Lay du lieu nhap luc
2021-08-12 13:59:29,066 INFO       Lay du lieu do rung
2021-08-12 13:59:29,066 INFO       Lay du lieu tieng on
2021-08-12 13:59:29,117 INFO Chu trinh - 3 - Lay du lieu chieu thuan
2021-08-12 13:59:29,117 INFO   Lay du lieu - Forward
2021-08-12 13:59:29,117 INFO       Lay du lieu dong dien
2021-08-12 13:59:29,126 INFO       Lay du lieu nhap luc
2021-08-12 13:59:29,126 INFO       Lay du lieu do rung
2021-08-12 13:59:29,126 INFO       Lay du lieu tieng on
2021-08-12 13:59:29,197 INFO Chu trinh - 3 - Lay du lieu chieu thuan
2021-08-12 13:59:29,246 INFO   Lay du lieu - Forward
2021-08-12 13:59:29,246 INFO       Lay du lieu dong dien
2021-08-12 13:59:29,246 INFO       Lay du lieu nhap luc
2021-08-12 13:59:29,246 INFO       Lay du lieu do rung
2021-08-12 13:59:29,246 INFO       Lay du lieu tieng on
2021-08-12 13:59:29,337 INFO Chu trinh - 3 - Lay du lieu chieu thuan
2021-08-12 13:59:29,347 INFO   Lay du lieu - Forward
2021-08-12 13:59:29,347 INFO       Lay du lieu dong dien
2021-08-12 13:59:29,347 INFO       Lay du lieu nhap luc
2021-08-12 13:59:29,347 INFO       Lay du lieu do rung
2021-08-12 13:59:29,347 INFO       Lay du lieu tieng on
2021-08-12 13:59:29,397 INFO Chu trinh - 3 - Lay du lieu chieu thuan
2021-08-12 13:59:29,406 INFO   Lay du lieu - Forward
2021-08-12 13:59:29,406 INFO       Lay du lieu dong dien
2021-08-12 13:59:29,406 INFO       Lay du lieu nhap luc
2021-08-12 13:59:29,406 INFO       Lay du lieu do rung
2021-08-12 13:59:29,406 INFO       Lay du lieu tieng on
2021-08-12 13:59:29,506 INFO Chu trinh - 3 - Lay du lieu chieu thuan
2021-08-12 13:59:29,546 INFO   Lay du lieu - Forward
2021-08-12 13:59:29,546 INFO       Lay du lieu dong dien
2021-08-12 13:59:29,546 INFO       Lay du lieu nhap luc
2021-08-12 13:59:29,546 INFO       Lay du lieu do rung
2021-08-12 13:59:29,546 INFO       Lay du lieu tieng on
2021-08-12 13:59:29,546 INFO       Ve do thi du lieu
2021-08-12 13:59:29,596 INFO Chu trinh - 3 - Lay du lieu chieu thuan
2021-08-12 13:59:29,603 INFO   Lay du lieu - Forward
2021-08-12 13:59:29,603 INFO       Lay du lieu dong dien
2021-08-12 13:59:29,603 INFO       Lay du lieu nhap luc
2021-08-12 13:59:29,603 INFO       Lay du lieu do rung
2021-08-12 13:59:29,603 INFO       Lay du lieu tieng on
2021-08-12 13:59:29,736 INFO Chu trinh - 3 - Lay du lieu chieu thuan
2021-08-12 13:59:29,776 INFO   Lay du lieu - Forward
2021-08-12 13:59:29,776 INFO       Lay du lieu dong dien
2021-08-12 13:59:29,776 INFO       Lay du lieu nhap luc
2021-08-12 13:59:29,776 INFO       Lay du lieu do rung
2021-08-12 13:59:29,776 INFO       Lay du lieu tieng on
2021-08-12 13:59:29,806 INFO Chu trinh - 3 - Lay du lieu chieu thuan
2021-08-12 13:59:29,806 INFO   Lay du lieu - Forward
2021-08-12 13:59:29,806 INFO       Lay du lieu dong dien
2021-08-12 13:59:29,806 INFO       Lay du lieu nhap luc
2021-08-12 13:59:29,806 INFO       Lay du lieu do rung
2021-08-12 13:59:29,806 INFO       Lay du lieu tieng on
2021-08-12 13:59:29,936 INFO Chu trinh - 3 - Lay du lieu chieu thuan
2021-08-12 13:59:29,986 INFO   Lay du lieu - Forward
2021-08-12 13:59:29,986 INFO       Lay du lieu dong dien
2021-08-12 13:59:29,986 INFO       Lay du lieu nhap luc
2021-08-12 13:59:29,986 INFO       Lay du lieu do rung
2021-08-12 13:59:29,986 INFO       Lay du lieu tieng on
2021-08-12 13:59:30,006 INFO Chu trinh - 3 - Lay du lieu chieu thuan
2021-08-12 13:59:30,006 INFO   Lay du lieu - Forward
2021-08-12 13:59:30,006 INFO       Lay du lieu dong dien
2021-08-12 13:59:30,006 INFO       Lay du lieu nhap luc
2021-08-12 13:59:30,006 INFO       Lay du lieu do rung
2021-08-12 13:59:30,006 INFO       Lay du lieu tieng on
2021-08-12 13:59:30,136 INFO Chu trinh - 3 - Lay du lieu chieu thuan
2021-08-12 13:59:30,176 INFO   Lay du lieu - Forward
2021-08-12 13:59:30,176 INFO       Lay du lieu dong dien
2021-08-12 13:59:30,176 INFO       Lay du lieu nhap luc
2021-08-12 13:59:30,176 INFO       Lay du lieu do rung
2021-08-12 13:59:30,176 INFO       Lay du lieu tieng on
2021-08-12 13:59:30,206 INFO Chu trinh - 3 - Lay du lieu chieu thuan
2021-08-12 13:59:30,206 INFO   Lay du lieu - Forward
2021-08-12 13:59:30,206 INFO       Lay du lieu dong dien
2021-08-12 13:59:30,206 INFO       Lay du lieu nhap luc
2021-08-12 13:59:30,206 INFO       Lay du lieu do rung
2021-08-12 13:59:30,206 INFO       Lay du lieu tieng on
2021-08-12 13:59:30,326 INFO Chu trinh - 3 - Lay du lieu chieu thuan
2021-08-12 13:59:30,376 INFO   Lay du lieu - Forward
2021-08-12 13:59:30,376 INFO       Lay du lieu dong dien
2021-08-12 13:59:30,376 INFO       Lay du lieu nhap luc
2021-08-12 13:59:30,376 INFO       Lay du lieu do rung
2021-08-12 13:59:30,376 INFO       Lay du lieu tieng on
2021-08-12 13:59:30,406 INFO Chu trinh - 3 - Lay du lieu chieu thuan
2021-08-12 13:59:30,546 INFO   Lay du lieu - Forward
2021-08-12 13:59:30,546 INFO       Lay du lieu dong dien
2021-08-12 13:59:30,546 INFO       Lay du lieu nhap luc
2021-08-12 13:59:30,546 INFO       Lay du lieu do rung
2021-08-12 13:59:30,546 INFO       Lay du lieu tieng on
2021-08-12 13:59:30,546 ERROR Thoi gian chu trinh vuot qua 100ms
2021-08-12 13:59:30,596 INFO Chu trinh - 3 - Lay du lieu chieu thuan
2021-08-12 13:59:30,636 INFO   Lay du lieu - Forward
2021-08-12 13:59:30,636 INFO       Lay du lieu dong dien
2021-08-12 13:59:30,636 INFO       Lay du lieu nhap luc
2021-08-12 13:59:30,636 INFO       Lay du lieu do rung
2021-08-12 13:59:30,636 INFO       Lay du lieu tieng on
2021-08-12 13:59:30,636 INFO       Ve do thi du lieu
2021-08-12 13:59:30,666 INFO Chu trinh - 3 - Lay du lieu chieu thuan
2021-08-12 13:59:30,674 INFO   Lay du lieu - Forward
2021-08-12 13:59:30,674 INFO       Lay du lieu dong dien
2021-08-12 13:59:30,674 INFO       Lay du lieu nhap luc
2021-08-12 13:59:30,674 INFO       Lay du lieu do rung
2021-08-12 13:59:30,674 INFO       Lay du lieu tieng on
2021-08-12 13:59:30,766 INFO Chu trinh - 3 - Lay du lieu chieu thuan
2021-08-12 13:59:30,816 INFO   Lay du lieu - Forward
2021-08-12 13:59:30,816 INFO       Lay du lieu dong dien
2021-08-12 13:59:30,816 INFO       Lay du lieu nhap luc
2021-08-12 13:59:30,816 INFO       Lay du lieu do rung
2021-08-12 13:59:30,816 INFO       Lay du lieu tieng on
2021-08-12 13:59:30,866 INFO Chu trinh - 3 - Lay du lieu chieu thuan
2021-08-12 13:59:30,877 INFO   Lay du lieu - Forward
2021-08-12 13:59:30,877 INFO       Lay du lieu dong dien
2021-08-12 13:59:30,877 INFO       Lay du lieu nhap luc
2021-08-12 13:59:30,877 INFO       Lay du lieu do rung
2021-08-12 13:59:30,877 INFO       Lay du lieu tieng on
2021-08-12 13:59:30,986 INFO Chu trinh - 3 - Lay du lieu chieu thuan
2021-08-12 13:59:31,046 INFO   Lay du lieu - Forward
2021-08-12 13:59:31,046 INFO       Lay du lieu dong dien
2021-08-12 13:59:31,046 INFO       Lay du lieu nhap luc
2021-08-12 13:59:31,046 INFO       Lay du lieu do rung
2021-08-12 13:59:31,046 INFO       Lay du lieu tieng on
2021-08-12 13:59:31,087 INFO Chu trinh - 3 - Lay du lieu chieu thuan
2021-08-12 13:59:31,096 INFO   Lay du lieu - Forward
2021-08-12 13:59:31,096 INFO       Lay du lieu dong dien
2021-08-12 13:59:31,096 INFO       Lay du lieu nhap luc
2021-08-12 13:59:31,096 INFO       Lay du lieu do rung
2021-08-12 13:59:31,096 INFO       Lay du lieu tieng on
2021-08-12 13:59:31,167 INFO Chu trinh - 3 - Lay du lieu chieu thuan
2021-08-12 13:59:31,216 INFO   Lay du lieu - Forward
2021-08-12 13:59:31,216 INFO       Lay du lieu dong dien
2021-08-12 13:59:31,216 INFO       Lay du lieu nhap luc
2021-08-12 13:59:31,216 INFO       Lay du lieu do rung
2021-08-12 13:59:31,216 INFO       Lay du lieu tieng on
2021-08-12 13:59:31,306 INFO Chu trinh - 3 - Lay du lieu chieu thuan
2021-08-12 13:59:31,317 INFO   Lay du lieu - Forward
2021-08-12 13:59:31,317 INFO       Lay du lieu dong dien
2021-08-12 13:59:31,317 INFO       Lay du lieu nhap luc
2021-08-12 13:59:31,317 INFO       Lay du lieu do rung
2021-08-12 13:59:31,317 INFO       Lay du lieu tieng on
2021-08-12 13:59:31,367 INFO Chu trinh - 3 - Lay du lieu chieu thuan
2021-08-12 13:59:31,367 INFO   Lay du lieu - Forward
2021-08-12 13:59:31,367 INFO       Lay du lieu dong dien
2021-08-12 13:59:31,367 INFO       Lay du lieu nhap luc
2021-08-12 13:59:31,367 INFO       Lay du lieu do rung
2021-08-12 13:59:31,367 INFO       Lay du lieu tieng on
2021-08-12 13:59:31,477 INFO Chu trinh - 3 - Lay du lieu chieu thuan
2021-08-12 13:59:31,526 INFO   Lay du lieu - Forward
2021-08-12 13:59:31,526 INFO       Lay du lieu dong dien
2021-08-12 13:59:31,526 INFO       Lay du lieu nhap luc
2021-08-12 13:59:31,526 INFO       Lay du lieu do rung
2021-08-12 13:59:31,526 INFO       Lay du lieu tieng on
2021-08-12 13:59:31,566 INFO Chu trinh - 3 - Lay du lieu chieu thuan
2021-08-12 13:59:31,566 INFO   Lay du lieu - Forward
2021-08-12 13:59:31,566 INFO       Lay du lieu dong dien
2021-08-12 13:59:31,566 INFO       Lay du lieu nhap luc
2021-08-12 13:59:31,566 INFO       Lay du lieu do rung
2021-08-12 13:59:31,566 INFO       Lay du lieu tieng on
2021-08-12 13:59:31,566 INFO       Ve do thi du lieu
2021-08-12 13:59:31,676 INFO Chu trinh - 3 - Lay du lieu chieu thuan
2021-08-12 13:59:31,727 INFO   Lay du lieu - Forward
2021-08-12 13:59:31,727 INFO       Lay du lieu dong dien
2021-08-12 13:59:31,727 INFO       Lay du lieu nhap luc
2021-08-12 13:59:31,727 INFO       Lay du lieu do rung
2021-08-12 13:59:31,727 INFO       Lay du lieu tieng on
2021-08-12 13:59:31,996 ERROR Thoi gian chu trinh vuot qua 100ms
2021-08-12 13:59:31,996 INFO Chu trinh - 9 - Ghi du lieu am thanh chieu thuan
2021-08-12 13:59:32,086 INFO Chu trinh - 11 - Doi du lieu bat dau chieu nghich
2021-08-12 13:59:34,037 ERROR Thoi gian chu trinh vuot qua 100ms
2021-08-12 13:59:34,136 ERROR Thoi gian chu trinh vuot qua 100ms
2021-08-12 13:59:35,026 ERROR Thoi gian chu trinh vuot qua 100ms
2021-08-12 13:59:39,726 ERROR Thoi gian chu trinh vuot qua 100ms
2021-08-12 13:59:39,796 INFO Chu trinh - 13 - Lay du lieu chieu nghich
2021-08-12 13:59:39,796 INFO   Lay du lieu - Backward
2021-08-12 13:59:39,796 INFO       Lay du lieu dong dien
2021-08-12 13:59:39,796 INFO       Lay du lieu nhap luc
2021-08-12 13:59:39,796 INFO       Lay du lieu do rung
2021-08-12 13:59:39,796 INFO       Lay du lieu tieng on
2021-08-12 13:59:39,796 INFO       Ve do thi du lieu
2021-08-12 13:59:39,891 INFO Chu trinh - 13 - Lay du lieu chieu nghich
2021-08-12 13:59:39,891 INFO   Lay du lieu - Backward
2021-08-12 13:59:39,891 INFO       Lay du lieu dong dien
2021-08-12 13:59:39,891 INFO       Lay du lieu nhap luc
2021-08-12 13:59:39,891 INFO       Lay du lieu do rung
2021-08-12 13:59:39,891 INFO       Lay du lieu tieng on
2021-08-12 13:59:39,996 INFO Chu trinh - 13 - Lay du lieu chieu nghich
2021-08-12 13:59:39,996 INFO   Lay du lieu - Backward
2021-08-12 13:59:39,996 INFO       Lay du lieu dong dien
2021-08-12 13:59:39,996 INFO       Lay du lieu nhap luc
2021-08-12 13:59:39,996 INFO       Lay du lieu do rung
2021-08-12 13:59:39,996 INFO       Lay du lieu tieng on
2021-08-12 13:59:40,096 INFO Chu trinh - 13 - Lay du lieu chieu nghich
2021-08-12 13:59:40,096 INFO   Lay du lieu - Backward
2021-08-12 13:59:40,096 INFO       Lay du lieu dong dien
2021-08-12 13:59:40,096 INFO       Lay du lieu nhap luc
2021-08-12 13:59:40,096 INFO       Lay du lieu do rung
2021-08-12 13:59:40,096 INFO       Lay du lieu tieng on
2021-08-12 13:59:40,196 INFO Chu trinh - 13 - Lay du lieu chieu nghich
2021-08-12 13:59:40,196 INFO   Lay du lieu - Backward
2021-08-12 13:59:40,196 INFO       Lay du lieu dong dien
2021-08-12 13:59:40,196 INFO       Lay du lieu nhap luc
2021-08-12 13:59:40,196 INFO       Lay du lieu do rung
2021-08-12 13:59:40,196 INFO       Lay du lieu tieng on
2021-08-12 13:59:40,301 INFO Chu trinh - 13 - Lay du lieu chieu nghich
2021-08-12 13:59:40,301 INFO   Lay du lieu - Backward
2021-08-12 13:59:40,301 INFO       Lay du lieu dong dien
2021-08-12 13:59:40,301 INFO       Lay du lieu nhap luc
2021-08-12 13:59:40,301 INFO       Lay du lieu do rung
2021-08-12 13:59:40,301 INFO       Lay du lieu tieng on
2021-08-12 13:59:40,356 INFO Chu trinh - 13 - Lay du lieu chieu nghich
2021-08-12 13:59:40,356 INFO   Lay du lieu - Backward
2021-08-12 13:59:40,356 INFO       Lay du lieu dong dien
2021-08-12 13:59:40,356 INFO       Lay du lieu nhap luc
2021-08-12 13:59:40,356 INFO       Lay du lieu do rung
2021-08-12 13:59:40,356 INFO       Lay du lieu tieng on
2021-08-12 13:59:40,516 INFO Chu trinh - 13 - Lay du lieu chieu nghich
2021-08-12 13:59:40,516 INFO   Lay du lieu - Backward
2021-08-12 13:59:40,516 INFO       Lay du lieu dong dien
2021-08-12 13:59:40,516 INFO       Lay du lieu nhap luc
2021-08-12 13:59:40,516 INFO       Lay du lieu do rung
2021-08-12 13:59:40,516 INFO       Lay du lieu tieng on
2021-08-12 13:59:40,726 INFO Chu trinh - 13 - Lay du lieu chieu nghich
2021-08-12 13:59:40,726 INFO   Lay du lieu - Backward
2021-08-12 13:59:40,726 INFO       Lay du lieu dong dien
2021-08-12 13:59:40,726 INFO       Lay du lieu nhap luc
2021-08-12 13:59:40,726 INFO       Lay du lieu do rung
2021-08-12 13:59:40,726 INFO       Lay du lieu tieng on
2021-08-12 13:59:40,726 INFO       Ve do thi du lieu
2021-08-12 13:59:40,726 ERROR Thoi gian chu trinh vuot qua 100ms
2021-08-12 13:59:40,801 INFO Chu trinh - 13 - Lay du lieu chieu nghich
2021-08-12 13:59:40,801 INFO   Lay du lieu - Backward
2021-08-12 13:59:40,801 INFO       Lay du lieu dong dien
2021-08-12 13:59:40,801 INFO       Lay du lieu nhap luc
2021-08-12 13:59:40,801 INFO       Lay du lieu do rung
2021-08-12 13:59:40,801 INFO       Lay du lieu tieng on
2021-08-12 13:59:40,839 INFO Chu trinh - 13 - Lay du lieu chieu nghich
2021-08-12 13:59:40,839 INFO   Lay du lieu - Backward
2021-08-12 13:59:40,839 INFO       Lay du lieu dong dien
2021-08-12 13:59:40,839 INFO       Lay du lieu nhap luc
2021-08-12 13:59:40,839 INFO       Lay du lieu do rung
2021-08-12 13:59:40,839 INFO       Lay du lieu tieng on
2021-08-12 13:59:41,006 INFO Chu trinh - 13 - Lay du lieu chieu nghich
2021-08-12 13:59:41,006 INFO   Lay du lieu - Backward
2021-08-12 13:59:41,006 INFO       Lay du lieu dong dien
2021-08-12 13:59:41,006 INFO       Lay du lieu nhap luc
2021-08-12 13:59:41,006 INFO       Lay du lieu do rung
2021-08-12 13:59:41,006 INFO       Lay du lieu tieng on
2021-08-12 13:59:41,041 INFO Chu trinh - 13 - Lay du lieu chieu nghich
2021-08-12 13:59:41,041 INFO   Lay du lieu - Backward
2021-08-12 13:59:41,041 INFO       Lay du lieu dong dien
2021-08-12 13:59:41,041 INFO       Lay du lieu nhap luc
2021-08-12 13:59:41,041 INFO       Lay du lieu do rung
2021-08-12 13:59:41,041 INFO       Lay du lieu tieng on
2021-08-12 13:59:41,226 INFO Chu trinh - 13 - Lay du lieu chieu nghich
2021-08-12 13:59:41,226 INFO   Lay du lieu - Backward
2021-08-12 13:59:41,226 INFO       Lay du lieu dong dien
2021-08-12 13:59:41,226 INFO       Lay du lieu nhap luc
2021-08-12 13:59:41,226 INFO       Lay du lieu do rung
2021-08-12 13:59:41,226 INFO       Lay du lieu tieng on
2021-08-12 13:59:41,236 INFO Chu trinh - 13 - Lay du lieu chieu nghich
2021-08-12 13:59:41,236 INFO   Lay du lieu - Backward
2021-08-12 13:59:41,236 INFO       Lay du lieu dong dien
2021-08-12 13:59:41,236 INFO       Lay du lieu nhap luc
2021-08-12 13:59:41,236 INFO       Lay du lieu do rung
2021-08-12 13:59:41,236 INFO       Lay du lieu tieng on
2021-08-12 13:59:41,396 INFO Chu trinh - 13 - Lay du lieu chieu nghich
2021-08-12 13:59:41,396 INFO   Lay du lieu - Backward
2021-08-12 13:59:41,396 INFO       Lay du lieu dong dien
2021-08-12 13:59:41,396 INFO       Lay du lieu nhap luc
2021-08-12 13:59:41,396 INFO       Lay du lieu do rung
2021-08-12 13:59:41,396 INFO       Lay du lieu tieng on
2021-08-12 13:59:41,446 INFO Chu trinh - 13 - Lay du lieu chieu nghich
2021-08-12 13:59:41,446 INFO   Lay du lieu - Backward
2021-08-12 13:59:41,446 INFO       Lay du lieu dong dien
2021-08-12 13:59:41,446 INFO       Lay du lieu nhap luc
2021-08-12 13:59:41,446 INFO       Lay du lieu do rung
2021-08-12 13:59:41,446 INFO       Lay du lieu tieng on
2021-08-12 13:59:41,606 INFO Chu trinh - 13 - Lay du lieu chieu nghich
2021-08-12 13:59:41,606 INFO   Lay du lieu - Backward
2021-08-12 13:59:41,606 INFO       Lay du lieu dong dien
2021-08-12 13:59:41,606 INFO       Lay du lieu nhap luc
2021-08-12 13:59:41,606 INFO       Lay du lieu do rung
2021-08-12 13:59:41,606 INFO       Lay du lieu tieng on
2021-08-12 13:59:41,661 INFO Chu trinh - 13 - Lay du lieu chieu nghich
2021-08-12 13:59:41,661 INFO   Lay du lieu - Backward
2021-08-12 13:59:41,661 INFO       Lay du lieu dong dien
2021-08-12 13:59:41,661 INFO       Lay du lieu nhap luc
2021-08-12 13:59:41,661 INFO       Lay du lieu do rung
2021-08-12 13:59:41,661 INFO       Lay du lieu tieng on
2021-08-12 13:59:41,661 INFO       Ve do thi du lieu
2021-08-12 13:59:41,776 INFO Chu trinh - 13 - Lay du lieu chieu nghich
2021-08-12 13:59:41,776 INFO   Lay du lieu - Backward
2021-08-12 13:59:41,776 INFO       Lay du lieu dong dien
2021-08-12 13:59:41,776 INFO       Lay du lieu nhap luc
2021-08-12 13:59:41,776 INFO       Lay du lieu do rung
2021-08-12 13:59:41,776 INFO       Lay du lieu tieng on
2021-08-12 13:59:41,871 INFO Chu trinh - 13 - Lay du lieu chieu nghich
2021-08-12 13:59:41,871 INFO   Lay du lieu - Backward
2021-08-12 13:59:41,871 INFO       Lay du lieu dong dien
2021-08-12 13:59:41,871 INFO       Lay du lieu nhap luc
2021-08-12 13:59:41,871 INFO       Lay du lieu do rung
2021-08-12 13:59:41,871 INFO       Lay du lieu tieng on
2021-08-12 13:59:41,986 INFO Chu trinh - 13 - Lay du lieu chieu nghich
2021-08-12 13:59:41,986 INFO   Lay du lieu - Backward
2021-08-12 13:59:41,986 INFO       Lay du lieu dong dien
2021-08-12 13:59:41,986 INFO       Lay du lieu nhap luc
2021-08-12 13:59:41,986 INFO       Lay du lieu do rung
2021-08-12 13:59:41,986 INFO       Lay du lieu tieng on
2021-08-12 13:59:42,086 INFO Chu trinh - 13 - Lay du lieu chieu nghich
2021-08-12 13:59:42,086 INFO   Lay du lieu - Backward
2021-08-12 13:59:42,086 INFO       Lay du lieu dong dien
2021-08-12 13:59:42,086 INFO       Lay du lieu nhap luc
2021-08-12 13:59:42,086 INFO       Lay du lieu do rung
2021-08-12 13:59:42,086 INFO       Lay du lieu tieng on
2021-08-12 13:59:42,137 INFO Chu trinh - 13 - Lay du lieu chieu nghich
2021-08-12 13:59:42,137 INFO   Lay du lieu - Backward
2021-08-12 13:59:42,137 INFO       Lay du lieu dong dien
2021-08-12 13:59:42,137 INFO       Lay du lieu nhap luc
2021-08-12 13:59:42,137 INFO       Lay du lieu do rung
2021-08-12 13:59:42,137 INFO       Lay du lieu tieng on
2021-08-12 13:59:42,286 INFO Chu trinh - 13 - Lay du lieu chieu nghich
2021-08-12 13:59:42,286 INFO   Lay du lieu - Backward
2021-08-12 13:59:42,286 INFO       Lay du lieu dong dien
2021-08-12 13:59:42,286 INFO       Lay du lieu nhap luc
2021-08-12 13:59:42,286 INFO       Lay du lieu do rung
2021-08-12 13:59:42,286 INFO       Lay du lieu tieng on
2021-08-12 13:59:42,337 INFO Chu trinh - 13 - Lay du lieu chieu nghich
2021-08-12 13:59:42,337 INFO   Lay du lieu - Backward
2021-08-12 13:59:42,337 INFO       Lay du lieu dong dien
2021-08-12 13:59:42,337 INFO       Lay du lieu nhap luc
2021-08-12 13:59:42,337 INFO       Lay du lieu do rung
2021-08-12 13:59:42,337 INFO       Lay du lieu tieng on
2021-08-12 13:59:42,596 INFO Chu trinh - 13 - Lay du lieu chieu nghich
2021-08-12 13:59:42,596 INFO   Lay du lieu - Backward
2021-08-12 13:59:42,596 INFO       Lay du lieu dong dien
2021-08-12 13:59:42,596 INFO       Lay du lieu nhap luc
2021-08-12 13:59:42,596 INFO       Lay du lieu do rung
2021-08-12 13:59:42,596 INFO       Lay du lieu tieng on
2021-08-12 13:59:42,596 ERROR Thoi gian chu trinh vuot qua 100ms
2021-08-12 13:59:42,601 INFO Chu trinh - 13 - Lay du lieu chieu nghich
2021-08-12 13:59:42,601 INFO   Lay du lieu - Backward
2021-08-12 13:59:42,601 INFO       Lay du lieu dong dien
2021-08-12 13:59:42,601 INFO       Lay du lieu nhap luc
2021-08-12 13:59:42,601 INFO       Lay du lieu do rung
2021-08-12 13:59:42,601 INFO       Lay du lieu tieng on
2021-08-12 13:59:42,796 INFO Chu trinh - 13 - Lay du lieu chieu nghich
2021-08-12 13:59:42,796 INFO   Lay du lieu - Backward
2021-08-12 13:59:42,796 INFO       Lay du lieu dong dien
2021-08-12 13:59:42,796 INFO       Lay du lieu nhap luc
2021-08-12 13:59:42,796 INFO       Lay du lieu do rung
2021-08-12 13:59:42,796 INFO       Lay du lieu tieng on
2021-08-12 13:59:42,796 INFO       Ve do thi du lieu
2021-08-12 13:59:42,838 INFO Chu trinh - 13 - Lay du lieu chieu nghich
2021-08-12 13:59:42,838 INFO   Lay du lieu - Backward
2021-08-12 13:59:42,838 INFO       Lay du lieu dong dien
2021-08-12 13:59:42,838 INFO       Lay du lieu nhap luc
2021-08-12 13:59:42,838 INFO       Lay du lieu do rung
2021-08-12 13:59:42,838 INFO       Lay du lieu tieng on
2021-08-12 13:59:42,986 INFO Chu trinh - 13 - Lay du lieu chieu nghich
2021-08-12 13:59:42,996 INFO   Lay du lieu - Backward
2021-08-12 13:59:42,996 INFO       Lay du lieu dong dien
2021-08-12 13:59:42,996 INFO       Lay du lieu nhap luc
2021-08-12 13:59:42,996 INFO       Lay du lieu do rung
2021-08-12 13:59:42,996 INFO       Lay du lieu tieng on
2021-08-12 13:59:43,046 INFO Chu trinh - 13 - Lay du lieu chieu nghich
2021-08-12 13:59:43,046 INFO   Lay du lieu - Backward
2021-08-12 13:59:43,046 INFO       Lay du lieu dong dien
2021-08-12 13:59:43,046 INFO       Lay du lieu nhap luc
2021-08-12 13:59:43,046 INFO       Lay du lieu do rung
2021-08-12 13:59:43,046 INFO       Lay du lieu tieng on
2021-08-12 13:59:43,166 INFO Chu trinh - 13 - Lay du lieu chieu nghich
2021-08-12 13:59:43,166 INFO   Lay du lieu - Backward
2021-08-12 13:59:43,166 INFO       Lay du lieu dong dien
2021-08-12 13:59:43,166 INFO       Lay du lieu nhap luc
2021-08-12 13:59:43,166 INFO       Lay du lieu do rung
2021-08-12 13:59:43,166 INFO       Lay du lieu tieng on
2021-08-12 13:59:43,266 INFO Chu trinh - 13 - Lay du lieu chieu nghich
2021-08-12 13:59:43,266 INFO   Lay du lieu - Backward
2021-08-12 13:59:43,266 INFO       Lay du lieu dong dien
2021-08-12 13:59:43,266 INFO       Lay du lieu nhap luc
2021-08-12 13:59:43,266 INFO       Lay du lieu do rung
2021-08-12 13:59:43,266 INFO       Lay du lieu tieng on
2021-08-12 13:59:43,321 INFO Chu trinh - 13 - Lay du lieu chieu nghich
2021-08-12 13:59:43,321 INFO   Lay du lieu - Backward
2021-08-12 13:59:43,321 INFO       Lay du lieu dong dien
2021-08-12 13:59:43,321 INFO       Lay du lieu nhap luc
2021-08-12 13:59:43,321 INFO       Lay du lieu do rung
2021-08-12 13:59:43,321 INFO       Lay du lieu tieng on
2021-08-12 13:59:43,476 INFO Chu trinh - 13 - Lay du lieu chieu nghich
2021-08-12 13:59:43,476 INFO   Lay du lieu - Backward
2021-08-12 13:59:43,476 INFO       Lay du lieu dong dien
2021-08-12 13:59:43,476 INFO       Lay du lieu nhap luc
2021-08-12 13:59:43,476 INFO       Lay du lieu do rung
2021-08-12 13:59:43,476 INFO       Lay du lieu tieng on
2021-08-12 13:59:43,526 INFO Chu trinh - 13 - Lay du lieu chieu nghich
2021-08-12 13:59:43,526 INFO   Lay du lieu - Backward
2021-08-12 13:59:43,526 INFO       Lay du lieu dong dien
2021-08-12 13:59:43,526 INFO       Lay du lieu nhap luc
2021-08-12 13:59:43,526 INFO       Lay du lieu do rung
2021-08-12 13:59:43,526 INFO       Lay du lieu tieng on
2021-08-12 13:59:43,650 INFO Chu trinh - 13 - Lay du lieu chieu nghich
2021-08-12 13:59:43,650 INFO   Lay du lieu - Backward
2021-08-12 13:59:43,650 INFO       Lay du lieu dong dien
2021-08-12 13:59:43,650 INFO       Lay du lieu nhap luc
2021-08-12 13:59:43,650 INFO       Lay du lieu do rung
2021-08-12 13:59:43,650 INFO       Lay du lieu tieng on
2021-08-12 13:59:43,716 INFO Chu trinh - 13 - Lay du lieu chieu nghich
2021-08-12 13:59:43,716 INFO   Lay du lieu - Backward
2021-08-12 13:59:43,716 INFO       Lay du lieu dong dien
2021-08-12 13:59:43,716 INFO       Lay du lieu nhap luc
2021-08-12 13:59:43,716 INFO       Lay du lieu do rung
2021-08-12 13:59:43,716 INFO       Lay du lieu tieng on
2021-08-12 13:59:43,716 INFO       Ve do thi du lieu
2021-08-12 13:59:43,895 INFO Chu trinh - 13 - Lay du lieu chieu nghich
2021-08-12 13:59:43,895 INFO   Lay du lieu - Backward
2021-08-12 13:59:43,895 INFO       Lay du lieu dong dien
2021-08-12 13:59:43,895 INFO       Lay du lieu nhap luc
2021-08-12 13:59:43,895 INFO       Lay du lieu do rung
2021-08-12 13:59:43,895 INFO       Lay du lieu tieng on
2021-08-12 13:59:43,916 INFO Chu trinh - 13 - Lay du lieu chieu nghich
2021-08-12 13:59:43,916 INFO   Lay du lieu - Backward
2021-08-12 13:59:43,916 INFO       Lay du lieu dong dien
2021-08-12 13:59:43,916 INFO       Lay du lieu nhap luc
2021-08-12 13:59:43,916 INFO       Lay du lieu do rung
2021-08-12 13:59:43,916 INFO       Lay du lieu tieng on
2021-08-12 13:59:44,046 INFO Chu trinh - 13 - Lay du lieu chieu nghich
2021-08-12 13:59:44,046 INFO   Lay du lieu - Backward
2021-08-12 13:59:44,046 INFO       Lay du lieu dong dien
2021-08-12 13:59:44,046 INFO       Lay du lieu nhap luc
2021-08-12 13:59:44,046 INFO       Lay du lieu do rung
2021-08-12 13:59:44,046 INFO       Lay du lieu tieng on
2021-08-12 13:59:44,116 INFO Chu trinh - 13 - Lay du lieu chieu nghich
2021-08-12 13:59:44,116 INFO   Lay du lieu - Backward
2021-08-12 13:59:44,116 INFO       Lay du lieu dong dien
2021-08-12 13:59:44,116 INFO       Lay du lieu nhap luc
2021-08-12 13:59:44,116 INFO       Lay du lieu do rung
2021-08-12 13:59:44,116 INFO       Lay du lieu tieng on
2021-08-12 13:59:44,286 INFO Chu trinh - 13 - Lay du lieu chieu nghich
2021-08-12 13:59:44,286 INFO   Lay du lieu - Backward
2021-08-12 13:59:44,286 INFO       Lay du lieu dong dien
2021-08-12 13:59:44,286 INFO       Lay du lieu nhap luc
2021-08-12 13:59:44,286 INFO       Lay du lieu do rung
2021-08-12 13:59:44,286 INFO       Lay du lieu tieng on
2021-08-12 13:59:44,315 INFO Chu trinh - 13 - Lay du lieu chieu nghich
2021-08-12 13:59:44,315 INFO   Lay du lieu - Backward
2021-08-12 13:59:44,315 INFO       Lay du lieu dong dien
2021-08-12 13:59:44,315 INFO       Lay du lieu nhap luc
2021-08-12 13:59:44,315 INFO       Lay du lieu do rung
2021-08-12 13:59:44,315 INFO       Lay du lieu tieng on
2021-08-12 13:59:44,586 INFO Chu trinh - 13 - Lay du lieu chieu nghich
2021-08-12 13:59:44,586 INFO   Lay du lieu - Backward
2021-08-12 13:59:44,586 INFO       Lay du lieu dong dien
2021-08-12 13:59:44,586 INFO       Lay du lieu nhap luc
2021-08-12 13:59:44,586 INFO       Lay du lieu do rung
2021-08-12 13:59:44,586 INFO       Lay du lieu tieng on
2021-08-12 13:59:44,586 ERROR Thoi gian chu trinh vuot qua 100ms
2021-08-12 13:59:44,606 INFO Chu trinh - 13 - Lay du lieu chieu nghich
2021-08-12 13:59:44,606 INFO   Lay du lieu - Backward
2021-08-12 13:59:44,606 INFO       Lay du lieu dong dien
2021-08-12 13:59:44,606 INFO       Lay du lieu nhap luc
2021-08-12 13:59:44,606 INFO       Lay du lieu do rung
2021-08-12 13:59:44,606 INFO       Lay du lieu tieng on
2021-08-12 13:59:44,756 INFO Chu trinh - 13 - Lay du lieu chieu nghich
2021-08-12 13:59:44,756 INFO   Lay du lieu - Backward
2021-08-12 13:59:44,756 INFO       Lay du lieu dong dien
2021-08-12 13:59:44,756 INFO       Lay du lieu nhap luc
2021-08-12 13:59:44,756 INFO       Lay du lieu do rung
2021-08-12 13:59:44,756 INFO       Lay du lieu tieng on
2021-08-12 13:59:44,806 INFO Chu trinh - 13 - Lay du lieu chieu nghich
2021-08-12 13:59:44,806 INFO   Lay du lieu - Backward
2021-08-12 13:59:44,806 INFO       Lay du lieu dong dien
2021-08-12 13:59:44,806 INFO       Lay du lieu nhap luc
2021-08-12 13:59:44,806 INFO       Lay du lieu do rung
2021-08-12 13:59:44,806 INFO       Lay du lieu tieng on
2021-08-12 13:59:44,806 INFO       Ve do thi du lieu
2021-08-12 13:59:44,936 INFO Chu trinh - 13 - Lay du lieu chieu nghich
2021-08-12 13:59:44,936 INFO   Lay du lieu - Backward
2021-08-12 13:59:44,936 INFO       Lay du lieu dong dien
2021-08-12 13:59:44,936 INFO       Lay du lieu nhap luc
2021-08-12 13:59:44,936 INFO       Lay du lieu do rung
2021-08-12 13:59:44,936 INFO       Lay du lieu tieng on
2021-08-12 13:59:45,035 INFO Chu trinh - 13 - Lay du lieu chieu nghich
2021-08-12 13:59:45,040 INFO   Lay du lieu - Backward
2021-08-12 13:59:45,040 INFO       Lay du lieu dong dien
2021-08-12 13:59:45,040 INFO       Lay du lieu nhap luc
2021-08-12 13:59:45,040 INFO       Lay du lieu do rung
2021-08-12 13:59:45,040 INFO       Lay du lieu tieng on
2021-08-12 13:59:45,145 INFO Chu trinh - 13 - Lay du lieu chieu nghich
2021-08-12 13:59:45,145 INFO   Lay du lieu - Backward
2021-08-12 13:59:45,145 INFO       Lay du lieu dong dien
2021-08-12 13:59:45,145 INFO       Lay du lieu nhap luc
2021-08-12 13:59:45,145 INFO       Lay du lieu do rung
2021-08-12 13:59:45,145 INFO       Lay du lieu tieng on
2021-08-12 13:59:45,256 INFO Chu trinh - 13 - Lay du lieu chieu nghich
2021-08-12 13:59:45,256 INFO   Lay du lieu - Backward
2021-08-12 13:59:45,256 INFO       Lay du lieu dong dien
2021-08-12 13:59:45,256 INFO       Lay du lieu nhap luc
2021-08-12 13:59:45,256 INFO       Lay du lieu do rung
2021-08-12 13:59:45,256 INFO       Lay du lieu tieng on
2021-08-12 13:59:45,306 INFO Chu trinh - 13 - Lay du lieu chieu nghich
2021-08-12 13:59:45,306 INFO   Lay du lieu - Backward
2021-08-12 13:59:45,306 INFO       Lay du lieu dong dien
2021-08-12 13:59:45,306 INFO       Lay du lieu nhap luc
2021-08-12 13:59:45,306 INFO       Lay du lieu do rung
2021-08-12 13:59:45,306 INFO       Lay du lieu tieng on
2021-08-12 13:59:45,466 INFO Chu trinh - 13 - Lay du lieu chieu nghich
2021-08-12 13:59:45,466 INFO   Lay du lieu - Backward
2021-08-12 13:59:45,466 INFO       Lay du lieu dong dien
2021-08-12 13:59:45,466 INFO       Lay du lieu nhap luc
2021-08-12 13:59:45,466 INFO       Lay du lieu do rung
2021-08-12 13:59:45,466 INFO       Lay du lieu tieng on
2021-08-12 13:59:45,515 INFO Chu trinh - 13 - Lay du lieu chieu nghich
2021-08-12 13:59:45,515 INFO   Lay du lieu - Backward
2021-08-12 13:59:45,515 INFO       Lay du lieu dong dien
2021-08-12 13:59:45,515 INFO       Lay du lieu nhap luc
2021-08-12 13:59:45,515 INFO       Lay du lieu do rung
2021-08-12 13:59:45,515 INFO       Lay du lieu tieng on
2021-08-12 13:59:45,656 INFO Chu trinh - 13 - Lay du lieu chieu nghich
2021-08-12 13:59:45,656 INFO   Lay du lieu - Backward
2021-08-12 13:59:45,656 INFO       Lay du lieu dong dien
2021-08-12 13:59:45,656 INFO       Lay du lieu nhap luc
2021-08-12 13:59:45,656 INFO       Lay du lieu do rung
2021-08-12 13:59:45,656 INFO       Lay du lieu tieng on
2021-08-12 13:59:45,706 INFO Chu trinh - 13 - Lay du lieu chieu nghich
2021-08-12 13:59:45,706 INFO   Lay du lieu - Backward
2021-08-12 13:59:45,706 INFO       Lay du lieu dong dien
2021-08-12 13:59:45,706 INFO       Lay du lieu nhap luc
2021-08-12 13:59:45,706 INFO       Lay du lieu do rung
2021-08-12 13:59:45,706 INFO       Lay du lieu tieng on
2021-08-12 13:59:45,856 INFO Chu trinh - 13 - Lay du lieu chieu nghich
2021-08-12 13:59:45,856 INFO   Lay du lieu - Backward
2021-08-12 13:59:45,856 INFO       Lay du lieu dong dien
2021-08-12 13:59:45,856 INFO       Lay du lieu nhap luc
2021-08-12 13:59:45,856 INFO       Lay du lieu do rung
2021-08-12 13:59:45,856 INFO       Lay du lieu tieng on
2021-08-12 13:59:45,856 INFO       Ve do thi du lieu
2021-08-12 13:59:45,906 INFO Chu trinh - 13 - Lay du lieu chieu nghich
2021-08-12 13:59:45,906 INFO   Lay du lieu - Backward
2021-08-12 13:59:45,906 INFO       Lay du lieu dong dien
2021-08-12 13:59:45,906 INFO       Lay du lieu nhap luc
2021-08-12 13:59:45,906 INFO       Lay du lieu do rung
2021-08-12 13:59:45,906 INFO       Lay du lieu tieng on
2021-08-12 13:59:46,056 INFO Chu trinh - 13 - Lay du lieu chieu nghich
2021-08-12 13:59:46,056 INFO   Lay du lieu - Backward
2021-08-12 13:59:46,056 INFO       Lay du lieu dong dien
2021-08-12 13:59:46,056 INFO       Lay du lieu nhap luc
2021-08-12 13:59:46,056 INFO       Lay du lieu do rung
2021-08-12 13:59:46,056 INFO       Lay du lieu tieng on
2021-08-12 13:59:46,725 INFO Chu trinh - 13 - Lay du lieu chieu nghich
2021-08-12 13:59:46,725 INFO   Lay du lieu - Backward
2021-08-12 13:59:46,725 INFO       Lay du lieu dong dien
2021-08-12 13:59:46,725 INFO       Lay du lieu nhap luc
2021-08-12 13:59:46,725 INFO       Lay du lieu do rung
2021-08-12 13:59:46,725 INFO       Lay du lieu tieng on
2021-08-12 13:59:46,725 ERROR Thoi gian chu trinh vuot qua 100ms
2021-08-12 13:59:46,971 INFO Chu trinh - 13 - Lay du lieu chieu nghich
2021-08-12 13:59:46,971 INFO   Lay du lieu - Backward
2021-08-12 13:59:46,971 INFO       Lay du lieu dong dien
2021-08-12 13:59:46,971 INFO       Lay du lieu nhap luc
2021-08-12 13:59:46,971 INFO       Lay du lieu do rung
2021-08-12 13:59:46,971 INFO       Lay du lieu tieng on
2021-08-12 13:59:46,971 ERROR Thoi gian chu trinh vuot qua 100ms
2021-08-12 13:59:46,981 INFO Chu trinh - 13 - Lay du lieu chieu nghich
2021-08-12 13:59:46,981 INFO   Lay du lieu - Backward
2021-08-12 13:59:46,981 INFO       Lay du lieu dong dien
2021-08-12 13:59:46,981 INFO       Lay du lieu nhap luc
2021-08-12 13:59:46,981 INFO       Lay du lieu do rung
2021-08-12 13:59:46,981 INFO       Lay du lieu tieng on
2021-08-12 13:59:47,143 INFO Chu trinh - 13 - Lay du lieu chieu nghich
2021-08-12 13:59:47,143 INFO   Lay du lieu - Backward
2021-08-12 13:59:47,143 INFO       Lay du lieu dong dien
2021-08-12 13:59:47,143 INFO       Lay du lieu nhap luc
2021-08-12 13:59:47,143 INFO       Lay du lieu do rung
2021-08-12 13:59:47,143 INFO       Lay du lieu tieng on
2021-08-12 13:59:47,195 INFO Chu trinh - 13 - Lay du lieu chieu nghich
2021-08-12 13:59:47,195 INFO   Lay du lieu - Backward
2021-08-12 13:59:47,195 INFO       Lay du lieu dong dien
2021-08-12 13:59:47,195 INFO       Lay du lieu nhap luc
2021-08-12 13:59:47,195 INFO       Lay du lieu do rung
2021-08-12 13:59:47,195 INFO       Lay du lieu tieng on
2021-08-12 13:59:47,355 INFO Chu trinh - 13 - Lay du lieu chieu nghich
2021-08-12 13:59:47,355 INFO   Lay du lieu - Backward
2021-08-12 13:59:47,355 INFO       Lay du lieu dong dien
2021-08-12 13:59:47,355 INFO       Lay du lieu nhap luc
2021-08-12 13:59:47,355 INFO       Lay du lieu do rung
2021-08-12 13:59:47,355 INFO       Lay du lieu tieng on
2021-08-12 13:59:47,405 INFO Chu trinh - 13 - Lay du lieu chieu nghich
2021-08-12 13:59:47,405 INFO   Lay du lieu - Backward
2021-08-12 13:59:47,405 INFO       Lay du lieu dong dien
2021-08-12 13:59:47,405 INFO       Lay du lieu nhap luc
2021-08-12 13:59:47,405 INFO       Lay du lieu do rung
2021-08-12 13:59:47,405 INFO       Lay du lieu tieng on
2021-08-12 13:59:47,535 INFO Chu trinh - 13 - Lay du lieu chieu nghich
2021-08-12 13:59:47,535 INFO   Lay du lieu - Backward
2021-08-12 13:59:47,535 INFO       Lay du lieu dong dien
2021-08-12 13:59:47,535 INFO       Lay du lieu nhap luc
2021-08-12 13:59:47,535 INFO       Lay du lieu do rung
2021-08-12 13:59:47,535 INFO       Lay du lieu tieng on
2021-08-12 13:59:47,535 INFO       Ve do thi du lieu
2021-08-12 13:59:47,645 INFO Chu trinh - 13 - Lay du lieu chieu nghich
2021-08-12 13:59:47,645 INFO   Lay du lieu - Backward
2021-08-12 13:59:47,645 INFO       Lay du lieu dong dien
2021-08-12 13:59:47,645 INFO       Lay du lieu nhap luc
2021-08-12 13:59:47,645 INFO       Lay du lieu do rung
2021-08-12 13:59:47,645 INFO       Lay du lieu tieng on
2021-08-12 13:59:47,745 INFO Chu trinh - 13 - Lay du lieu chieu nghich
2021-08-12 13:59:47,745 INFO   Lay du lieu - Backward
2021-08-12 13:59:47,745 INFO       Lay du lieu dong dien
2021-08-12 13:59:47,745 INFO       Lay du lieu nhap luc
2021-08-12 13:59:47,745 INFO       Lay du lieu do rung
2021-08-12 13:59:47,745 INFO       Lay du lieu tieng on
2021-08-12 13:59:47,845 INFO Chu trinh - 13 - Lay du lieu chieu nghich
2021-08-12 13:59:47,845 INFO   Lay du lieu - Backward
2021-08-12 13:59:47,845 INFO       Lay du lieu dong dien
2021-08-12 13:59:47,845 INFO       Lay du lieu nhap luc
2021-08-12 13:59:47,845 INFO       Lay du lieu do rung
2021-08-12 13:59:47,845 INFO       Lay du lieu tieng on
2021-08-12 13:59:47,896 INFO Chu trinh - 13 - Lay du lieu chieu nghich
2021-08-12 13:59:47,896 INFO   Lay du lieu - Backward
2021-08-12 13:59:47,896 INFO       Lay du lieu dong dien
2021-08-12 13:59:47,896 INFO       Lay du lieu nhap luc
2021-08-12 13:59:47,896 INFO       Lay du lieu do rung
2021-08-12 13:59:47,896 INFO       Lay du lieu tieng on
2021-08-12 13:59:48,046 INFO Chu trinh - 13 - Lay du lieu chieu nghich
2021-08-12 13:59:48,046 INFO   Lay du lieu - Backward
2021-08-12 13:59:48,046 INFO       Lay du lieu dong dien
2021-08-12 13:59:48,046 INFO       Lay du lieu nhap luc
2021-08-12 13:59:48,046 INFO       Lay du lieu do rung
2021-08-12 13:59:48,046 INFO       Lay du lieu tieng on
2021-08-12 13:59:48,095 INFO Chu trinh - 13 - Lay du lieu chieu nghich
2021-08-12 13:59:48,095 INFO   Lay du lieu - Backward
2021-08-12 13:59:48,095 INFO       Lay du lieu dong dien
2021-08-12 13:59:48,095 INFO       Lay du lieu nhap luc
2021-08-12 13:59:48,095 INFO       Lay du lieu do rung
2021-08-12 13:59:48,095 INFO       Lay du lieu tieng on
2021-08-12 13:59:48,256 INFO Chu trinh - 13 - Lay du lieu chieu nghich
2021-08-12 13:59:48,256 INFO   Lay du lieu - Backward
2021-08-12 13:59:48,256 INFO       Lay du lieu dong dien
2021-08-12 13:59:48,256 INFO       Lay du lieu nhap luc
2021-08-12 13:59:48,256 INFO       Lay du lieu do rung
2021-08-12 13:59:48,256 INFO       Lay du lieu tieng on
2021-08-12 13:59:48,295 INFO Chu trinh - 13 - Lay du lieu chieu nghich
2021-08-12 13:59:48,295 INFO   Lay du lieu - Backward
2021-08-12 13:59:48,295 INFO       Lay du lieu dong dien
2021-08-12 13:59:48,295 INFO       Lay du lieu nhap luc
2021-08-12 13:59:48,295 INFO       Lay du lieu do rung
2021-08-12 13:59:48,295 INFO       Lay du lieu tieng on
2021-08-12 13:59:48,445 INFO Chu trinh - 13 - Lay du lieu chieu nghich
2021-08-12 13:59:48,445 INFO   Lay du lieu - Backward
2021-08-12 13:59:48,445 INFO       Lay du lieu dong dien
2021-08-12 13:59:48,445 INFO       Lay du lieu nhap luc
2021-08-12 13:59:48,445 INFO       Lay du lieu do rung
2021-08-12 13:59:48,445 INFO       Lay du lieu tieng on
2021-08-12 13:59:48,496 INFO Chu trinh - 13 - Lay du lieu chieu nghich
2021-08-12 13:59:48,496 INFO   Lay du lieu - Backward
2021-08-12 13:59:48,496 INFO       Lay du lieu dong dien
2021-08-12 13:59:48,496 INFO       Lay du lieu nhap luc
2021-08-12 13:59:48,496 INFO       Lay du lieu do rung
2021-08-12 13:59:48,496 INFO       Lay du lieu tieng on
2021-08-12 13:59:48,496 INFO       Ve do thi du lieu
2021-08-12 13:59:48,761 INFO Chu trinh - 13 - Lay du lieu chieu nghich
2021-08-12 13:59:48,761 INFO   Lay du lieu - Backward
2021-08-12 13:59:48,761 INFO       Lay du lieu dong dien
2021-08-12 13:59:48,761 INFO       Lay du lieu nhap luc
2021-08-12 13:59:48,761 INFO       Lay du lieu do rung
2021-08-12 13:59:48,761 INFO       Lay du lieu tieng on
2021-08-12 13:59:48,761 ERROR Thoi gian chu trinh vuot qua 100ms
2021-08-12 13:59:48,773 INFO Chu trinh - 13 - Lay du lieu chieu nghich
2021-08-12 13:59:48,773 INFO   Lay du lieu - Backward
2021-08-12 13:59:48,774 INFO       Lay du lieu dong dien
2021-08-12 13:59:48,774 INFO       Lay du lieu nhap luc
2021-08-12 13:59:48,774 INFO       Lay du lieu do rung
2021-08-12 13:59:48,774 INFO       Lay du lieu tieng on
2021-08-12 13:59:48,926 INFO Chu trinh - 13 - Lay du lieu chieu nghich
2021-08-12 13:59:48,926 INFO   Lay du lieu - Backward
2021-08-12 13:59:48,926 INFO       Lay du lieu dong dien
2021-08-12 13:59:48,926 INFO       Lay du lieu nhap luc
2021-08-12 13:59:48,926 INFO       Lay du lieu do rung
2021-08-12 13:59:48,926 INFO       Lay du lieu tieng on
2021-08-12 13:59:48,976 INFO Chu trinh - 13 - Lay du lieu chieu nghich
2021-08-12 13:59:48,976 INFO   Lay du lieu - Backward
2021-08-12 13:59:48,976 INFO       Lay du lieu dong dien
2021-08-12 13:59:48,976 INFO       Lay du lieu nhap luc
2021-08-12 13:59:48,976 INFO       Lay du lieu do rung
2021-08-12 13:59:48,976 INFO       Lay du lieu tieng on
2021-08-12 13:59:49,136 INFO Chu trinh - 13 - Lay du lieu chieu nghich
2021-08-12 13:59:49,136 INFO   Lay du lieu - Backward
2021-08-12 13:59:49,136 INFO       Lay du lieu dong dien
2021-08-12 13:59:49,136 INFO       Lay du lieu nhap luc
2021-08-12 13:59:49,136 INFO       Lay du lieu do rung
2021-08-12 13:59:49,136 INFO       Lay du lieu tieng on
2021-08-12 13:59:49,196 INFO Chu trinh - 13 - Lay du lieu chieu nghich
2021-08-12 13:59:49,196 INFO   Lay du lieu - Backward
2021-08-12 13:59:49,196 INFO       Lay du lieu dong dien
2021-08-12 13:59:49,196 INFO       Lay du lieu nhap luc
2021-08-12 13:59:49,196 INFO       Lay du lieu do rung
2021-08-12 13:59:49,196 INFO       Lay du lieu tieng on
2021-08-12 13:59:49,316 INFO Chu trinh - 13 - Lay du lieu chieu nghich
2021-08-12 13:59:49,316 INFO   Lay du lieu - Backward
2021-08-12 13:59:49,316 INFO       Lay du lieu dong dien
2021-08-12 13:59:49,316 INFO       Lay du lieu nhap luc
2021-08-12 13:59:49,316 INFO       Lay du lieu do rung
2021-08-12 13:59:49,316 INFO       Lay du lieu tieng on
2021-08-12 13:59:49,416 INFO Chu trinh - 13 - Lay du lieu chieu nghich
2021-08-12 13:59:49,416 INFO   Lay du lieu - Backward
2021-08-12 13:59:49,416 INFO       Lay du lieu dong dien
2021-08-12 13:59:49,416 INFO       Lay du lieu nhap luc
2021-08-12 13:59:49,416 INFO       Lay du lieu do rung
2021-08-12 13:59:49,416 INFO       Lay du lieu tieng on
2021-08-12 13:59:49,475 INFO Chu trinh - 13 - Lay du lieu chieu nghich
2021-08-12 13:59:49,475 INFO   Lay du lieu - Backward
2021-08-12 13:59:49,475 INFO       Lay du lieu dong dien
2021-08-12 13:59:49,475 INFO       Lay du lieu nhap luc
2021-08-12 13:59:49,475 INFO       Lay du lieu do rung
2021-08-12 13:59:49,475 INFO       Lay du lieu tieng on
2021-08-12 13:59:49,625 INFO Chu trinh - 13 - Lay du lieu chieu nghich
2021-08-12 13:59:49,625 INFO   Lay du lieu - Backward
2021-08-12 13:59:49,625 INFO       Lay du lieu dong dien
2021-08-12 13:59:49,625 INFO       Lay du lieu nhap luc
2021-08-12 13:59:49,625 INFO       Lay du lieu do rung
2021-08-12 13:59:49,625 INFO       Lay du lieu tieng on
2021-08-12 13:59:49,625 INFO       Ve do thi du lieu
2021-08-12 13:59:49,680 INFO Chu trinh - 13 - Lay du lieu chieu nghich
2021-08-12 13:59:49,680 INFO   Lay du lieu - Backward
2021-08-12 13:59:49,680 INFO       Lay du lieu dong dien
2021-08-12 13:59:49,680 INFO       Lay du lieu nhap luc
2021-08-12 13:59:49,680 INFO       Lay du lieu do rung
2021-08-12 13:59:49,680 INFO       Lay du lieu tieng on
2021-08-12 13:59:49,795 INFO Chu trinh - 15 - Ghi du lieu am thanh chieu nghich
