2021-01-04 15:00:55,176 INFO Mo file excel
2021-01-04 15:00:55,182 INFO Dong tat ca file excel dang mo
2021-01-04 15:01:02,358 INFO Khoi tao du lieu
2021-01-04 15:01:02,359 INFO Khoi tao tat ca bien trang thai
2021-01-04 15:01:02,360 INFO Khoi tao ket noi chuong trinh
2021-01-04 15:01:02,361 INFO Khoi tao thread lay du lieu lien tuc
2021-01-04 15:01:02,361 INFO Khoi tao thread lay du lieu lien tuc --Chutrinh_LayDuLieu--
2021-01-04 15:01:02,459 INFO Chu trinh - 0 - Khoi tao + Doi tin hieu bat dau chay
2021-01-04 15:07:14,076 INFO Mo file excel
2021-01-04 15:07:14,084 INFO Dong tat ca file excel dang mo
2021-01-04 15:07:21,279 INFO Khoi tao du lieu
2021-01-04 15:07:21,280 INFO Khoi tao tat ca bien trang thai
2021-01-04 15:07:21,282 INFO Khoi tao ket noi chuong trinh
2021-01-04 15:07:21,282 INFO Khoi tao thread lay du lieu lien tuc
2021-01-04 15:07:21,282 INFO Khoi tao thread lay du lieu lien tuc --Chutrinh_LayDuLieu--
2021-01-04 15:07:21,380 INFO Chu trinh - 0 - Khoi tao + Doi tin hieu bat dau chay
2021-01-04 15:08:37,978 INFO Mo file excel
2021-01-04 15:08:37,984 INFO Dong tat ca file excel dang mo
2021-01-04 15:08:45,165 INFO Khoi tao du lieu
2021-01-04 15:08:45,167 INFO Khoi tao tat ca bien trang thai
2021-01-04 15:08:45,168 INFO Khoi tao ket noi chuong trinh
2021-01-04 15:08:45,168 INFO Khoi tao thread lay du lieu lien tuc
2021-01-04 15:08:45,168 INFO Khoi tao thread lay du lieu lien tuc --Chutrinh_LayDuLieu--
2021-01-04 15:08:45,266 INFO Chu trinh - 0 - Khoi tao + Doi tin hieu bat dau chay
