2020-12-30 08:18:47,965 INFO Mo file excel
2020-12-30 08:18:47,981 INFO Dong tat ca file excel dang mo
2020-12-30 08:19:07,536 INFO Mo file excel
2020-12-30 08:19:07,552 INFO Dong tat ca file excel dang mo
2020-12-30 08:19:15,021 INFO Khoi tao du lieu
2020-12-30 08:19:15,021 INFO Khoi tao tat ca bien trang thai
2020-12-30 08:19:15,021 INFO Khoi tao ket noi chuong trinh
2020-12-30 08:19:15,021 INFO Khoi tao thread lay du lieu lien tuc
2020-12-30 08:19:15,021 INFO Khoi tao thread lay du lieu lien tuc --Chutrinh_LayDuLieu--
2020-12-30 08:19:15,130 INFO Chu trinh - 0 - Khoi tao + Doi tin hieu bat dau chay
2020-12-30 08:23:05,385 INFO Mo file excel
2020-12-30 08:23:05,394 INFO Dong tat ca file excel dang mo
2020-12-30 08:54:13,264 INFO Mo file excel
2020-12-30 08:54:13,275 INFO Dong tat ca file excel dang mo
2020-12-30 08:54:20,719 INFO Khoi tao du lieu
2020-12-30 08:54:20,721 INFO Khoi tao tat ca bien trang thai
2020-12-30 08:54:20,724 INFO Khoi tao ket noi chuong trinh
2020-12-30 08:54:20,724 INFO Khoi tao thread lay du lieu lien tuc
2020-12-30 08:54:20,724 INFO Khoi tao thread lay du lieu lien tuc --Chutrinh_LayDuLieu--
2020-12-30 08:54:20,830 INFO Chu trinh - 0 - Khoi tao + Doi tin hieu bat dau chay
