2021-02-05 21:31:13,536 ERROR Thoi gian chu trinh vuot qua 100ms
2021-02-05 21:31:13,551 INFO Chu trinh - 0 - Khoi tao + Doi tin hieu bat dau chay
2021-02-05 21:31:18,196 INFO Chu trinh - 0 - Khoi tao + Doi tin hieu bat dau chay
2021-02-05 21:32:12,903 ERROR Thoi gian chu trinh vuot qua 100ms
2021-02-05 21:32:12,950 INFO Chu trinh - 3 - Lay du lieu chieu thuan
2021-02-05 21:32:13,606 INFO   Lay du lieu - Forward
2021-02-05 21:32:13,606 INFO       Lay du lieu dong dien
2021-02-05 21:32:13,606 INFO       Lay du lieu nhap luc
2021-02-05 21:32:13,606 INFO       Lay du lieu do rung
2021-02-05 21:32:13,606 INFO       Lay du lieu tieng on
2021-02-05 21:32:13,606 INFO       Ve do thi du lieu
2021-02-05 21:32:13,668 ERROR Thoi gian chu trinh vuot qua 100ms
2021-02-05 21:32:13,733 INFO Chu trinh - 3 - Lay du lieu chieu thuan
2021-02-05 21:32:13,786 INFO   Lay du lieu - Forward
2021-02-05 21:32:13,786 INFO       Lay du lieu dong dien
2021-02-05 21:32:13,786 INFO       Lay du lieu nhap luc
2021-02-05 21:32:13,786 INFO       Lay du lieu do rung
2021-02-05 21:32:13,786 INFO       Lay du lieu tieng on
2021-02-05 21:32:13,786 ERROR Thoi gian chu trinh vuot qua 100ms
2021-02-05 21:32:13,788 INFO Chu trinh - 3 - Lay du lieu chieu thuan
2021-02-05 21:32:13,802 INFO   Lay du lieu - Forward
2021-02-05 21:32:13,802 INFO       Lay du lieu dong dien
2021-02-05 21:32:13,802 INFO       Lay du lieu nhap luc
2021-02-05 21:32:13,802 INFO       Lay du lieu do rung
2021-02-05 21:32:13,802 INFO       Lay du lieu tieng on
2021-02-05 21:32:13,902 INFO Chu trinh - 3 - Lay du lieu chieu thuan
2021-02-05 21:32:13,950 INFO   Lay du lieu - Forward
2021-02-05 21:32:13,950 INFO       Lay du lieu dong dien
2021-02-05 21:32:13,950 INFO       Lay du lieu nhap luc
2021-02-05 21:32:13,950 INFO       Lay du lieu do rung
2021-02-05 21:32:13,950 INFO       Lay du lieu tieng on
2021-02-05 21:32:14,003 INFO Chu trinh - 3 - Lay du lieu chieu thuan
2021-02-05 21:32:14,003 INFO   Lay du lieu - Forward
2021-02-05 21:32:14,003 INFO       Lay du lieu dong dien
2021-02-05 21:32:14,003 INFO       Lay du lieu nhap luc
2021-02-05 21:32:14,003 INFO       Lay du lieu do rung
2021-02-05 21:32:14,003 INFO       Lay du lieu tieng on
2021-02-05 21:32:14,103 INFO Chu trinh - 3 - Lay du lieu chieu thuan
2021-02-05 21:32:14,150 INFO   Lay du lieu - Forward
2021-02-05 21:32:14,150 INFO       Lay du lieu dong dien
2021-02-05 21:32:14,150 INFO       Lay du lieu nhap luc
2021-02-05 21:32:14,150 INFO       Lay du lieu do rung
2021-02-05 21:32:14,150 INFO       Lay du lieu tieng on
2021-02-05 21:32:14,197 INFO Chu trinh - 3 - Lay du lieu chieu thuan
2021-02-05 21:32:14,203 INFO   Lay du lieu - Forward
2021-02-05 21:32:14,203 INFO       Lay du lieu dong dien
2021-02-05 21:32:14,203 INFO       Lay du lieu nhap luc
2021-02-05 21:32:14,203 INFO       Lay du lieu do rung
2021-02-05 21:32:14,203 INFO       Lay du lieu tieng on
2021-02-05 21:32:14,303 INFO Chu trinh - 3 - Lay du lieu chieu thuan
2021-02-05 21:32:14,350 INFO   Lay du lieu - Forward
2021-02-05 21:32:14,350 INFO       Lay du lieu dong dien
2021-02-05 21:32:14,350 INFO       Lay du lieu nhap luc
2021-02-05 21:32:14,350 INFO       Lay du lieu do rung
2021-02-05 21:32:14,350 INFO       Lay du lieu tieng on
2021-02-05 21:32:14,404 INFO Chu trinh - 3 - Lay du lieu chieu thuan
2021-02-05 21:32:14,404 INFO   Lay du lieu - Forward
2021-02-05 21:32:14,404 INFO       Lay du lieu dong dien
2021-02-05 21:32:14,404 INFO       Lay du lieu nhap luc
2021-02-05 21:32:14,404 INFO       Lay du lieu do rung
2021-02-05 21:32:14,404 INFO       Lay du lieu tieng on
2021-02-05 21:32:14,404 INFO       Ve do thi du lieu
2021-02-05 21:32:14,504 INFO Chu trinh - 3 - Lay du lieu chieu thuan
2021-02-05 21:32:14,556 INFO   Lay du lieu - Forward
2021-02-05 21:32:14,556 INFO       Lay du lieu dong dien
2021-02-05 21:32:14,556 INFO       Lay du lieu nhap luc
2021-02-05 21:32:14,556 INFO       Lay du lieu do rung
2021-02-05 21:32:14,556 INFO       Lay du lieu tieng on
2021-02-05 21:32:14,604 INFO Chu trinh - 3 - Lay du lieu chieu thuan
2021-02-05 21:32:14,651 INFO   Lay du lieu - Forward
2021-02-05 21:32:14,651 INFO       Lay du lieu dong dien
2021-02-05 21:32:14,651 INFO       Lay du lieu nhap luc
2021-02-05 21:32:14,651 INFO       Lay du lieu do rung
2021-02-05 21:32:14,651 INFO       Lay du lieu tieng on
2021-02-05 21:32:14,705 INFO Chu trinh - 3 - Lay du lieu chieu thuan
2021-02-05 21:32:14,809 INFO   Lay du lieu - Forward
2021-02-05 21:32:14,809 INFO       Lay du lieu dong dien
2021-02-05 21:32:14,809 INFO       Lay du lieu nhap luc
2021-02-05 21:32:14,809 INFO       Lay du lieu do rung
2021-02-05 21:32:14,809 INFO       Lay du lieu tieng on
2021-02-05 21:32:14,809 ERROR Thoi gian chu trinh vuot qua 100ms
2021-02-05 21:32:14,809 INFO Chu trinh - 3 - Lay du lieu chieu thuan
2021-02-05 21:32:14,909 INFO   Lay du lieu - Forward
2021-02-05 21:32:14,909 INFO       Lay du lieu dong dien
2021-02-05 21:32:14,909 INFO       Lay du lieu nhap luc
2021-02-05 21:32:14,909 INFO       Lay du lieu do rung
2021-02-05 21:32:14,909 INFO       Lay du lieu tieng on
2021-02-05 21:32:14,909 ERROR Thoi gian chu trinh vuot qua 100ms
2021-02-05 21:32:14,909 INFO Chu trinh - 3 - Lay du lieu chieu thuan
2021-02-05 21:32:14,925 INFO   Lay du lieu - Forward
2021-02-05 21:32:14,925 INFO       Lay du lieu dong dien
2021-02-05 21:32:14,925 INFO       Lay du lieu nhap luc
2021-02-05 21:32:14,925 INFO       Lay du lieu do rung
2021-02-05 21:32:14,925 INFO       Lay du lieu tieng on
2021-02-05 21:32:15,026 INFO Chu trinh - 3 - Lay du lieu chieu thuan
2021-02-05 21:32:15,072 INFO   Lay du lieu - Forward
2021-02-05 21:32:15,072 INFO       Lay du lieu dong dien
2021-02-05 21:32:15,072 INFO       Lay du lieu nhap luc
2021-02-05 21:32:15,072 INFO       Lay du lieu do rung
2021-02-05 21:32:15,072 INFO       Lay du lieu tieng on
2021-02-05 21:32:15,126 INFO Chu trinh - 3 - Lay du lieu chieu thuan
2021-02-05 21:32:15,126 INFO   Lay du lieu - Forward
2021-02-05 21:32:15,126 INFO       Lay du lieu dong dien
2021-02-05 21:32:15,126 INFO       Lay du lieu nhap luc
2021-02-05 21:32:15,126 INFO       Lay du lieu do rung
2021-02-05 21:32:15,126 INFO       Lay du lieu tieng on
2021-02-05 21:32:15,253 INFO Chu trinh - 3 - Lay du lieu chieu thuan
2021-02-05 21:32:15,302 INFO   Lay du lieu - Forward
2021-02-05 21:32:15,302 INFO       Lay du lieu dong dien
2021-02-05 21:32:15,302 INFO       Lay du lieu nhap luc
2021-02-05 21:32:15,302 INFO       Lay du lieu do rung
2021-02-05 21:32:15,302 INFO       Lay du lieu tieng on
2021-02-05 21:32:15,339 INFO Chu trinh - 3 - Lay du lieu chieu thuan
2021-02-05 21:32:15,339 INFO   Lay du lieu - Forward
2021-02-05 21:32:15,339 INFO       Lay du lieu dong dien
2021-02-05 21:32:15,339 INFO       Lay du lieu nhap luc
2021-02-05 21:32:15,339 INFO       Lay du lieu do rung
2021-02-05 21:32:15,339 INFO       Lay du lieu tieng on
2021-02-05 21:32:15,455 INFO Chu trinh - 3 - Lay du lieu chieu thuan
2021-02-05 21:32:15,501 INFO   Lay du lieu - Forward
2021-02-05 21:32:15,501 INFO       Lay du lieu dong dien
2021-02-05 21:32:15,501 INFO       Lay du lieu nhap luc
2021-02-05 21:32:15,501 INFO       Lay du lieu do rung
2021-02-05 21:32:15,501 INFO       Lay du lieu tieng on
2021-02-05 21:32:15,501 INFO       Ve do thi du lieu
2021-02-05 21:32:15,601 ERROR Thoi gian chu trinh vuot qua 100ms
2021-02-05 21:32:15,601 INFO Chu trinh - 3 - Lay du lieu chieu thuan
2021-02-05 21:32:15,686 INFO   Lay du lieu - Forward
2021-02-05 21:32:15,686 INFO       Lay du lieu dong dien
2021-02-05 21:32:15,686 INFO       Lay du lieu nhap luc
2021-02-05 21:32:15,686 INFO       Lay du lieu do rung
2021-02-05 21:32:15,686 INFO       Lay du lieu tieng on
2021-02-05 21:32:15,709 INFO Chu trinh - 3 - Lay du lieu chieu thuan
2021-02-05 21:32:15,712 INFO   Lay du lieu - Forward
2021-02-05 21:32:15,712 INFO       Lay du lieu dong dien
2021-02-05 21:32:15,712 INFO       Lay du lieu nhap luc
2021-02-05 21:32:15,712 INFO       Lay du lieu do rung
2021-02-05 21:32:15,712 INFO       Lay du lieu tieng on
2021-02-05 21:32:15,840 INFO Chu trinh - 3 - Lay du lieu chieu thuan
2021-02-05 21:32:15,886 INFO   Lay du lieu - Forward
2021-02-05 21:32:15,886 INFO       Lay du lieu dong dien
2021-02-05 21:32:15,886 INFO       Lay du lieu nhap luc
2021-02-05 21:32:15,886 INFO       Lay du lieu do rung
2021-02-05 21:32:15,886 INFO       Lay du lieu tieng on
2021-02-05 21:32:15,918 INFO Chu trinh - 3 - Lay du lieu chieu thuan
2021-02-05 21:32:15,918 INFO   Lay du lieu - Forward
2021-02-05 21:32:15,918 INFO       Lay du lieu dong dien
2021-02-05 21:32:15,918 INFO       Lay du lieu nhap luc
2021-02-05 21:32:15,918 INFO       Lay du lieu do rung
2021-02-05 21:32:15,918 INFO       Lay du lieu tieng on
2021-02-05 21:32:16,044 INFO Chu trinh - 3 - Lay du lieu chieu thuan
2021-02-05 21:32:16,090 INFO   Lay du lieu - Forward
2021-02-05 21:32:16,090 INFO       Lay du lieu dong dien
2021-02-05 21:32:16,090 INFO       Lay du lieu nhap luc
2021-02-05 21:32:16,090 INFO       Lay du lieu do rung
2021-02-05 21:32:16,090 INFO       Lay du lieu tieng on
2021-02-05 21:32:16,122 INFO Chu trinh - 3 - Lay du lieu chieu thuan
2021-02-05 21:32:16,122 INFO   Lay du lieu - Forward
2021-02-05 21:32:16,122 INFO       Lay du lieu dong dien
2021-02-05 21:32:16,122 INFO       Lay du lieu nhap luc
2021-02-05 21:32:16,122 INFO       Lay du lieu do rung
2021-02-05 21:32:16,122 INFO       Lay du lieu tieng on
2021-02-05 21:32:16,244 INFO Chu trinh - 3 - Lay du lieu chieu thuan
2021-02-05 21:32:16,291 INFO   Lay du lieu - Forward
2021-02-05 21:32:16,291 INFO       Lay du lieu dong dien
2021-02-05 21:32:16,291 INFO       Lay du lieu nhap luc
2021-02-05 21:32:16,291 INFO       Lay du lieu do rung
2021-02-05 21:32:16,291 INFO       Lay du lieu tieng on
2021-02-05 21:32:16,322 INFO Chu trinh - 3 - Lay du lieu chieu thuan
2021-02-05 21:32:16,328 INFO   Lay du lieu - Forward
2021-02-05 21:32:16,328 INFO       Lay du lieu dong dien
2021-02-05 21:32:16,328 INFO       Lay du lieu nhap luc
2021-02-05 21:32:16,328 INFO       Lay du lieu do rung
2021-02-05 21:32:16,328 INFO       Lay du lieu tieng on
2021-02-05 21:32:16,444 INFO Chu trinh - 3 - Lay du lieu chieu thuan
2021-02-05 21:32:16,491 INFO   Lay du lieu - Forward
2021-02-05 21:32:16,491 INFO       Lay du lieu dong dien
2021-02-05 21:32:16,491 INFO       Lay du lieu nhap luc
2021-02-05 21:32:16,491 INFO       Lay du lieu do rung
2021-02-05 21:32:16,491 INFO       Lay du lieu tieng on
2021-02-05 21:32:16,522 INFO Chu trinh - 3 - Lay du lieu chieu thuan
2021-02-05 21:32:16,528 INFO   Lay du lieu - Forward
2021-02-05 21:32:16,528 INFO       Lay du lieu dong dien
2021-02-05 21:32:16,528 INFO       Lay du lieu nhap luc
2021-02-05 21:32:16,528 INFO       Lay du lieu do rung
2021-02-05 21:32:16,528 INFO       Lay du lieu tieng on
2021-02-05 21:32:16,528 INFO       Ve do thi du lieu
2021-02-05 21:32:16,622 INFO Chu trinh - 3 - Lay du lieu chieu thuan
2021-02-05 21:32:16,814 INFO   Lay du lieu - Forward
2021-02-05 21:32:16,814 INFO       Lay du lieu dong dien
2021-02-05 21:32:16,814 INFO       Lay du lieu nhap luc
2021-02-05 21:32:16,814 INFO       Lay du lieu do rung
2021-02-05 21:32:16,814 INFO       Lay du lieu tieng on
2021-02-05 21:32:16,814 ERROR Thoi gian chu trinh vuot qua 100ms
2021-02-05 21:32:16,859 INFO Chu trinh - 3 - Lay du lieu chieu thuan
2021-02-05 21:32:16,869 INFO   Lay du lieu - Forward
2021-02-05 21:32:16,869 INFO       Lay du lieu dong dien
2021-02-05 21:32:16,869 INFO       Lay du lieu nhap luc
2021-02-05 21:32:16,869 INFO       Lay du lieu do rung
2021-02-05 21:32:16,869 INFO       Lay du lieu tieng on
2021-02-05 21:32:16,944 INFO Chu trinh - 3 - Lay du lieu chieu thuan
2021-02-05 21:32:16,991 INFO   Lay du lieu - Forward
2021-02-05 21:32:16,991 INFO       Lay du lieu dong dien
2021-02-05 21:32:16,991 INFO       Lay du lieu nhap luc
2021-02-05 21:32:16,991 INFO       Lay du lieu do rung
2021-02-05 21:32:16,991 INFO       Lay du lieu tieng on
2021-02-05 21:32:17,028 INFO Chu trinh - 3 - Lay du lieu chieu thuan
2021-02-05 21:32:17,091 INFO   Lay du lieu - Forward
2021-02-05 21:32:17,091 INFO       Lay du lieu dong dien
2021-02-05 21:32:17,091 INFO       Lay du lieu nhap luc
2021-02-05 21:32:17,091 INFO       Lay du lieu do rung
2021-02-05 21:32:17,091 INFO       Lay du lieu tieng on
2021-02-05 21:32:17,122 INFO Chu trinh - 3 - Lay du lieu chieu thuan
2021-02-05 21:32:17,128 INFO   Lay du lieu - Forward
2021-02-05 21:32:17,128 INFO       Lay du lieu dong dien
2021-02-05 21:32:17,128 INFO       Lay du lieu nhap luc
2021-02-05 21:32:17,128 INFO       Lay du lieu do rung
2021-02-05 21:32:17,128 INFO       Lay du lieu tieng on
2021-02-05 21:32:17,244 INFO Chu trinh - 3 - Lay du lieu chieu thuan
2021-02-05 21:32:17,291 INFO   Lay du lieu - Forward
2021-02-05 21:32:17,291 INFO       Lay du lieu dong dien
2021-02-05 21:32:17,291 INFO       Lay du lieu nhap luc
2021-02-05 21:32:17,291 INFO       Lay du lieu do rung
2021-02-05 21:32:17,291 INFO       Lay du lieu tieng on
2021-02-05 21:32:17,322 INFO Chu trinh - 3 - Lay du lieu chieu thuan
2021-02-05 21:32:17,328 INFO   Lay du lieu - Forward
2021-02-05 21:32:17,328 INFO       Lay du lieu dong dien
2021-02-05 21:32:17,328 INFO       Lay du lieu nhap luc
2021-02-05 21:32:17,328 INFO       Lay du lieu do rung
2021-02-05 21:32:17,328 INFO       Lay du lieu tieng on
2021-02-05 21:32:17,444 INFO Chu trinh - 3 - Lay du lieu chieu thuan
2021-02-05 21:32:17,491 INFO   Lay du lieu - Forward
2021-02-05 21:32:17,506 INFO       Lay du lieu dong dien
2021-02-05 21:32:17,506 INFO       Lay du lieu nhap luc
2021-02-05 21:32:17,506 INFO       Lay du lieu do rung
2021-02-05 21:32:17,506 INFO       Lay du lieu tieng on
2021-02-05 21:32:17,522 INFO Chu trinh - 3 - Lay du lieu chieu thuan
2021-02-05 21:32:17,528 INFO   Lay du lieu - Forward
2021-02-05 21:32:17,528 INFO       Lay du lieu dong dien
2021-02-05 21:32:17,528 INFO       Lay du lieu nhap luc
2021-02-05 21:32:17,528 INFO       Lay du lieu do rung
2021-02-05 21:32:17,528 INFO       Lay du lieu tieng on
2021-02-05 21:32:17,660 INFO Chu trinh - 3 - Lay du lieu chieu thuan
2021-02-05 21:32:17,707 INFO   Lay du lieu - Forward
2021-02-05 21:32:17,707 INFO       Lay du lieu dong dien
2021-02-05 21:32:17,707 INFO       Lay du lieu nhap luc
2021-02-05 21:32:17,707 INFO       Lay du lieu do rung
2021-02-05 21:32:17,707 INFO       Lay du lieu tieng on
2021-02-05 21:32:17,707 INFO       Ve do thi du lieu
2021-02-05 21:32:17,745 ERROR Thoi gian chu trinh vuot qua 100ms
2021-02-05 21:32:17,807 INFO Chu trinh - 3 - Lay du lieu chieu thuan
2021-02-05 21:32:17,819 INFO   Lay du lieu - Forward
2021-02-05 21:32:17,819 INFO       Lay du lieu dong dien
2021-02-05 21:32:17,819 INFO       Lay du lieu nhap luc
2021-02-05 21:32:17,819 INFO       Lay du lieu do rung
2021-02-05 21:32:17,819 INFO       Lay du lieu tieng on
2021-02-05 21:32:17,851 INFO Chu trinh - 3 - Lay du lieu chieu thuan
2021-02-05 21:32:17,851 INFO   Lay du lieu - Forward
2021-02-05 21:32:17,851 INFO       Lay du lieu dong dien
2021-02-05 21:32:17,851 INFO       Lay du lieu nhap luc
2021-02-05 21:32:17,851 INFO       Lay du lieu do rung
2021-02-05 21:32:17,851 INFO       Lay du lieu tieng on
2021-02-05 21:32:17,992 INFO Chu trinh - 3 - Lay du lieu chieu thuan
2021-02-05 21:32:18,662 INFO   Lay du lieu - Forward
2021-02-05 21:32:18,662 INFO       Lay du lieu dong dien
2021-02-05 21:32:18,662 INFO       Lay du lieu nhap luc
2021-02-05 21:32:18,662 INFO       Lay du lieu do rung
2021-02-05 21:32:18,662 INFO       Lay du lieu tieng on
2021-02-05 21:32:18,662 ERROR Thoi gian chu trinh vuot qua 100ms
2021-02-05 21:32:18,709 INFO Chu trinh - 3 - Lay du lieu chieu thuan
2021-02-05 21:32:18,762 INFO   Lay du lieu - Forward
2021-02-05 21:32:18,762 INFO       Lay du lieu dong dien
2021-02-05 21:32:18,762 INFO       Lay du lieu nhap luc
2021-02-05 21:32:18,762 INFO       Lay du lieu do rung
2021-02-05 21:32:18,762 INFO       Lay du lieu tieng on
2021-02-05 21:32:18,762 ERROR Thoi gian chu trinh vuot qua 100ms
2021-02-05 21:32:18,778 INFO Chu trinh - 3 - Lay du lieu chieu thuan
2021-02-05 21:32:18,778 INFO   Lay du lieu - Forward
2021-02-05 21:32:18,778 INFO       Lay du lieu dong dien
2021-02-05 21:32:18,778 INFO       Lay du lieu nhap luc
2021-02-05 21:32:18,778 INFO       Lay du lieu do rung
2021-02-05 21:32:18,778 INFO       Lay du lieu tieng on
2021-02-05 21:32:18,910 INFO Chu trinh - 3 - Lay du lieu chieu thuan
2021-02-05 21:32:18,963 INFO   Lay du lieu - Forward
2021-02-05 21:32:18,963 INFO       Lay du lieu dong dien
2021-02-05 21:32:18,963 INFO       Lay du lieu nhap luc
2021-02-05 21:32:18,963 INFO       Lay du lieu do rung
2021-02-05 21:32:18,963 INFO       Lay du lieu tieng on
2021-02-05 21:32:18,978 INFO Chu trinh - 3 - Lay du lieu chieu thuan
2021-02-05 21:32:18,978 INFO   Lay du lieu - Forward
2021-02-05 21:32:18,978 INFO       Lay du lieu dong dien
2021-02-05 21:32:18,978 INFO       Lay du lieu nhap luc
2021-02-05 21:32:18,978 INFO       Lay du lieu do rung
2021-02-05 21:32:18,978 INFO       Lay du lieu tieng on
2021-02-05 21:32:19,094 INFO Chu trinh - 3 - Lay du lieu chieu thuan
2021-02-05 21:32:19,149 INFO   Lay du lieu - Forward
2021-02-05 21:32:19,149 INFO       Lay du lieu dong dien
2021-02-05 21:32:19,149 INFO       Lay du lieu nhap luc
2021-02-05 21:32:19,149 INFO       Lay du lieu do rung
2021-02-05 21:32:19,149 INFO       Lay du lieu tieng on
2021-02-05 21:32:19,196 INFO Chu trinh - 3 - Lay du lieu chieu thuan
2021-02-05 21:32:19,196 INFO   Lay du lieu - Forward
2021-02-05 21:32:19,196 INFO       Lay du lieu dong dien
2021-02-05 21:32:19,196 INFO       Lay du lieu nhap luc
2021-02-05 21:32:19,196 INFO       Lay du lieu do rung
2021-02-05 21:32:19,196 INFO       Lay du lieu tieng on
2021-02-05 21:32:19,312 INFO Chu trinh - 3 - Lay du lieu chieu thuan
2021-02-05 21:32:19,365 INFO   Lay du lieu - Forward
2021-02-05 21:32:19,365 INFO       Lay du lieu dong dien
2021-02-05 21:32:19,365 INFO       Lay du lieu nhap luc
2021-02-05 21:32:19,365 INFO       Lay du lieu do rung
2021-02-05 21:32:19,365 INFO       Lay du lieu tieng on
2021-02-05 21:32:19,365 INFO       Ve do thi du lieu
2021-02-05 21:32:19,465 ERROR Thoi gian chu trinh vuot qua 100ms
2021-02-05 21:32:19,536 INFO Chu trinh - 3 - Lay du lieu chieu thuan
2021-02-05 21:32:19,545 INFO   Lay du lieu - Forward
2021-02-05 21:32:19,545 INFO       Lay du lieu dong dien
2021-02-05 21:32:19,545 INFO       Lay du lieu nhap luc
2021-02-05 21:32:19,545 INFO       Lay du lieu do rung
2021-02-05 21:32:19,545 INFO       Lay du lieu tieng on
2021-02-05 21:32:19,583 INFO Chu trinh - 3 - Lay du lieu chieu thuan
2021-02-05 21:32:19,583 INFO   Lay du lieu - Forward
2021-02-05 21:32:19,583 INFO       Lay du lieu dong dien
2021-02-05 21:32:19,583 INFO       Lay du lieu nhap luc
2021-02-05 21:32:19,583 INFO       Lay du lieu do rung
2021-02-05 21:32:19,583 INFO       Lay du lieu tieng on
2021-02-05 21:32:19,687 INFO Chu trinh - 3 - Lay du lieu chieu thuan
2021-02-05 21:32:19,734 INFO   Lay du lieu - Forward
2021-02-05 21:32:19,734 INFO       Lay du lieu dong dien
2021-02-05 21:32:19,734 INFO       Lay du lieu nhap luc
2021-02-05 21:32:19,734 INFO       Lay du lieu do rung
2021-02-05 21:32:19,734 INFO       Lay du lieu tieng on
2021-02-05 21:32:19,787 INFO Chu trinh - 3 - Lay du lieu chieu thuan
2021-02-05 21:32:19,787 INFO   Lay du lieu - Forward
2021-02-05 21:32:19,787 INFO       Lay du lieu dong dien
2021-02-05 21:32:19,787 INFO       Lay du lieu nhap luc
2021-02-05 21:32:19,787 INFO       Lay du lieu do rung
2021-02-05 21:32:19,787 INFO       Lay du lieu tieng on
2021-02-05 21:32:19,887 INFO Chu trinh - 3 - Lay du lieu chieu thuan
2021-02-05 21:32:19,934 INFO   Lay du lieu - Forward
2021-02-05 21:32:19,934 INFO       Lay du lieu dong dien
2021-02-05 21:32:19,934 INFO       Lay du lieu nhap luc
2021-02-05 21:32:19,934 INFO       Lay du lieu do rung
2021-02-05 21:32:19,934 INFO       Lay du lieu tieng on
2021-02-05 21:32:19,987 INFO Chu trinh - 3 - Lay du lieu chieu thuan
2021-02-05 21:32:19,987 INFO   Lay du lieu - Forward
2021-02-05 21:32:19,987 INFO       Lay du lieu dong dien
2021-02-05 21:32:19,987 INFO       Lay du lieu nhap luc
2021-02-05 21:32:19,987 INFO       Lay du lieu do rung
2021-02-05 21:32:19,987 INFO       Lay du lieu tieng on
2021-02-05 21:32:20,088 INFO Chu trinh - 3 - Lay du lieu chieu thuan
2021-02-05 21:32:20,134 INFO   Lay du lieu - Forward
2021-02-05 21:32:20,134 INFO       Lay du lieu dong dien
2021-02-05 21:32:20,134 INFO       Lay du lieu nhap luc
2021-02-05 21:32:20,134 INFO       Lay du lieu do rung
2021-02-05 21:32:20,134 INFO       Lay du lieu tieng on
2021-02-05 21:32:20,188 INFO Chu trinh - 3 - Lay du lieu chieu thuan
2021-02-05 21:32:20,188 INFO   Lay du lieu - Forward
2021-02-05 21:32:20,188 INFO       Lay du lieu dong dien
2021-02-05 21:32:20,188 INFO       Lay du lieu nhap luc
2021-02-05 21:32:20,188 INFO       Lay du lieu do rung
2021-02-05 21:32:20,188 INFO       Lay du lieu tieng on
2021-02-05 21:32:20,288 INFO Chu trinh - 3 - Lay du lieu chieu thuan
2021-02-05 21:32:20,335 INFO   Lay du lieu - Forward
2021-02-05 21:32:20,335 INFO       Lay du lieu dong dien
2021-02-05 21:32:20,335 INFO       Lay du lieu nhap luc
2021-02-05 21:32:20,335 INFO       Lay du lieu do rung
2021-02-05 21:32:20,335 INFO       Lay du lieu tieng on
2021-02-05 21:32:20,388 INFO Chu trinh - 3 - Lay du lieu chieu thuan
2021-02-05 21:32:20,388 INFO   Lay du lieu - Forward
2021-02-05 21:32:20,388 INFO       Lay du lieu dong dien
2021-02-05 21:32:20,388 INFO       Lay du lieu nhap luc
2021-02-05 21:32:20,388 INFO       Lay du lieu do rung
2021-02-05 21:32:20,388 INFO       Lay du lieu tieng on
2021-02-05 21:32:20,388 INFO       Ve do thi du lieu
2021-02-05 21:32:20,574 INFO Chu trinh - 3 - Lay du lieu chieu thuan
2021-02-05 21:32:20,735 INFO   Lay du lieu - Forward
2021-02-05 21:32:20,735 INFO       Lay du lieu dong dien
2021-02-05 21:32:20,735 INFO       Lay du lieu nhap luc
2021-02-05 21:32:20,735 INFO       Lay du lieu do rung
2021-02-05 21:32:20,735 INFO       Lay du lieu tieng on
2021-02-05 21:32:20,735 ERROR Thoi gian chu trinh vuot qua 100ms
2021-02-05 21:32:20,735 INFO Chu trinh - 3 - Lay du lieu chieu thuan
2021-02-05 21:32:20,735 INFO   Lay du lieu - Forward
2021-02-05 21:32:20,735 INFO       Lay du lieu dong dien
2021-02-05 21:32:20,735 INFO       Lay du lieu nhap luc
2021-02-05 21:32:20,735 INFO       Lay du lieu do rung
2021-02-05 21:32:20,735 INFO       Lay du lieu tieng on
2021-02-05 21:32:20,836 INFO Chu trinh - 3 - Lay du lieu chieu thuan
2021-02-05 21:32:20,890 INFO   Lay du lieu - Forward
2021-02-05 21:32:20,890 INFO       Lay du lieu dong dien
2021-02-05 21:32:20,890 INFO       Lay du lieu nhap luc
2021-02-05 21:32:20,890 INFO       Lay du lieu do rung
2021-02-05 21:32:20,890 INFO       Lay du lieu tieng on
2021-02-05 21:32:20,937 INFO Chu trinh - 3 - Lay du lieu chieu thuan
2021-02-05 21:32:20,952 INFO   Lay du lieu - Forward
2021-02-05 21:32:20,952 INFO       Lay du lieu dong dien
2021-02-05 21:32:20,952 INFO       Lay du lieu nhap luc
2021-02-05 21:32:20,952 INFO       Lay du lieu do rung
2021-02-05 21:32:20,952 INFO       Lay du lieu tieng on
2021-02-05 21:32:21,060 INFO Chu trinh - 3 - Lay du lieu chieu thuan
2021-02-05 21:32:21,107 INFO   Lay du lieu - Forward
2021-02-05 21:32:21,107 INFO       Lay du lieu dong dien
2021-02-05 21:32:21,107 INFO       Lay du lieu nhap luc
2021-02-05 21:32:21,107 INFO       Lay du lieu do rung
2021-02-05 21:32:21,107 INFO       Lay du lieu tieng on
2021-02-05 21:32:21,160 INFO Chu trinh - 3 - Lay du lieu chieu thuan
2021-02-05 21:32:21,160 INFO   Lay du lieu - Forward
2021-02-05 21:32:21,160 INFO       Lay du lieu dong dien
2021-02-05 21:32:21,160 INFO       Lay du lieu nhap luc
2021-02-05 21:32:21,160 INFO       Lay du lieu do rung
2021-02-05 21:32:21,160 INFO       Lay du lieu tieng on
2021-02-05 21:32:21,260 INFO Chu trinh - 3 - Lay du lieu chieu thuan
2021-02-05 21:32:21,323 INFO   Lay du lieu - Forward
2021-02-05 21:32:21,323 INFO       Lay du lieu dong dien
2021-02-05 21:32:21,323 INFO       Lay du lieu nhap luc
2021-02-05 21:32:21,323 INFO       Lay du lieu do rung
2021-02-05 21:32:21,323 INFO       Lay du lieu tieng on
2021-02-05 21:32:21,361 INFO Chu trinh - 3 - Lay du lieu chieu thuan
2021-02-05 21:32:21,376 INFO   Lay du lieu - Forward
2021-02-05 21:32:21,376 INFO       Lay du lieu dong dien
2021-02-05 21:32:21,376 INFO       Lay du lieu nhap luc
2021-02-05 21:32:21,376 INFO       Lay du lieu do rung
2021-02-05 21:32:21,376 INFO       Lay du lieu tieng on
2021-02-05 21:32:21,439 INFO Chu trinh - 3 - Lay du lieu chieu thuan
2021-02-05 21:32:21,477 INFO   Lay du lieu - Forward
2021-02-05 21:32:21,477 INFO       Lay du lieu dong dien
2021-02-05 21:32:21,477 INFO       Lay du lieu nhap luc
2021-02-05 21:32:21,477 INFO       Lay du lieu do rung
2021-02-05 21:32:21,477 INFO       Lay du lieu tieng on
2021-02-05 21:32:21,577 INFO Chu trinh - 3 - Lay du lieu chieu thuan
2021-02-05 21:32:21,593 INFO   Lay du lieu - Forward
2021-02-05 21:32:21,593 INFO       Lay du lieu dong dien
2021-02-05 21:32:21,593 INFO       Lay du lieu nhap luc
2021-02-05 21:32:21,593 INFO       Lay du lieu do rung
2021-02-05 21:32:21,593 INFO       Lay du lieu tieng on
2021-02-05 21:32:21,593 INFO       Ve do thi du lieu
2021-02-05 21:32:21,677 INFO Chu trinh - 3 - Lay du lieu chieu thuan
2021-02-05 21:32:21,735 INFO   Lay du lieu - Forward
2021-02-05 21:32:21,735 INFO       Lay du lieu dong dien
2021-02-05 21:32:21,735 INFO       Lay du lieu nhap luc
2021-02-05 21:32:21,735 INFO       Lay du lieu do rung
2021-02-05 21:32:21,735 INFO       Lay du lieu tieng on
2021-02-05 21:32:21,735 ERROR Thoi gian chu trinh vuot qua 100ms
2021-02-05 21:32:21,751 INFO Chu trinh - 3 - Lay du lieu chieu thuan
2021-02-05 21:32:21,793 INFO   Lay du lieu - Forward
2021-02-05 21:32:21,793 INFO       Lay du lieu dong dien
2021-02-05 21:32:21,793 INFO       Lay du lieu nhap luc
2021-02-05 21:32:21,793 INFO       Lay du lieu do rung
2021-02-05 21:32:21,793 INFO       Lay du lieu tieng on
2021-02-05 21:32:21,840 INFO Chu trinh - 3 - Lay du lieu chieu thuan
2021-02-05 21:32:21,840 INFO   Lay du lieu - Forward
2021-02-05 21:32:21,840 INFO       Lay du lieu dong dien
2021-02-05 21:32:21,840 INFO       Lay du lieu nhap luc
2021-02-05 21:32:21,840 INFO       Lay du lieu do rung
2021-02-05 21:32:21,840 INFO       Lay du lieu tieng on
2021-02-05 21:32:21,956 INFO Chu trinh - 3 - Lay du lieu chieu thuan
2021-02-05 21:32:21,994 INFO   Lay du lieu - Forward
2021-02-05 21:32:21,994 INFO       Lay du lieu dong dien
2021-02-05 21:32:21,994 INFO       Lay du lieu nhap luc
2021-02-05 21:32:21,994 INFO       Lay du lieu do rung
2021-02-05 21:32:21,994 INFO       Lay du lieu tieng on
2021-02-05 21:32:22,040 INFO Chu trinh - 3 - Lay du lieu chieu thuan
2021-02-05 21:32:22,056 INFO   Lay du lieu - Forward
2021-02-05 21:32:22,056 INFO       Lay du lieu dong dien
2021-02-05 21:32:22,056 INFO       Lay du lieu nhap luc
2021-02-05 21:32:22,056 INFO       Lay du lieu do rung
2021-02-05 21:32:22,056 INFO       Lay du lieu tieng on
2021-02-05 21:32:22,163 INFO Chu trinh - 3 - Lay du lieu chieu thuan
2021-02-05 21:32:22,210 INFO   Lay du lieu - Forward
2021-02-05 21:32:22,210 INFO       Lay du lieu dong dien
2021-02-05 21:32:22,210 INFO       Lay du lieu nhap luc
2021-02-05 21:32:22,210 INFO       Lay du lieu do rung
2021-02-05 21:32:22,210 INFO       Lay du lieu tieng on
2021-02-05 21:32:22,263 INFO Chu trinh - 3 - Lay du lieu chieu thuan
2021-02-05 21:32:22,263 INFO   Lay du lieu - Forward
2021-02-05 21:32:22,263 INFO       Lay du lieu dong dien
2021-02-05 21:32:22,263 INFO       Lay du lieu nhap luc
2021-02-05 21:32:22,263 INFO       Lay du lieu do rung
2021-02-05 21:32:22,263 INFO       Lay du lieu tieng on
2021-02-05 21:32:22,379 INFO Chu trinh - 3 - Lay du lieu chieu thuan
2021-02-05 21:32:22,480 INFO   Lay du lieu - Forward
2021-02-05 21:32:22,480 INFO       Lay du lieu dong dien
2021-02-05 21:32:22,480 INFO       Lay du lieu nhap luc
2021-02-05 21:32:22,480 INFO       Lay du lieu do rung
2021-02-05 21:32:22,480 INFO       Lay du lieu tieng on
2021-02-05 21:32:22,480 ERROR Thoi gian chu trinh vuot qua 100ms
2021-02-05 21:32:22,527 INFO Chu trinh - 3 - Lay du lieu chieu thuan
2021-02-05 21:32:22,542 INFO   Lay du lieu - Forward
2021-02-05 21:32:22,542 INFO       Lay du lieu dong dien
2021-02-05 21:32:22,542 INFO       Lay du lieu nhap luc
2021-02-05 21:32:22,542 INFO       Lay du lieu do rung
2021-02-05 21:32:22,542 INFO       Lay du lieu tieng on
2021-02-05 21:32:22,595 INFO Chu trinh - 3 - Lay du lieu chieu thuan
2021-02-05 21:32:22,642 INFO   Lay du lieu - Forward
2021-02-05 21:32:22,642 INFO       Lay du lieu dong dien
2021-02-05 21:32:22,642 INFO       Lay du lieu nhap luc
2021-02-05 21:32:22,642 INFO       Lay du lieu do rung
2021-02-05 21:32:22,642 INFO       Lay du lieu tieng on
2021-02-05 21:32:22,642 INFO       Ve do thi du lieu
2021-02-05 21:32:22,742 ERROR Thoi gian chu trinh vuot qua 100ms
2021-02-05 21:32:22,796 INFO Chu trinh - 3 - Lay du lieu chieu thuan
2021-02-05 21:32:22,859 INFO   Lay du lieu - Forward
2021-02-05 21:32:22,859 INFO       Lay du lieu dong dien
2021-02-05 21:32:22,859 INFO       Lay du lieu nhap luc
2021-02-05 21:32:22,859 INFO       Lay du lieu do rung
2021-02-05 21:32:22,859 INFO       Lay du lieu tieng on
2021-02-05 21:32:22,859 ERROR Thoi gian chu trinh vuot qua 100ms
2021-02-05 21:32:22,861 INFO Chu trinh - 3 - Lay du lieu chieu thuan
2021-02-05 21:32:22,868 INFO   Lay du lieu - Forward
2021-02-05 21:32:22,868 INFO       Lay du lieu dong dien
2021-02-05 21:32:22,868 INFO       Lay du lieu nhap luc
2021-02-05 21:32:22,868 INFO       Lay du lieu do rung
2021-02-05 21:32:22,868 INFO       Lay du lieu tieng on
2021-02-05 21:32:22,965 INFO Chu trinh - 3 - Lay du lieu chieu thuan
2021-02-05 21:32:23,027 INFO   Lay du lieu - Forward
2021-02-05 21:32:23,027 INFO       Lay du lieu dong dien
2021-02-05 21:32:23,027 INFO       Lay du lieu nhap luc
2021-02-05 21:32:23,027 INFO       Lay du lieu do rung
2021-02-05 21:32:23,027 INFO       Lay du lieu tieng on
2021-02-05 21:32:23,096 INFO Chu trinh - 3 - Lay du lieu chieu thuan
2021-02-05 21:32:23,096 INFO   Lay du lieu - Forward
2021-02-05 21:32:23,096 INFO       Lay du lieu dong dien
2021-02-05 21:32:23,096 INFO       Lay du lieu nhap luc
2021-02-05 21:32:23,096 INFO       Lay du lieu do rung
2021-02-05 21:32:23,096 INFO       Lay du lieu tieng on
2021-02-05 21:32:23,845 INFO Chu trinh - 3 - Lay du lieu chieu thuan
2021-02-05 21:32:23,845 INFO   Lay du lieu - Forward
2021-02-05 21:32:23,845 INFO       Lay du lieu dong dien
2021-02-05 21:32:23,845 INFO       Lay du lieu nhap luc
2021-02-05 21:32:23,845 INFO       Lay du lieu do rung
2021-02-05 21:32:23,845 INFO       Lay du lieu tieng on
2021-02-05 21:32:23,845 ERROR Thoi gian chu trinh vuot qua 100ms
2021-02-05 21:32:23,845 INFO Chu trinh - 3 - Lay du lieu chieu thuan
2021-02-05 21:32:23,845 INFO   Lay du lieu - Forward
2021-02-05 21:32:23,845 INFO       Lay du lieu dong dien
2021-02-05 21:32:23,845 INFO       Lay du lieu nhap luc
2021-02-05 21:32:23,845 INFO       Lay du lieu do rung
2021-02-05 21:32:23,845 INFO       Lay du lieu tieng on
2021-02-05 21:32:23,998 INFO Chu trinh - 3 - Lay du lieu chieu thuan
2021-02-05 21:32:24,045 INFO   Lay du lieu - Forward
2021-02-05 21:32:24,045 INFO       Lay du lieu dong dien
2021-02-05 21:32:24,045 INFO       Lay du lieu nhap luc
2021-02-05 21:32:24,045 INFO       Lay du lieu do rung
2021-02-05 21:32:24,045 INFO       Lay du lieu tieng on
2021-02-05 21:32:24,060 INFO Chu trinh - 3 - Lay du lieu chieu thuan
2021-02-05 21:32:24,060 INFO   Lay du lieu - Forward
2021-02-05 21:32:24,060 INFO       Lay du lieu dong dien
2021-02-05 21:32:24,060 INFO       Lay du lieu nhap luc
2021-02-05 21:32:24,060 INFO       Lay du lieu do rung
2021-02-05 21:32:24,060 INFO       Lay du lieu tieng on
2021-02-05 21:32:24,246 INFO Chu trinh - 3 - Lay du lieu chieu thuan
2021-02-05 21:32:24,346 INFO   Lay du lieu - Forward
2021-02-05 21:32:24,346 INFO       Lay du lieu dong dien
2021-02-05 21:32:24,346 INFO       Lay du lieu nhap luc
2021-02-05 21:32:24,346 INFO       Lay du lieu do rung
2021-02-05 21:32:24,346 INFO       Lay du lieu tieng on
2021-02-05 21:32:24,346 ERROR Thoi gian chu trinh vuot qua 100ms
2021-02-05 21:32:24,346 INFO Chu trinh - 3 - Lay du lieu chieu thuan
2021-02-05 21:32:24,346 INFO   Lay du lieu - Forward
2021-02-05 21:32:24,346 INFO       Lay du lieu dong dien
2021-02-05 21:32:24,346 INFO       Lay du lieu nhap luc
2021-02-05 21:32:24,346 INFO       Lay du lieu do rung
2021-02-05 21:32:24,346 INFO       Lay du lieu tieng on
2021-02-05 21:32:24,346 INFO       Ve do thi du lieu
2021-02-05 21:32:24,484 INFO Chu trinh - 3 - Lay du lieu chieu thuan
2021-02-05 21:32:24,547 INFO   Lay du lieu - Forward
2021-02-05 21:32:24,547 INFO       Lay du lieu dong dien
2021-02-05 21:32:24,547 INFO       Lay du lieu nhap luc
2021-02-05 21:32:24,547 INFO       Lay du lieu do rung
2021-02-05 21:32:24,547 INFO       Lay du lieu tieng on
2021-02-05 21:32:24,818 ERROR Thoi gian chu trinh vuot qua 100ms
2021-02-05 21:32:24,818 INFO Chu trinh - 9 - Ghi du lieu am thanh chieu thuan
2021-02-05 21:32:24,866 INFO Chu trinh - 11 - Doi du lieu bat dau chieu nghich
2021-02-05 21:32:25,028 ERROR Thoi gian chu trinh vuot qua 100ms
2021-02-05 21:32:26,152 ERROR Thoi gian chu trinh vuot qua 100ms
2021-02-05 21:32:30,294 ERROR Thoi gian chu trinh vuot qua 100ms
2021-02-05 21:32:30,326 INFO Chu trinh - 13 - Lay du lieu chieu nghich
2021-02-05 21:32:30,326 INFO   Lay du lieu - Backward
2021-02-05 21:32:30,326 INFO       Lay du lieu dong dien
2021-02-05 21:32:30,341 INFO       Lay du lieu nhap luc
2021-02-05 21:32:30,341 INFO       Lay du lieu do rung
2021-02-05 21:32:30,341 INFO       Lay du lieu tieng on
2021-02-05 21:32:30,341 INFO       Ve do thi du lieu
2021-02-05 21:32:30,563 INFO Chu trinh - 13 - Lay du lieu chieu nghich
2021-02-05 21:32:30,563 INFO   Lay du lieu - Backward
2021-02-05 21:32:30,563 INFO       Lay du lieu dong dien
2021-02-05 21:32:30,563 INFO       Lay du lieu nhap luc
2021-02-05 21:32:30,563 INFO       Lay du lieu do rung
2021-02-05 21:32:30,563 INFO       Lay du lieu tieng on
2021-02-05 21:32:30,563 ERROR Thoi gian chu trinh vuot qua 100ms
2021-02-05 21:32:30,657 INFO Chu trinh - 13 - Lay du lieu chieu nghich
2021-02-05 21:32:30,657 INFO   Lay du lieu - Backward
2021-02-05 21:32:30,657 INFO       Lay du lieu dong dien
2021-02-05 21:32:30,657 INFO       Lay du lieu nhap luc
2021-02-05 21:32:30,657 INFO       Lay du lieu do rung
2021-02-05 21:32:30,657 INFO       Lay du lieu tieng on
2021-02-05 21:32:30,657 ERROR Thoi gian chu trinh vuot qua 100ms
2021-02-05 21:32:30,673 INFO Chu trinh - 13 - Lay du lieu chieu nghich
2021-02-05 21:32:30,673 INFO   Lay du lieu - Backward
2021-02-05 21:32:30,673 INFO       Lay du lieu dong dien
2021-02-05 21:32:30,673 INFO       Lay du lieu nhap luc
2021-02-05 21:32:30,673 INFO       Lay du lieu do rung
2021-02-05 21:32:30,673 INFO       Lay du lieu tieng on
2021-02-05 21:32:30,820 INFO Chu trinh - 13 - Lay du lieu chieu nghich
2021-02-05 21:32:30,820 INFO   Lay du lieu - Backward
2021-02-05 21:32:30,820 INFO       Lay du lieu dong dien
2021-02-05 21:32:30,820 INFO       Lay du lieu nhap luc
2021-02-05 21:32:30,820 INFO       Lay du lieu do rung
2021-02-05 21:32:30,820 INFO       Lay du lieu tieng on
2021-02-05 21:32:30,873 INFO Chu trinh - 13 - Lay du lieu chieu nghich
2021-02-05 21:32:30,873 INFO   Lay du lieu - Backward
2021-02-05 21:32:30,873 INFO       Lay du lieu dong dien
2021-02-05 21:32:30,873 INFO       Lay du lieu nhap luc
2021-02-05 21:32:30,873 INFO       Lay du lieu do rung
2021-02-05 21:32:30,873 INFO       Lay du lieu tieng on
2021-02-05 21:32:31,020 INFO Chu trinh - 13 - Lay du lieu chieu nghich
2021-02-05 21:32:31,020 INFO   Lay du lieu - Backward
2021-02-05 21:32:31,020 INFO       Lay du lieu dong dien
2021-02-05 21:32:31,020 INFO       Lay du lieu nhap luc
2021-02-05 21:32:31,020 INFO       Lay du lieu do rung
2021-02-05 21:32:31,020 INFO       Lay du lieu tieng on
2021-02-05 21:32:31,074 INFO Chu trinh - 13 - Lay du lieu chieu nghich
2021-02-05 21:32:31,074 INFO   Lay du lieu - Backward
2021-02-05 21:32:31,074 INFO       Lay du lieu dong dien
2021-02-05 21:32:31,074 INFO       Lay du lieu nhap luc
2021-02-05 21:32:31,074 INFO       Lay du lieu do rung
2021-02-05 21:32:31,074 INFO       Lay du lieu tieng on
2021-02-05 21:32:31,221 INFO Chu trinh - 13 - Lay du lieu chieu nghich
2021-02-05 21:32:31,221 INFO   Lay du lieu - Backward
2021-02-05 21:32:31,221 INFO       Lay du lieu dong dien
2021-02-05 21:32:31,221 INFO       Lay du lieu nhap luc
2021-02-05 21:32:31,221 INFO       Lay du lieu do rung
2021-02-05 21:32:31,221 INFO       Lay du lieu tieng on
2021-02-05 21:32:31,221 INFO       Ve do thi du lieu
2021-02-05 21:32:31,290 ERROR Thoi gian chu trinh vuot qua 100ms
2021-02-05 21:32:31,381 INFO Chu trinh - 13 - Lay du lieu chieu nghich
2021-02-05 21:32:31,381 INFO   Lay du lieu - Backward
2021-02-05 21:32:31,381 INFO       Lay du lieu dong dien
2021-02-05 21:32:31,381 INFO       Lay du lieu nhap luc
2021-02-05 21:32:31,381 INFO       Lay du lieu do rung
2021-02-05 21:32:31,381 INFO       Lay du lieu tieng on
2021-02-05 21:32:31,412 INFO Chu trinh - 13 - Lay du lieu chieu nghich
2021-02-05 21:32:31,412 INFO   Lay du lieu - Backward
2021-02-05 21:32:31,412 INFO       Lay du lieu dong dien
2021-02-05 21:32:31,412 INFO       Lay du lieu nhap luc
2021-02-05 21:32:31,412 INFO       Lay du lieu do rung
2021-02-05 21:32:31,412 INFO       Lay du lieu tieng on
2021-02-05 21:32:31,690 INFO Chu trinh - 13 - Lay du lieu chieu nghich
2021-02-05 21:32:31,690 INFO   Lay du lieu - Backward
2021-02-05 21:32:31,690 INFO       Lay du lieu dong dien
2021-02-05 21:32:31,690 INFO       Lay du lieu nhap luc
2021-02-05 21:32:31,690 INFO       Lay du lieu do rung
2021-02-05 21:32:31,690 INFO       Lay du lieu tieng on
2021-02-05 21:32:31,690 ERROR Thoi gian chu trinh vuot qua 100ms
2021-02-05 21:32:31,706 INFO Chu trinh - 13 - Lay du lieu chieu nghich
2021-02-05 21:32:31,706 INFO   Lay du lieu - Backward
2021-02-05 21:32:31,706 INFO       Lay du lieu dong dien
2021-02-05 21:32:31,706 INFO       Lay du lieu nhap luc
2021-02-05 21:32:31,706 INFO       Lay du lieu do rung
2021-02-05 21:32:31,706 INFO       Lay du lieu tieng on
2021-02-05 21:32:31,860 INFO Chu trinh - 13 - Lay du lieu chieu nghich
2021-02-05 21:32:31,860 INFO   Lay du lieu - Backward
2021-02-05 21:32:31,860 INFO       Lay du lieu dong dien
2021-02-05 21:32:31,860 INFO       Lay du lieu nhap luc
2021-02-05 21:32:31,860 INFO       Lay du lieu do rung
2021-02-05 21:32:31,860 INFO       Lay du lieu tieng on
2021-02-05 21:32:31,922 INFO Chu trinh - 13 - Lay du lieu chieu nghich
2021-02-05 21:32:31,922 INFO   Lay du lieu - Backward
2021-02-05 21:32:31,922 INFO       Lay du lieu dong dien
2021-02-05 21:32:31,922 INFO       Lay du lieu nhap luc
2021-02-05 21:32:31,922 INFO       Lay du lieu do rung
2021-02-05 21:32:31,922 INFO       Lay du lieu tieng on
2021-02-05 21:32:32,076 INFO Chu trinh - 13 - Lay du lieu chieu nghich
2021-02-05 21:32:32,076 INFO   Lay du lieu - Backward
2021-02-05 21:32:32,076 INFO       Lay du lieu dong dien
2021-02-05 21:32:32,076 INFO       Lay du lieu nhap luc
2021-02-05 21:32:32,076 INFO       Lay du lieu do rung
2021-02-05 21:32:32,076 INFO       Lay du lieu tieng on
2021-02-05 21:32:32,138 INFO Chu trinh - 13 - Lay du lieu chieu nghich
2021-02-05 21:32:32,138 INFO   Lay du lieu - Backward
2021-02-05 21:32:32,138 INFO       Lay du lieu dong dien
2021-02-05 21:32:32,138 INFO       Lay du lieu nhap luc
2021-02-05 21:32:32,138 INFO       Lay du lieu do rung
2021-02-05 21:32:32,138 INFO       Lay du lieu tieng on
2021-02-05 21:32:32,248 INFO Chu trinh - 13 - Lay du lieu chieu nghich
2021-02-05 21:32:32,248 INFO   Lay du lieu - Backward
2021-02-05 21:32:32,248 INFO       Lay du lieu dong dien
2021-02-05 21:32:32,248 INFO       Lay du lieu nhap luc
2021-02-05 21:32:32,248 INFO       Lay du lieu do rung
2021-02-05 21:32:32,248 INFO       Lay du lieu tieng on
2021-02-05 21:32:32,349 INFO Chu trinh - 13 - Lay du lieu chieu nghich
2021-02-05 21:32:32,349 INFO   Lay du lieu - Backward
2021-02-05 21:32:32,349 INFO       Lay du lieu dong dien
2021-02-05 21:32:32,349 INFO       Lay du lieu nhap luc
2021-02-05 21:32:32,349 INFO       Lay du lieu do rung
2021-02-05 21:32:32,349 INFO       Lay du lieu tieng on
2021-02-05 21:32:32,349 INFO       Ve do thi du lieu
2021-02-05 21:32:32,471 INFO Chu trinh - 13 - Lay du lieu chieu nghich
2021-02-05 21:32:32,471 INFO   Lay du lieu - Backward
2021-02-05 21:32:32,471 INFO       Lay du lieu dong dien
2021-02-05 21:32:32,471 INFO       Lay du lieu nhap luc
2021-02-05 21:32:32,471 INFO       Lay du lieu do rung
2021-02-05 21:32:32,471 INFO       Lay du lieu tieng on
2021-02-05 21:32:32,581 INFO Chu trinh - 13 - Lay du lieu chieu nghich
2021-02-05 21:32:32,581 INFO   Lay du lieu - Backward
2021-02-05 21:32:32,581 INFO       Lay du lieu dong dien
2021-02-05 21:32:32,581 INFO       Lay du lieu nhap luc
2021-02-05 21:32:32,581 INFO       Lay du lieu do rung
2021-02-05 21:32:32,581 INFO       Lay du lieu tieng on
2021-02-05 21:32:32,681 INFO Chu trinh - 13 - Lay du lieu chieu nghich
2021-02-05 21:32:32,681 INFO   Lay du lieu - Backward
2021-02-05 21:32:32,681 INFO       Lay du lieu dong dien
2021-02-05 21:32:32,681 INFO       Lay du lieu nhap luc
2021-02-05 21:32:32,681 INFO       Lay du lieu do rung
2021-02-05 21:32:32,681 INFO       Lay du lieu tieng on
2021-02-05 21:32:32,728 INFO Chu trinh - 13 - Lay du lieu chieu nghich
2021-02-05 21:32:32,728 INFO   Lay du lieu - Backward
2021-02-05 21:32:32,728 INFO       Lay du lieu dong dien
2021-02-05 21:32:32,728 INFO       Lay du lieu nhap luc
2021-02-05 21:32:32,728 INFO       Lay du lieu do rung
2021-02-05 21:32:32,728 INFO       Lay du lieu tieng on
2021-02-05 21:32:32,866 INFO Chu trinh - 13 - Lay du lieu chieu nghich
2021-02-05 21:32:32,866 INFO   Lay du lieu - Backward
2021-02-05 21:32:32,866 INFO       Lay du lieu dong dien
2021-02-05 21:32:32,866 INFO       Lay du lieu nhap luc
2021-02-05 21:32:32,866 INFO       Lay du lieu do rung
2021-02-05 21:32:32,866 INFO       Lay du lieu tieng on
2021-02-05 21:32:32,928 INFO Chu trinh - 13 - Lay du lieu chieu nghich
2021-02-05 21:32:32,928 INFO   Lay du lieu - Backward
2021-02-05 21:32:32,928 INFO       Lay du lieu dong dien
2021-02-05 21:32:32,928 INFO       Lay du lieu nhap luc
2021-02-05 21:32:32,928 INFO       Lay du lieu do rung
2021-02-05 21:32:32,928 INFO       Lay du lieu tieng on
2021-02-05 21:32:33,082 INFO Chu trinh - 13 - Lay du lieu chieu nghich
2021-02-05 21:32:33,082 INFO   Lay du lieu - Backward
2021-02-05 21:32:33,082 INFO       Lay du lieu dong dien
2021-02-05 21:32:33,082 INFO       Lay du lieu nhap luc
2021-02-05 21:32:33,082 INFO       Lay du lieu do rung
2021-02-05 21:32:33,082 INFO       Lay du lieu tieng on
2021-02-05 21:32:33,883 INFO Chu trinh - 13 - Lay du lieu chieu nghich
2021-02-05 21:32:33,899 INFO   Lay du lieu - Backward
2021-02-05 21:32:33,899 INFO       Lay du lieu dong dien
2021-02-05 21:32:33,899 INFO       Lay du lieu nhap luc
2021-02-05 21:32:33,899 INFO       Lay du lieu do rung
2021-02-05 21:32:33,899 INFO       Lay du lieu tieng on
2021-02-05 21:32:33,899 ERROR Thoi gian chu trinh vuot qua 100ms
2021-02-05 21:32:33,946 INFO Chu trinh - 13 - Lay du lieu chieu nghich
2021-02-05 21:32:33,946 INFO   Lay du lieu - Backward
2021-02-05 21:32:33,946 INFO       Lay du lieu dong dien
2021-02-05 21:32:33,946 INFO       Lay du lieu nhap luc
2021-02-05 21:32:33,946 INFO       Lay du lieu do rung
2021-02-05 21:32:33,946 INFO       Lay du lieu tieng on
2021-02-05 21:32:34,068 INFO Chu trinh - 13 - Lay du lieu chieu nghich
2021-02-05 21:32:34,068 INFO   Lay du lieu - Backward
2021-02-05 21:32:34,068 INFO       Lay du lieu dong dien
2021-02-05 21:32:34,068 INFO       Lay du lieu nhap luc
2021-02-05 21:32:34,068 INFO       Lay du lieu do rung
2021-02-05 21:32:34,068 INFO       Lay du lieu tieng on
2021-02-05 21:32:34,068 INFO       Ve do thi du lieu
2021-02-05 21:32:34,184 ERROR Thoi gian chu trinh vuot qua 100ms
2021-02-05 21:32:34,299 INFO Chu trinh - 13 - Lay du lieu chieu nghich
2021-02-05 21:32:34,299 INFO   Lay du lieu - Backward
2021-02-05 21:32:34,299 INFO       Lay du lieu dong dien
2021-02-05 21:32:34,299 INFO       Lay du lieu nhap luc
2021-02-05 21:32:34,299 INFO       Lay du lieu do rung
2021-02-05 21:32:34,299 INFO       Lay du lieu tieng on
2021-02-05 21:32:34,299 ERROR Thoi gian chu trinh vuot qua 100ms
2021-02-05 21:32:34,317 INFO Chu trinh - 13 - Lay du lieu chieu nghich
2021-02-05 21:32:34,317 INFO   Lay du lieu - Backward
2021-02-05 21:32:34,317 INFO       Lay du lieu dong dien
2021-02-05 21:32:34,317 INFO       Lay du lieu nhap luc
2021-02-05 21:32:34,317 INFO       Lay du lieu do rung
2021-02-05 21:32:34,317 INFO       Lay du lieu tieng on
2021-02-05 21:32:34,469 INFO Chu trinh - 13 - Lay du lieu chieu nghich
2021-02-05 21:32:34,469 INFO   Lay du lieu - Backward
2021-02-05 21:32:34,469 INFO       Lay du lieu dong dien
2021-02-05 21:32:34,469 INFO       Lay du lieu nhap luc
2021-02-05 21:32:34,469 INFO       Lay du lieu do rung
2021-02-05 21:32:34,469 INFO       Lay du lieu tieng on
2021-02-05 21:32:34,531 INFO Chu trinh - 13 - Lay du lieu chieu nghich
2021-02-05 21:32:34,531 INFO   Lay du lieu - Backward
2021-02-05 21:32:34,531 INFO       Lay du lieu dong dien
2021-02-05 21:32:34,531 INFO       Lay du lieu nhap luc
2021-02-05 21:32:34,531 INFO       Lay du lieu do rung
2021-02-05 21:32:34,531 INFO       Lay du lieu tieng on
2021-02-05 21:32:34,654 INFO Chu trinh - 13 - Lay du lieu chieu nghich
2021-02-05 21:32:34,654 INFO   Lay du lieu - Backward
2021-02-05 21:32:34,654 INFO       Lay du lieu dong dien
2021-02-05 21:32:34,654 INFO       Lay du lieu nhap luc
2021-02-05 21:32:34,654 INFO       Lay du lieu do rung
2021-02-05 21:32:34,654 INFO       Lay du lieu tieng on
2021-02-05 21:32:34,754 INFO Chu trinh - 13 - Lay du lieu chieu nghich
2021-02-05 21:32:34,754 INFO   Lay du lieu - Backward
2021-02-05 21:32:34,754 INFO       Lay du lieu dong dien
2021-02-05 21:32:34,754 INFO       Lay du lieu nhap luc
2021-02-05 21:32:34,754 INFO       Lay du lieu do rung
2021-02-05 21:32:34,754 INFO       Lay du lieu tieng on
2021-02-05 21:32:34,800 INFO Chu trinh - 13 - Lay du lieu chieu nghich
2021-02-05 21:32:34,800 INFO   Lay du lieu - Backward
2021-02-05 21:32:34,800 INFO       Lay du lieu dong dien
2021-02-05 21:32:34,800 INFO       Lay du lieu nhap luc
2021-02-05 21:32:34,800 INFO       Lay du lieu do rung
2021-02-05 21:32:34,800 INFO       Lay du lieu tieng on
2021-02-05 21:32:34,954 INFO Chu trinh - 13 - Lay du lieu chieu nghich
2021-02-05 21:32:34,954 INFO   Lay du lieu - Backward
2021-02-05 21:32:34,954 INFO       Lay du lieu dong dien
2021-02-05 21:32:34,954 INFO       Lay du lieu nhap luc
2021-02-05 21:32:34,954 INFO       Lay du lieu do rung
2021-02-05 21:32:34,954 INFO       Lay du lieu tieng on
2021-02-05 21:32:35,001 INFO Chu trinh - 13 - Lay du lieu chieu nghich
2021-02-05 21:32:35,001 INFO   Lay du lieu - Backward
2021-02-05 21:32:35,001 INFO       Lay du lieu dong dien
2021-02-05 21:32:35,001 INFO       Lay du lieu nhap luc
2021-02-05 21:32:35,001 INFO       Lay du lieu do rung
2021-02-05 21:32:35,001 INFO       Lay du lieu tieng on
2021-02-05 21:32:35,154 INFO Chu trinh - 13 - Lay du lieu chieu nghich
2021-02-05 21:32:35,154 INFO   Lay du lieu - Backward
2021-02-05 21:32:35,154 INFO       Lay du lieu dong dien
2021-02-05 21:32:35,154 INFO       Lay du lieu nhap luc
2021-02-05 21:32:35,154 INFO       Lay du lieu do rung
2021-02-05 21:32:35,154 INFO       Lay du lieu tieng on
2021-02-05 21:32:35,154 INFO       Ve do thi du lieu
2021-02-05 21:32:35,186 ERROR Thoi gian chu trinh vuot qua 100ms
2021-02-05 21:32:35,279 INFO Chu trinh - 13 - Lay du lieu chieu nghich
2021-02-05 21:32:35,279 INFO   Lay du lieu - Backward
2021-02-05 21:32:35,279 INFO       Lay du lieu dong dien
2021-02-05 21:32:35,279 INFO       Lay du lieu nhap luc
2021-02-05 21:32:35,279 INFO       Lay du lieu do rung
2021-02-05 21:32:35,279 INFO       Lay du lieu tieng on
2021-02-05 21:32:35,309 INFO Chu trinh - 13 - Lay du lieu chieu nghich
2021-02-05 21:32:35,309 INFO   Lay du lieu - Backward
2021-02-05 21:32:35,309 INFO       Lay du lieu dong dien
2021-02-05 21:32:35,309 INFO       Lay du lieu nhap luc
2021-02-05 21:32:35,309 INFO       Lay du lieu do rung
2021-02-05 21:32:35,309 INFO       Lay du lieu tieng on
2021-02-05 21:32:35,471 INFO Chu trinh - 13 - Lay du lieu chieu nghich
2021-02-05 21:32:35,471 INFO   Lay du lieu - Backward
2021-02-05 21:32:35,471 INFO       Lay du lieu dong dien
2021-02-05 21:32:35,471 INFO       Lay du lieu nhap luc
2021-02-05 21:32:35,471 INFO       Lay du lieu do rung
2021-02-05 21:32:35,471 INFO       Lay du lieu tieng on
2021-02-05 21:32:35,649 INFO Chu trinh - 13 - Lay du lieu chieu nghich
2021-02-05 21:32:35,649 INFO   Lay du lieu - Backward
2021-02-05 21:32:35,649 INFO       Lay du lieu dong dien
2021-02-05 21:32:35,649 INFO       Lay du lieu nhap luc
2021-02-05 21:32:35,649 INFO       Lay du lieu do rung
2021-02-05 21:32:35,649 INFO       Lay du lieu tieng on
2021-02-05 21:32:35,649 ERROR Thoi gian chu trinh vuot qua 100ms
2021-02-05 21:32:35,734 INFO Chu trinh - 13 - Lay du lieu chieu nghich
2021-02-05 21:32:35,734 INFO   Lay du lieu - Backward
2021-02-05 21:32:35,734 INFO       Lay du lieu dong dien
2021-02-05 21:32:35,734 INFO       Lay du lieu nhap luc
2021-02-05 21:32:35,734 INFO       Lay du lieu do rung
2021-02-05 21:32:35,734 INFO       Lay du lieu tieng on
2021-02-05 21:32:35,756 INFO Chu trinh - 13 - Lay du lieu chieu nghich
2021-02-05 21:32:35,756 INFO   Lay du lieu - Backward
2021-02-05 21:32:35,756 INFO       Lay du lieu dong dien
2021-02-05 21:32:35,756 INFO       Lay du lieu nhap luc
2021-02-05 21:32:35,756 INFO       Lay du lieu do rung
2021-02-05 21:32:35,756 INFO       Lay du lieu tieng on
2021-02-05 21:32:35,903 INFO Chu trinh - 13 - Lay du lieu chieu nghich
2021-02-05 21:32:35,903 INFO   Lay du lieu - Backward
2021-02-05 21:32:35,903 INFO       Lay du lieu dong dien
2021-02-05 21:32:35,903 INFO       Lay du lieu nhap luc
2021-02-05 21:32:35,903 INFO       Lay du lieu do rung
2021-02-05 21:32:35,903 INFO       Lay du lieu tieng on
2021-02-05 21:32:35,956 INFO Chu trinh - 13 - Lay du lieu chieu nghich
2021-02-05 21:32:35,956 INFO   Lay du lieu - Backward
2021-02-05 21:32:35,956 INFO       Lay du lieu dong dien
2021-02-05 21:32:35,956 INFO       Lay du lieu nhap luc
2021-02-05 21:32:35,956 INFO       Lay du lieu do rung
2021-02-05 21:32:35,956 INFO       Lay du lieu tieng on
2021-02-05 21:32:36,104 INFO Chu trinh - 13 - Lay du lieu chieu nghich
2021-02-05 21:32:36,104 INFO   Lay du lieu - Backward
2021-02-05 21:32:36,104 INFO       Lay du lieu dong dien
2021-02-05 21:32:36,104 INFO       Lay du lieu nhap luc
2021-02-05 21:32:36,104 INFO       Lay du lieu do rung
2021-02-05 21:32:36,104 INFO       Lay du lieu tieng on
2021-02-05 21:32:36,157 INFO Chu trinh - 13 - Lay du lieu chieu nghich
2021-02-05 21:32:36,157 INFO   Lay du lieu - Backward
2021-02-05 21:32:36,157 INFO       Lay du lieu dong dien
2021-02-05 21:32:36,157 INFO       Lay du lieu nhap luc
2021-02-05 21:32:36,157 INFO       Lay du lieu do rung
2021-02-05 21:32:36,157 INFO       Lay du lieu tieng on
2021-02-05 21:32:36,157 INFO       Ve do thi du lieu
2021-02-05 21:32:36,285 INFO Chu trinh - 13 - Lay du lieu chieu nghich
2021-02-05 21:32:36,285 INFO   Lay du lieu - Backward
2021-02-05 21:32:36,285 INFO       Lay du lieu dong dien
2021-02-05 21:32:36,285 INFO       Lay du lieu nhap luc
2021-02-05 21:32:36,285 INFO       Lay du lieu do rung
2021-02-05 21:32:36,285 INFO       Lay du lieu tieng on
2021-02-05 21:32:36,389 INFO Chu trinh - 13 - Lay du lieu chieu nghich
2021-02-05 21:32:36,389 INFO   Lay du lieu - Backward
2021-02-05 21:32:36,389 INFO       Lay du lieu dong dien
2021-02-05 21:32:36,389 INFO       Lay du lieu nhap luc
2021-02-05 21:32:36,389 INFO       Lay du lieu do rung
2021-02-05 21:32:36,389 INFO       Lay du lieu tieng on
2021-02-05 21:32:36,489 INFO Chu trinh - 13 - Lay du lieu chieu nghich
2021-02-05 21:32:36,489 INFO   Lay du lieu - Backward
2021-02-05 21:32:36,489 INFO       Lay du lieu dong dien
2021-02-05 21:32:36,489 INFO       Lay du lieu nhap luc
2021-02-05 21:32:36,489 INFO       Lay du lieu do rung
2021-02-05 21:32:36,489 INFO       Lay du lieu tieng on
2021-02-05 21:32:36,605 INFO Chu trinh - 13 - Lay du lieu chieu nghich
2021-02-05 21:32:36,605 INFO   Lay du lieu - Backward
2021-02-05 21:32:36,605 INFO       Lay du lieu dong dien
2021-02-05 21:32:36,605 INFO       Lay du lieu nhap luc
2021-02-05 21:32:36,605 INFO       Lay du lieu do rung
2021-02-05 21:32:36,605 INFO       Lay du lieu tieng on
2021-02-05 21:32:36,689 INFO Chu trinh - 13 - Lay du lieu chieu nghich
2021-02-05 21:32:36,689 INFO   Lay du lieu - Backward
2021-02-05 21:32:36,689 INFO       Lay du lieu dong dien
2021-02-05 21:32:36,689 INFO       Lay du lieu nhap luc
2021-02-05 21:32:36,689 INFO       Lay du lieu do rung
2021-02-05 21:32:36,689 INFO       Lay du lieu tieng on
2021-02-05 21:32:36,751 INFO Chu trinh - 13 - Lay du lieu chieu nghich
2021-02-05 21:32:36,751 INFO   Lay du lieu - Backward
2021-02-05 21:32:36,751 INFO       Lay du lieu dong dien
2021-02-05 21:32:36,751 INFO       Lay du lieu nhap luc
2021-02-05 21:32:36,751 INFO       Lay du lieu do rung
2021-02-05 21:32:36,751 INFO       Lay du lieu tieng on
2021-02-05 21:32:36,905 INFO Chu trinh - 13 - Lay du lieu chieu nghich
2021-02-05 21:32:36,905 INFO   Lay du lieu - Backward
2021-02-05 21:32:36,905 INFO       Lay du lieu dong dien
2021-02-05 21:32:36,905 INFO       Lay du lieu nhap luc
2021-02-05 21:32:36,905 INFO       Lay du lieu do rung
2021-02-05 21:32:36,905 INFO       Lay du lieu tieng on
2021-02-05 21:32:36,952 INFO Chu trinh - 13 - Lay du lieu chieu nghich
2021-02-05 21:32:36,952 INFO   Lay du lieu - Backward
2021-02-05 21:32:36,952 INFO       Lay du lieu dong dien
2021-02-05 21:32:36,952 INFO       Lay du lieu nhap luc
2021-02-05 21:32:36,952 INFO       Lay du lieu do rung
2021-02-05 21:32:36,952 INFO       Lay du lieu tieng on
2021-02-05 21:32:37,106 INFO Chu trinh - 13 - Lay du lieu chieu nghich
2021-02-05 21:32:37,106 INFO   Lay du lieu - Backward
2021-02-05 21:32:37,106 INFO       Lay du lieu dong dien
2021-02-05 21:32:37,106 INFO       Lay du lieu nhap luc
2021-02-05 21:32:37,106 INFO       Lay du lieu do rung
2021-02-05 21:32:37,106 INFO       Lay du lieu tieng on
2021-02-05 21:32:37,153 INFO Chu trinh - 13 - Lay du lieu chieu nghich
2021-02-05 21:32:37,153 INFO   Lay du lieu - Backward
2021-02-05 21:32:37,153 INFO       Lay du lieu dong dien
2021-02-05 21:32:37,153 INFO       Lay du lieu nhap luc
2021-02-05 21:32:37,153 INFO       Lay du lieu do rung
2021-02-05 21:32:37,153 INFO       Lay du lieu tieng on
2021-02-05 21:32:37,153 INFO       Ve do thi du lieu
2021-02-05 21:32:37,343 INFO Chu trinh - 13 - Lay du lieu chieu nghich
2021-02-05 21:32:37,343 INFO   Lay du lieu - Backward
2021-02-05 21:32:37,343 INFO       Lay du lieu dong dien
2021-02-05 21:32:37,343 INFO       Lay du lieu nhap luc
2021-02-05 21:32:37,343 INFO       Lay du lieu do rung
2021-02-05 21:32:37,343 INFO       Lay du lieu tieng on
2021-02-05 21:32:37,401 INFO Chu trinh - 13 - Lay du lieu chieu nghich
2021-02-05 21:32:37,401 INFO   Lay du lieu - Backward
2021-02-05 21:32:37,401 INFO       Lay du lieu dong dien
2021-02-05 21:32:37,401 INFO       Lay du lieu nhap luc
2021-02-05 21:32:37,401 INFO       Lay du lieu do rung
2021-02-05 21:32:37,401 INFO       Lay du lieu tieng on
2021-02-05 21:32:37,522 INFO Chu trinh - 13 - Lay du lieu chieu nghich
2021-02-05 21:32:37,522 INFO   Lay du lieu - Backward
2021-02-05 21:32:37,522 INFO       Lay du lieu dong dien
2021-02-05 21:32:37,522 INFO       Lay du lieu nhap luc
2021-02-05 21:32:37,522 INFO       Lay du lieu do rung
2021-02-05 21:32:37,522 INFO       Lay du lieu tieng on
2021-02-05 21:32:37,607 INFO Chu trinh - 13 - Lay du lieu chieu nghich
2021-02-05 21:32:37,607 INFO   Lay du lieu - Backward
2021-02-05 21:32:37,607 INFO       Lay du lieu dong dien
2021-02-05 21:32:37,607 INFO       Lay du lieu nhap luc
2021-02-05 21:32:37,607 INFO       Lay du lieu do rung
2021-02-05 21:32:37,607 INFO       Lay du lieu tieng on
2021-02-05 21:32:37,660 INFO Chu trinh - 13 - Lay du lieu chieu nghich
2021-02-05 21:32:37,660 INFO   Lay du lieu - Backward
2021-02-05 21:32:37,660 INFO       Lay du lieu dong dien
2021-02-05 21:32:37,660 INFO       Lay du lieu nhap luc
2021-02-05 21:32:37,660 INFO       Lay du lieu do rung
2021-02-05 21:32:37,660 INFO       Lay du lieu tieng on
2021-02-05 21:32:37,777 INFO Chu trinh - 13 - Lay du lieu chieu nghich
2021-02-05 21:32:37,777 INFO   Lay du lieu - Backward
2021-02-05 21:32:37,777 INFO       Lay du lieu dong dien
2021-02-05 21:32:37,777 INFO       Lay du lieu nhap luc
2021-02-05 21:32:37,777 INFO       Lay du lieu do rung
2021-02-05 21:32:37,777 INFO       Lay du lieu tieng on
2021-02-05 21:32:37,877 INFO Chu trinh - 13 - Lay du lieu chieu nghich
2021-02-05 21:32:37,877 INFO   Lay du lieu - Backward
2021-02-05 21:32:37,877 INFO       Lay du lieu dong dien
2021-02-05 21:32:37,877 INFO       Lay du lieu nhap luc
2021-02-05 21:32:37,877 INFO       Lay du lieu do rung
2021-02-05 21:32:37,877 INFO       Lay du lieu tieng on
2021-02-05 21:32:38,008 INFO Chu trinh - 13 - Lay du lieu chieu nghich
2021-02-05 21:32:38,008 INFO   Lay du lieu - Backward
2021-02-05 21:32:38,008 INFO       Lay du lieu dong dien
2021-02-05 21:32:38,008 INFO       Lay du lieu nhap luc
2021-02-05 21:32:38,008 INFO       Lay du lieu do rung
2021-02-05 21:32:38,008 INFO       Lay du lieu tieng on
2021-02-05 21:32:38,093 INFO Chu trinh - 13 - Lay du lieu chieu nghich
2021-02-05 21:32:38,093 INFO   Lay du lieu - Backward
2021-02-05 21:32:38,093 INFO       Lay du lieu dong dien
2021-02-05 21:32:38,093 INFO       Lay du lieu nhap luc
2021-02-05 21:32:38,093 INFO       Lay du lieu do rung
2021-02-05 21:32:38,093 INFO       Lay du lieu tieng on
2021-02-05 21:32:38,778 INFO Chu trinh - 13 - Lay du lieu chieu nghich
2021-02-05 21:32:38,778 INFO   Lay du lieu - Backward
2021-02-05 21:32:38,778 INFO       Lay du lieu dong dien
2021-02-05 21:32:38,778 INFO       Lay du lieu nhap luc
2021-02-05 21:32:38,778 INFO       Lay du lieu do rung
2021-02-05 21:32:38,778 INFO       Lay du lieu tieng on
2021-02-05 21:32:38,778 INFO       Ve do thi du lieu
2021-02-05 21:32:38,878 ERROR Thoi gian chu trinh vuot qua 100ms
2021-02-05 21:32:38,999 INFO Chu trinh - 13 - Lay du lieu chieu nghich
2021-02-05 21:32:38,999 INFO   Lay du lieu - Backward
2021-02-05 21:32:38,999 INFO       Lay du lieu dong dien
2021-02-05 21:32:38,999 INFO       Lay du lieu nhap luc
2021-02-05 21:32:38,999 INFO       Lay du lieu do rung
2021-02-05 21:32:38,999 INFO       Lay du lieu tieng on
2021-02-05 21:32:38,999 ERROR Thoi gian chu trinh vuot qua 100ms
2021-02-05 21:32:39,003 INFO Chu trinh - 13 - Lay du lieu chieu nghich
2021-02-05 21:32:39,003 INFO   Lay du lieu - Backward
2021-02-05 21:32:39,003 INFO       Lay du lieu dong dien
2021-02-05 21:32:39,003 INFO       Lay du lieu nhap luc
2021-02-05 21:32:39,003 INFO       Lay du lieu do rung
2021-02-05 21:32:39,003 INFO       Lay du lieu tieng on
2021-02-05 21:32:39,163 INFO Chu trinh - 13 - Lay du lieu chieu nghich
2021-02-05 21:32:39,163 INFO   Lay du lieu - Backward
2021-02-05 21:32:39,163 INFO       Lay du lieu dong dien
2021-02-05 21:32:39,163 INFO       Lay du lieu nhap luc
2021-02-05 21:32:39,163 INFO       Lay du lieu do rung
2021-02-05 21:32:39,163 INFO       Lay du lieu tieng on
2021-02-05 21:32:39,210 INFO Chu trinh - 13 - Lay du lieu chieu nghich
2021-02-05 21:32:39,210 INFO   Lay du lieu - Backward
2021-02-05 21:32:39,210 INFO       Lay du lieu dong dien
2021-02-05 21:32:39,210 INFO       Lay du lieu nhap luc
2021-02-05 21:32:39,210 INFO       Lay du lieu do rung
2021-02-05 21:32:39,210 INFO       Lay du lieu tieng on
2021-02-05 21:32:39,512 INFO Chu trinh - 13 - Lay du lieu chieu nghich
2021-02-05 21:32:39,512 INFO   Lay du lieu - Backward
2021-02-05 21:32:39,512 INFO       Lay du lieu dong dien
2021-02-05 21:32:39,512 INFO       Lay du lieu nhap luc
2021-02-05 21:32:39,512 INFO       Lay du lieu do rung
2021-02-05 21:32:39,512 INFO       Lay du lieu tieng on
2021-02-05 21:32:39,512 ERROR Thoi gian chu trinh vuot qua 100ms
2021-02-05 21:32:39,512 INFO Chu trinh - 13 - Lay du lieu chieu nghich
2021-02-05 21:32:39,512 INFO   Lay du lieu - Backward
2021-02-05 21:32:39,512 INFO       Lay du lieu dong dien
2021-02-05 21:32:39,512 INFO       Lay du lieu nhap luc
2021-02-05 21:32:39,512 INFO       Lay du lieu do rung
2021-02-05 21:32:39,512 INFO       Lay du lieu tieng on
2021-02-05 21:32:39,681 INFO Chu trinh - 13 - Lay du lieu chieu nghich
2021-02-05 21:32:39,681 INFO   Lay du lieu - Backward
2021-02-05 21:32:39,681 INFO       Lay du lieu dong dien
2021-02-05 21:32:39,681 INFO       Lay du lieu nhap luc
2021-02-05 21:32:39,681 INFO       Lay du lieu do rung
2021-02-05 21:32:39,681 INFO       Lay du lieu tieng on
2021-02-05 21:32:39,728 INFO Chu trinh - 13 - Lay du lieu chieu nghich
2021-02-05 21:32:39,728 INFO   Lay du lieu - Backward
2021-02-05 21:32:39,728 INFO       Lay du lieu dong dien
2021-02-05 21:32:39,728 INFO       Lay du lieu nhap luc
2021-02-05 21:32:39,728 INFO       Lay du lieu do rung
2021-02-05 21:32:39,728 INFO       Lay du lieu tieng on
2021-02-05 21:32:39,882 INFO Chu trinh - 13 - Lay du lieu chieu nghich
2021-02-05 21:32:39,882 INFO   Lay du lieu - Backward
2021-02-05 21:32:39,882 INFO       Lay du lieu dong dien
2021-02-05 21:32:39,882 INFO       Lay du lieu nhap luc
2021-02-05 21:32:39,882 INFO       Lay du lieu do rung
2021-02-05 21:32:39,882 INFO       Lay du lieu tieng on
2021-02-05 21:32:39,945 INFO Chu trinh - 13 - Lay du lieu chieu nghich
2021-02-05 21:32:39,945 INFO   Lay du lieu - Backward
2021-02-05 21:32:39,945 INFO       Lay du lieu dong dien
2021-02-05 21:32:39,945 INFO       Lay du lieu nhap luc
2021-02-05 21:32:39,945 INFO       Lay du lieu do rung
2021-02-05 21:32:39,945 INFO       Lay du lieu tieng on
2021-02-05 21:32:39,945 INFO       Ve do thi du lieu
2021-02-05 21:32:40,123 INFO Chu trinh - 13 - Lay du lieu chieu nghich
2021-02-05 21:32:40,123 INFO   Lay du lieu - Backward
2021-02-05 21:32:40,123 INFO       Lay du lieu dong dien
2021-02-05 21:32:40,123 INFO       Lay du lieu nhap luc
2021-02-05 21:32:40,123 INFO       Lay du lieu do rung
2021-02-05 21:32:40,123 INFO       Lay du lieu tieng on
2021-02-05 21:32:40,230 INFO Chu trinh - 13 - Lay du lieu chieu nghich
2021-02-05 21:32:40,230 INFO   Lay du lieu - Backward
2021-02-05 21:32:40,230 INFO       Lay du lieu dong dien
2021-02-05 21:32:40,230 INFO       Lay du lieu nhap luc
2021-02-05 21:32:40,230 INFO       Lay du lieu do rung
2021-02-05 21:32:40,230 INFO       Lay du lieu tieng on
2021-02-05 21:32:40,230 ERROR Thoi gian chu trinh vuot qua 100ms
2021-02-05 21:32:40,230 INFO Chu trinh - 13 - Lay du lieu chieu nghich
2021-02-05 21:32:40,230 INFO   Lay du lieu - Backward
2021-02-05 21:32:40,230 INFO       Lay du lieu dong dien
2021-02-05 21:32:40,230 INFO       Lay du lieu nhap luc
2021-02-05 21:32:40,230 INFO       Lay du lieu do rung
2021-02-05 21:32:40,230 INFO       Lay du lieu tieng on
2021-02-05 21:32:40,399 INFO Chu trinh - 13 - Lay du lieu chieu nghich
2021-02-05 21:32:40,399 INFO   Lay du lieu - Backward
2021-02-05 21:32:40,399 INFO       Lay du lieu dong dien
2021-02-05 21:32:40,399 INFO       Lay du lieu nhap luc
2021-02-05 21:32:40,399 INFO       Lay du lieu do rung
2021-02-05 21:32:40,399 INFO       Lay du lieu tieng on
2021-02-05 21:32:40,461 INFO Chu trinh - 13 - Lay du lieu chieu nghich
2021-02-05 21:32:40,461 INFO   Lay du lieu - Backward
2021-02-05 21:32:40,461 INFO       Lay du lieu dong dien
2021-02-05 21:32:40,461 INFO       Lay du lieu nhap luc
2021-02-05 21:32:40,461 INFO       Lay du lieu do rung
2021-02-05 21:32:40,461 INFO       Lay du lieu tieng on
2021-02-05 21:32:40,615 INFO Chu trinh - 13 - Lay du lieu chieu nghich
2021-02-05 21:32:40,615 INFO   Lay du lieu - Backward
2021-02-05 21:32:40,615 INFO       Lay du lieu dong dien
2021-02-05 21:32:40,615 INFO       Lay du lieu nhap luc
2021-02-05 21:32:40,615 INFO       Lay du lieu do rung
2021-02-05 21:32:40,615 INFO       Lay du lieu tieng on
2021-02-05 21:32:40,662 INFO Chu trinh - 13 - Lay du lieu chieu nghich
2021-02-05 21:32:40,662 INFO   Lay du lieu - Backward
2021-02-05 21:32:40,662 INFO       Lay du lieu dong dien
2021-02-05 21:32:40,677 INFO       Lay du lieu nhap luc
2021-02-05 21:32:40,677 INFO       Lay du lieu do rung
2021-02-05 21:32:40,677 INFO       Lay du lieu tieng on
2021-02-05 21:32:40,793 INFO Chu trinh - 13 - Lay du lieu chieu nghich
2021-02-05 21:32:40,793 INFO   Lay du lieu - Backward
2021-02-05 21:32:40,793 INFO       Lay du lieu dong dien
2021-02-05 21:32:40,793 INFO       Lay du lieu nhap luc
2021-02-05 21:32:40,793 INFO       Lay du lieu do rung
2021-02-05 21:32:40,793 INFO       Lay du lieu tieng on
2021-02-05 21:32:40,878 INFO Chu trinh - 13 - Lay du lieu chieu nghich
2021-02-05 21:32:40,878 INFO   Lay du lieu - Backward
2021-02-05 21:32:40,878 INFO       Lay du lieu dong dien
2021-02-05 21:32:40,878 INFO       Lay du lieu nhap luc
2021-02-05 21:32:40,878 INFO       Lay du lieu do rung
2021-02-05 21:32:40,878 INFO       Lay du lieu tieng on
2021-02-05 21:32:40,993 INFO Chu trinh - 13 - Lay du lieu chieu nghich
2021-02-05 21:32:40,993 INFO   Lay du lieu - Backward
2021-02-05 21:32:40,993 INFO       Lay du lieu dong dien
2021-02-05 21:32:40,993 INFO       Lay du lieu nhap luc
2021-02-05 21:32:40,993 INFO       Lay du lieu do rung
2021-02-05 21:32:40,993 INFO       Lay du lieu tieng on
2021-02-05 21:32:40,993 INFO       Ve do thi du lieu
2021-02-05 21:32:41,078 ERROR Thoi gian chu trinh vuot qua 100ms
2021-02-05 21:32:41,209 INFO Chu trinh - 13 - Lay du lieu chieu nghich
2021-02-05 21:32:41,209 INFO   Lay du lieu - Backward
2021-02-05 21:32:41,209 INFO       Lay du lieu dong dien
2021-02-05 21:32:41,209 INFO       Lay du lieu nhap luc
2021-02-05 21:32:41,209 INFO       Lay du lieu do rung
2021-02-05 21:32:41,209 INFO       Lay du lieu tieng on
2021-02-05 21:32:41,209 ERROR Thoi gian chu trinh vuot qua 100ms
2021-02-05 21:32:47,304 INFO Chu trinh - 15 - Ghi du lieu am thanh chieu nghich
2021-02-05 21:32:49,444 ERROR Thoi gian chu trinh vuot qua 100ms
2021-02-05 21:32:49,725 ERROR Thoi gian chu trinh vuot qua 100ms
2021-02-05 21:32:49,725 INFO Chu trinh - 19 - Hoan tat lay du lieu - bat dau ghi ra file
2021-02-05 21:32:49,725 INFO Ghi ra file csv
2021-02-05 21:32:49,725 INFO Upload du lieu am thanh len server
2021-02-05 21:32:49,835 INFO Chu trinh - 0 - Khoi tao + Doi tin hieu bat dau chay
