2021-04-23 20:54:54,584 ERROR Thoi gian chu trinh vuot qua 100ms
2021-04-23 20:54:54,615 INFO Chu trinh - 3 - Lay du lieu chieu thuan
2021-04-23 20:54:54,662 INFO   Lay du lieu - Forward
2021-04-23 20:54:54,662 INFO       Lay du lieu dong dien
2021-04-23 20:54:54,662 INFO       Lay du lieu nhap luc
2021-04-23 20:54:54,662 INFO       Lay du lieu do rung
2021-04-23 20:54:54,662 INFO       Lay du lieu tieng on
2021-04-23 20:54:54,662 INFO       Ve do thi du lieu
2021-04-23 20:54:54,707 INFO Chu trinh - 3 - Lay du lieu chieu thuan
2021-04-23 20:54:54,723 INFO   Lay du lieu - Forward
2021-04-23 20:54:54,723 INFO       Lay du lieu dong dien
2021-04-23 20:54:54,723 INFO       Lay du lieu nhap luc
2021-04-23 20:54:54,723 INFO       Lay du lieu do rung
2021-04-23 20:54:54,723 INFO       Lay du lieu tieng on
2021-04-23 20:54:54,823 INFO Chu trinh - 3 - Lay du lieu chieu thuan
2021-04-23 20:54:54,870 INFO   Lay du lieu - Forward
2021-04-23 20:54:54,870 INFO       Lay du lieu dong dien
2021-04-23 20:54:54,870 INFO       Lay du lieu nhap luc
2021-04-23 20:54:54,870 INFO       Lay du lieu do rung
2021-04-23 20:54:54,870 INFO       Lay du lieu tieng on
2021-04-23 20:54:54,970 INFO Chu trinh - 3 - Lay du lieu chieu thuan
2021-04-23 20:54:54,970 INFO   Lay du lieu - Forward
2021-04-23 20:54:54,970 INFO       Lay du lieu dong dien
2021-04-23 20:54:54,970 INFO       Lay du lieu nhap luc
2021-04-23 20:54:54,970 INFO       Lay du lieu do rung
2021-04-23 20:54:54,970 INFO       Lay du lieu tieng on
2021-04-23 20:54:55,023 INFO Chu trinh - 3 - Lay du lieu chieu thuan
2021-04-23 20:54:55,023 INFO   Lay du lieu - Forward
2021-04-23 20:54:55,023 INFO       Lay du lieu dong dien
2021-04-23 20:54:55,023 INFO       Lay du lieu nhap luc
2021-04-23 20:54:55,023 INFO       Lay du lieu do rung
2021-04-23 20:54:55,023 INFO       Lay du lieu tieng on
2021-04-23 20:54:55,133 INFO Chu trinh - 3 - Lay du lieu chieu thuan
2021-04-23 20:54:55,194 INFO   Lay du lieu - Forward
2021-04-23 20:54:55,194 INFO       Lay du lieu dong dien
2021-04-23 20:54:55,194 INFO       Lay du lieu nhap luc
2021-04-23 20:54:55,194 INFO       Lay du lieu do rung
2021-04-23 20:54:55,194 INFO       Lay du lieu tieng on
2021-04-23 20:54:55,241 INFO Chu trinh - 3 - Lay du lieu chieu thuan
2021-04-23 20:54:55,241 INFO   Lay du lieu - Forward
2021-04-23 20:54:55,241 INFO       Lay du lieu dong dien
2021-04-23 20:54:55,241 INFO       Lay du lieu nhap luc
2021-04-23 20:54:55,241 INFO       Lay du lieu do rung
2021-04-23 20:54:55,256 INFO       Lay du lieu tieng on
2021-04-23 20:54:55,310 INFO Chu trinh - 3 - Lay du lieu chieu thuan
2021-04-23 20:54:55,310 INFO   Lay du lieu - Forward
2021-04-23 20:54:55,310 INFO       Lay du lieu dong dien
2021-04-23 20:54:55,310 INFO       Lay du lieu nhap luc
2021-04-23 20:54:55,310 INFO       Lay du lieu do rung
2021-04-23 20:54:55,310 INFO       Lay du lieu tieng on
2021-04-23 20:54:55,410 INFO Chu trinh - 3 - Lay du lieu chieu thuan
2021-04-23 20:54:55,472 INFO   Lay du lieu - Forward
2021-04-23 20:54:55,472 INFO       Lay du lieu dong dien
2021-04-23 20:54:55,472 INFO       Lay du lieu nhap luc
2021-04-23 20:54:55,472 INFO       Lay du lieu do rung
2021-04-23 20:54:55,472 INFO       Lay du lieu tieng on
2021-04-23 20:54:55,472 INFO       Ve do thi du lieu
2021-04-23 20:54:55,510 INFO Chu trinh - 3 - Lay du lieu chieu thuan
2021-04-23 20:54:55,526 INFO   Lay du lieu - Forward
2021-04-23 20:54:55,526 INFO       Lay du lieu dong dien
2021-04-23 20:54:55,526 INFO       Lay du lieu nhap luc
2021-04-23 20:54:55,526 INFO       Lay du lieu do rung
2021-04-23 20:54:55,526 INFO       Lay du lieu tieng on
2021-04-23 20:54:55,626 INFO Chu trinh - 3 - Lay du lieu chieu thuan
2021-04-23 20:54:55,673 INFO   Lay du lieu - Forward
2021-04-23 20:54:55,673 INFO       Lay du lieu dong dien
2021-04-23 20:54:55,673 INFO       Lay du lieu nhap luc
2021-04-23 20:54:55,673 INFO       Lay du lieu do rung
2021-04-23 20:54:55,673 INFO       Lay du lieu tieng on
2021-04-23 20:54:55,726 INFO Chu trinh - 3 - Lay du lieu chieu thuan
2021-04-23 20:54:55,726 INFO   Lay du lieu - Forward
2021-04-23 20:54:55,726 INFO       Lay du lieu dong dien
2021-04-23 20:54:55,726 INFO       Lay du lieu nhap luc
2021-04-23 20:54:55,726 INFO       Lay du lieu do rung
2021-04-23 20:54:55,726 INFO       Lay du lieu tieng on
2021-04-23 20:54:55,827 INFO Chu trinh - 3 - Lay du lieu chieu thuan
2021-04-23 20:54:55,874 INFO   Lay du lieu - Forward
2021-04-23 20:54:55,874 INFO       Lay du lieu dong dien
2021-04-23 20:54:55,874 INFO       Lay du lieu nhap luc
2021-04-23 20:54:55,874 INFO       Lay du lieu do rung
2021-04-23 20:54:55,874 INFO       Lay du lieu tieng on
2021-04-23 20:54:55,927 INFO Chu trinh - 3 - Lay du lieu chieu thuan
2021-04-23 20:54:55,927 INFO   Lay du lieu - Forward
2021-04-23 20:54:55,927 INFO       Lay du lieu dong dien
2021-04-23 20:54:55,927 INFO       Lay du lieu nhap luc
2021-04-23 20:54:55,927 INFO       Lay du lieu do rung
2021-04-23 20:54:55,927 INFO       Lay du lieu tieng on
2021-04-23 20:54:56,012 INFO Chu trinh - 3 - Lay du lieu chieu thuan
2021-04-23 20:54:56,096 INFO   Lay du lieu - Forward
2021-04-23 20:54:56,096 INFO       Lay du lieu dong dien
2021-04-23 20:54:56,096 INFO       Lay du lieu nhap luc
2021-04-23 20:54:56,096 INFO       Lay du lieu do rung
2021-04-23 20:54:56,096 INFO       Lay du lieu tieng on
2021-04-23 20:54:56,096 ERROR Thoi gian chu trinh vuot qua 100ms
2021-04-23 20:54:56,096 INFO Chu trinh - 3 - Lay du lieu chieu thuan
2021-04-23 20:54:56,143 INFO   Lay du lieu - Forward
2021-04-23 20:54:56,159 INFO       Lay du lieu dong dien
2021-04-23 20:54:56,159 INFO       Lay du lieu nhap luc
2021-04-23 20:54:56,159 INFO       Lay du lieu do rung
2021-04-23 20:54:56,159 INFO       Lay du lieu tieng on
2021-04-23 20:54:56,213 INFO Chu trinh - 3 - Lay du lieu chieu thuan
2021-04-23 20:54:56,892 INFO   Lay du lieu - Forward
2021-04-23 20:54:56,892 INFO       Lay du lieu dong dien
2021-04-23 20:54:56,892 INFO       Lay du lieu nhap luc
2021-04-23 20:54:56,892 INFO       Lay du lieu do rung
2021-04-23 20:54:56,892 INFO       Lay du lieu tieng on
2021-04-23 20:54:56,892 ERROR Thoi gian chu trinh vuot qua 100ms
2021-04-23 20:54:56,980 INFO Chu trinh - 3 - Lay du lieu chieu thuan
2021-04-23 20:54:57,079 INFO   Lay du lieu - Forward
2021-04-23 20:54:57,079 INFO       Lay du lieu dong dien
2021-04-23 20:54:57,079 INFO       Lay du lieu nhap luc
2021-04-23 20:54:57,079 INFO       Lay du lieu do rung
2021-04-23 20:54:57,079 INFO       Lay du lieu tieng on
2021-04-23 20:54:57,079 ERROR Thoi gian chu trinh vuot qua 100ms
2021-04-23 20:54:57,079 INFO Chu trinh - 3 - Lay du lieu chieu thuan
2021-04-23 20:54:57,079 INFO   Lay du lieu - Forward
2021-04-23 20:54:57,079 INFO       Lay du lieu dong dien
2021-04-23 20:54:57,079 INFO       Lay du lieu nhap luc
2021-04-23 20:54:57,079 INFO       Lay du lieu do rung
2021-04-23 20:54:57,079 INFO       Lay du lieu tieng on
2021-04-23 20:54:57,079 INFO       Ve do thi du lieu
2021-04-23 20:54:57,232 INFO Chu trinh - 3 - Lay du lieu chieu thuan
2021-04-23 20:54:57,279 INFO   Lay du lieu - Forward
2021-04-23 20:54:57,279 INFO       Lay du lieu dong dien
2021-04-23 20:54:57,279 INFO       Lay du lieu nhap luc
2021-04-23 20:54:57,279 INFO       Lay du lieu do rung
2021-04-23 20:54:57,279 INFO       Lay du lieu tieng on
2021-04-23 20:54:57,279 ERROR Thoi gian chu trinh vuot qua 100ms
2021-04-23 20:54:57,279 INFO Chu trinh - 3 - Lay du lieu chieu thuan
2021-04-23 20:54:57,279 INFO   Lay du lieu - Forward
2021-04-23 20:54:57,279 INFO       Lay du lieu dong dien
2021-04-23 20:54:57,279 INFO       Lay du lieu nhap luc
2021-04-23 20:54:57,279 INFO       Lay du lieu do rung
2021-04-23 20:54:57,279 INFO       Lay du lieu tieng on
2021-04-23 20:54:57,433 INFO Chu trinh - 3 - Lay du lieu chieu thuan
2021-04-23 20:54:57,480 INFO   Lay du lieu - Forward
2021-04-23 20:54:57,480 INFO       Lay du lieu dong dien
2021-04-23 20:54:57,480 INFO       Lay du lieu nhap luc
2021-04-23 20:54:57,480 INFO       Lay du lieu do rung
2021-04-23 20:54:57,480 INFO       Lay du lieu tieng on
2021-04-23 20:54:57,480 ERROR Thoi gian chu trinh vuot qua 100ms
2021-04-23 20:54:57,480 INFO Chu trinh - 3 - Lay du lieu chieu thuan
2021-04-23 20:54:57,495 INFO   Lay du lieu - Forward
2021-04-23 20:54:57,495 INFO       Lay du lieu dong dien
2021-04-23 20:54:57,495 INFO       Lay du lieu nhap luc
2021-04-23 20:54:57,495 INFO       Lay du lieu do rung
2021-04-23 20:54:57,495 INFO       Lay du lieu tieng on
2021-04-23 20:54:57,606 INFO Chu trinh - 3 - Lay du lieu chieu thuan
2021-04-23 20:54:57,653 INFO   Lay du lieu - Forward
2021-04-23 20:54:57,653 INFO       Lay du lieu dong dien
2021-04-23 20:54:57,653 INFO       Lay du lieu nhap luc
2021-04-23 20:54:57,668 INFO       Lay du lieu do rung
2021-04-23 20:54:57,668 INFO       Lay du lieu tieng on
2021-04-23 20:54:57,706 INFO Chu trinh - 3 - Lay du lieu chieu thuan
2021-04-23 20:54:57,722 INFO   Lay du lieu - Forward
2021-04-23 20:54:57,722 INFO       Lay du lieu dong dien
2021-04-23 20:54:57,722 INFO       Lay du lieu nhap luc
2021-04-23 20:54:57,722 INFO       Lay du lieu do rung
2021-04-23 20:54:57,722 INFO       Lay du lieu tieng on
2021-04-23 20:54:57,822 INFO Chu trinh - 3 - Lay du lieu chieu thuan
2021-04-23 20:54:57,869 INFO   Lay du lieu - Forward
2021-04-23 20:54:57,869 INFO       Lay du lieu dong dien
2021-04-23 20:54:57,869 INFO       Lay du lieu nhap luc
2021-04-23 20:54:57,869 INFO       Lay du lieu do rung
2021-04-23 20:54:57,869 INFO       Lay du lieu tieng on
2021-04-23 20:54:57,922 INFO Chu trinh - 3 - Lay du lieu chieu thuan
2021-04-23 20:54:57,922 INFO   Lay du lieu - Forward
2021-04-23 20:54:57,922 INFO       Lay du lieu dong dien
2021-04-23 20:54:57,922 INFO       Lay du lieu nhap luc
2021-04-23 20:54:57,922 INFO       Lay du lieu do rung
2021-04-23 20:54:57,922 INFO       Lay du lieu tieng on
2021-04-23 20:54:58,023 INFO Chu trinh - 3 - Lay du lieu chieu thuan
2021-04-23 20:54:58,070 INFO   Lay du lieu - Forward
2021-04-23 20:54:58,070 INFO       Lay du lieu dong dien
2021-04-23 20:54:58,070 INFO       Lay du lieu nhap luc
2021-04-23 20:54:58,070 INFO       Lay du lieu do rung
2021-04-23 20:54:58,070 INFO       Lay du lieu tieng on
2021-04-23 20:54:58,111 INFO Chu trinh - 3 - Lay du lieu chieu thuan
2021-04-23 20:54:58,111 INFO   Lay du lieu - Forward
2021-04-23 20:54:58,111 INFO       Lay du lieu dong dien
2021-04-23 20:54:58,111 INFO       Lay du lieu nhap luc
2021-04-23 20:54:58,111 INFO       Lay du lieu do rung
2021-04-23 20:54:58,111 INFO       Lay du lieu tieng on
2021-04-23 20:54:58,111 INFO       Ve do thi du lieu
2021-04-23 20:54:58,227 INFO Chu trinh - 3 - Lay du lieu chieu thuan
2021-04-23 20:54:58,274 INFO   Lay du lieu - Forward
2021-04-23 20:54:58,274 INFO       Lay du lieu dong dien
2021-04-23 20:54:58,274 INFO       Lay du lieu nhap luc
2021-04-23 20:54:58,274 INFO       Lay du lieu do rung
2021-04-23 20:54:58,274 INFO       Lay du lieu tieng on
2021-04-23 20:54:58,327 INFO Chu trinh - 3 - Lay du lieu chieu thuan
2021-04-23 20:54:58,327 INFO   Lay du lieu - Forward
2021-04-23 20:54:58,327 INFO       Lay du lieu dong dien
2021-04-23 20:54:58,327 INFO       Lay du lieu nhap luc
2021-04-23 20:54:58,327 INFO       Lay du lieu do rung
2021-04-23 20:54:58,327 INFO       Lay du lieu tieng on
2021-04-23 20:54:58,427 INFO Chu trinh - 3 - Lay du lieu chieu thuan
2021-04-23 20:54:58,474 INFO   Lay du lieu - Forward
2021-04-23 20:54:58,474 INFO       Lay du lieu dong dien
2021-04-23 20:54:58,474 INFO       Lay du lieu nhap luc
2021-04-23 20:54:58,474 INFO       Lay du lieu do rung
2021-04-23 20:54:58,474 INFO       Lay du lieu tieng on
2021-04-23 20:54:58,527 INFO Chu trinh - 3 - Lay du lieu chieu thuan
2021-04-23 20:54:58,527 INFO   Lay du lieu - Forward
2021-04-23 20:54:58,527 INFO       Lay du lieu dong dien
2021-04-23 20:54:58,527 INFO       Lay du lieu nhap luc
2021-04-23 20:54:58,527 INFO       Lay du lieu do rung
2021-04-23 20:54:58,527 INFO       Lay du lieu tieng on
2021-04-23 20:54:58,606 INFO Chu trinh - 3 - Lay du lieu chieu thuan
2021-04-23 20:54:58,690 INFO   Lay du lieu - Forward
2021-04-23 20:54:58,690 INFO       Lay du lieu dong dien
2021-04-23 20:54:58,690 INFO       Lay du lieu nhap luc
2021-04-23 20:54:58,690 INFO       Lay du lieu do rung
2021-04-23 20:54:58,690 INFO       Lay du lieu tieng on
2021-04-23 20:54:58,690 ERROR Thoi gian chu trinh vuot qua 100ms
2021-04-23 20:54:58,794 INFO Chu trinh - 3 - Lay du lieu chieu thuan
2021-04-23 20:54:58,847 INFO   Lay du lieu - Forward
2021-04-23 20:54:58,847 INFO       Lay du lieu dong dien
2021-04-23 20:54:58,847 INFO       Lay du lieu nhap luc
2021-04-23 20:54:58,847 INFO       Lay du lieu do rung
2021-04-23 20:54:58,847 INFO       Lay du lieu tieng on
2021-04-23 20:54:58,847 ERROR Thoi gian chu trinh vuot qua 100ms
2021-04-23 20:54:58,847 INFO Chu trinh - 3 - Lay du lieu chieu thuan
2021-04-23 20:54:58,863 INFO   Lay du lieu - Forward
2021-04-23 20:54:58,863 INFO       Lay du lieu dong dien
2021-04-23 20:54:58,863 INFO       Lay du lieu nhap luc
2021-04-23 20:54:58,863 INFO       Lay du lieu do rung
2021-04-23 20:54:58,863 INFO       Lay du lieu tieng on
2021-04-23 20:54:58,963 INFO Chu trinh - 3 - Lay du lieu chieu thuan
2021-04-23 20:54:59,017 INFO   Lay du lieu - Forward
2021-04-23 20:54:59,017 INFO       Lay du lieu dong dien
2021-04-23 20:54:59,017 INFO       Lay du lieu nhap luc
2021-04-23 20:54:59,017 INFO       Lay du lieu do rung
2021-04-23 20:54:59,017 INFO       Lay du lieu tieng on
2021-04-23 20:54:59,064 INFO Chu trinh - 3 - Lay du lieu chieu thuan
2021-04-23 20:54:59,079 INFO   Lay du lieu - Forward
2021-04-23 20:54:59,079 INFO       Lay du lieu dong dien
2021-04-23 20:54:59,079 INFO       Lay du lieu nhap luc
2021-04-23 20:54:59,079 INFO       Lay du lieu do rung
2021-04-23 20:54:59,079 INFO       Lay du lieu tieng on
2021-04-23 20:54:59,180 INFO Chu trinh - 3 - Lay du lieu chieu thuan
2021-04-23 20:54:59,233 INFO   Lay du lieu - Forward
2021-04-23 20:54:59,233 INFO       Lay du lieu dong dien
2021-04-23 20:54:59,233 INFO       Lay du lieu nhap luc
2021-04-23 20:54:59,233 INFO       Lay du lieu do rung
2021-04-23 20:54:59,233 INFO       Lay du lieu tieng on
2021-04-23 20:54:59,233 INFO       Ve do thi du lieu
2021-04-23 20:54:59,296 INFO Chu trinh - 3 - Lay du lieu chieu thuan
2021-04-23 20:54:59,296 INFO   Lay du lieu - Forward
2021-04-23 20:54:59,296 INFO       Lay du lieu dong dien
2021-04-23 20:54:59,296 INFO       Lay du lieu nhap luc
2021-04-23 20:54:59,296 INFO       Lay du lieu do rung
2021-04-23 20:54:59,296 INFO       Lay du lieu tieng on
2021-04-23 20:54:59,376 INFO Chu trinh - 3 - Lay du lieu chieu thuan
2021-04-23 20:54:59,420 INFO   Lay du lieu - Forward
2021-04-23 20:54:59,420 INFO       Lay du lieu dong dien
2021-04-23 20:54:59,420 INFO       Lay du lieu nhap luc
2021-04-23 20:54:59,420 INFO       Lay du lieu do rung
2021-04-23 20:54:59,420 INFO       Lay du lieu tieng on
2021-04-23 20:54:59,514 INFO Chu trinh - 3 - Lay du lieu chieu thuan
2021-04-23 20:54:59,520 INFO   Lay du lieu - Forward
2021-04-23 20:54:59,520 INFO       Lay du lieu dong dien
2021-04-23 20:54:59,520 INFO       Lay du lieu nhap luc
2021-04-23 20:54:59,520 INFO       Lay du lieu do rung
2021-04-23 20:54:59,520 INFO       Lay du lieu tieng on
2021-04-23 20:54:59,582 INFO Chu trinh - 3 - Lay du lieu chieu thuan
2021-04-23 20:54:59,636 INFO   Lay du lieu - Forward
2021-04-23 20:54:59,636 INFO       Lay du lieu dong dien
2021-04-23 20:54:59,636 INFO       Lay du lieu nhap luc
2021-04-23 20:54:59,636 INFO       Lay du lieu do rung
2021-04-23 20:54:59,636 INFO       Lay du lieu tieng on
2021-04-23 20:54:59,683 INFO Chu trinh - 3 - Lay du lieu chieu thuan
2021-04-23 20:54:59,736 INFO   Lay du lieu - Forward
2021-04-23 20:54:59,736 INFO       Lay du lieu dong dien
2021-04-23 20:54:59,736 INFO       Lay du lieu nhap luc
2021-04-23 20:54:59,736 INFO       Lay du lieu do rung
2021-04-23 20:54:59,736 INFO       Lay du lieu tieng on
2021-04-23 20:54:59,783 INFO Chu trinh - 3 - Lay du lieu chieu thuan
2021-04-23 20:54:59,783 INFO   Lay du lieu - Forward
2021-04-23 20:54:59,783 INFO       Lay du lieu dong dien
2021-04-23 20:54:59,783 INFO       Lay du lieu nhap luc
2021-04-23 20:54:59,783 INFO       Lay du lieu do rung
2021-04-23 20:54:59,783 INFO       Lay du lieu tieng on
2021-04-23 20:54:59,883 INFO Chu trinh - 3 - Lay du lieu chieu thuan
2021-04-23 20:54:59,921 INFO   Lay du lieu - Forward
2021-04-23 20:54:59,921 INFO       Lay du lieu dong dien
2021-04-23 20:54:59,921 INFO       Lay du lieu nhap luc
2021-04-23 20:54:59,921 INFO       Lay du lieu do rung
2021-04-23 20:54:59,921 INFO       Lay du lieu tieng on
2021-04-23 20:54:59,983 INFO Chu trinh - 3 - Lay du lieu chieu thuan
2021-04-23 20:54:59,983 INFO   Lay du lieu - Forward
2021-04-23 20:54:59,983 INFO       Lay du lieu dong dien
2021-04-23 20:54:59,983 INFO       Lay du lieu nhap luc
2021-04-23 20:54:59,983 INFO       Lay du lieu do rung
2021-04-23 20:54:59,983 INFO       Lay du lieu tieng on
2021-04-23 20:55:00,084 INFO Chu trinh - 3 - Lay du lieu chieu thuan
2021-04-23 20:55:00,137 INFO   Lay du lieu - Forward
2021-04-23 20:55:00,137 INFO       Lay du lieu dong dien
2021-04-23 20:55:00,137 INFO       Lay du lieu nhap luc
2021-04-23 20:55:00,137 INFO       Lay du lieu do rung
2021-04-23 20:55:00,137 INFO       Lay du lieu tieng on
2021-04-23 20:55:00,184 INFO Chu trinh - 3 - Lay du lieu chieu thuan
2021-04-23 20:55:00,184 INFO   Lay du lieu - Forward
2021-04-23 20:55:00,184 INFO       Lay du lieu dong dien
2021-04-23 20:55:00,184 INFO       Lay du lieu nhap luc
2021-04-23 20:55:00,184 INFO       Lay du lieu do rung
2021-04-23 20:55:00,184 INFO       Lay du lieu tieng on
2021-04-23 20:55:00,184 INFO       Ve do thi du lieu
2021-04-23 20:55:00,284 INFO Chu trinh - 3 - Lay du lieu chieu thuan
2021-04-23 20:55:00,325 INFO   Lay du lieu - Forward
2021-04-23 20:55:00,325 INFO       Lay du lieu dong dien
2021-04-23 20:55:00,325 INFO       Lay du lieu nhap luc
2021-04-23 20:55:00,325 INFO       Lay du lieu do rung
2021-04-23 20:55:00,325 INFO       Lay du lieu tieng on
2021-04-23 20:55:00,388 INFO Chu trinh - 3 - Lay du lieu chieu thuan
2021-04-23 20:55:00,388 INFO   Lay du lieu - Forward
2021-04-23 20:55:00,388 INFO       Lay du lieu dong dien
2021-04-23 20:55:00,388 INFO       Lay du lieu nhap luc
2021-04-23 20:55:00,388 INFO       Lay du lieu do rung
2021-04-23 20:55:00,388 INFO       Lay du lieu tieng on
2021-04-23 20:55:00,488 INFO Chu trinh - 3 - Lay du lieu chieu thuan
2021-04-23 20:55:00,542 INFO   Lay du lieu - Forward
2021-04-23 20:55:00,542 INFO       Lay du lieu dong dien
2021-04-23 20:55:00,542 INFO       Lay du lieu nhap luc
2021-04-23 20:55:00,542 INFO       Lay du lieu do rung
2021-04-23 20:55:00,542 INFO       Lay du lieu tieng on
2021-04-23 20:55:00,589 INFO Chu trinh - 3 - Lay du lieu chieu thuan
2021-04-23 20:55:00,657 INFO   Lay du lieu - Forward
2021-04-23 20:55:00,657 INFO       Lay du lieu dong dien
2021-04-23 20:55:00,657 INFO       Lay du lieu nhap luc
2021-04-23 20:55:00,657 INFO       Lay du lieu do rung
2021-04-23 20:55:00,657 INFO       Lay du lieu tieng on
2021-04-23 20:55:00,693 INFO Chu trinh - 3 - Lay du lieu chieu thuan
2021-04-23 20:55:00,742 INFO   Lay du lieu - Forward
2021-04-23 20:55:00,742 INFO       Lay du lieu dong dien
2021-04-23 20:55:00,742 INFO       Lay du lieu nhap luc
2021-04-23 20:55:00,742 INFO       Lay du lieu do rung
2021-04-23 20:55:00,742 INFO       Lay du lieu tieng on
2021-04-23 20:55:00,789 INFO Chu trinh - 3 - Lay du lieu chieu thuan
2021-04-23 20:55:00,842 INFO   Lay du lieu - Forward
2021-04-23 20:55:00,842 INFO       Lay du lieu dong dien
2021-04-23 20:55:00,842 INFO       Lay du lieu nhap luc
2021-04-23 20:55:00,842 INFO       Lay du lieu do rung
2021-04-23 20:55:00,842 INFO       Lay du lieu tieng on
2021-04-23 20:55:00,889 INFO Chu trinh - 3 - Lay du lieu chieu thuan
2021-04-23 20:55:00,889 INFO   Lay du lieu - Forward
2021-04-23 20:55:00,889 INFO       Lay du lieu dong dien
2021-04-23 20:55:00,889 INFO       Lay du lieu nhap luc
2021-04-23 20:55:00,889 INFO       Lay du lieu do rung
2021-04-23 20:55:00,889 INFO       Lay du lieu tieng on
2021-04-23 20:55:01,005 INFO Chu trinh - 3 - Lay du lieu chieu thuan
2021-04-23 20:55:01,058 INFO   Lay du lieu - Forward
2021-04-23 20:55:01,058 INFO       Lay du lieu dong dien
2021-04-23 20:55:01,058 INFO       Lay du lieu nhap luc
2021-04-23 20:55:01,058 INFO       Lay du lieu do rung
2021-04-23 20:55:01,058 INFO       Lay du lieu tieng on
2021-04-23 20:55:01,089 INFO Chu trinh - 3 - Lay du lieu chieu thuan
2021-04-23 20:55:01,089 INFO   Lay du lieu - Forward
2021-04-23 20:55:01,089 INFO       Lay du lieu dong dien
2021-04-23 20:55:01,089 INFO       Lay du lieu nhap luc
2021-04-23 20:55:01,089 INFO       Lay du lieu do rung
2021-04-23 20:55:01,089 INFO       Lay du lieu tieng on
2021-04-23 20:55:01,189 INFO Chu trinh - 3 - Lay du lieu chieu thuan
2021-04-23 20:55:01,242 INFO   Lay du lieu - Forward
2021-04-23 20:55:01,242 INFO       Lay du lieu dong dien
2021-04-23 20:55:01,242 INFO       Lay du lieu nhap luc
2021-04-23 20:55:01,242 INFO       Lay du lieu do rung
2021-04-23 20:55:01,242 INFO       Lay du lieu tieng on
2021-04-23 20:55:01,242 INFO       Ve do thi du lieu
2021-04-23 20:55:01,289 INFO Chu trinh - 3 - Lay du lieu chieu thuan
2021-04-23 20:55:01,304 INFO   Lay du lieu - Forward
2021-04-23 20:55:01,304 INFO       Lay du lieu dong dien
2021-04-23 20:55:01,304 INFO       Lay du lieu nhap luc
2021-04-23 20:55:01,304 INFO       Lay du lieu do rung
2021-04-23 20:55:01,304 INFO       Lay du lieu tieng on
2021-04-23 20:55:01,407 INFO Chu trinh - 3 - Lay du lieu chieu thuan
2021-04-23 20:55:01,446 INFO   Lay du lieu - Forward
2021-04-23 20:55:01,446 INFO       Lay du lieu dong dien
2021-04-23 20:55:01,446 INFO       Lay du lieu nhap luc
2021-04-23 20:55:01,446 INFO       Lay du lieu do rung
2021-04-23 20:55:01,446 INFO       Lay du lieu tieng on
2021-04-23 20:55:01,493 INFO Chu trinh - 3 - Lay du lieu chieu thuan
2021-04-23 20:55:01,509 INFO   Lay du lieu - Forward
2021-04-23 20:55:01,509 INFO       Lay du lieu dong dien
2021-04-23 20:55:01,509 INFO       Lay du lieu nhap luc
2021-04-23 20:55:01,509 INFO       Lay du lieu do rung
2021-04-23 20:55:01,509 INFO       Lay du lieu tieng on
2021-04-23 20:55:01,624 INFO Chu trinh - 3 - Lay du lieu chieu thuan
2021-04-23 20:55:01,662 INFO   Lay du lieu - Forward
2021-04-23 20:55:01,662 INFO       Lay du lieu dong dien
2021-04-23 20:55:01,662 INFO       Lay du lieu nhap luc
2021-04-23 20:55:01,662 INFO       Lay du lieu do rung
2021-04-23 20:55:01,662 INFO       Lay du lieu tieng on
2021-04-23 20:55:01,709 INFO Chu trinh - 3 - Lay du lieu chieu thuan
2021-04-23 20:55:01,724 INFO   Lay du lieu - Forward
2021-04-23 20:55:01,724 INFO       Lay du lieu dong dien
2021-04-23 20:55:01,724 INFO       Lay du lieu nhap luc
2021-04-23 20:55:01,724 INFO       Lay du lieu do rung
2021-04-23 20:55:01,724 INFO       Lay du lieu tieng on
2021-04-23 20:55:01,793 INFO Chu trinh - 3 - Lay du lieu chieu thuan
2021-04-23 20:55:01,831 INFO   Lay du lieu - Forward
2021-04-23 20:55:01,831 INFO       Lay du lieu dong dien
2021-04-23 20:55:01,831 INFO       Lay du lieu nhap luc
2021-04-23 20:55:01,831 INFO       Lay du lieu do rung
2021-04-23 20:55:01,831 INFO       Lay du lieu tieng on
2021-04-23 20:55:01,929 INFO Chu trinh - 3 - Lay du lieu chieu thuan
2021-04-23 20:55:01,935 INFO   Lay du lieu - Forward
2021-04-23 20:55:01,935 INFO       Lay du lieu dong dien
2021-04-23 20:55:01,935 INFO       Lay du lieu nhap luc
2021-04-23 20:55:01,935 INFO       Lay du lieu do rung
2021-04-23 20:55:01,935 INFO       Lay du lieu tieng on
2021-04-23 20:55:01,997 INFO Chu trinh - 3 - Lay du lieu chieu thuan
2021-04-23 20:55:02,035 INFO   Lay du lieu - Forward
2021-04-23 20:55:02,035 INFO       Lay du lieu dong dien
2021-04-23 20:55:02,035 INFO       Lay du lieu nhap luc
2021-04-23 20:55:02,035 INFO       Lay du lieu do rung
2021-04-23 20:55:02,035 INFO       Lay du lieu tieng on
2021-04-23 20:55:02,136 INFO Chu trinh - 3 - Lay du lieu chieu thuan
2021-04-23 20:55:02,136 INFO   Lay du lieu - Forward
2021-04-23 20:55:02,136 INFO       Lay du lieu dong dien
2021-04-23 20:55:02,136 INFO       Lay du lieu nhap luc
2021-04-23 20:55:02,136 INFO       Lay du lieu do rung
2021-04-23 20:55:02,136 INFO       Lay du lieu tieng on
2021-04-23 20:55:02,198 INFO Chu trinh - 3 - Lay du lieu chieu thuan
2021-04-23 20:55:02,198 INFO   Lay du lieu - Forward
2021-04-23 20:55:02,198 INFO       Lay du lieu dong dien
2021-04-23 20:55:02,198 INFO       Lay du lieu nhap luc
2021-04-23 20:55:02,198 INFO       Lay du lieu do rung
2021-04-23 20:55:02,198 INFO       Lay du lieu tieng on
2021-04-23 20:55:02,198 INFO       Ve do thi du lieu
2021-04-23 20:55:02,299 INFO Chu trinh - 3 - Lay du lieu chieu thuan
2021-04-23 20:55:02,352 INFO   Lay du lieu - Forward
2021-04-23 20:55:02,352 INFO       Lay du lieu dong dien
2021-04-23 20:55:02,352 INFO       Lay du lieu nhap luc
2021-04-23 20:55:02,352 INFO       Lay du lieu do rung
2021-04-23 20:55:02,352 INFO       Lay du lieu tieng on
2021-04-23 20:55:02,399 INFO Chu trinh - 3 - Lay du lieu chieu thuan
2021-04-23 20:55:02,537 INFO   Lay du lieu - Forward
2021-04-23 20:55:02,537 INFO       Lay du lieu dong dien
2021-04-23 20:55:02,537 INFO       Lay du lieu nhap luc
2021-04-23 20:55:02,537 INFO       Lay du lieu do rung
2021-04-23 20:55:02,537 INFO       Lay du lieu tieng on
2021-04-23 20:55:02,537 ERROR Thoi gian chu trinh vuot qua 100ms
2021-04-23 20:55:02,584 INFO Chu trinh - 3 - Lay du lieu chieu thuan
2021-04-23 20:55:02,653 INFO   Lay du lieu - Forward
2021-04-23 20:55:02,653 INFO       Lay du lieu dong dien
2021-04-23 20:55:02,653 INFO       Lay du lieu nhap luc
2021-04-23 20:55:02,653 INFO       Lay du lieu do rung
2021-04-23 20:55:02,653 INFO       Lay du lieu tieng on
2021-04-23 20:55:02,653 ERROR Thoi gian chu trinh vuot qua 100ms
2021-04-23 20:55:02,653 INFO Chu trinh - 3 - Lay du lieu chieu thuan
2021-04-23 20:55:02,671 INFO   Lay du lieu - Forward
2021-04-23 20:55:02,671 INFO       Lay du lieu dong dien
2021-04-23 20:55:02,671 INFO       Lay du lieu nhap luc
2021-04-23 20:55:02,671 INFO       Lay du lieu do rung
2021-04-23 20:55:02,671 INFO       Lay du lieu tieng on
2021-04-23 20:55:02,785 INFO Chu trinh - 3 - Lay du lieu chieu thuan
2021-04-23 20:55:02,838 INFO   Lay du lieu - Forward
2021-04-23 20:55:02,838 INFO       Lay du lieu dong dien
2021-04-23 20:55:02,838 INFO       Lay du lieu nhap luc
2021-04-23 20:55:02,838 INFO       Lay du lieu do rung
2021-04-23 20:55:02,838 INFO       Lay du lieu tieng on
2021-04-23 20:55:02,885 INFO Chu trinh - 3 - Lay du lieu chieu thuan
2021-04-23 20:55:02,885 INFO   Lay du lieu - Forward
2021-04-23 20:55:02,885 INFO       Lay du lieu dong dien
2021-04-23 20:55:02,885 INFO       Lay du lieu nhap luc
2021-04-23 20:55:02,885 INFO       Lay du lieu do rung
2021-04-23 20:55:02,885 INFO       Lay du lieu tieng on
2021-04-23 20:55:03,001 INFO Chu trinh - 3 - Lay du lieu chieu thuan
2021-04-23 20:55:03,039 INFO   Lay du lieu - Forward
2021-04-23 20:55:03,039 INFO       Lay du lieu dong dien
2021-04-23 20:55:03,039 INFO       Lay du lieu nhap luc
2021-04-23 20:55:03,039 INFO       Lay du lieu do rung
2021-04-23 20:55:03,039 INFO       Lay du lieu tieng on
2021-04-23 20:55:03,086 INFO Chu trinh - 3 - Lay du lieu chieu thuan
2021-04-23 20:55:03,101 INFO   Lay du lieu - Forward
2021-04-23 20:55:03,101 INFO       Lay du lieu dong dien
2021-04-23 20:55:03,101 INFO       Lay du lieu nhap luc
2021-04-23 20:55:03,101 INFO       Lay du lieu do rung
2021-04-23 20:55:03,101 INFO       Lay du lieu tieng on
2021-04-23 20:55:03,170 INFO Chu trinh - 3 - Lay du lieu chieu thuan
2021-04-23 20:55:03,217 INFO   Lay du lieu - Forward
2021-04-23 20:55:03,217 INFO       Lay du lieu dong dien
2021-04-23 20:55:03,217 INFO       Lay du lieu nhap luc
2021-04-23 20:55:03,217 INFO       Lay du lieu do rung
2021-04-23 20:55:03,217 INFO       Lay du lieu tieng on
2021-04-23 20:55:03,302 INFO Chu trinh - 3 - Lay du lieu chieu thuan
2021-04-23 20:55:03,318 INFO   Lay du lieu - Forward
2021-04-23 20:55:03,318 INFO       Lay du lieu dong dien
2021-04-23 20:55:03,318 INFO       Lay du lieu nhap luc
2021-04-23 20:55:03,318 INFO       Lay du lieu do rung
2021-04-23 20:55:03,318 INFO       Lay du lieu tieng on
2021-04-23 20:55:03,318 INFO       Ve do thi du lieu
2021-04-23 20:55:03,371 INFO Chu trinh - 3 - Lay du lieu chieu thuan
2021-04-23 20:55:03,371 INFO   Lay du lieu - Forward
2021-04-23 20:55:03,371 INFO       Lay du lieu dong dien
2021-04-23 20:55:03,371 INFO       Lay du lieu nhap luc
2021-04-23 20:55:03,371 INFO       Lay du lieu do rung
2021-04-23 20:55:03,371 INFO       Lay du lieu tieng on
2021-04-23 20:55:03,475 INFO Chu trinh - 3 - Lay du lieu chieu thuan
2021-04-23 20:55:03,521 INFO   Lay du lieu - Forward
2021-04-23 20:55:03,521 INFO       Lay du lieu dong dien
2021-04-23 20:55:03,521 INFO       Lay du lieu nhap luc
2021-04-23 20:55:03,521 INFO       Lay du lieu do rung
2021-04-23 20:55:03,521 INFO       Lay du lieu tieng on
2021-04-23 20:55:03,575 INFO Chu trinh - 3 - Lay du lieu chieu thuan
2021-04-23 20:55:03,575 INFO   Lay du lieu - Forward
2021-04-23 20:55:03,575 INFO       Lay du lieu dong dien
2021-04-23 20:55:03,575 INFO       Lay du lieu nhap luc
2021-04-23 20:55:03,575 INFO       Lay du lieu do rung
2021-04-23 20:55:03,575 INFO       Lay du lieu tieng on
2021-04-23 20:55:03,675 INFO Chu trinh - 3 - Lay du lieu chieu thuan
2021-04-23 20:55:03,722 INFO   Lay du lieu - Forward
2021-04-23 20:55:03,722 INFO       Lay du lieu dong dien
2021-04-23 20:55:03,722 INFO       Lay du lieu nhap luc
2021-04-23 20:55:03,722 INFO       Lay du lieu do rung
2021-04-23 20:55:03,722 INFO       Lay du lieu tieng on
2021-04-23 20:55:03,775 INFO Chu trinh - 3 - Lay du lieu chieu thuan
2021-04-23 20:55:03,775 INFO   Lay du lieu - Forward
2021-04-23 20:55:03,775 INFO       Lay du lieu dong dien
2021-04-23 20:55:03,775 INFO       Lay du lieu nhap luc
2021-04-23 20:55:03,775 INFO       Lay du lieu do rung
2021-04-23 20:55:03,775 INFO       Lay du lieu tieng on
2021-04-23 20:55:03,876 INFO Chu trinh - 3 - Lay du lieu chieu thuan
2021-04-23 20:55:03,922 INFO   Lay du lieu - Forward
2021-04-23 20:55:03,922 INFO       Lay du lieu dong dien
2021-04-23 20:55:03,922 INFO       Lay du lieu nhap luc
2021-04-23 20:55:03,922 INFO       Lay du lieu do rung
2021-04-23 20:55:03,922 INFO       Lay du lieu tieng on
2021-04-23 20:55:03,976 INFO Chu trinh - 3 - Lay du lieu chieu thuan
2021-04-23 20:55:03,976 INFO   Lay du lieu - Forward
2021-04-23 20:55:03,976 INFO       Lay du lieu dong dien
2021-04-23 20:55:03,976 INFO       Lay du lieu nhap luc
2021-04-23 20:55:03,976 INFO       Lay du lieu do rung
2021-04-23 20:55:03,976 INFO       Lay du lieu tieng on
2021-04-23 20:55:04,076 INFO Chu trinh - 3 - Lay du lieu chieu thuan
2021-04-23 20:55:04,123 INFO   Lay du lieu - Forward
2021-04-23 20:55:04,123 INFO       Lay du lieu dong dien
2021-04-23 20:55:04,123 INFO       Lay du lieu nhap luc
2021-04-23 20:55:04,123 INFO       Lay du lieu do rung
2021-04-23 20:55:04,123 INFO       Lay du lieu tieng on
2021-04-23 20:55:04,177 INFO Chu trinh - 3 - Lay du lieu chieu thuan
2021-04-23 20:55:04,177 INFO   Lay du lieu - Forward
2021-04-23 20:55:04,177 INFO       Lay du lieu dong dien
2021-04-23 20:55:04,177 INFO       Lay du lieu nhap luc
2021-04-23 20:55:04,177 INFO       Lay du lieu do rung
2021-04-23 20:55:04,177 INFO       Lay du lieu tieng on
2021-04-23 20:55:04,277 INFO Chu trinh - 3 - Lay du lieu chieu thuan
2021-04-23 20:55:04,324 INFO   Lay du lieu - Forward
2021-04-23 20:55:04,339 INFO       Lay du lieu dong dien
2021-04-23 20:55:04,339 INFO       Lay du lieu nhap luc
2021-04-23 20:55:04,339 INFO       Lay du lieu do rung
2021-04-23 20:55:04,339 INFO       Lay du lieu tieng on
2021-04-23 20:55:04,339 INFO       Ve do thi du lieu
2021-04-23 20:55:04,378 INFO Chu trinh - 3 - Lay du lieu chieu thuan
2021-04-23 20:55:04,447 INFO   Lay du lieu - Forward
2021-04-23 20:55:04,447 INFO       Lay du lieu dong dien
2021-04-23 20:55:04,447 INFO       Lay du lieu nhap luc
2021-04-23 20:55:04,447 INFO       Lay du lieu do rung
2021-04-23 20:55:04,447 INFO       Lay du lieu tieng on
2021-04-23 20:55:04,747 ERROR Thoi gian chu trinh vuot qua 100ms
2021-04-23 20:55:04,747 INFO Chu trinh - 9 - Ghi du lieu am thanh chieu thuan
2021-04-23 20:55:04,825 INFO Chu trinh - 11 - Doi du lieu bat dau chieu nghich
2021-04-23 20:55:06,413 ERROR Thoi gian chu trinh vuot qua 100ms
2021-04-23 20:55:07,054 ERROR Thoi gian chu trinh vuot qua 100ms
2021-04-23 20:55:08,162 ERROR Thoi gian chu trinh vuot qua 100ms
2021-04-23 20:55:12,231 ERROR Thoi gian chu trinh vuot qua 100ms
2021-04-23 20:55:12,262 INFO Chu trinh - 13 - Lay du lieu chieu nghich
2021-04-23 20:55:12,262 INFO   Lay du lieu - Backward
2021-04-23 20:55:12,262 INFO       Lay du lieu dong dien
2021-04-23 20:55:12,262 INFO       Lay du lieu nhap luc
2021-04-23 20:55:12,262 INFO       Lay du lieu do rung
2021-04-23 20:55:12,262 INFO       Lay du lieu tieng on
2021-04-23 20:55:12,262 INFO       Ve do thi du lieu
2021-04-23 20:55:12,424 INFO Chu trinh - 13 - Lay du lieu chieu nghich
2021-04-23 20:55:12,424 INFO   Lay du lieu - Backward
2021-04-23 20:55:12,424 INFO       Lay du lieu dong dien
2021-04-23 20:55:12,424 INFO       Lay du lieu nhap luc
2021-04-23 20:55:12,424 INFO       Lay du lieu do rung
2021-04-23 20:55:12,424 INFO       Lay du lieu tieng on
2021-04-23 20:55:12,492 INFO Chu trinh - 13 - Lay du lieu chieu nghich
2021-04-23 20:55:12,492 INFO   Lay du lieu - Backward
2021-04-23 20:55:12,492 INFO       Lay du lieu dong dien
2021-04-23 20:55:12,492 INFO       Lay du lieu nhap luc
2021-04-23 20:55:12,492 INFO       Lay du lieu do rung
2021-04-23 20:55:12,492 INFO       Lay du lieu tieng on
2021-04-23 20:55:12,541 INFO Chu trinh - 13 - Lay du lieu chieu nghich
2021-04-23 20:55:12,541 INFO   Lay du lieu - Backward
2021-04-23 20:55:12,541 INFO       Lay du lieu dong dien
2021-04-23 20:55:12,541 INFO       Lay du lieu nhap luc
2021-04-23 20:55:12,541 INFO       Lay du lieu do rung
2021-04-23 20:55:12,541 INFO       Lay du lieu tieng on
2021-04-23 20:55:12,704 INFO Chu trinh - 13 - Lay du lieu chieu nghich
2021-04-23 20:55:12,704 INFO   Lay du lieu - Backward
2021-04-23 20:55:12,704 INFO       Lay du lieu dong dien
2021-04-23 20:55:12,704 INFO       Lay du lieu nhap luc
2021-04-23 20:55:12,704 INFO       Lay du lieu do rung
2021-04-23 20:55:12,704 INFO       Lay du lieu tieng on
2021-04-23 20:55:12,757 INFO Chu trinh - 13 - Lay du lieu chieu nghich
2021-04-23 20:55:12,757 INFO   Lay du lieu - Backward
2021-04-23 20:55:12,757 INFO       Lay du lieu dong dien
2021-04-23 20:55:12,757 INFO       Lay du lieu nhap luc
2021-04-23 20:55:12,757 INFO       Lay du lieu do rung
2021-04-23 20:55:12,757 INFO       Lay du lieu tieng on
2021-04-23 20:55:12,904 INFO Chu trinh - 13 - Lay du lieu chieu nghich
2021-04-23 20:55:12,904 INFO   Lay du lieu - Backward
2021-04-23 20:55:12,904 INFO       Lay du lieu dong dien
2021-04-23 20:55:12,904 INFO       Lay du lieu nhap luc
2021-04-23 20:55:12,904 INFO       Lay du lieu do rung
2021-04-23 20:55:12,904 INFO       Lay du lieu tieng on
2021-04-23 20:55:12,957 INFO Chu trinh - 13 - Lay du lieu chieu nghich
2021-04-23 20:55:12,957 INFO   Lay du lieu - Backward
2021-04-23 20:55:12,957 INFO       Lay du lieu dong dien
2021-04-23 20:55:12,957 INFO       Lay du lieu nhap luc
2021-04-23 20:55:12,957 INFO       Lay du lieu do rung
2021-04-23 20:55:12,957 INFO       Lay du lieu tieng on
2021-04-23 20:55:13,104 INFO Chu trinh - 13 - Lay du lieu chieu nghich
2021-04-23 20:55:13,104 INFO   Lay du lieu - Backward
2021-04-23 20:55:13,104 INFO       Lay du lieu dong dien
2021-04-23 20:55:13,104 INFO       Lay du lieu nhap luc
2021-04-23 20:55:13,104 INFO       Lay du lieu do rung
2021-04-23 20:55:13,104 INFO       Lay du lieu tieng on
2021-04-23 20:55:13,104 INFO       Ve do thi du lieu
2021-04-23 20:55:13,158 INFO Chu trinh - 13 - Lay du lieu chieu nghich
2021-04-23 20:55:13,158 INFO   Lay du lieu - Backward
2021-04-23 20:55:13,158 INFO       Lay du lieu dong dien
2021-04-23 20:55:13,158 INFO       Lay du lieu nhap luc
2021-04-23 20:55:13,158 INFO       Lay du lieu do rung
2021-04-23 20:55:13,158 INFO       Lay du lieu tieng on
2021-04-23 20:55:13,304 INFO Chu trinh - 13 - Lay du lieu chieu nghich
2021-04-23 20:55:13,304 INFO   Lay du lieu - Backward
2021-04-23 20:55:13,304 INFO       Lay du lieu dong dien
2021-04-23 20:55:13,304 INFO       Lay du lieu nhap luc
2021-04-23 20:55:13,304 INFO       Lay du lieu do rung
2021-04-23 20:55:13,304 INFO       Lay du lieu tieng on
2021-04-23 20:55:13,358 INFO Chu trinh - 13 - Lay du lieu chieu nghich
2021-04-23 20:55:13,358 INFO   Lay du lieu - Backward
2021-04-23 20:55:13,358 INFO       Lay du lieu dong dien
2021-04-23 20:55:13,358 INFO       Lay du lieu nhap luc
2021-04-23 20:55:13,358 INFO       Lay du lieu do rung
2021-04-23 20:55:13,358 INFO       Lay du lieu tieng on
2021-04-23 20:55:13,506 INFO Chu trinh - 13 - Lay du lieu chieu nghich
2021-04-23 20:55:13,506 INFO   Lay du lieu - Backward
2021-04-23 20:55:13,506 INFO       Lay du lieu dong dien
2021-04-23 20:55:13,506 INFO       Lay du lieu nhap luc
2021-04-23 20:55:13,506 INFO       Lay du lieu do rung
2021-04-23 20:55:13,506 INFO       Lay du lieu tieng on
2021-04-23 20:55:13,622 INFO Chu trinh - 13 - Lay du lieu chieu nghich
2021-04-23 20:55:13,622 INFO   Lay du lieu - Backward
2021-04-23 20:55:13,622 INFO       Lay du lieu dong dien
2021-04-23 20:55:13,622 INFO       Lay du lieu nhap luc
2021-04-23 20:55:13,622 INFO       Lay du lieu do rung
2021-04-23 20:55:13,622 INFO       Lay du lieu tieng on
2021-04-23 20:55:13,659 INFO Chu trinh - 13 - Lay du lieu chieu nghich
2021-04-23 20:55:13,659 INFO   Lay du lieu - Backward
2021-04-23 20:55:13,659 INFO       Lay du lieu dong dien
2021-04-23 20:55:13,659 INFO       Lay du lieu nhap luc
2021-04-23 20:55:13,659 INFO       Lay du lieu do rung
2021-04-23 20:55:13,659 INFO       Lay du lieu tieng on
2021-04-23 20:55:13,807 INFO Chu trinh - 13 - Lay du lieu chieu nghich
2021-04-23 20:55:13,807 INFO   Lay du lieu - Backward
2021-04-23 20:55:13,807 INFO       Lay du lieu dong dien
2021-04-23 20:55:13,807 INFO       Lay du lieu nhap luc
2021-04-23 20:55:13,807 INFO       Lay du lieu do rung
2021-04-23 20:55:13,807 INFO       Lay du lieu tieng on
2021-04-23 20:55:13,860 INFO Chu trinh - 13 - Lay du lieu chieu nghich
2021-04-23 20:55:13,860 INFO   Lay du lieu - Backward
2021-04-23 20:55:13,860 INFO       Lay du lieu dong dien
2021-04-23 20:55:13,860 INFO       Lay du lieu nhap luc
2021-04-23 20:55:13,860 INFO       Lay du lieu do rung
2021-04-23 20:55:13,860 INFO       Lay du lieu tieng on
2021-04-23 20:55:14,007 INFO Chu trinh - 13 - Lay du lieu chieu nghich
2021-04-23 20:55:14,007 INFO   Lay du lieu - Backward
2021-04-23 20:55:14,007 INFO       Lay du lieu dong dien
2021-04-23 20:55:14,007 INFO       Lay du lieu nhap luc
2021-04-23 20:55:14,007 INFO       Lay du lieu do rung
2021-04-23 20:55:14,007 INFO       Lay du lieu tieng on
2021-04-23 20:55:14,061 INFO Chu trinh - 13 - Lay du lieu chieu nghich
2021-04-23 20:55:14,061 INFO   Lay du lieu - Backward
2021-04-23 20:55:14,061 INFO       Lay du lieu dong dien
2021-04-23 20:55:14,061 INFO       Lay du lieu nhap luc
2021-04-23 20:55:14,061 INFO       Lay du lieu do rung
2021-04-23 20:55:14,061 INFO       Lay du lieu tieng on
2021-04-23 20:55:14,061 INFO       Ve do thi du lieu
2021-04-23 20:55:14,228 INFO Chu trinh - 13 - Lay du lieu chieu nghich
2021-04-23 20:55:14,228 INFO   Lay du lieu - Backward
2021-04-23 20:55:14,228 INFO       Lay du lieu dong dien
2021-04-23 20:55:14,228 INFO       Lay du lieu nhap luc
2021-04-23 20:55:14,228 INFO       Lay du lieu do rung
2021-04-23 20:55:14,228 INFO       Lay du lieu tieng on
2021-04-23 20:55:14,261 INFO Chu trinh - 13 - Lay du lieu chieu nghich
2021-04-23 20:55:14,261 INFO   Lay du lieu - Backward
2021-04-23 20:55:14,261 INFO       Lay du lieu dong dien
2021-04-23 20:55:14,261 INFO       Lay du lieu nhap luc
2021-04-23 20:55:14,261 INFO       Lay du lieu do rung
2021-04-23 20:55:14,261 INFO       Lay du lieu tieng on
2021-04-23 20:55:14,448 INFO Chu trinh - 13 - Lay du lieu chieu nghich
2021-04-23 20:55:14,448 INFO   Lay du lieu - Backward
2021-04-23 20:55:14,448 INFO       Lay du lieu dong dien
2021-04-23 20:55:14,448 INFO       Lay du lieu nhap luc
2021-04-23 20:55:14,448 INFO       Lay du lieu do rung
2021-04-23 20:55:14,448 INFO       Lay du lieu tieng on
2021-04-23 20:55:14,464 INFO Chu trinh - 13 - Lay du lieu chieu nghich
2021-04-23 20:55:14,464 INFO   Lay du lieu - Backward
2021-04-23 20:55:14,464 INFO       Lay du lieu dong dien
2021-04-23 20:55:14,464 INFO       Lay du lieu nhap luc
2021-04-23 20:55:14,464 INFO       Lay du lieu do rung
2021-04-23 20:55:14,464 INFO       Lay du lieu tieng on
2021-04-23 20:55:14,648 INFO Chu trinh - 13 - Lay du lieu chieu nghich
2021-04-23 20:55:14,648 INFO   Lay du lieu - Backward
2021-04-23 20:55:14,648 INFO       Lay du lieu dong dien
2021-04-23 20:55:14,648 INFO       Lay du lieu nhap luc
2021-04-23 20:55:14,648 INFO       Lay du lieu do rung
2021-04-23 20:55:14,648 INFO       Lay du lieu tieng on
2021-04-23 20:55:14,664 ERROR Thoi gian chu trinh vuot qua 100ms
2021-04-23 20:55:14,664 INFO Chu trinh - 13 - Lay du lieu chieu nghich
2021-04-23 20:55:14,664 INFO   Lay du lieu - Backward
2021-04-23 20:55:14,664 INFO       Lay du lieu dong dien
2021-04-23 20:55:14,664 INFO       Lay du lieu nhap luc
2021-04-23 20:55:14,664 INFO       Lay du lieu do rung
2021-04-23 20:55:14,664 INFO       Lay du lieu tieng on
2021-04-23 20:55:14,811 INFO Chu trinh - 13 - Lay du lieu chieu nghich
2021-04-23 20:55:14,811 INFO   Lay du lieu - Backward
2021-04-23 20:55:14,811 INFO       Lay du lieu dong dien
2021-04-23 20:55:14,811 INFO       Lay du lieu nhap luc
2021-04-23 20:55:14,811 INFO       Lay du lieu do rung
2021-04-23 20:55:14,811 INFO       Lay du lieu tieng on
2021-04-23 20:55:14,864 INFO Chu trinh - 13 - Lay du lieu chieu nghich
2021-04-23 20:55:14,864 INFO   Lay du lieu - Backward
2021-04-23 20:55:14,864 INFO       Lay du lieu dong dien
2021-04-23 20:55:14,864 INFO       Lay du lieu nhap luc
2021-04-23 20:55:14,864 INFO       Lay du lieu do rung
2021-04-23 20:55:14,864 INFO       Lay du lieu tieng on
2021-04-23 20:55:15,011 INFO Chu trinh - 13 - Lay du lieu chieu nghich
2021-04-23 20:55:15,011 INFO   Lay du lieu - Backward
2021-04-23 20:55:15,011 INFO       Lay du lieu dong dien
2021-04-23 20:55:15,011 INFO       Lay du lieu nhap luc
2021-04-23 20:55:15,011 INFO       Lay du lieu do rung
2021-04-23 20:55:15,011 INFO       Lay du lieu tieng on
2021-04-23 20:55:15,065 INFO Chu trinh - 13 - Lay du lieu chieu nghich
2021-04-23 20:55:15,065 INFO   Lay du lieu - Backward
2021-04-23 20:55:15,065 INFO       Lay du lieu dong dien
2021-04-23 20:55:15,065 INFO       Lay du lieu nhap luc
2021-04-23 20:55:15,065 INFO       Lay du lieu do rung
2021-04-23 20:55:15,065 INFO       Lay du lieu tieng on
2021-04-23 20:55:15,065 INFO       Ve do thi du lieu
2021-04-23 20:55:15,228 INFO Chu trinh - 13 - Lay du lieu chieu nghich
2021-04-23 20:55:15,228 INFO   Lay du lieu - Backward
2021-04-23 20:55:15,228 INFO       Lay du lieu dong dien
2021-04-23 20:55:15,228 INFO       Lay du lieu nhap luc
2021-04-23 20:55:15,228 INFO       Lay du lieu do rung
2021-04-23 20:55:15,228 INFO       Lay du lieu tieng on
2021-04-23 20:55:15,281 INFO Chu trinh - 13 - Lay du lieu chieu nghich
2021-04-23 20:55:15,281 INFO   Lay du lieu - Backward
2021-04-23 20:55:15,281 INFO       Lay du lieu dong dien
2021-04-23 20:55:15,281 INFO       Lay du lieu nhap luc
2021-04-23 20:55:15,281 INFO       Lay du lieu do rung
2021-04-23 20:55:15,281 INFO       Lay du lieu tieng on
2021-04-23 20:55:15,600 INFO Chu trinh - 13 - Lay du lieu chieu nghich
2021-04-23 20:55:15,600 INFO   Lay du lieu - Backward
2021-04-23 20:55:15,600 INFO       Lay du lieu dong dien
2021-04-23 20:55:15,600 INFO       Lay du lieu nhap luc
2021-04-23 20:55:15,600 INFO       Lay du lieu do rung
2021-04-23 20:55:15,600 INFO       Lay du lieu tieng on
2021-04-23 20:55:15,600 ERROR Thoi gian chu trinh vuot qua 100ms
2021-04-23 20:55:15,616 INFO Chu trinh - 13 - Lay du lieu chieu nghich
2021-04-23 20:55:15,616 INFO   Lay du lieu - Backward
2021-04-23 20:55:15,616 INFO       Lay du lieu dong dien
2021-04-23 20:55:15,616 INFO       Lay du lieu nhap luc
2021-04-23 20:55:15,616 INFO       Lay du lieu do rung
2021-04-23 20:55:15,616 INFO       Lay du lieu tieng on
2021-04-23 20:55:15,788 INFO Chu trinh - 13 - Lay du lieu chieu nghich
2021-04-23 20:55:15,788 INFO   Lay du lieu - Backward
2021-04-23 20:55:15,788 INFO       Lay du lieu dong dien
2021-04-23 20:55:15,788 INFO       Lay du lieu nhap luc
2021-04-23 20:55:15,788 INFO       Lay du lieu do rung
2021-04-23 20:55:15,788 INFO       Lay du lieu tieng on
2021-04-23 20:55:15,835 INFO Chu trinh - 13 - Lay du lieu chieu nghich
2021-04-23 20:55:15,835 INFO   Lay du lieu - Backward
2021-04-23 20:55:15,835 INFO       Lay du lieu dong dien
2021-04-23 20:55:15,835 INFO       Lay du lieu nhap luc
2021-04-23 20:55:15,835 INFO       Lay du lieu do rung
2021-04-23 20:55:15,835 INFO       Lay du lieu tieng on
2021-04-23 20:55:15,950 INFO Chu trinh - 13 - Lay du lieu chieu nghich
2021-04-23 20:55:15,950 INFO   Lay du lieu - Backward
2021-04-23 20:55:15,950 INFO       Lay du lieu dong dien
2021-04-23 20:55:15,950 INFO       Lay du lieu nhap luc
2021-04-23 20:55:15,950 INFO       Lay du lieu do rung
2021-04-23 20:55:15,950 INFO       Lay du lieu tieng on
2021-04-23 20:55:16,051 INFO Chu trinh - 13 - Lay du lieu chieu nghich
2021-04-23 20:55:16,051 INFO   Lay du lieu - Backward
2021-04-23 20:55:16,051 INFO       Lay du lieu dong dien
2021-04-23 20:55:16,051 INFO       Lay du lieu nhap luc
2021-04-23 20:55:16,051 INFO       Lay du lieu do rung
2021-04-23 20:55:16,051 INFO       Lay du lieu tieng on
2021-04-23 20:55:16,105 INFO Chu trinh - 13 - Lay du lieu chieu nghich
2021-04-23 20:55:16,105 INFO   Lay du lieu - Backward
2021-04-23 20:55:16,105 INFO       Lay du lieu dong dien
2021-04-23 20:55:16,105 INFO       Lay du lieu nhap luc
2021-04-23 20:55:16,105 INFO       Lay du lieu do rung
2021-04-23 20:55:16,105 INFO       Lay du lieu tieng on
2021-04-23 20:55:16,276 INFO Chu trinh - 13 - Lay du lieu chieu nghich
2021-04-23 20:55:16,276 INFO   Lay du lieu - Backward
2021-04-23 20:55:16,276 INFO       Lay du lieu dong dien
2021-04-23 20:55:16,276 INFO       Lay du lieu nhap luc
2021-04-23 20:55:16,276 INFO       Lay du lieu do rung
2021-04-23 20:55:16,276 INFO       Lay du lieu tieng on
2021-04-23 20:55:16,276 INFO       Ve do thi du lieu
2021-04-23 20:55:16,892 INFO Chu trinh - 13 - Lay du lieu chieu nghich
2021-04-23 20:55:16,892 INFO   Lay du lieu - Backward
2021-04-23 20:55:16,892 INFO       Lay du lieu dong dien
2021-04-23 20:55:16,892 INFO       Lay du lieu nhap luc
2021-04-23 20:55:16,892 INFO       Lay du lieu do rung
2021-04-23 20:55:16,892 INFO       Lay du lieu tieng on
2021-04-23 20:55:16,892 ERROR Thoi gian chu trinh vuot qua 100ms
2021-04-23 20:55:16,908 INFO Chu trinh - 13 - Lay du lieu chieu nghich
2021-04-23 20:55:16,908 INFO   Lay du lieu - Backward
2021-04-23 20:55:16,908 INFO       Lay du lieu dong dien
2021-04-23 20:55:16,908 INFO       Lay du lieu nhap luc
2021-04-23 20:55:16,908 INFO       Lay du lieu do rung
2021-04-23 20:55:16,908 INFO       Lay du lieu tieng on
2021-04-23 20:55:17,061 INFO Chu trinh - 13 - Lay du lieu chieu nghich
2021-04-23 20:55:17,061 INFO   Lay du lieu - Backward
2021-04-23 20:55:17,061 INFO       Lay du lieu dong dien
2021-04-23 20:55:17,061 INFO       Lay du lieu nhap luc
2021-04-23 20:55:17,061 INFO       Lay du lieu do rung
2021-04-23 20:55:17,061 INFO       Lay du lieu tieng on
2021-04-23 20:55:17,108 INFO Chu trinh - 13 - Lay du lieu chieu nghich
2021-04-23 20:55:17,108 INFO   Lay du lieu - Backward
2021-04-23 20:55:17,108 INFO       Lay du lieu dong dien
2021-04-23 20:55:17,108 INFO       Lay du lieu nhap luc
2021-04-23 20:55:17,108 INFO       Lay du lieu do rung
2021-04-23 20:55:17,108 INFO       Lay du lieu tieng on
2021-04-23 20:55:17,262 INFO Chu trinh - 13 - Lay du lieu chieu nghich
2021-04-23 20:55:17,262 INFO   Lay du lieu - Backward
2021-04-23 20:55:17,262 INFO       Lay du lieu dong dien
2021-04-23 20:55:17,262 INFO       Lay du lieu nhap luc
2021-04-23 20:55:17,262 INFO       Lay du lieu do rung
2021-04-23 20:55:17,262 INFO       Lay du lieu tieng on
2021-04-23 20:55:17,362 INFO Chu trinh - 13 - Lay du lieu chieu nghich
2021-04-23 20:55:17,362 INFO   Lay du lieu - Backward
2021-04-23 20:55:17,362 INFO       Lay du lieu dong dien
2021-04-23 20:55:17,362 INFO       Lay du lieu nhap luc
2021-04-23 20:55:17,362 INFO       Lay du lieu do rung
2021-04-23 20:55:17,362 INFO       Lay du lieu tieng on
2021-04-23 20:55:17,425 INFO Chu trinh - 13 - Lay du lieu chieu nghich
2021-04-23 20:55:17,425 INFO   Lay du lieu - Backward
2021-04-23 20:55:17,425 INFO       Lay du lieu dong dien
2021-04-23 20:55:17,425 INFO       Lay du lieu nhap luc
2021-04-23 20:55:17,425 INFO       Lay du lieu do rung
2021-04-23 20:55:17,425 INFO       Lay du lieu tieng on
2021-04-23 20:55:17,563 INFO Chu trinh - 13 - Lay du lieu chieu nghich
2021-04-23 20:55:17,563 INFO   Lay du lieu - Backward
2021-04-23 20:55:17,563 INFO       Lay du lieu dong dien
2021-04-23 20:55:17,563 INFO       Lay du lieu nhap luc
2021-04-23 20:55:17,563 INFO       Lay du lieu do rung
2021-04-23 20:55:17,563 INFO       Lay du lieu tieng on
2021-04-23 20:55:17,625 INFO Chu trinh - 13 - Lay du lieu chieu nghich
2021-04-23 20:55:17,625 INFO   Lay du lieu - Backward
2021-04-23 20:55:17,625 INFO       Lay du lieu dong dien
2021-04-23 20:55:17,625 INFO       Lay du lieu nhap luc
2021-04-23 20:55:17,625 INFO       Lay du lieu do rung
2021-04-23 20:55:17,625 INFO       Lay du lieu tieng on
2021-04-23 20:55:17,795 INFO Chu trinh - 13 - Lay du lieu chieu nghich
2021-04-23 20:55:17,795 INFO   Lay du lieu - Backward
2021-04-23 20:55:17,795 INFO       Lay du lieu dong dien
2021-04-23 20:55:17,795 INFO       Lay du lieu nhap luc
2021-04-23 20:55:17,795 INFO       Lay du lieu do rung
2021-04-23 20:55:17,795 INFO       Lay du lieu tieng on
2021-04-23 20:55:17,795 INFO       Ve do thi du lieu
2021-04-23 20:55:17,864 INFO Chu trinh - 13 - Lay du lieu chieu nghich
2021-04-23 20:55:17,864 INFO   Lay du lieu - Backward
2021-04-23 20:55:17,864 INFO       Lay du lieu dong dien
2021-04-23 20:55:17,864 INFO       Lay du lieu nhap luc
2021-04-23 20:55:17,864 INFO       Lay du lieu do rung
2021-04-23 20:55:17,864 INFO       Lay du lieu tieng on
2021-04-23 20:55:17,965 INFO Chu trinh - 13 - Lay du lieu chieu nghich
2021-04-23 20:55:17,965 INFO   Lay du lieu - Backward
2021-04-23 20:55:17,965 INFO       Lay du lieu dong dien
2021-04-23 20:55:17,965 INFO       Lay du lieu nhap luc
2021-04-23 20:55:17,965 INFO       Lay du lieu do rung
2021-04-23 20:55:17,965 INFO       Lay du lieu tieng on
2021-04-23 20:55:18,065 INFO Chu trinh - 13 - Lay du lieu chieu nghich
2021-04-23 20:55:18,065 INFO   Lay du lieu - Backward
2021-04-23 20:55:18,065 INFO       Lay du lieu dong dien
2021-04-23 20:55:18,065 INFO       Lay du lieu nhap luc
2021-04-23 20:55:18,065 INFO       Lay du lieu do rung
2021-04-23 20:55:18,065 INFO       Lay du lieu tieng on
2021-04-23 20:55:18,165 INFO Chu trinh - 13 - Lay du lieu chieu nghich
2021-04-23 20:55:18,165 INFO   Lay du lieu - Backward
2021-04-23 20:55:18,165 INFO       Lay du lieu dong dien
2021-04-23 20:55:18,165 INFO       Lay du lieu nhap luc
2021-04-23 20:55:18,165 INFO       Lay du lieu do rung
2021-04-23 20:55:18,165 INFO       Lay du lieu tieng on
2021-04-23 20:55:18,265 INFO Chu trinh - 13 - Lay du lieu chieu nghich
2021-04-23 20:55:18,265 INFO   Lay du lieu - Backward
2021-04-23 20:55:18,265 INFO       Lay du lieu dong dien
2021-04-23 20:55:18,265 INFO       Lay du lieu nhap luc
2021-04-23 20:55:18,265 INFO       Lay du lieu do rung
2021-04-23 20:55:18,265 INFO       Lay du lieu tieng on
2021-04-23 20:55:18,328 INFO Chu trinh - 13 - Lay du lieu chieu nghich
2021-04-23 20:55:18,328 INFO   Lay du lieu - Backward
2021-04-23 20:55:18,328 INFO       Lay du lieu dong dien
2021-04-23 20:55:18,328 INFO       Lay du lieu nhap luc
2021-04-23 20:55:18,328 INFO       Lay du lieu do rung
2021-04-23 20:55:18,328 INFO       Lay du lieu tieng on
2021-04-23 20:55:18,467 INFO Chu trinh - 13 - Lay du lieu chieu nghich
2021-04-23 20:55:18,467 INFO   Lay du lieu - Backward
2021-04-23 20:55:18,467 INFO       Lay du lieu dong dien
2021-04-23 20:55:18,467 INFO       Lay du lieu nhap luc
2021-04-23 20:55:18,467 INFO       Lay du lieu do rung
2021-04-23 20:55:18,467 INFO       Lay du lieu tieng on
2021-04-23 20:55:18,530 INFO Chu trinh - 13 - Lay du lieu chieu nghich
2021-04-23 20:55:18,530 INFO   Lay du lieu - Backward
2021-04-23 20:55:18,530 INFO       Lay du lieu dong dien
2021-04-23 20:55:18,530 INFO       Lay du lieu nhap luc
2021-04-23 20:55:18,530 INFO       Lay du lieu do rung
2021-04-23 20:55:18,530 INFO       Lay du lieu tieng on
2021-04-23 20:55:18,683 INFO Chu trinh - 13 - Lay du lieu chieu nghich
2021-04-23 20:55:18,683 INFO   Lay du lieu - Backward
2021-04-23 20:55:18,683 INFO       Lay du lieu dong dien
2021-04-23 20:55:18,683 INFO       Lay du lieu nhap luc
2021-04-23 20:55:18,683 INFO       Lay du lieu do rung
2021-04-23 20:55:18,683 INFO       Lay du lieu tieng on
2021-04-23 20:55:18,730 INFO Chu trinh - 13 - Lay du lieu chieu nghich
2021-04-23 20:55:18,730 INFO   Lay du lieu - Backward
2021-04-23 20:55:18,730 INFO       Lay du lieu dong dien
2021-04-23 20:55:18,730 INFO       Lay du lieu nhap luc
2021-04-23 20:55:18,730 INFO       Lay du lieu do rung
2021-04-23 20:55:18,730 INFO       Lay du lieu tieng on
2021-04-23 20:55:18,730 INFO       Ve do thi du lieu
2021-04-23 20:55:18,898 INFO Chu trinh - 13 - Lay du lieu chieu nghich
2021-04-23 20:55:18,898 INFO   Lay du lieu - Backward
2021-04-23 20:55:18,898 INFO       Lay du lieu dong dien
2021-04-23 20:55:18,898 INFO       Lay du lieu nhap luc
2021-04-23 20:55:18,898 INFO       Lay du lieu do rung
2021-04-23 20:55:18,898 INFO       Lay du lieu tieng on
2021-04-23 20:55:18,930 INFO Chu trinh - 13 - Lay du lieu chieu nghich
2021-04-23 20:55:18,930 INFO   Lay du lieu - Backward
2021-04-23 20:55:18,930 INFO       Lay du lieu dong dien
2021-04-23 20:55:18,930 INFO       Lay du lieu nhap luc
2021-04-23 20:55:18,930 INFO       Lay du lieu do rung
2021-04-23 20:55:18,930 INFO       Lay du lieu tieng on
2021-04-23 20:55:19,099 INFO Chu trinh - 13 - Lay du lieu chieu nghich
2021-04-23 20:55:19,099 INFO   Lay du lieu - Backward
2021-04-23 20:55:19,099 INFO       Lay du lieu dong dien
2021-04-23 20:55:19,099 INFO       Lay du lieu nhap luc
2021-04-23 20:55:19,099 INFO       Lay du lieu do rung
2021-04-23 20:55:19,099 INFO       Lay du lieu tieng on
2021-04-23 20:55:19,272 INFO Chu trinh - 13 - Lay du lieu chieu nghich
2021-04-23 20:55:19,272 INFO   Lay du lieu - Backward
2021-04-23 20:55:19,272 INFO       Lay du lieu dong dien
2021-04-23 20:55:19,272 INFO       Lay du lieu nhap luc
2021-04-23 20:55:19,272 INFO       Lay du lieu do rung
2021-04-23 20:55:19,272 INFO       Lay du lieu tieng on
2021-04-23 20:55:19,272 ERROR Thoi gian chu trinh vuot qua 100ms
2021-04-23 20:55:19,388 INFO Chu trinh - 13 - Lay du lieu chieu nghich
2021-04-23 20:55:19,388 INFO   Lay du lieu - Backward
2021-04-23 20:55:19,388 INFO       Lay du lieu dong dien
2021-04-23 20:55:19,388 INFO       Lay du lieu nhap luc
2021-04-23 20:55:19,388 INFO       Lay du lieu do rung
2021-04-23 20:55:19,388 INFO       Lay du lieu tieng on
2021-04-23 20:55:19,388 ERROR Thoi gian chu trinh vuot qua 100ms
2021-04-23 20:55:19,397 INFO Chu trinh - 13 - Lay du lieu chieu nghich
2021-04-23 20:55:19,397 INFO   Lay du lieu - Backward
2021-04-23 20:55:19,397 INFO       Lay du lieu dong dien
2021-04-23 20:55:19,397 INFO       Lay du lieu nhap luc
2021-04-23 20:55:19,397 INFO       Lay du lieu do rung
2021-04-23 20:55:19,397 INFO       Lay du lieu tieng on
2021-04-23 20:55:19,551 INFO Chu trinh - 13 - Lay du lieu chieu nghich
2021-04-23 20:55:19,551 INFO   Lay du lieu - Backward
2021-04-23 20:55:19,551 INFO       Lay du lieu dong dien
2021-04-23 20:55:19,551 INFO       Lay du lieu nhap luc
2021-04-23 20:55:19,551 INFO       Lay du lieu do rung
2021-04-23 20:55:19,551 INFO       Lay du lieu tieng on
2021-04-23 20:55:19,588 INFO Chu trinh - 13 - Lay du lieu chieu nghich
2021-04-23 20:55:19,588 INFO   Lay du lieu - Backward
2021-04-23 20:55:19,588 INFO       Lay du lieu dong dien
2021-04-23 20:55:19,588 INFO       Lay du lieu nhap luc
2021-04-23 20:55:19,588 INFO       Lay du lieu do rung
2021-04-23 20:55:19,588 INFO       Lay du lieu tieng on
2021-04-23 20:55:19,751 INFO Chu trinh - 13 - Lay du lieu chieu nghich
2021-04-23 20:55:19,751 INFO   Lay du lieu - Backward
2021-04-23 20:55:19,751 INFO       Lay du lieu dong dien
2021-04-23 20:55:19,751 INFO       Lay du lieu nhap luc
2021-04-23 20:55:19,751 INFO       Lay du lieu do rung
2021-04-23 20:55:19,751 INFO       Lay du lieu tieng on
2021-04-23 20:55:19,804 INFO Chu trinh - 13 - Lay du lieu chieu nghich
2021-04-23 20:55:19,804 INFO   Lay du lieu - Backward
2021-04-23 20:55:19,804 INFO       Lay du lieu dong dien
2021-04-23 20:55:19,804 INFO       Lay du lieu nhap luc
2021-04-23 20:55:19,804 INFO       Lay du lieu do rung
2021-04-23 20:55:19,804 INFO       Lay du lieu tieng on
2021-04-23 20:55:19,804 INFO       Ve do thi du lieu
2021-04-23 20:55:19,895 INFO Chu trinh - 13 - Lay du lieu chieu nghich
2021-04-23 20:55:19,895 INFO   Lay du lieu - Backward
2021-04-23 20:55:19,895 INFO       Lay du lieu dong dien
2021-04-23 20:55:19,895 INFO       Lay du lieu nhap luc
2021-04-23 20:55:19,895 INFO       Lay du lieu do rung
2021-04-23 20:55:19,895 INFO       Lay du lieu tieng on
2021-04-23 20:55:20,052 INFO Chu trinh - 13 - Lay du lieu chieu nghich
2021-04-23 20:55:20,052 INFO   Lay du lieu - Backward
2021-04-23 20:55:20,052 INFO       Lay du lieu dong dien
2021-04-23 20:55:20,052 INFO       Lay du lieu nhap luc
2021-04-23 20:55:20,052 INFO       Lay du lieu do rung
2021-04-23 20:55:20,052 INFO       Lay du lieu tieng on
2021-04-23 20:55:20,089 INFO Chu trinh - 13 - Lay du lieu chieu nghich
2021-04-23 20:55:20,089 INFO   Lay du lieu - Backward
2021-04-23 20:55:20,089 INFO       Lay du lieu dong dien
2021-04-23 20:55:20,089 INFO       Lay du lieu nhap luc
2021-04-23 20:55:20,089 INFO       Lay du lieu do rung
2021-04-23 20:55:20,089 INFO       Lay du lieu tieng on
2021-04-23 20:55:20,253 INFO Chu trinh - 13 - Lay du lieu chieu nghich
2021-04-23 20:55:20,253 INFO   Lay du lieu - Backward
2021-04-23 20:55:20,253 INFO       Lay du lieu dong dien
2021-04-23 20:55:20,253 INFO       Lay du lieu nhap luc
2021-04-23 20:55:20,253 INFO       Lay du lieu do rung
2021-04-23 20:55:20,253 INFO       Lay du lieu tieng on
2021-04-23 20:55:20,291 INFO Chu trinh - 13 - Lay du lieu chieu nghich
2021-04-23 20:55:20,291 INFO   Lay du lieu - Backward
2021-04-23 20:55:20,291 INFO       Lay du lieu dong dien
2021-04-23 20:55:20,291 INFO       Lay du lieu nhap luc
2021-04-23 20:55:20,291 INFO       Lay du lieu do rung
2021-04-23 20:55:20,291 INFO       Lay du lieu tieng on
2021-04-23 20:55:20,453 INFO Chu trinh - 13 - Lay du lieu chieu nghich
2021-04-23 20:55:20,453 INFO   Lay du lieu - Backward
2021-04-23 20:55:20,453 INFO       Lay du lieu dong dien
2021-04-23 20:55:20,453 INFO       Lay du lieu nhap luc
2021-04-23 20:55:20,453 INFO       Lay du lieu do rung
2021-04-23 20:55:20,453 INFO       Lay du lieu tieng on
2021-04-23 20:55:20,491 INFO Chu trinh - 13 - Lay du lieu chieu nghich
2021-04-23 20:55:20,491 INFO   Lay du lieu - Backward
2021-04-23 20:55:20,491 INFO       Lay du lieu dong dien
2021-04-23 20:55:20,491 INFO       Lay du lieu nhap luc
2021-04-23 20:55:20,491 INFO       Lay du lieu do rung
2021-04-23 20:55:20,491 INFO       Lay du lieu tieng on
2021-04-23 20:55:20,653 INFO Chu trinh - 13 - Lay du lieu chieu nghich
2021-04-23 20:55:20,653 INFO   Lay du lieu - Backward
2021-04-23 20:55:20,653 INFO       Lay du lieu dong dien
2021-04-23 20:55:20,653 INFO       Lay du lieu nhap luc
2021-04-23 20:55:20,653 INFO       Lay du lieu do rung
2021-04-23 20:55:20,653 INFO       Lay du lieu tieng on
2021-04-23 20:55:20,691 INFO Chu trinh - 13 - Lay du lieu chieu nghich
2021-04-23 20:55:20,691 INFO   Lay du lieu - Backward
2021-04-23 20:55:20,691 INFO       Lay du lieu dong dien
2021-04-23 20:55:20,691 INFO       Lay du lieu nhap luc
2021-04-23 20:55:20,691 INFO       Lay du lieu do rung
2021-04-23 20:55:20,691 INFO       Lay du lieu tieng on
2021-04-23 20:55:20,854 INFO Chu trinh - 13 - Lay du lieu chieu nghich
2021-04-23 20:55:20,869 INFO   Lay du lieu - Backward
2021-04-23 20:55:20,869 INFO       Lay du lieu dong dien
2021-04-23 20:55:20,869 INFO       Lay du lieu nhap luc
2021-04-23 20:55:20,869 INFO       Lay du lieu do rung
2021-04-23 20:55:20,869 INFO       Lay du lieu tieng on
2021-04-23 20:55:20,869 INFO       Ve do thi du lieu
2021-04-23 20:55:20,891 INFO Chu trinh - 13 - Lay du lieu chieu nghich
2021-04-23 20:55:20,891 INFO   Lay du lieu - Backward
2021-04-23 20:55:20,891 INFO       Lay du lieu dong dien
2021-04-23 20:55:20,891 INFO       Lay du lieu nhap luc
2021-04-23 20:55:20,891 INFO       Lay du lieu do rung
2021-04-23 20:55:20,891 INFO       Lay du lieu tieng on
2021-04-23 20:55:21,076 INFO Chu trinh - 13 - Lay du lieu chieu nghich
2021-04-23 20:55:21,076 INFO   Lay du lieu - Backward
2021-04-23 20:55:21,076 INFO       Lay du lieu dong dien
2021-04-23 20:55:21,076 INFO       Lay du lieu nhap luc
2021-04-23 20:55:21,076 INFO       Lay du lieu do rung
2021-04-23 20:55:21,076 INFO       Lay du lieu tieng on
2021-04-23 20:55:21,123 INFO Chu trinh - 13 - Lay du lieu chieu nghich
2021-04-23 20:55:21,123 INFO   Lay du lieu - Backward
2021-04-23 20:55:21,123 INFO       Lay du lieu dong dien
2021-04-23 20:55:21,123 INFO       Lay du lieu nhap luc
2021-04-23 20:55:21,123 INFO       Lay du lieu do rung
2021-04-23 20:55:21,123 INFO       Lay du lieu tieng on
2021-04-23 20:55:21,192 INFO Chu trinh - 13 - Lay du lieu chieu nghich
2021-04-23 20:55:21,192 INFO   Lay du lieu - Backward
2021-04-23 20:55:21,192 INFO       Lay du lieu dong dien
2021-04-23 20:55:21,192 INFO       Lay du lieu nhap luc
2021-04-23 20:55:21,192 INFO       Lay du lieu do rung
2021-04-23 20:55:21,192 INFO       Lay du lieu tieng on
2021-04-23 20:55:21,392 INFO Chu trinh - 13 - Lay du lieu chieu nghich
2021-04-23 20:55:21,392 INFO   Lay du lieu - Backward
2021-04-23 20:55:21,392 INFO       Lay du lieu dong dien
2021-04-23 20:55:21,392 INFO       Lay du lieu nhap luc
2021-04-23 20:55:21,392 INFO       Lay du lieu do rung
2021-04-23 20:55:21,392 INFO       Lay du lieu tieng on
2021-04-23 20:55:21,392 ERROR Thoi gian chu trinh vuot qua 100ms
2021-04-23 20:55:21,392 INFO Chu trinh - 13 - Lay du lieu chieu nghich
2021-04-23 20:55:21,392 INFO   Lay du lieu - Backward
2021-04-23 20:55:21,392 INFO       Lay du lieu dong dien
2021-04-23 20:55:21,392 INFO       Lay du lieu nhap luc
2021-04-23 20:55:21,392 INFO       Lay du lieu do rung
2021-04-23 20:55:21,392 INFO       Lay du lieu tieng on
2021-04-23 20:55:21,555 INFO Chu trinh - 13 - Lay du lieu chieu nghich
2021-04-23 20:55:21,555 INFO   Lay du lieu - Backward
2021-04-23 20:55:21,555 INFO       Lay du lieu dong dien
2021-04-23 20:55:21,555 INFO       Lay du lieu nhap luc
2021-04-23 20:55:21,555 INFO       Lay du lieu do rung
2021-04-23 20:55:21,555 INFO       Lay du lieu tieng on
2021-04-23 20:55:21,608 INFO Chu trinh - 13 - Lay du lieu chieu nghich
2021-04-23 20:55:21,608 INFO   Lay du lieu - Backward
2021-04-23 20:55:21,608 INFO       Lay du lieu dong dien
2021-04-23 20:55:21,608 INFO       Lay du lieu nhap luc
2021-04-23 20:55:21,608 INFO       Lay du lieu do rung
2021-04-23 20:55:21,608 INFO       Lay du lieu tieng on
2021-04-23 20:55:21,755 INFO Chu trinh - 13 - Lay du lieu chieu nghich
2021-04-23 20:55:21,755 INFO   Lay du lieu - Backward
2021-04-23 20:55:21,755 INFO       Lay du lieu dong dien
2021-04-23 20:55:21,755 INFO       Lay du lieu nhap luc
2021-04-23 20:55:21,755 INFO       Lay du lieu do rung
2021-04-23 20:55:21,755 INFO       Lay du lieu tieng on
2021-04-23 20:55:21,809 INFO Chu trinh - 13 - Lay du lieu chieu nghich
2021-04-23 20:55:21,809 INFO   Lay du lieu - Backward
2021-04-23 20:55:21,809 INFO       Lay du lieu dong dien
2021-04-23 20:55:21,809 INFO       Lay du lieu nhap luc
2021-04-23 20:55:21,809 INFO       Lay du lieu do rung
2021-04-23 20:55:21,809 INFO       Lay du lieu tieng on
2021-04-23 20:55:21,809 INFO       Ve do thi du lieu
2021-04-23 20:55:21,950 INFO Chu trinh - 13 - Lay du lieu chieu nghich
2021-04-23 20:55:21,950 INFO   Lay du lieu - Backward
2021-04-23 20:55:21,950 INFO       Lay du lieu dong dien
2021-04-23 20:55:21,950 INFO       Lay du lieu nhap luc
2021-04-23 20:55:21,950 INFO       Lay du lieu do rung
2021-04-23 20:55:21,950 INFO       Lay du lieu tieng on
2021-04-23 20:55:22,044 INFO Chu trinh - 15 - Ghi du lieu am thanh chieu nghich
2021-04-23 20:55:52,273 ERROR Thoi gian chu trinh vuot qua 100ms
2021-04-23 20:55:52,508 ERROR Thoi gian chu trinh vuot qua 100ms
2021-04-23 20:55:52,508 INFO Chu trinh - 19 - Hoan tat lay du lieu - bat dau ghi ra file
2021-04-23 20:55:52,508 INFO Ghi ra file csv
2021-04-23 20:55:52,508 INFO Upload du lieu am thanh len server
2021-04-23 20:55:52,617 INFO Chu trinh - 0 - Khoi tao + Doi tin hieu bat dau chay
